This is pdfTeX, Version 3.141592653-2.6-1.40.22 (MiKTeX 21.6) (preloaded format=pdflatex 2021.9.14)  8 OCT 2021 19:07
entering extended mode
**./03_analysis.tex
(03_analysis.tex
LaTeX2e <2021-06-01>
L3 programming layer <2021-06-01>
! Undefined control sequence.
l.1 \chapter
            {–ê–Ω–∞–ª–∏—Ç–∏—á–µ—Å–∫–∏–π —Ä–∞–∑–¥–µ–ª}
The control sequence at the end of the top line
of your error message was never \def'ed. If you have
misspelled it (e.g., `\hobx'), type `I' and the correct
spelling (e.g., `I\hbox'). Otherwise just continue,
and I'll forget about whatever was undefined.


! Package inputenc Error: Unicode character –ê (U+0410)
(inputenc)                not set up for use with LaTeX.

See the inputenc package documentation for explanation.
Type  H <return>  for immediate help.
 ...                                              
                                                  
l.1 \chapter{–ê
               –Ω–∞–ª–∏—Ç–∏—á–µ—Å–∫–∏–π —Ä–∞–∑–¥–µ–ª}
You may provide a definition with
\DeclareUnicodeCharacter 


! Package inputenc Error: Unicode character –Ω (U+043D)
(inputenc)                not set up for use with LaTeX.

See the inputenc package documentation for explanation.
Type  H <return>  for immediate help.
 ...                                              
                                                  
l.1 \chapter{–ê–Ω
                 –∞–ª–∏—Ç–∏—á–µ—Å–∫–∏–π —Ä–∞–∑–¥–µ–ª}
You may provide a definition with
\DeclareUnicodeCharacter 


! Package inputenc Error: Unicode character –∞ (U+0430)
(inputenc)                not set up for use with LaTeX.

See the inputenc package documentation for explanation.
Type  H <return>  for immediate help.
 ...                                              
                                                  
l.1 \chapter{–ê–Ω–∞
                   –ª–∏—Ç–∏—á–µ—Å–∫–∏–π —Ä–∞–∑–¥–µ–ª}
You may provide a definition with
\DeclareUnicodeCharacter 


! Package inputenc Error: Unicode character –ª (U+043B)
(inputenc)                not set up for use with LaTeX.

See the inputenc package documentation for explanation.
Type  H <return>  for immediate help.
 ...                                              
                                                  
l.1 \chapter{–ê–Ω–∞–ª
                     –∏—Ç–∏—á–µ—Å–∫–∏–π —Ä–∞–∑–¥–µ–ª}
You may provide a definition with
\DeclareUnicodeCharacter 


! Package inputenc Error: Unicode character –∏ (U+0438)
(inputenc)                not set up for use with LaTeX.

See the inputenc package documentation for explanation.
Type  H <return>  for immediate help.
 ...                                              
                                                  
l.1 \chapter{–ê–Ω–∞–ª–∏
                       —Ç–∏—á–µ—Å–∫–∏–π —Ä–∞–∑–¥–µ–ª}
You may provide a definition with
\DeclareUnicodeCharacter 


! Package inputenc Error: Unicode character —Ç (U+0442)
(inputenc)                not set up for use with LaTeX.

See the inputenc package documentation for explanation.
Type  H <return>  for immediate help.
 ...                                              
                                                  
l.1 \chapter{–ê–Ω–∞–ª–∏—Ç
                         –∏—á–µ—Å–∫–∏–π —Ä–∞–∑–¥–µ–ª}
You may provide a definition with
\DeclareUnicodeCharacter 


! Package inputenc Error: Unicode character –∏ (U+0438)
(inputenc)                not set up for use with LaTeX.

See the inputenc package documentation for explanation.
Type  H <return>  for immediate help.
 ...                                              
                                                  
l.1 \chapter{–ê–Ω–∞–ª–∏—Ç–∏
                           —á–µ—Å–∫–∏–π —Ä–∞–∑–¥–µ–ª}
You may provide a definition with
\DeclareUnicodeCharacter 


! Package inputenc Error: Unicode character —á (U+0447)
(inputenc)                not set up for use with LaTeX.

See the inputenc package documentation for explanation.
Type  H <return>  for immediate help.
 ...                                              
                                                  
l.1 \chapter{–ê–Ω–∞–ª–∏—Ç–∏—á
                             –µ—Å–∫–∏–π —Ä–∞–∑–¥–µ–ª}
You may provide a definition with
\DeclareUnicodeCharacter 


! Package inputenc Error: Unicode character –µ (U+0435)
(inputenc)                not set up for use with LaTeX.

See the inputenc package documentation for explanation.
Type  H <return>  for immediate help.
 ...                                              
                                                  
l.1 \chapter{–ê–Ω–∞–ª–∏—Ç–∏—á–µ
                               —Å–∫–∏–π —Ä–∞–∑–¥–µ–ª}
You may provide a definition with
\DeclareUnicodeCharacter 


! Package inputenc Error: Unicode character —Å (U+0441)
(inputenc)                not set up for use with LaTeX.

See the inputenc package documentation for explanation.
Type  H <return>  for immediate help.
 ...                                              
                                                  
l.1 \chapter{–ê–Ω–∞–ª–∏—Ç–∏—á–µ—Å
                                 –∫–∏–π —Ä–∞–∑–¥–µ–ª}
You may provide a definition with
\DeclareUnicodeCharacter 


! Package inputenc Error: Unicode character –∫ (U+043A)
(inputenc)                not set up for use with LaTeX.

See the inputenc package documentation for explanation.
Type  H <return>  for immediate help.
 ...                                              
                                                  
l.1 \chapter{–ê–Ω–∞–ª–∏—Ç–∏—á–µ—Å–∫
                                   –∏–π —Ä–∞–∑–¥–µ–ª}
You may provide a definition with
\DeclareUnicodeCharacter 


! Package inputenc Error: Unicode character –∏ (U+0438)
(inputenc)                not set up for use with LaTeX.

See the inputenc package documentation for explanation.
Type  H <return>  for immediate help.
 ...                                              
                                                  
l.1 \chapter{–ê–Ω–∞–ª–∏—Ç–∏—á–µ—Å–∫–∏
                                     –π —Ä–∞–∑–¥–µ–ª}
You may provide a definition with
\DeclareUnicodeCharacter 


! Package inputenc Error: Unicode character –π (U+0439)
(inputenc)                not set up for use with LaTeX.

See the inputenc package documentation for explanation.
Type  H <return>  for immediate help.
 ...                                              
                                                  
l.1 \chapter{–ê–Ω–∞–ª–∏—Ç–∏—á–µ—Å–∫–∏–π
                                        —Ä–∞–∑–¥–µ–ª}
You may provide a definition with
\DeclareUnicodeCharacter 


! Package inputenc Error: Unicode character —Ä (U+0440)
(inputenc)                not set up for use with LaTeX.

See the inputenc package documentation for explanation.
Type  H <return>  for immediate help.
 ...                                              
                                                  
l.1 \chapter{–ê–Ω–∞–ª–∏—Ç–∏—á–µ—Å–∫–∏–π —Ä
                                          –∞–∑–¥–µ–ª}
You may provide a definition with
\DeclareUnicodeCharacter 


! Package inputenc Error: Unicode character –∞ (U+0430)
(inputenc)                not set up for use with LaTeX.

See the inputenc package documentation for explanation.
Type  H <return>  for immediate help.
 ...                                              
                                                  
l.1 \chapter{–ê–Ω–∞–ª–∏—Ç–∏—á–µ—Å–∫–∏–π —Ä–∞
                                            –∑–¥–µ–ª}
You may provide a definition with
\DeclareUnicodeCharacter 


! Package inputenc Error: Unicode character –∑ (U+0437)
(inputenc)                not set up for use with LaTeX.

See the inputenc package documentation for explanation.
Type  H <return>  for immediate help.
 ...                                              
                                                  
l.1 \chapter{–ê–Ω–∞–ª–∏—Ç–∏—á–µ—Å–∫–∏–π —Ä–∞–∑
                                              –¥–µ–ª}
You may provide a definition with
\DeclareUnicodeCharacter 


! Package inputenc Error: Unicode character –¥ (U+0434)
(inputenc)                not set up for use with LaTeX.

See the inputenc package documentation for explanation.
Type  H <return>  for immediate help.
 ...                                              
                                                  
l.1 \chapter{–ê–Ω–∞–ª–∏—Ç–∏—á–µ—Å–∫–∏–π —Ä–∞–∑–¥
                                                –µ–ª}
You may provide a definition with
\DeclareUnicodeCharacter 


! Package inputenc Error: Unicode character –µ (U+0435)
(inputenc)                not set up for use with LaTeX.

See the inputenc package documentation for explanation.
Type  H <return>  for immediate help.
 ...                                              
                                                  
l.1 \chapter{–ê–Ω–∞–ª–∏—Ç–∏—á–µ—Å–∫–∏–π —Ä–∞–∑–¥–µ
                                                  –ª}
You may provide a definition with
\DeclareUnicodeCharacter 


! Package inputenc Error: Unicode character –ª (U+043B)
(inputenc)                not set up for use with LaTeX.

See the inputenc package documentation for explanation.
Type  H <return>  for immediate help.
 ...                                              
                                                  
l.1 ...ter{–ê–Ω–∞–ª–∏—Ç–∏—á–µ—Å–∫–∏–π —Ä–∞–∑–¥–µ–ª
                                                  }
You may provide a definition with
\DeclareUnicodeCharacter 

! Undefined control sequence.
l.3 \section
            {–ü–æ–Ω—è—Ç–∏–µ —Å–æ—Ä—Ç–∏—Ä–æ–≤–∫–∏}
The control sequence at the end of the top line
of your error message was never \def'ed. If you have
misspelled it (e.g., `\hobx'), type `I' and the correct
spelling (e.g., `I\hbox'). Otherwise just continue,
and I'll forget about whatever was undefined.


! Package inputenc Error: Unicode character –ü (U+041F)
(inputenc)                not set up for use with LaTeX.

See the inputenc package documentation for explanation.
Type  H <return>  for immediate help.
 ...                                              
                                                  
l.3 \section{–ü
               –æ–Ω—è—Ç–∏–µ —Å–æ—Ä—Ç–∏—Ä–æ–≤–∫–∏}
You may provide a definition with
\DeclareUnicodeCharacter 


! Package inputenc Error: Unicode character –æ (U+043E)
(inputenc)                not set up for use with LaTeX.

See the inputenc package documentation for explanation.
Type  H <return>  for immediate help.
 ...                                              
                                                  
l.3 \section{–ü–æ
                 –Ω—è—Ç–∏–µ —Å–æ—Ä—Ç–∏—Ä–æ–≤–∫–∏}
You may provide a definition with
\DeclareUnicodeCharacter 


! Package inputenc Error: Unicode character –Ω (U+043D)
(inputenc)                not set up for use with LaTeX.

See the inputenc package documentation for explanation.
Type  H <return>  for immediate help.
 ...                                              
                                                  
l.3 \section{–ü–æ–Ω
                   —è—Ç–∏–µ —Å–æ—Ä—Ç–∏—Ä–æ–≤–∫–∏}
You may provide a definition with
\DeclareUnicodeCharacter 


! Package inputenc Error: Unicode character —è (U+044F)
(inputenc)                not set up for use with LaTeX.

See the inputenc package documentation for explanation.
Type  H <return>  for immediate help.
 ...                                              
                                                  
l.3 \section{–ü–æ–Ω—è
                     —Ç–∏–µ —Å–æ—Ä—Ç–∏—Ä–æ–≤–∫–∏}
You may provide a definition with
\DeclareUnicodeCharacter 


! Package inputenc Error: Unicode character —Ç (U+0442)
(inputenc)                not set up for use with LaTeX.

See the inputenc package documentation for explanation.
Type  H <return>  for immediate help.
 ...                                              
                                                  
l.3 \section{–ü–æ–Ω—è—Ç
                       –∏–µ —Å–æ—Ä—Ç–∏—Ä–æ–≤–∫–∏}
You may provide a definition with
\DeclareUnicodeCharacter 


! Package inputenc Error: Unicode character –∏ (U+0438)
(inputenc)                not set up for use with LaTeX.

See the inputenc package documentation for explanation.
Type  H <return>  for immediate help.
 ...                                              
                                                  
l.3 \section{–ü–æ–Ω—è—Ç–∏
                         –µ —Å–æ—Ä—Ç–∏—Ä–æ–≤–∫–∏}
You may provide a definition with
\DeclareUnicodeCharacter 


! Package inputenc Error: Unicode character –µ (U+0435)
(inputenc)                not set up for use with LaTeX.

See the inputenc package documentation for explanation.
Type  H <return>  for immediate help.
 ...                                              
                                                  
l.3 \section{–ü–æ–Ω—è—Ç–∏–µ
                            —Å–æ—Ä—Ç–∏—Ä–æ–≤–∫–∏}
You may provide a definition with
\DeclareUnicodeCharacter 


! Package inputenc Error: Unicode character —Å (U+0441)
(inputenc)                not set up for use with LaTeX.

See the inputenc package documentation for explanation.
Type  H <return>  for immediate help.
 ...                                              
                                                  
l.3 \section{–ü–æ–Ω—è—Ç–∏–µ —Å
                              –æ—Ä—Ç–∏—Ä–æ–≤–∫–∏}
You may provide a definition with
\DeclareUnicodeCharacter 


! Package inputenc Error: Unicode character –æ (U+043E)
(inputenc)                not set up for use with LaTeX.

See the inputenc package documentation for explanation.
Type  H <return>  for immediate help.
 ...                                              
                                                  
l.3 \section{–ü–æ–Ω—è—Ç–∏–µ —Å–æ
                                —Ä—Ç–∏—Ä–æ–≤–∫–∏}
You may provide a definition with
\DeclareUnicodeCharacter 


! Package inputenc Error: Unicode character —Ä (U+0440)
(inputenc)                not set up for use with LaTeX.

See the inputenc package documentation for explanation.
Type  H <return>  for immediate help.
 ...                                              
                                                  
l.3 \section{–ü–æ–Ω—è—Ç–∏–µ —Å–æ—Ä
                                  —Ç–∏—Ä–æ–≤–∫–∏}
You may provide a definition with
\DeclareUnicodeCharacter 


! Package inputenc Error: Unicode character —Ç (U+0442)
(inputenc)                not set up for use with LaTeX.

See the inputenc package documentation for explanation.
Type  H <return>  for immediate help.
 ...                                              
                                                  
l.3 \section{–ü–æ–Ω—è—Ç–∏–µ —Å–æ—Ä—Ç
                                    –∏—Ä–æ–≤–∫–∏}
You may provide a definition with
\DeclareUnicodeCharacter 


! Package inputenc Error: Unicode character –∏ (U+0438)
(inputenc)                not set up for use with LaTeX.

See the inputenc package documentation for explanation.
Type  H <return>  for immediate help.
 ...                                              
                                                  
l.3 \section{–ü–æ–Ω—è—Ç–∏–µ —Å–æ—Ä—Ç–∏
                                      —Ä–æ–≤–∫–∏}
You may provide a definition with
\DeclareUnicodeCharacter 


! Package inputenc Error: Unicode character —Ä (U+0440)
(inputenc)                not set up for use with LaTeX.

See the inputenc package documentation for explanation.
Type  H <return>  for immediate help.
 ...                                              
                                                  
l.3 \section{–ü–æ–Ω—è—Ç–∏–µ —Å–æ—Ä—Ç–∏—Ä
                                        –æ–≤–∫–∏}
You may provide a definition with
\DeclareUnicodeCharacter 


! Package inputenc Error: Unicode character –æ (U+043E)
(inputenc)                not set up for use with LaTeX.

See the inputenc package documentation for explanation.
Type  H <return>  for immediate help.
 ...                                              
                                                  
l.3 \section{–ü–æ–Ω—è—Ç–∏–µ —Å–æ—Ä—Ç–∏—Ä–æ
                                          –≤–∫–∏}
You may provide a definition with
\DeclareUnicodeCharacter 


! Package inputenc Error: Unicode character –≤ (U+0432)
(inputenc)                not set up for use with LaTeX.

See the inputenc package documentation for explanation.
Type  H <return>  for immediate help.
 ...                                              
                                                  
l.3 \section{–ü–æ–Ω—è—Ç–∏–µ —Å–æ—Ä—Ç–∏—Ä–æ–≤
                                            –∫–∏}
You may provide a definition with
\DeclareUnicodeCharacter 


! Package inputenc Error: Unicode character –∫ (U+043A)
(inputenc)                not set up for use with LaTeX.

See the inputenc package documentation for explanation.
Type  H <return>  for immediate help.
 ...                                              
                                                  
l.3 \section{–ü–æ–Ω—è—Ç–∏–µ —Å–æ—Ä—Ç–∏—Ä–æ–≤–∫
                                              –∏}
You may provide a definition with
\DeclareUnicodeCharacter 


! Package inputenc Error: Unicode character –∏ (U+0438)
(inputenc)                not set up for use with LaTeX.

See the inputenc package documentation for explanation.
Type  H <return>  for immediate help.
 ...                                              
                                                  
l.3 \section{–ü–æ–Ω—è—Ç–∏–µ —Å–æ—Ä—Ç–∏—Ä–æ–≤–∫–∏
                                                }
You may provide a definition with
\DeclareUnicodeCharacter 


! Package inputenc Error: Unicode character –ê (U+0410)
(inputenc)                not set up for use with LaTeX.

See the inputenc package documentation for explanation.
Type  H <return>  for immediate help.
 ...                                              
                                                  
l.4 –ê
      –ª–≥–æ—Ä–∏—Ç–º —Å–æ—Ä—Ç–∏—Ä–æ–≤–∫–∏ ‚Äî —ç—Ç–æ –∞–ª–≥–æ—Ä–∏—Ç–º –¥–ª—è...

You may provide a definition with
\DeclareUnicodeCharacter 


! Package inputenc Error: Unicode character –ª (U+043B)
(inputenc)                not set up for use with LaTeX.

See the inputenc package documentation for explanation.
Type  H <return>  for immediate help.
 ...                                              
                                                  
l.4 –ê–ª
        –≥–æ—Ä–∏—Ç–º —Å–æ—Ä—Ç–∏—Ä–æ–≤–∫–∏ ‚Äî —ç—Ç–æ –∞–ª–≥–æ—Ä–∏—Ç–º –¥–ª—è...

You may provide a definition with
\DeclareUnicodeCharacter 


! Package inputenc Error: Unicode character –≥ (U+0433)
(inputenc)                not set up for use with LaTeX.

See the inputenc package documentation for explanation.
Type  H <return>  for immediate help.
 ...                                              
                                                  
l.4 –ê–ª–≥
          –æ—Ä–∏—Ç–º —Å–æ—Ä—Ç–∏—Ä–æ–≤–∫–∏ ‚Äî —ç—Ç–æ –∞–ª–≥–æ—Ä–∏—Ç–º –¥–ª—è...

You may provide a definition with
\DeclareUnicodeCharacter 


! Package inputenc Error: Unicode character –æ (U+043E)
(inputenc)                not set up for use with LaTeX.

See the inputenc package documentation for explanation.
Type  H <return>  for immediate help.
 ...                                              
                                                  
l.4 –ê–ª–≥–æ
            —Ä–∏—Ç–º —Å–æ—Ä—Ç–∏—Ä–æ–≤–∫–∏ ‚Äî —ç—Ç–æ –∞–ª–≥–æ—Ä–∏—Ç–º –¥–ª—è...

You may provide a definition with
\DeclareUnicodeCharacter 


! Package inputenc Error: Unicode character —Ä (U+0440)
(inputenc)                not set up for use with LaTeX.

See the inputenc package documentation for explanation.
Type  H <return>  for immediate help.
 ...                                              
                                                  
l.4 –ê–ª–≥–æ—Ä
              –∏—Ç–º —Å–æ—Ä—Ç–∏—Ä–æ–≤–∫–∏ ‚Äî —ç—Ç–æ –∞–ª–≥–æ—Ä–∏—Ç–º –¥–ª—è...

You may provide a definition with
\DeclareUnicodeCharacter 


! Package inputenc Error: Unicode character –∏ (U+0438)
(inputenc)                not set up for use with LaTeX.

See the inputenc package documentation for explanation.
Type  H <return>  for immediate help.
 ...                                              
                                                  
l.4 –ê–ª–≥–æ—Ä–∏
                —Ç–º —Å–æ—Ä—Ç–∏—Ä–æ–≤–∫–∏ ‚Äî —ç—Ç–æ –∞–ª–≥–æ—Ä–∏—Ç–º –¥–ª—è...

You may provide a definition with
\DeclareUnicodeCharacter 


! Package inputenc Error: Unicode character —Ç (U+0442)
(inputenc)                not set up for use with LaTeX.

See the inputenc package documentation for explanation.
Type  H <return>  for immediate help.
 ...                                              
                                                  
l.4 –ê–ª–≥–æ—Ä–∏—Ç
                  –º —Å–æ—Ä—Ç–∏—Ä–æ–≤–∫–∏ ‚Äî —ç—Ç–æ –∞–ª–≥–æ—Ä–∏—Ç–º –¥–ª—è...

You may provide a definition with
\DeclareUnicodeCharacter 


! Package inputenc Error: Unicode character –º (U+043C)
(inputenc)                not set up for use with LaTeX.

See the inputenc package documentation for explanation.
Type  H <return>  for immediate help.
 ...                                              
                                                  
l.4 –ê–ª–≥–æ—Ä–∏—Ç–º
                     —Å–æ—Ä—Ç–∏—Ä–æ–≤–∫–∏ ‚Äî —ç—Ç–æ –∞–ª–≥–æ—Ä–∏—Ç–º –¥–ª—è...

You may provide a definition with
\DeclareUnicodeCharacter 


! Package inputenc Error: Unicode character —Å (U+0441)
(inputenc)                not set up for use with LaTeX.

See the inputenc package documentation for explanation.
Type  H <return>  for immediate help.
 ...                                              
                                                  
l.4 –ê–ª–≥–æ—Ä–∏—Ç–º —Å
                       –æ—Ä—Ç–∏—Ä–æ–≤–∫–∏ ‚Äî —ç—Ç–æ –∞–ª–≥–æ—Ä–∏—Ç–º –¥–ª—è...

You may provide a definition with
\DeclareUnicodeCharacter 


! Package inputenc Error: Unicode character –æ (U+043E)
(inputenc)                not set up for use with LaTeX.

See the inputenc package documentation for explanation.
Type  H <return>  for immediate help.
 ...                                              
                                                  
l.4 –ê–ª–≥–æ—Ä–∏—Ç–º —Å–æ
                         —Ä—Ç–∏—Ä–æ–≤–∫–∏ ‚Äî —ç—Ç–æ –∞–ª–≥–æ—Ä–∏—Ç–º –¥–ª—è...

You may provide a definition with
\DeclareUnicodeCharacter 


! Package inputenc Error: Unicode character —Ä (U+0440)
(inputenc)                not set up for use with LaTeX.

See the inputenc package documentation for explanation.
Type  H <return>  for immediate help.
 ...                                              
                                                  
l.4 –ê–ª–≥–æ—Ä–∏—Ç–º —Å–æ—Ä
                           —Ç–∏—Ä–æ–≤–∫–∏ ‚Äî —ç—Ç–æ –∞–ª–≥–æ—Ä–∏—Ç–º –¥–ª—è...

You may provide a definition with
\DeclareUnicodeCharacter 


! Package inputenc Error: Unicode character —Ç (U+0442)
(inputenc)                not set up for use with LaTeX.

See the inputenc package documentation for explanation.
Type  H <return>  for immediate help.
 ...                                              
                                                  
l.4 –ê–ª–≥–æ—Ä–∏—Ç–º —Å–æ—Ä—Ç
                             –∏—Ä–æ–≤–∫–∏ ‚Äî —ç—Ç–æ –∞–ª–≥–æ—Ä–∏—Ç–º –¥–ª—è...

You may provide a definition with
\DeclareUnicodeCharacter 


! Package inputenc Error: Unicode character –∏ (U+0438)
(inputenc)                not set up for use with LaTeX.

See the inputenc package documentation for explanation.
Type  H <return>  for immediate help.
 ...                                              
                                                  
l.4 –ê–ª–≥–æ—Ä–∏—Ç–º —Å–æ—Ä—Ç–∏
                               —Ä–æ–≤–∫–∏ ‚Äî —ç—Ç–æ –∞–ª–≥–æ—Ä–∏—Ç–º –¥–ª—è...

You may provide a definition with
\DeclareUnicodeCharacter 


! Package inputenc Error: Unicode character —Ä (U+0440)
(inputenc)                not set up for use with LaTeX.

See the inputenc package documentation for explanation.
Type  H <return>  for immediate help.
 ...                                              
                                                  
l.4 –ê–ª–≥–æ—Ä–∏—Ç–º —Å–æ—Ä—Ç–∏—Ä
                                 –æ–≤–∫–∏ ‚Äî —ç—Ç–æ –∞–ª–≥–æ—Ä–∏—Ç–º –¥–ª—è...

You may provide a definition with
\DeclareUnicodeCharacter 


! Package inputenc Error: Unicode character –æ (U+043E)
(inputenc)                not set up for use with LaTeX.

See the inputenc package documentation for explanation.
Type  H <return>  for immediate help.
 ...                                              
                                                  
l.4 –ê–ª–≥–æ—Ä–∏—Ç–º —Å–æ—Ä—Ç–∏—Ä–æ
                                   –≤–∫–∏ ‚Äî —ç—Ç–æ –∞–ª–≥–æ—Ä–∏—Ç–º –¥–ª—è...

You may provide a definition with
\DeclareUnicodeCharacter 


! Package inputenc Error: Unicode character –≤ (U+0432)
(inputenc)                not set up for use with LaTeX.

See the inputenc package documentation for explanation.
Type  H <return>  for immediate help.
 ...                                              
                                                  
l.4 –ê–ª–≥–æ—Ä–∏—Ç–º —Å–æ—Ä—Ç–∏—Ä–æ–≤
                                     –∫–∏ ‚Äî —ç—Ç–æ –∞–ª–≥–æ—Ä–∏—Ç–º –¥–ª—è...

You may provide a definition with
\DeclareUnicodeCharacter 


! Package inputenc Error: Unicode character –∫ (U+043A)
(inputenc)                not set up for use with LaTeX.

See the inputenc package documentation for explanation.
Type  H <return>  for immediate help.
 ...                                              
                                                  
l.4 –ê–ª–≥–æ—Ä–∏—Ç–º —Å–æ—Ä—Ç–∏—Ä–æ–≤–∫
                                       –∏ ‚Äî —ç—Ç–æ –∞–ª–≥–æ—Ä–∏—Ç–º –¥–ª—è...

You may provide a definition with
\DeclareUnicodeCharacter 


! Package inputenc Error: Unicode character –∏ (U+0438)
(inputenc)                not set up for use with LaTeX.

See the inputenc package documentation for explanation.
Type  H <return>  for immediate help.
 ...                                              
                                                  
l.4 –ê–ª–≥–æ—Ä–∏—Ç–º —Å–æ—Ä—Ç–∏—Ä–æ–≤–∫–∏
                                          ‚Äî —ç—Ç–æ –∞–ª–≥–æ—Ä–∏—Ç–º –¥–ª—è...

You may provide a definition with
\DeclareUnicodeCharacter 


! LaTeX Error: Missing \begin{document}.

See the LaTeX manual or LaTeX Companion for explanation.
Type  H <return>  for immediate help.
 ...                                              
                                                  
l.4 –ê–ª–≥–æ—Ä–∏—Ç–º —Å–æ—Ä—Ç–∏—Ä–æ–≤–∫–∏ ‚Äî
                                              —ç—Ç–æ –∞–ª–≥–æ—Ä–∏—Ç–º –¥–ª—è...

You're in trouble here.  Try typing  <return>  to proceed.
If that doesn't work, type  X <return>  to quit.


! Package inputenc Error: Unicode character —ç (U+044D)
(inputenc)                not set up for use with LaTeX.

See the inputenc package documentation for explanation.
Type  H <return>  for immediate help.
 ...                                              
                                                  
l.4 –ê–ª–≥–æ—Ä–∏—Ç–º —Å–æ—Ä—Ç–∏—Ä–æ–≤–∫–∏ ‚Äî —ç
                                                —Ç–æ –∞–ª–≥–æ—Ä–∏—Ç–º –¥–ª—è...

You may provide a definition with
\DeclareUnicodeCharacter 


! Package inputenc Error: Unicode character —Ç (U+0442)
(inputenc)                not set up for use with LaTeX.

See the inputenc package documentation for explanation.
Type  H <return>  for immediate help.
 ...                                              
                                                  
l.4 –ê–ª–≥–æ—Ä–∏—Ç–º —Å–æ—Ä—Ç–∏—Ä–æ–≤–∫–∏ ‚Äî —ç—Ç
                                                  –æ –∞–ª–≥–æ—Ä–∏—Ç–º –¥–ª—è...

You may provide a definition with
\DeclareUnicodeCharacter 


! Package inputenc Error: Unicode character –æ (U+043E)
(inputenc)                not set up for use with LaTeX.

See the inputenc package documentation for explanation.
Type  H <return>  for immediate help.
 ...                                              
                                                  
l.4 ...≥–æ—Ä–∏—Ç–º —Å–æ—Ä—Ç–∏—Ä–æ–≤–∫–∏ ‚Äî —ç—Ç–æ
                                                   –∞–ª–≥–æ—Ä–∏—Ç–º –¥–ª—è —...

You may provide a definition with
\DeclareUnicodeCharacter 


! Package inputenc Error: Unicode character –∞ (U+0430)
(inputenc)                not set up for use with LaTeX.

See the inputenc package documentation for explanation.
Type  H <return>  for immediate help.
 ...                                              
                                                  
l.4 ...—Ä–∏—Ç–º —Å–æ—Ä—Ç–∏—Ä–æ–≤–∫–∏ ‚Äî —ç—Ç–æ –∞
                                                  –ª–≥–æ—Ä–∏—Ç–º –¥–ª—è —É–ø...

You may provide a definition with
\DeclareUnicodeCharacter 


! Package inputenc Error: Unicode character –ª (U+043B)
(inputenc)                not set up for use with LaTeX.

See the inputenc package documentation for explanation.
Type  H <return>  for immediate help.
 ...                                              
                                                  
l.4 ...–∏—Ç–º —Å–æ—Ä—Ç–∏—Ä–æ–≤–∫–∏ ‚Äî —ç—Ç–æ –∞–ª
                                                  –≥–æ—Ä–∏—Ç–º –¥–ª—è —É–ø–æ...

You may provide a definition with
\DeclareUnicodeCharacter 


! Package inputenc Error: Unicode character –≥ (U+0433)
(inputenc)                not set up for use with LaTeX.

See the inputenc package documentation for explanation.
Type  H <return>  for immediate help.
 ...                                              
                                                  
l.4 ...—Ç–º —Å–æ—Ä—Ç–∏—Ä–æ–≤–∫–∏ ‚Äî —ç—Ç–æ –∞–ª–≥
                                                  –æ—Ä–∏—Ç–º –¥–ª—è —É–ø–æ—Ä...

You may provide a definition with
\DeclareUnicodeCharacter 


! Package inputenc Error: Unicode character –æ (U+043E)
(inputenc)                not set up for use with LaTeX.

See the inputenc package documentation for explanation.
Type  H <return>  for immediate help.
 ...                                              
                                                  
l.4 ...–º —Å–æ—Ä—Ç–∏—Ä–æ–≤–∫–∏ ‚Äî —ç—Ç–æ –∞–ª–≥–æ
                                                  —Ä–∏—Ç–º –¥–ª—è —É–ø–æ—Ä—è...

You may provide a definition with
\DeclareUnicodeCharacter 


! Package inputenc Error: Unicode character —Ä (U+0440)
(inputenc)                not set up for use with LaTeX.

See the inputenc package documentation for explanation.
Type  H <return>  for immediate help.
 ...                                              
                                                  
l.4 ... —Å–æ—Ä—Ç–∏—Ä–æ–≤–∫–∏ ‚Äî —ç—Ç–æ –∞–ª–≥–æ—Ä
                                                  –∏—Ç–º –¥–ª—è —É–ø–æ—Ä—è–¥...

You may provide a definition with
\DeclareUnicodeCharacter 


! Package inputenc Error: Unicode character –∏ (U+0438)
(inputenc)                not set up for use with LaTeX.

See the inputenc package documentation for explanation.
Type  H <return>  for immediate help.
 ...                                              
                                                  
l.4 ...Å–æ—Ä—Ç–∏—Ä–æ–≤–∫–∏ ‚Äî —ç—Ç–æ –∞–ª–≥–æ—Ä–∏
                                                  —Ç–º –¥–ª—è —É–ø–æ—Ä—è–¥–æ...

You may provide a definition with
\DeclareUnicodeCharacter 


! Package inputenc Error: Unicode character —Ç (U+0442)
(inputenc)                not set up for use with LaTeX.

See the inputenc package documentation for explanation.
Type  H <return>  for immediate help.
 ...                                              
                                                  
l.4 ...æ—Ä—Ç–∏—Ä–æ–≤–∫–∏ ‚Äî —ç—Ç–æ –∞–ª–≥–æ—Ä–∏—Ç
                                                  –º –¥–ª—è —É–ø–æ—Ä—è–¥–æ—á...

You may provide a definition with
\DeclareUnicodeCharacter 


! Package inputenc Error: Unicode character –º (U+043C)
(inputenc)                not set up for use with LaTeX.

See the inputenc package documentation for explanation.
Type  H <return>  for immediate help.
 ...                                              
                                                  
l.4 ...Ä—Ç–∏—Ä–æ–≤–∫–∏ ‚Äî —ç—Ç–æ –∞–ª–≥–æ—Ä–∏—Ç–º
                                                   –¥–ª—è —É–ø–æ—Ä—è–¥–æ—á–µ...

You may provide a definition with
\DeclareUnicodeCharacter 


! Package inputenc Error: Unicode character –¥ (U+0434)
(inputenc)                not set up for use with LaTeX.

See the inputenc package documentation for explanation.
Type  H <return>  for immediate help.
 ...                                              
                                                  
l.4 ...–∏—Ä–æ–≤–∫–∏ ‚Äî —ç—Ç–æ –∞–ª–≥–æ—Ä–∏—Ç–º –¥
                                                  –ª—è —É–ø–æ—Ä—è–¥–æ—á–µ–Ω–...

You may provide a definition with
\DeclareUnicodeCharacter 


! Package inputenc Error: Unicode character –ª (U+043B)
(inputenc)                not set up for use with LaTeX.

See the inputenc package documentation for explanation.
Type  H <return>  for immediate help.
 ...                                              
                                                  
l.4 ...—Ä–æ–≤–∫–∏ ‚Äî —ç—Ç–æ –∞–ª–≥–æ—Ä–∏—Ç–º –¥–ª
                                                  —è —É–ø–æ—Ä—è–¥–æ—á–µ–Ω–∏—...

You may provide a definition with
\DeclareUnicodeCharacter 


! Package inputenc Error: Unicode character —è (U+044F)
(inputenc)                not set up for use with LaTeX.

See the inputenc package documentation for explanation.
Type  H <return>  for immediate help.
 ...                                              
                                                  
l.4 ...–æ–≤–∫–∏ ‚Äî —ç—Ç–æ –∞–ª–≥–æ—Ä–∏—Ç–º –¥–ª—è
                                                   —É–ø–æ—Ä—è–¥–æ—á–µ–Ω–∏—è ...

You may provide a definition with
\DeclareUnicodeCharacter 


! Package inputenc Error: Unicode character —É (U+0443)
(inputenc)                not set up for use with LaTeX.

See the inputenc package documentation for explanation.
Type  H <return>  for immediate help.
 ...                                              
                                                  
l.4 ...≤–∫–∏ ‚Äî —ç—Ç–æ –∞–ª–≥–æ—Ä–∏—Ç–º –¥–ª—è —É
                                                  –ø–æ—Ä—è–¥–æ—á–µ–Ω–∏—è —ç–...

You may provide a definition with
\DeclareUnicodeCharacter 


! Package inputenc Error: Unicode character –ø (U+043F)
(inputenc)                not set up for use with LaTeX.

See the inputenc package documentation for explanation.
Type  H <return>  for immediate help.
 ...                                              
                                                  
l.4 ...∫–∏ ‚Äî —ç—Ç–æ –∞–ª–≥–æ—Ä–∏—Ç–º –¥–ª—è —É–ø
                                                  –æ—Ä—è–¥–æ—á–µ–Ω–∏—è —ç–ª–...

You may provide a definition with
\DeclareUnicodeCharacter 


! Package inputenc Error: Unicode character –æ (U+043E)
(inputenc)                not set up for use with LaTeX.

See the inputenc package documentation for explanation.
Type  H <return>  for immediate help.
 ...                                              
                                                  
l.4 ...∏ ‚Äî —ç—Ç–æ –∞–ª–≥–æ—Ä–∏—Ç–º –¥–ª—è —É–ø–æ
                                                  —Ä—è–¥–æ—á–µ–Ω–∏—è —ç–ª–µ–...

You may provide a definition with
\DeclareUnicodeCharacter 


! Package inputenc Error: Unicode character —Ä (U+0440)
(inputenc)                not set up for use with LaTeX.

See the inputenc package documentation for explanation.
Type  H <return>  for immediate help.
 ...                                              
                                                  
l.4 ...‚Äî —ç—Ç–æ –∞–ª–≥–æ—Ä–∏—Ç–º –¥–ª—è —É–ø–æ—Ä
                                                  —è–¥–æ—á–µ–Ω–∏—è —ç–ª–µ–º–...

You may provide a definition with
\DeclareUnicodeCharacter 


! Package inputenc Error: Unicode character —è (U+044F)
(inputenc)                not set up for use with LaTeX.

See the inputenc package documentation for explanation.
Type  H <return>  for immediate help.
 ...                                              
                                                  
l.4 ...î —ç—Ç–æ –∞–ª–≥–æ—Ä–∏—Ç–º –¥–ª—è —É–ø–æ—Ä—è
                                                  –¥–æ—á–µ–Ω–∏—è —ç–ª–µ–º–µ–...

You may provide a definition with
\DeclareUnicodeCharacter 


! Package inputenc Error: Unicode character –¥ (U+0434)
(inputenc)                not set up for use with LaTeX.

See the inputenc package documentation for explanation.
Type  H <return>  for immediate help.
 ...                                              
                                                  
l.4 ...—ç—Ç–æ –∞–ª–≥–æ—Ä–∏—Ç–º –¥–ª—è —É–ø–æ—Ä—è–¥
                                                  –æ—á–µ–Ω–∏—è —ç–ª–µ–º–µ–Ω—...

You may provide a definition with
\DeclareUnicodeCharacter 


! Package inputenc Error: Unicode character –æ (U+043E)
(inputenc)                not set up for use with LaTeX.

See the inputenc package documentation for explanation.
Type  H <return>  for immediate help.
 ...                                              
                                                  
l.4 ...—Ç–æ –∞–ª–≥–æ—Ä–∏—Ç–º –¥–ª—è —É–ø–æ—Ä—è–¥–æ
                                                  —á–µ–Ω–∏—è —ç–ª–µ–º–µ–Ω—Ç–...

You may provide a definition with
\DeclareUnicodeCharacter 


! Package inputenc Error: Unicode character —á (U+0447)
(inputenc)                not set up for use with LaTeX.

See the inputenc package documentation for explanation.
Type  H <return>  for immediate help.
 ...                                              
                                                  
l.4 ...–æ –∞–ª–≥–æ—Ä–∏—Ç–º –¥–ª—è —É–ø–æ—Ä—è–¥–æ—á
                                                  –µ–Ω–∏—è —ç–ª–µ–º–µ–Ω—Ç–æ–...

You may provide a definition with
\DeclareUnicodeCharacter 


! Package inputenc Error: Unicode character –µ (U+0435)
(inputenc)                not set up for use with LaTeX.

See the inputenc package documentation for explanation.
Type  H <return>  for immediate help.
 ...                                              
                                                  
l.4 ... –∞–ª–≥–æ—Ä–∏—Ç–º –¥–ª—è —É–ø–æ—Ä—è–¥–æ—á–µ
                                                  –Ω–∏—è —ç–ª–µ–º–µ–Ω—Ç–æ–≤ ...

You may provide a definition with
\DeclareUnicodeCharacter 


! Package inputenc Error: Unicode character –Ω (U+043D)
(inputenc)                not set up for use with LaTeX.

See the inputenc package documentation for explanation.
Type  H <return>  for immediate help.
 ...                                              
                                                  
l.4 ...∞–ª–≥–æ—Ä–∏—Ç–º –¥–ª—è —É–ø–æ—Ä—è–¥–æ—á–µ–Ω
                                                  –∏—è —ç–ª–µ–º–µ–Ω—Ç–æ–≤ –≤...

You may provide a definition with
\DeclareUnicodeCharacter 


! Package inputenc Error: Unicode character –∏ (U+0438)
(inputenc)                not set up for use with LaTeX.

See the inputenc package documentation for explanation.
Type  H <return>  for immediate help.
 ...                                              
                                                  
l.4 ...ª–≥–æ—Ä–∏—Ç–º –¥–ª—è —É–ø–æ—Ä—è–¥–æ—á–µ–Ω–∏
                                                  —è —ç–ª–µ–º–µ–Ω—Ç–æ–≤ –≤ —...

You may provide a definition with
\DeclareUnicodeCharacter 


! Package inputenc Error: Unicode character —è (U+044F)
(inputenc)                not set up for use with LaTeX.

See the inputenc package documentation for explanation.
Type  H <return>  for immediate help.
 ...                                              
                                                  
l.4 ...≥–æ—Ä–∏—Ç–º –¥–ª—è —É–ø–æ—Ä—è–¥–æ—á–µ–Ω–∏—è
                                                   —ç–ª–µ–º–µ–Ω—Ç–æ–≤ –≤ —Å–...

You may provide a definition with
\DeclareUnicodeCharacter 


! Package inputenc Error: Unicode character —ç (U+044D)
(inputenc)                not set up for use with LaTeX.

See the inputenc package documentation for explanation.
Type  H <return>  for immediate help.
 ...                                              
                                                  
l.4 ...—Ä–∏—Ç–º –¥–ª—è —É–ø–æ—Ä—è–¥–æ—á–µ–Ω–∏—è —ç
                                                  –ª–µ–º–µ–Ω—Ç–æ–≤ –≤ —Å–ø–∏...

You may provide a definition with
\DeclareUnicodeCharacter 


! Package inputenc Error: Unicode character –ª (U+043B)
(inputenc)                not set up for use with LaTeX.

See the inputenc package documentation for explanation.
Type  H <return>  for immediate help.
 ...                                              
                                                  
l.4 ...–∏—Ç–º –¥–ª—è —É–ø–æ—Ä—è–¥–æ—á–µ–Ω–∏—è —ç–ª
                                                  –µ–º–µ–Ω—Ç–æ–≤ –≤ —Å–ø–∏—Å...

You may provide a definition with
\DeclareUnicodeCharacter 


! Package inputenc Error: Unicode character –µ (U+0435)
(inputenc)                not set up for use with LaTeX.

See the inputenc package documentation for explanation.
Type  H <return>  for immediate help.
 ...                                              
                                                  
l.4 ...—Ç–º –¥–ª—è —É–ø–æ—Ä—è–¥–æ—á–µ–Ω–∏—è —ç–ª–µ
                                                  –º–µ–Ω—Ç–æ–≤ –≤ —Å–ø–∏—Å–∫...

You may provide a definition with
\DeclareUnicodeCharacter 


! Package inputenc Error: Unicode character –º (U+043C)
(inputenc)                not set up for use with LaTeX.

See the inputenc package documentation for explanation.
Type  H <return>  for immediate help.
 ...                                              
                                                  
l.4 ...–º –¥–ª—è —É–ø–æ—Ä—è–¥–æ—á–µ–Ω–∏—è —ç–ª–µ–º
                                                  –µ–Ω—Ç–æ–≤ –≤ —Å–ø–∏—Å–∫–µ...

You may provide a definition with
\DeclareUnicodeCharacter 


! Package inputenc Error: Unicode character –µ (U+0435)
(inputenc)                not set up for use with LaTeX.

See the inputenc package documentation for explanation.
Type  H <return>  for immediate help.
 ...                                              
                                                  
l.4 ... –¥–ª—è —É–ø–æ—Ä—è–¥–æ—á–µ–Ω–∏—è —ç–ª–µ–º–µ
                                                  –Ω—Ç–æ–≤ –≤ —Å–ø–∏—Å–∫–µ. ...

You may provide a definition with
\DeclareUnicodeCharacter 


! Package inputenc Error: Unicode character –Ω (U+043D)
(inputenc)                not set up for use with LaTeX.

See the inputenc package documentation for explanation.
Type  H <return>  for immediate help.
 ...                                              
                                                  
l.4 ...¥–ª—è —É–ø–æ—Ä—è–¥–æ—á–µ–Ω–∏—è —ç–ª–µ–º–µ–Ω
                                                  —Ç–æ–≤ –≤ —Å–ø–∏—Å–∫–µ. –í...

You may provide a definition with
\DeclareUnicodeCharacter 


! Package inputenc Error: Unicode character —Ç (U+0442)
(inputenc)                not set up for use with LaTeX.

See the inputenc package documentation for explanation.
Type  H <return>  for immediate help.
 ...                                              
                                                  
l.4 ...ª—è —É–ø–æ—Ä—è–¥–æ—á–µ–Ω–∏—è —ç–ª–µ–º–µ–Ω—Ç
                                                  –æ–≤ –≤ —Å–ø–∏—Å–∫–µ. –í —...

You may provide a definition with
\DeclareUnicodeCharacter 


! Package inputenc Error: Unicode character –æ (U+043E)
(inputenc)                not set up for use with LaTeX.

See the inputenc package documentation for explanation.
Type  H <return>  for immediate help.
 ...                                              
                                                  
l.4 ...è —É–ø–æ—Ä—è–¥–æ—á–µ–Ω–∏—è —ç–ª–µ–º–µ–Ω—Ç–æ
                                                  –≤ –≤ —Å–ø–∏—Å–∫–µ. –í —Å–...

You may provide a definition with
\DeclareUnicodeCharacter 


! Package inputenc Error: Unicode character –≤ (U+0432)
(inputenc)                not set up for use with LaTeX.

See the inputenc package documentation for explanation.
Type  H <return>  for immediate help.
 ...                                              
                                                  
l.4 ...—É–ø–æ—Ä—è–¥–æ—á–µ–Ω–∏—è —ç–ª–µ–º–µ–Ω—Ç–æ–≤
                                                   –≤ —Å–ø–∏—Å–∫–µ. –í —Å–ª—...

You may provide a definition with
\DeclareUnicodeCharacter 


! Package inputenc Error: Unicode character –≤ (U+0432)
(inputenc)                not set up for use with LaTeX.

See the inputenc package documentation for explanation.
Type  H <return>  for immediate help.
 ...                                              
                                                  
l.4 ...ø–æ—Ä—è–¥–æ—á–µ–Ω–∏—è —ç–ª–µ–º–µ–Ω—Ç–æ–≤ –≤
                                                   —Å–ø–∏—Å–∫–µ. –í —Å–ª—É—á...

You may provide a definition with
\DeclareUnicodeCharacter 


! Package inputenc Error: Unicode character —Å (U+0441)
(inputenc)                not set up for use with LaTeX.

See the inputenc package documentation for explanation.
Type  H <return>  for immediate help.
 ...                                              
                                                  
l.4 ...—Ä—è–¥–æ—á–µ–Ω–∏—è —ç–ª–µ–º–µ–Ω—Ç–æ–≤ –≤ —Å
                                                  –ø–∏—Å–∫–µ. –í —Å–ª—É—á–∞–...

You may provide a definition with
\DeclareUnicodeCharacter 


! Package inputenc Error: Unicode character –ø (U+043F)
(inputenc)                not set up for use with LaTeX.

See the inputenc package documentation for explanation.
Type  H <return>  for immediate help.
 ...                                              
                                                  
l.4 ...—è–¥–æ—á–µ–Ω–∏—è —ç–ª–µ–º–µ–Ω—Ç–æ–≤ –≤ —Å–ø
                                                  –∏—Å–∫–µ. –í —Å–ª—É—á–∞–µ,...

You may provide a definition with
\DeclareUnicodeCharacter 


! Package inputenc Error: Unicode character –∏ (U+0438)
(inputenc)                not set up for use with LaTeX.

See the inputenc package documentation for explanation.
Type  H <return>  for immediate help.
 ...                                              
                                                  
l.4 ...–¥–æ—á–µ–Ω–∏—è —ç–ª–µ–º–µ–Ω—Ç–æ–≤ –≤ —Å–ø–∏
                                                  —Å–∫–µ. –í —Å–ª—É—á–∞–µ, –...

You may provide a definition with
\DeclareUnicodeCharacter 


! Package inputenc Error: Unicode character —Å (U+0441)
(inputenc)                not set up for use with LaTeX.

See the inputenc package documentation for explanation.
Type  H <return>  for immediate help.
 ...                                              
                                                  
l.4 ...–æ—á–µ–Ω–∏—è —ç–ª–µ–º–µ–Ω—Ç–æ–≤ –≤ —Å–ø–∏—Å
                                                  –∫–µ. –í —Å–ª—É—á–∞–µ, –∫–...

You may provide a definition with
\DeclareUnicodeCharacter 


! Package inputenc Error: Unicode character –∫ (U+043A)
(inputenc)                not set up for use with LaTeX.

See the inputenc package documentation for explanation.
Type  H <return>  for immediate help.
 ...                                              
                                                  
l.4 ...—á–µ–Ω–∏—è —ç–ª–µ–º–µ–Ω—Ç–æ–≤ –≤ —Å–ø–∏—Å–∫
                                                  –µ. –í —Å–ª—É—á–∞–µ, –∫–æ–...

You may provide a definition with
\DeclareUnicodeCharacter 


! Package inputenc Error: Unicode character –µ (U+0435)
(inputenc)                not set up for use with LaTeX.

See the inputenc package documentation for explanation.
Type  H <return>  for immediate help.
 ...                                              
                                                  
l.4 ...–µ–Ω–∏—è —ç–ª–µ–º–µ–Ω—Ç–æ–≤ –≤ —Å–ø–∏—Å–∫–µ
                                                  . –í —Å–ª—É—á–∞–µ, –∫–æ–≥–...

You may provide a definition with
\DeclareUnicodeCharacter 

Missing character: There is no . in font nullfont!

! Package inputenc Error: Unicode character –í (U+0412)
(inputenc)                not set up for use with LaTeX.

See the inputenc package documentation for explanation.
Type  H <return>  for immediate help.
 ...                                              
                                                  
l.4 ...–∏—è —ç–ª–µ–º–µ–Ω—Ç–æ–≤ –≤ —Å–ø–∏—Å–∫–µ. –í
                                                   —Å–ª—É—á–∞–µ, –∫–æ–≥–¥–∞ ...

You may provide a definition with
\DeclareUnicodeCharacter 


! Package inputenc Error: Unicode character —Å (U+0441)
(inputenc)                not set up for use with LaTeX.

See the inputenc package documentation for explanation.
Type  H <return>  for immediate help.
 ...                                              
                                                  
l.4 ...è —ç–ª–µ–º–µ–Ω—Ç–æ–≤ –≤ —Å–ø–∏—Å–∫–µ. –í —Å
                                                  –ª—É—á–∞–µ, –∫–æ–≥–¥–∞ —ç–...

You may provide a definition with
\DeclareUnicodeCharacter 


! Package inputenc Error: Unicode character –ª (U+043B)
(inputenc)                not set up for use with LaTeX.

See the inputenc package documentation for explanation.
Type  H <return>  for immediate help.
 ...                                              
                                                  
l.4 ...—ç–ª–µ–º–µ–Ω—Ç–æ–≤ –≤ —Å–ø–∏—Å–∫–µ. –í —Å–ª
                                                  —É—á–∞–µ, –∫–æ–≥–¥–∞ —ç–ª–...

You may provide a definition with
\DeclareUnicodeCharacter 


! Package inputenc Error: Unicode character —É (U+0443)
(inputenc)                not set up for use with LaTeX.

See the inputenc package documentation for explanation.
Type  H <return>  for immediate help.
 ...                                              
                                                  
l.4 ...–ª–µ–º–µ–Ω—Ç–æ–≤ –≤ —Å–ø–∏—Å–∫–µ. –í —Å–ª—É
                                                  —á–∞–µ, –∫–æ–≥–¥–∞ —ç–ª–µ–...

You may provide a definition with
\DeclareUnicodeCharacter 


! Package inputenc Error: Unicode character —á (U+0447)
(inputenc)                not set up for use with LaTeX.

See the inputenc package documentation for explanation.
Type  H <return>  for immediate help.
 ...                                              
                                                  
l.4 ...–µ–º–µ–Ω—Ç–æ–≤ –≤ —Å–ø–∏—Å–∫–µ. –í —Å–ª—É—á
                                                  –∞–µ, –∫–æ–≥–¥–∞ —ç–ª–µ–º–...

You may provide a definition with
\DeclareUnicodeCharacter 


! Package inputenc Error: Unicode character –∞ (U+0430)
(inputenc)                not set up for use with LaTeX.

See the inputenc package documentation for explanation.
Type  H <return>  for immediate help.
 ...                                              
                                                  
l.4 ...–º–µ–Ω—Ç–æ–≤ –≤ —Å–ø–∏—Å–∫–µ. –í —Å–ª—É—á–∞
                                                  –µ, –∫–æ–≥–¥–∞ —ç–ª–µ–º–µ–...

You may provide a definition with
\DeclareUnicodeCharacter 


! Package inputenc Error: Unicode character –µ (U+0435)
(inputenc)                not set up for use with LaTeX.

See the inputenc package documentation for explanation.
Type  H <return>  for immediate help.
 ...                                              
                                                  
l.4 ...–µ–Ω—Ç–æ–≤ –≤ —Å–ø–∏—Å–∫–µ. –í —Å–ª—É—á–∞–µ
                                                  , –∫–æ–≥–¥–∞ —ç–ª–µ–º–µ–Ω—...

You may provide a definition with
\DeclareUnicodeCharacter 

Missing character: There is no , in font nullfont!

! Package inputenc Error: Unicode character –∫ (U+043A)
(inputenc)                not set up for use with LaTeX.

See the inputenc package documentation for explanation.
Type  H <return>  for immediate help.
 ...                                              
                                                  
l.4 ...—Ç–æ–≤ –≤ —Å–ø–∏—Å–∫–µ. –í —Å–ª—É—á–∞–µ, –∫
                                                  –æ–≥–¥–∞ —ç–ª–µ–º–µ–Ω—Ç —Å...

You may provide a definition with
\DeclareUnicodeCharacter 


! Package inputenc Error: Unicode character –æ (U+043E)
(inputenc)                not set up for use with LaTeX.

See the inputenc package documentation for explanation.
Type  H <return>  for immediate help.
 ...                                              
                                                  
l.4 ...–æ–≤ –≤ —Å–ø–∏—Å–∫–µ. –í —Å–ª—É—á–∞–µ, –∫–æ
                                                  –≥–¥–∞ —ç–ª–µ–º–µ–Ω—Ç —Å–ø...

You may provide a definition with
\DeclareUnicodeCharacter 


! Package inputenc Error: Unicode character –≥ (U+0433)
(inputenc)                not set up for use with LaTeX.

See the inputenc package documentation for explanation.
Type  H <return>  for immediate help.
 ...                                              
                                                  
l.4 ...–≤ –≤ —Å–ø–∏—Å–∫–µ. –í —Å–ª—É—á–∞–µ, –∫–æ–≥
                                                  –¥–∞ —ç–ª–µ–º–µ–Ω—Ç —Å–ø–∏...

You may provide a definition with
\DeclareUnicodeCharacter 


! Package inputenc Error: Unicode character –¥ (U+0434)
(inputenc)                not set up for use with LaTeX.

See the inputenc package documentation for explanation.
Type  H <return>  for immediate help.
 ...                                              
                                                  
l.4 ... –≤ —Å–ø–∏—Å–∫–µ. –í —Å–ª—É—á–∞–µ, –∫–æ–≥–¥
                                                  –∞ —ç–ª–µ–º–µ–Ω—Ç —Å–ø–∏—Å...

You may provide a definition with
\DeclareUnicodeCharacter 


! Package inputenc Error: Unicode character –∞ (U+0430)
(inputenc)                not set up for use with LaTeX.

See the inputenc package documentation for explanation.
Type  H <return>  for immediate help.
 ...                                              
                                                  
l.4 ...≤ —Å–ø–∏—Å–∫–µ. –í —Å–ª—É—á–∞–µ, –∫–æ–≥–¥–∞
                                                   —ç–ª–µ–º–µ–Ω—Ç —Å–ø–∏—Å–∫...

You may provide a definition with
\DeclareUnicodeCharacter 


! Package inputenc Error: Unicode character —ç (U+044D)
(inputenc)                not set up for use with LaTeX.

See the inputenc package documentation for explanation.
Type  H <return>  for immediate help.
 ...                                              
                                                  
l.4 ...Å–ø–∏—Å–∫–µ. –í —Å–ª—É—á–∞–µ, –∫–æ–≥–¥–∞ —ç
                                                  –ª–µ–º–µ–Ω—Ç —Å–ø–∏—Å–∫–∞ ...

You may provide a definition with
\DeclareUnicodeCharacter 


! Package inputenc Error: Unicode character –ª (U+043B)
(inputenc)                not set up for use with LaTeX.

See the inputenc package documentation for explanation.
Type  H <return>  for immediate help.
 ...                                              
                                                  
l.4 ...ø–∏—Å–∫–µ. –í —Å–ª—É—á–∞–µ, –∫–æ–≥–¥–∞ —ç–ª
                                                  –µ–º–µ–Ω—Ç —Å–ø–∏—Å–∫–∞ –∏...

You may provide a definition with
\DeclareUnicodeCharacter 


! Package inputenc Error: Unicode character –µ (U+0435)
(inputenc)                not set up for use with LaTeX.

See the inputenc package documentation for explanation.
Type  H <return>  for immediate help.
 ...                                              
                                                  
l.4 ...∏—Å–∫–µ. –í —Å–ª—É—á–∞–µ, –∫–æ–≥–¥–∞ —ç–ª–µ
                                                  –º–µ–Ω—Ç —Å–ø–∏—Å–∫–∞ –∏–º...

You may provide a definition with
\DeclareUnicodeCharacter 


! Package inputenc Error: Unicode character –º (U+043C)
(inputenc)                not set up for use with LaTeX.

See the inputenc package documentation for explanation.
Type  H <return>  for immediate help.
 ...                                              
                                                  
l.4 ...Å–∫–µ. –í —Å–ª—É—á–∞–µ, –∫–æ–≥–¥–∞ —ç–ª–µ–º
                                                  –µ–Ω—Ç —Å–ø–∏—Å–∫–∞ –∏–º–µ...

You may provide a definition with
\DeclareUnicodeCharacter 


! Package inputenc Error: Unicode character –µ (U+0435)
(inputenc)                not set up for use with LaTeX.

See the inputenc package documentation for explanation.
Type  H <return>  for immediate help.
 ...                                              
                                                  
l.4 ...∫–µ. –í —Å–ª—É—á–∞–µ, –∫–æ–≥–¥–∞ —ç–ª–µ–º–µ
                                                  –Ω—Ç —Å–ø–∏—Å–∫–∞ –∏–º–µ–µ...

You may provide a definition with
\DeclareUnicodeCharacter 


! Package inputenc Error: Unicode character –Ω (U+043D)
(inputenc)                not set up for use with LaTeX.

See the inputenc package documentation for explanation.
Type  H <return>  for immediate help.
 ...                                              
                                                  
l.4 ...µ. –í —Å–ª—É—á–∞–µ, –∫–æ–≥–¥–∞ —ç–ª–µ–º–µ–Ω
                                                  —Ç —Å–ø–∏—Å–∫–∞ –∏–º–µ–µ—Ç...

You may provide a definition with
\DeclareUnicodeCharacter 


! Package inputenc Error: Unicode character —Ç (U+0442)
(inputenc)                not set up for use with LaTeX.

See the inputenc package documentation for explanation.
Type  H <return>  for immediate help.
 ...                                              
                                                  
l.4 ... –í —Å–ª—É—á–∞–µ, –∫–æ–≥–¥–∞ —ç–ª–µ–º–µ–Ω—Ç
                                                   —Å–ø–∏—Å–∫–∞ –∏–º–µ–µ—Ç –...

You may provide a definition with
\DeclareUnicodeCharacter 


! Package inputenc Error: Unicode character —Å (U+0441)
(inputenc)                not set up for use with LaTeX.

See the inputenc package documentation for explanation.
Type  H <return>  for immediate help.
 ...                                              
                                                  
l.4 ... —Å–ª—É—á–∞–µ, –∫–æ–≥–¥–∞ —ç–ª–µ–º–µ–Ω—Ç —Å
                                                  –ø–∏—Å–∫–∞ –∏–º–µ–µ—Ç –Ω–µ...

You may provide a definition with
\DeclareUnicodeCharacter 


! Package inputenc Error: Unicode character –ø (U+043F)
(inputenc)                not set up for use with LaTeX.

See the inputenc package documentation for explanation.
Type  H <return>  for immediate help.
 ...                                              
                                                  
l.4 ...Å–ª—É—á–∞–µ, –∫–æ–≥–¥–∞ —ç–ª–µ–º–µ–Ω—Ç —Å–ø
                                                  –∏—Å–∫–∞ –∏–º–µ–µ—Ç –Ω–µ—Å...

You may provide a definition with
\DeclareUnicodeCharacter 


! Package inputenc Error: Unicode character –∏ (U+0438)
(inputenc)                not set up for use with LaTeX.

See the inputenc package documentation for explanation.
Type  H <return>  for immediate help.
 ...                                              
                                                  
l.4 ...ª—É—á–∞–µ, –∫–æ–≥–¥–∞ —ç–ª–µ–º–µ–Ω—Ç —Å–ø–∏
                                                  —Å–∫–∞ –∏–º–µ–µ—Ç –Ω–µ—Å–∫...

You may provide a definition with
\DeclareUnicodeCharacter 


! Package inputenc Error: Unicode character —Å (U+0441)
(inputenc)                not set up for use with LaTeX.

See the inputenc package documentation for explanation.
Type  H <return>  for immediate help.
 ...                                              
                                                  
l.4 ...É—á–∞–µ, –∫–æ–≥–¥–∞ —ç–ª–µ–º–µ–Ω—Ç —Å–ø–∏—Å
                                                  –∫–∞ –∏–º–µ–µ—Ç –Ω–µ—Å–∫–æ...

You may provide a definition with
\DeclareUnicodeCharacter 


! Package inputenc Error: Unicode character –∫ (U+043A)
(inputenc)                not set up for use with LaTeX.

See the inputenc package documentation for explanation.
Type  H <return>  for immediate help.
 ...                                              
                                                  
l.4 ...á–∞–µ, –∫–æ–≥–¥–∞ —ç–ª–µ–º–µ–Ω—Ç —Å–ø–∏—Å–∫
                                                  –∞ –∏–º–µ–µ—Ç –Ω–µ—Å–∫–æ–ª...

You may provide a definition with
\DeclareUnicodeCharacter 


! Package inputenc Error: Unicode character –∞ (U+0430)
(inputenc)                not set up for use with LaTeX.

See the inputenc package documentation for explanation.
Type  H <return>  for immediate help.
 ...                                              
                                                  
l.4 ...∞–µ, –∫–æ–≥–¥–∞ —ç–ª–µ–º–µ–Ω—Ç —Å–ø–∏—Å–∫–∞
                                                   –∏–º–µ–µ—Ç –Ω–µ—Å–∫–æ–ª—å...

You may provide a definition with
\DeclareUnicodeCharacter 


! Package inputenc Error: Unicode character –∏ (U+0438)
(inputenc)                not set up for use with LaTeX.

See the inputenc package documentation for explanation.
Type  H <return>  for immediate help.
 ...                                              
                                                  
l.4 ..., –∫–æ–≥–¥–∞ —ç–ª–µ–º–µ–Ω—Ç —Å–ø–∏—Å–∫–∞ –∏
                                                  –º–µ–µ—Ç –Ω–µ—Å–∫–æ–ª—å–∫–...

You may provide a definition with
\DeclareUnicodeCharacter 


! Package inputenc Error: Unicode character –º (U+043C)
(inputenc)                not set up for use with LaTeX.

See the inputenc package documentation for explanation.
Type  H <return>  for immediate help.
 ...                                              
                                                  
l.4 ...–∫–æ–≥–¥–∞ —ç–ª–µ–º–µ–Ω—Ç —Å–ø–∏—Å–∫–∞ –∏–º
                                                  –µ–µ—Ç –Ω–µ—Å–∫–æ–ª—å–∫–æ ...

You may provide a definition with
\DeclareUnicodeCharacter 


! Package inputenc Error: Unicode character –µ (U+0435)
(inputenc)                not set up for use with LaTeX.

See the inputenc package documentation for explanation.
Type  H <return>  for immediate help.
 ...                                              
                                                  
l.4 ...–æ–≥–¥–∞ —ç–ª–µ–º–µ–Ω—Ç —Å–ø–∏—Å–∫–∞ –∏–º–µ
                                                  –µ—Ç –Ω–µ—Å–∫–æ–ª—å–∫–æ –ø...

You may provide a definition with
\DeclareUnicodeCharacter 


! Package inputenc Error: Unicode character –µ (U+0435)
(inputenc)                not set up for use with LaTeX.

See the inputenc package documentation for explanation.
Type  H <return>  for immediate help.
 ...                                              
                                                  
l.4 ...–≥–¥–∞ —ç–ª–µ–º–µ–Ω—Ç —Å–ø–∏—Å–∫–∞ –∏–º–µ–µ
                                                  —Ç –Ω–µ—Å–∫–æ–ª—å–∫–æ –ø–æ...

You may provide a definition with
\DeclareUnicodeCharacter 


! Package inputenc Error: Unicode character —Ç (U+0442)
(inputenc)                not set up for use with LaTeX.

See the inputenc package documentation for explanation.
Type  H <return>  for immediate help.
 ...                                              
                                                  
l.4 ...–¥–∞ —ç–ª–µ–º–µ–Ω—Ç —Å–ø–∏—Å–∫–∞ –∏–º–µ–µ—Ç
                                                   –Ω–µ—Å–∫–æ–ª—å–∫–æ –ø–æ–ª...

You may provide a definition with
\DeclareUnicodeCharacter 


! Package inputenc Error: Unicode character –Ω (U+043D)
(inputenc)                not set up for use with LaTeX.

See the inputenc package documentation for explanation.
Type  H <return>  for immediate help.
 ...                                              
                                                  
l.4 ...∞ —ç–ª–µ–º–µ–Ω—Ç —Å–ø–∏—Å–∫–∞ –∏–º–µ–µ—Ç –Ω
                                                  –µ—Å–∫–æ–ª—å–∫–æ –ø–æ–ª–µ–...

You may provide a definition with
\DeclareUnicodeCharacter 


! Package inputenc Error: Unicode character –µ (U+0435)
(inputenc)                not set up for use with LaTeX.

See the inputenc package documentation for explanation.
Type  H <return>  for immediate help.
 ...                                              
                                                  
l.4 ...—ç–ª–µ–º–µ–Ω—Ç —Å–ø–∏—Å–∫–∞ –∏–º–µ–µ—Ç –Ω–µ
                                                  —Å–∫–æ–ª—å–∫–æ –ø–æ–ª–µ–π,...

You may provide a definition with
\DeclareUnicodeCharacter 


! Package inputenc Error: Unicode character —Å (U+0441)
(inputenc)                not set up for use with LaTeX.

See the inputenc package documentation for explanation.
Type  H <return>  for immediate help.
 ...                                              
                                                  
l.4 ...–ª–µ–º–µ–Ω—Ç —Å–ø–∏—Å–∫–∞ –∏–º–µ–µ—Ç –Ω–µ—Å
                                                  –∫–æ–ª—å–∫–æ –ø–æ–ª–µ–π, –...

You may provide a definition with
\DeclareUnicodeCharacter 


! Package inputenc Error: Unicode character –∫ (U+043A)
(inputenc)                not set up for use with LaTeX.

See the inputenc package documentation for explanation.
Type  H <return>  for immediate help.
 ...                                              
                                                  
l.4 ...–µ–º–µ–Ω—Ç —Å–ø–∏—Å–∫–∞ –∏–º–µ–µ—Ç –Ω–µ—Å–∫
                                                  –æ–ª—å–∫–æ –ø–æ–ª–µ–π, –ø–...

You may provide a definition with
\DeclareUnicodeCharacter 


! Package inputenc Error: Unicode character –æ (U+043E)
(inputenc)                not set up for use with LaTeX.

See the inputenc package documentation for explanation.
Type  H <return>  for immediate help.
 ...                                              
                                                  
l.4 ...–º–µ–Ω—Ç —Å–ø–∏—Å–∫–∞ –∏–º–µ–µ—Ç –Ω–µ—Å–∫–æ
                                                  –ª—å–∫–æ –ø–æ–ª–µ–π, –ø–æ–...

You may provide a definition with
\DeclareUnicodeCharacter 


! Package inputenc Error: Unicode character –ª (U+043B)
(inputenc)                not set up for use with LaTeX.

See the inputenc package documentation for explanation.
Type  H <return>  for immediate help.
 ...                                              
                                                  
l.4 ...–µ–Ω—Ç —Å–ø–∏—Å–∫–∞ –∏–º–µ–µ—Ç –Ω–µ—Å–∫–æ–ª
                                                  —å–∫–æ –ø–æ–ª–µ–π, –ø–æ–ª–...

You may provide a definition with
\DeclareUnicodeCharacter 


! Package inputenc Error: Unicode character —å (U+044C)
(inputenc)                not set up for use with LaTeX.

See the inputenc package documentation for explanation.
Type  H <return>  for immediate help.
 ...                                              
                                                  
l.4 ...–Ω—Ç —Å–ø–∏—Å–∫–∞ –∏–º–µ–µ—Ç –Ω–µ—Å–∫–æ–ª—å
                                                  –∫–æ –ø–æ–ª–µ–π, –ø–æ–ª–µ,...

You may provide a definition with
\DeclareUnicodeCharacter 


! Package inputenc Error: Unicode character –∫ (U+043A)
(inputenc)                not set up for use with LaTeX.

See the inputenc package documentation for explanation.
Type  H <return>  for immediate help.
 ...                                              
                                                  
l.4 ...—Ç —Å–ø–∏—Å–∫–∞ –∏–º–µ–µ—Ç –Ω–µ—Å–∫–æ–ª—å–∫
                                                  –æ –ø–æ–ª–µ–π, –ø–æ–ª–µ, —...

You may provide a definition with
\DeclareUnicodeCharacter 


! Package inputenc Error: Unicode character –æ (U+043E)
(inputenc)                not set up for use with LaTeX.

See the inputenc package documentation for explanation.
Type  H <return>  for immediate help.
 ...                                              
                                                  
l.4 ... —Å–ø–∏—Å–∫–∞ –∏–º–µ–µ—Ç –Ω–µ—Å–∫–æ–ª—å–∫–æ
                                                   –ø–æ–ª–µ–π, –ø–æ–ª–µ, —Å–...

You may provide a definition with
\DeclareUnicodeCharacter 


! Package inputenc Error: Unicode character –ø (U+043F)
(inputenc)                not set up for use with LaTeX.

See the inputenc package documentation for explanation.
Type  H <return>  for immediate help.
 ...                                              
                                                  
l.4 ...–ø–∏—Å–∫–∞ –∏–º–µ–µ—Ç –Ω–µ—Å–∫–æ–ª—å–∫–æ –ø
                                                  –æ–ª–µ–π, –ø–æ–ª–µ, —Å–ª—É...

You may provide a definition with
\DeclareUnicodeCharacter 


! Package inputenc Error: Unicode character –æ (U+043E)
(inputenc)                not set up for use with LaTeX.

See the inputenc package documentation for explanation.
Type  H <return>  for immediate help.
 ...                                              
                                                  
l.4 ...–∏—Å–∫–∞ –∏–º–µ–µ—Ç –Ω–µ—Å–∫–æ–ª—å–∫–æ –ø–æ
                                                  –ª–µ–π, –ø–æ–ª–µ, —Å–ª—É–∂...

You may provide a definition with
\DeclareUnicodeCharacter 


! Package inputenc Error: Unicode character –ª (U+043B)
(inputenc)                not set up for use with LaTeX.

See the inputenc package documentation for explanation.
Type  H <return>  for immediate help.
 ...                                              
                                                  
l.4 ...—Å–∫–∞ –∏–º–µ–µ—Ç –Ω–µ—Å–∫–æ–ª—å–∫–æ –ø–æ–ª
                                                  –µ–π, –ø–æ–ª–µ, —Å–ª—É–∂–∞...

You may provide a definition with
\DeclareUnicodeCharacter 


! Package inputenc Error: Unicode character –µ (U+0435)
(inputenc)                not set up for use with LaTeX.

See the inputenc package documentation for explanation.
Type  H <return>  for immediate help.
 ...                                              
                                                  
l.4 ...–∫–∞ –∏–º–µ–µ—Ç –Ω–µ—Å–∫–æ–ª—å–∫–æ –ø–æ–ª–µ
                                                  –π, –ø–æ–ª–µ, —Å–ª—É–∂–∞—â...

You may provide a definition with
\DeclareUnicodeCharacter 


! Package inputenc Error: Unicode character –π (U+0439)
(inputenc)                not set up for use with LaTeX.

See the inputenc package documentation for explanation.
Type  H <return>  for immediate help.
 ...                                              
                                                  
l.4 ...–∞ –∏–º–µ–µ—Ç –Ω–µ—Å–∫–æ–ª—å–∫–æ –ø–æ–ª–µ–π
                                                  , –ø–æ–ª–µ, —Å–ª—É–∂–∞—â–µ...

You may provide a definition with
\DeclareUnicodeCharacter 

Missing character: There is no , in font nullfont!

! Package inputenc Error: Unicode character –ø (U+043F)
(inputenc)                not set up for use with LaTeX.

See the inputenc package documentation for explanation.
Type  H <return>  for immediate help.
 ...                                              
                                                  
l.4 ...∏–º–µ–µ—Ç –Ω–µ—Å–∫–æ–ª—å–∫–æ –ø–æ–ª–µ–π, –ø
                                                  –æ–ª–µ, —Å–ª—É–∂–∞—â–µ–µ –...

You may provide a definition with
\DeclareUnicodeCharacter 


! Package inputenc Error: Unicode character –æ (U+043E)
(inputenc)                not set up for use with LaTeX.

See the inputenc package documentation for explanation.
Type  H <return>  for immediate help.
 ...                                              
                                                  
l.4 ...º–µ–µ—Ç –Ω–µ—Å–∫–æ–ª—å–∫–æ –ø–æ–ª–µ–π, –ø–æ
                                                  –ª–µ, —Å–ª—É–∂–∞—â–µ–µ –∫—...

You may provide a definition with
\DeclareUnicodeCharacter 


! Package inputenc Error: Unicode character –ª (U+043B)
(inputenc)                not set up for use with LaTeX.

See the inputenc package documentation for explanation.
Type  H <return>  for immediate help.
 ...                                              
                                                  
l.4 ...µ–µ—Ç –Ω–µ—Å–∫–æ–ª—å–∫–æ –ø–æ–ª–µ–π, –ø–æ–ª
                                                  –µ, —Å–ª—É–∂–∞—â–µ–µ –∫—Ä–...

You may provide a definition with
\DeclareUnicodeCharacter 


! Package inputenc Error: Unicode character –µ (U+0435)
(inputenc)                not set up for use with LaTeX.

See the inputenc package documentation for explanation.
Type  H <return>  for immediate help.
 ...                                              
                                                  
l.4 ...µ—Ç –Ω–µ—Å–∫–æ–ª—å–∫–æ –ø–æ–ª–µ–π, –ø–æ–ª–µ
                                                  , —Å–ª—É–∂–∞—â–µ–µ –∫—Ä–∏—...

You may provide a definition with
\DeclareUnicodeCharacter 

Missing character: There is no , in font nullfont!

! Package inputenc Error: Unicode character —Å (U+0441)
(inputenc)                not set up for use with LaTeX.

See the inputenc package documentation for explanation.
Type  H <return>  for immediate help.
 ...                                              
                                                  
l.4 ...–Ω–µ—Å–∫–æ–ª—å–∫–æ –ø–æ–ª–µ–π, –ø–æ–ª–µ, —Å
                                                  –ª—É–∂–∞—â–µ–µ –∫—Ä–∏—Ç–µ—...

You may provide a definition with
\DeclareUnicodeCharacter 


! Package inputenc Error: Unicode character –ª (U+043B)
(inputenc)                not set up for use with LaTeX.

See the inputenc package documentation for explanation.
Type  H <return>  for immediate help.
 ...                                              
                                                  
l.4 ...–µ—Å–∫–æ–ª—å–∫–æ –ø–æ–ª–µ–π, –ø–æ–ª–µ, —Å–ª
                                                  —É–∂–∞—â–µ–µ –∫—Ä–∏—Ç–µ—Ä–...

You may provide a definition with
\DeclareUnicodeCharacter 


! Package inputenc Error: Unicode character —É (U+0443)
(inputenc)                not set up for use with LaTeX.

See the inputenc package documentation for explanation.
Type  H <return>  for immediate help.
 ...                                              
                                                  
l.4 ...—Å–∫–æ–ª—å–∫–æ –ø–æ–ª–µ–π, –ø–æ–ª–µ, —Å–ª—É
                                                  –∂–∞—â–µ–µ –∫—Ä–∏—Ç–µ—Ä–∏–...

You may provide a definition with
\DeclareUnicodeCharacter 


! Package inputenc Error: Unicode character –∂ (U+0436)
(inputenc)                not set up for use with LaTeX.

See the inputenc package documentation for explanation.
Type  H <return>  for immediate help.
 ...                                              
                                                  
l.4 ...–∫–æ–ª—å–∫–æ –ø–æ–ª–µ–π, –ø–æ–ª–µ, —Å–ª—É–∂
                                                  –∞—â–µ–µ –∫—Ä–∏—Ç–µ—Ä–∏–µ–...

You may provide a definition with
\DeclareUnicodeCharacter 


! Package inputenc Error: Unicode character –∞ (U+0430)
(inputenc)                not set up for use with LaTeX.

See the inputenc package documentation for explanation.
Type  H <return>  for immediate help.
 ...                                              
                                                  
l.4 ...–æ–ª—å–∫–æ –ø–æ–ª–µ–π, –ø–æ–ª–µ, —Å–ª—É–∂–∞
                                                  —â–µ–µ –∫—Ä–∏—Ç–µ—Ä–∏–µ–º ...

You may provide a definition with
\DeclareUnicodeCharacter 


! Package inputenc Error: Unicode character —â (U+0449)
(inputenc)                not set up for use with LaTeX.

See the inputenc package documentation for explanation.
Type  H <return>  for immediate help.
 ...                                              
                                                  
l.4 ...–ª—å–∫–æ –ø–æ–ª–µ–π, –ø–æ–ª–µ, —Å–ª—É–∂–∞—â
                                                  –µ–µ –∫—Ä–∏—Ç–µ—Ä–∏–µ–º –ø...

You may provide a definition with
\DeclareUnicodeCharacter 


! Package inputenc Error: Unicode character –µ (U+0435)
(inputenc)                not set up for use with LaTeX.

See the inputenc package documentation for explanation.
Type  H <return>  for immediate help.
 ...                                              
                                                  
l.4 ...—å–∫–æ –ø–æ–ª–µ–π, –ø–æ–ª–µ, —Å–ª—É–∂–∞—â–µ
                                                  –µ –∫—Ä–∏—Ç–µ—Ä–∏–µ–º –ø–æ...

You may provide a definition with
\DeclareUnicodeCharacter 


! Package inputenc Error: Unicode character –µ (U+0435)
(inputenc)                not set up for use with LaTeX.

See the inputenc package documentation for explanation.
Type  H <return>  for immediate help.
 ...                                              
                                                  
l.4 ...–∫–æ –ø–æ–ª–µ–π, –ø–æ–ª–µ, —Å–ª—É–∂–∞—â–µ–µ
                                                   –∫—Ä–∏—Ç–µ—Ä–∏–µ–º –ø–æ—Ä...

You may provide a definition with
\DeclareUnicodeCharacter 


! Package inputenc Error: Unicode character –∫ (U+043A)
(inputenc)                not set up for use with LaTeX.

See the inputenc package documentation for explanation.
Type  H <return>  for immediate help.
 ...                                              
                                                  
l.4 ...æ –ø–æ–ª–µ–π, –ø–æ–ª–µ, —Å–ª—É–∂–∞—â–µ–µ –∫
                                                  —Ä–∏—Ç–µ—Ä–∏–µ–º –ø–æ—Ä—è–...
(That makes 100 errors; please try again.) 
Here is how much of TeX's memory you used:
 48 strings out of 478864
 815 string characters out of 2848186
 292975 words of memory out of 3000000
 18072 multiletter control sequences out of 15000+600000
 403430 words of font info for 27 fonts, out of 8000000 for 9000
 1141 hyphenation exceptions out of 8191
 14i,0n,13p,652b,46s stack positions out of 5000i,500n,10000p,200000b,80000s

!  ==> Fatal error occurred, no output PDF file produced!
