This is pdfTeX, Version 3.141592653-2.6-1.40.22 (MiKTeX 21.6) (preloaded format=pdflatex 2021.9.14)  12 OCT 2021 00:32
entering extended mode
**./05_technological.tex
(05_technological.tex
LaTeX2e <2021-06-01>
L3 programming layer <2021-06-01>
! Undefined control sequence.
l.1 \chapter
            {–¢–µ—Ö–Ω–æ–ª–æ–≥–∏—á–µ—Å–∫–∏–π —Ä–∞–∑–¥–µ–ª}
The control sequence at the end of the top line
of your error message was never \def'ed. If you have
misspelled it (e.g., `\hobx'), type `I' and the correct
spelling (e.g., `I\hbox'). Otherwise just continue,
and I'll forget about whatever was undefined.


! Package inputenc Error: Unicode character –¢ (U+0422)
(inputenc)                not set up for use with LaTeX.

See the inputenc package documentation for explanation.
Type  H <return>  for immediate help.
 ...                                              
                                                  
l.1 \chapter{–¢
               –µ—Ö–Ω–æ–ª–æ–≥–∏—á–µ—Å–∫–∏–π —Ä–∞–∑–¥–µ–ª}
You may provide a definition with
\DeclareUnicodeCharacter 


! Package inputenc Error: Unicode character –µ (U+0435)
(inputenc)                not set up for use with LaTeX.

See the inputenc package documentation for explanation.
Type  H <return>  for immediate help.
 ...                                              
                                                  
l.1 \chapter{–¢–µ
                 —Ö–Ω–æ–ª–æ–≥–∏—á–µ—Å–∫–∏–π —Ä–∞–∑–¥–µ–ª}
You may provide a definition with
\DeclareUnicodeCharacter 


! Package inputenc Error: Unicode character —Ö (U+0445)
(inputenc)                not set up for use with LaTeX.

See the inputenc package documentation for explanation.
Type  H <return>  for immediate help.
 ...                                              
                                                  
l.1 \chapter{–¢–µ—Ö
                   –Ω–æ–ª–æ–≥–∏—á–µ—Å–∫–∏–π —Ä–∞–∑–¥–µ–ª}
You may provide a definition with
\DeclareUnicodeCharacter 


! Package inputenc Error: Unicode character –Ω (U+043D)
(inputenc)                not set up for use with LaTeX.

See the inputenc package documentation for explanation.
Type  H <return>  for immediate help.
 ...                                              
                                                  
l.1 \chapter{–¢–µ—Ö–Ω
                     –æ–ª–æ–≥–∏—á–µ—Å–∫–∏–π —Ä–∞–∑–¥–µ–ª}
You may provide a definition with
\DeclareUnicodeCharacter 


! Package inputenc Error: Unicode character –æ (U+043E)
(inputenc)                not set up for use with LaTeX.

See the inputenc package documentation for explanation.
Type  H <return>  for immediate help.
 ...                                              
                                                  
l.1 \chapter{–¢–µ—Ö–Ω–æ
                       –ª–æ–≥–∏—á–µ—Å–∫–∏–π —Ä–∞–∑–¥–µ–ª}
You may provide a definition with
\DeclareUnicodeCharacter 


! Package inputenc Error: Unicode character –ª (U+043B)
(inputenc)                not set up for use with LaTeX.

See the inputenc package documentation for explanation.
Type  H <return>  for immediate help.
 ...                                              
                                                  
l.1 \chapter{–¢–µ—Ö–Ω–æ–ª
                         –æ–≥–∏—á–µ—Å–∫–∏–π —Ä–∞–∑–¥–µ–ª}
You may provide a definition with
\DeclareUnicodeCharacter 


! Package inputenc Error: Unicode character –æ (U+043E)
(inputenc)                not set up for use with LaTeX.

See the inputenc package documentation for explanation.
Type  H <return>  for immediate help.
 ...                                              
                                                  
l.1 \chapter{–¢–µ—Ö–Ω–æ–ª–æ
                           –≥–∏—á–µ—Å–∫–∏–π —Ä–∞–∑–¥–µ–ª}
You may provide a definition with
\DeclareUnicodeCharacter 


! Package inputenc Error: Unicode character –≥ (U+0433)
(inputenc)                not set up for use with LaTeX.

See the inputenc package documentation for explanation.
Type  H <return>  for immediate help.
 ...                                              
                                                  
l.1 \chapter{–¢–µ—Ö–Ω–æ–ª–æ–≥
                             –∏—á–µ—Å–∫–∏–π —Ä–∞–∑–¥–µ–ª}
You may provide a definition with
\DeclareUnicodeCharacter 


! Package inputenc Error: Unicode character –∏ (U+0438)
(inputenc)                not set up for use with LaTeX.

See the inputenc package documentation for explanation.
Type  H <return>  for immediate help.
 ...                                              
                                                  
l.1 \chapter{–¢–µ—Ö–Ω–æ–ª–æ–≥–∏
                               —á–µ—Å–∫–∏–π —Ä–∞–∑–¥–µ–ª}
You may provide a definition with
\DeclareUnicodeCharacter 


! Package inputenc Error: Unicode character —á (U+0447)
(inputenc)                not set up for use with LaTeX.

See the inputenc package documentation for explanation.
Type  H <return>  for immediate help.
 ...                                              
                                                  
l.1 \chapter{–¢–µ—Ö–Ω–æ–ª–æ–≥–∏—á
                                 –µ—Å–∫–∏–π —Ä–∞–∑–¥–µ–ª}
You may provide a definition with
\DeclareUnicodeCharacter 


! Package inputenc Error: Unicode character –µ (U+0435)
(inputenc)                not set up for use with LaTeX.

See the inputenc package documentation for explanation.
Type  H <return>  for immediate help.
 ...                                              
                                                  
l.1 \chapter{–¢–µ—Ö–Ω–æ–ª–æ–≥–∏—á–µ
                                   —Å–∫–∏–π —Ä–∞–∑–¥–µ–ª}
You may provide a definition with
\DeclareUnicodeCharacter 


! Package inputenc Error: Unicode character —Å (U+0441)
(inputenc)                not set up for use with LaTeX.

See the inputenc package documentation for explanation.
Type  H <return>  for immediate help.
 ...                                              
                                                  
l.1 \chapter{–¢–µ—Ö–Ω–æ–ª–æ–≥–∏—á–µ—Å
                                     –∫–∏–π —Ä–∞–∑–¥–µ–ª}
You may provide a definition with
\DeclareUnicodeCharacter 


! Package inputenc Error: Unicode character –∫ (U+043A)
(inputenc)                not set up for use with LaTeX.

See the inputenc package documentation for explanation.
Type  H <return>  for immediate help.
 ...                                              
                                                  
l.1 \chapter{–¢–µ—Ö–Ω–æ–ª–æ–≥–∏—á–µ—Å–∫
                                       –∏–π —Ä–∞–∑–¥–µ–ª}
You may provide a definition with
\DeclareUnicodeCharacter 


! Package inputenc Error: Unicode character –∏ (U+0438)
(inputenc)                not set up for use with LaTeX.

See the inputenc package documentation for explanation.
Type  H <return>  for immediate help.
 ...                                              
                                                  
l.1 \chapter{–¢–µ—Ö–Ω–æ–ª–æ–≥–∏—á–µ—Å–∫–∏
                                         –π —Ä–∞–∑–¥–µ–ª}
You may provide a definition with
\DeclareUnicodeCharacter 


! Package inputenc Error: Unicode character –π (U+0439)
(inputenc)                not set up for use with LaTeX.

See the inputenc package documentation for explanation.
Type  H <return>  for immediate help.
 ...                                              
                                                  
l.1 \chapter{–¢–µ—Ö–Ω–æ–ª–æ–≥–∏—á–µ—Å–∫–∏–π
                                            —Ä–∞–∑–¥–µ–ª}
You may provide a definition with
\DeclareUnicodeCharacter 


! Package inputenc Error: Unicode character —Ä (U+0440)
(inputenc)                not set up for use with LaTeX.

See the inputenc package documentation for explanation.
Type  H <return>  for immediate help.
 ...                                              
                                                  
l.1 \chapter{–¢–µ—Ö–Ω–æ–ª–æ–≥–∏—á–µ—Å–∫–∏–π —Ä
                                              –∞–∑–¥–µ–ª}
You may provide a definition with
\DeclareUnicodeCharacter 


! Package inputenc Error: Unicode character –∞ (U+0430)
(inputenc)                not set up for use with LaTeX.

See the inputenc package documentation for explanation.
Type  H <return>  for immediate help.
 ...                                              
                                                  
l.1 \chapter{–¢–µ—Ö–Ω–æ–ª–æ–≥–∏—á–µ—Å–∫–∏–π —Ä–∞
                                                –∑–¥–µ–ª}
You may provide a definition with
\DeclareUnicodeCharacter 


! Package inputenc Error: Unicode character –∑ (U+0437)
(inputenc)                not set up for use with LaTeX.

See the inputenc package documentation for explanation.
Type  H <return>  for immediate help.
 ...                                              
                                                  
l.1 \chapter{–¢–µ—Ö–Ω–æ–ª–æ–≥–∏—á–µ—Å–∫–∏–π —Ä–∞–∑
                                                  –¥–µ–ª}
You may provide a definition with
\DeclareUnicodeCharacter 


! Package inputenc Error: Unicode character –¥ (U+0434)
(inputenc)                not set up for use with LaTeX.

See the inputenc package documentation for explanation.
Type  H <return>  for immediate help.
 ...                                              
                                                  
l.1 ...ter{–¢–µ—Ö–Ω–æ–ª–æ–≥–∏—á–µ—Å–∫–∏–π —Ä–∞–∑–¥
                                                  –µ–ª}
You may provide a definition with
\DeclareUnicodeCharacter 


! Package inputenc Error: Unicode character –µ (U+0435)
(inputenc)                not set up for use with LaTeX.

See the inputenc package documentation for explanation.
Type  H <return>  for immediate help.
 ...                                              
                                                  
l.1 ...r{–¢–µ—Ö–Ω–æ–ª–æ–≥–∏—á–µ—Å–∫–∏–π —Ä–∞–∑–¥–µ
                                                  –ª}
You may provide a definition with
\DeclareUnicodeCharacter 


! Package inputenc Error: Unicode character –ª (U+043B)
(inputenc)                not set up for use with LaTeX.

See the inputenc package documentation for explanation.
Type  H <return>  for immediate help.
 ...                                              
                                                  
l.1 ...–¢–µ—Ö–Ω–æ–ª–æ–≥–∏—á–µ—Å–∫–∏–π —Ä–∞–∑–¥–µ–ª
                                                  }
You may provide a definition with
\DeclareUnicodeCharacter 

! Undefined control sequence.
l.2 \section
            {–¢—Ä–µ–±–æ–≤–∞–Ω–∏—è –∫ –ø—Ä–æ–≥—Ä–∞–º–º–Ω–æ–º—É –æ–±–µ—Å–ø–µ—á...
The control sequence at the end of the top line
of your error message was never \def'ed. If you have
misspelled it (e.g., `\hobx'), type `I' and the correct
spelling (e.g., `I\hbox'). Otherwise just continue,
and I'll forget about whatever was undefined.


! Package inputenc Error: Unicode character –¢ (U+0422)
(inputenc)                not set up for use with LaTeX.

See the inputenc package documentation for explanation.
Type  H <return>  for immediate help.
 ...                                              
                                                  
l.2 \section{–¢
               —Ä–µ–±–æ–≤–∞–Ω–∏—è –∫ –ø—Ä–æ–≥—Ä–∞–º–º–Ω–æ–º—É –æ–±–µ—Å–ø–µ—á...

You may provide a definition with
\DeclareUnicodeCharacter 


! Package inputenc Error: Unicode character —Ä (U+0440)
(inputenc)                not set up for use with LaTeX.

See the inputenc package documentation for explanation.
Type  H <return>  for immediate help.
 ...                                              
                                                  
l.2 \section{–¢—Ä
                 –µ–±–æ–≤–∞–Ω–∏—è –∫ –ø—Ä–æ–≥—Ä–∞–º–º–Ω–æ–º—É –æ–±–µ—Å–ø–µ—á...

You may provide a definition with
\DeclareUnicodeCharacter 


! Package inputenc Error: Unicode character –µ (U+0435)
(inputenc)                not set up for use with LaTeX.

See the inputenc package documentation for explanation.
Type  H <return>  for immediate help.
 ...                                              
                                                  
l.2 \section{–¢—Ä–µ
                   –±–æ–≤–∞–Ω–∏—è –∫ –ø—Ä–æ–≥—Ä–∞–º–º–Ω–æ–º—É –æ–±–µ—Å–ø–µ—á...

You may provide a definition with
\DeclareUnicodeCharacter 


! Package inputenc Error: Unicode character –± (U+0431)
(inputenc)                not set up for use with LaTeX.

See the inputenc package documentation for explanation.
Type  H <return>  for immediate help.
 ...                                              
                                                  
l.2 \section{–¢—Ä–µ–±
                     –æ–≤–∞–Ω–∏—è –∫ –ø—Ä–æ–≥—Ä–∞–º–º–Ω–æ–º—É –æ–±–µ—Å–ø–µ—á...

You may provide a definition with
\DeclareUnicodeCharacter 


! Package inputenc Error: Unicode character –æ (U+043E)
(inputenc)                not set up for use with LaTeX.

See the inputenc package documentation for explanation.
Type  H <return>  for immediate help.
 ...                                              
                                                  
l.2 \section{–¢—Ä–µ–±–æ
                       –≤–∞–Ω–∏—è –∫ –ø—Ä–æ–≥—Ä–∞–º–º–Ω–æ–º—É –æ–±–µ—Å–ø–µ—á...

You may provide a definition with
\DeclareUnicodeCharacter 


! Package inputenc Error: Unicode character –≤ (U+0432)
(inputenc)                not set up for use with LaTeX.

See the inputenc package documentation for explanation.
Type  H <return>  for immediate help.
 ...                                              
                                                  
l.2 \section{–¢—Ä–µ–±–æ–≤
                         –∞–Ω–∏—è –∫ –ø—Ä–æ–≥—Ä–∞–º–º–Ω–æ–º—É –æ–±–µ—Å–ø–µ—á...

You may provide a definition with
\DeclareUnicodeCharacter 


! Package inputenc Error: Unicode character –∞ (U+0430)
(inputenc)                not set up for use with LaTeX.

See the inputenc package documentation for explanation.
Type  H <return>  for immediate help.
 ...                                              
                                                  
l.2 \section{–¢—Ä–µ–±–æ–≤–∞
                           –Ω–∏—è –∫ –ø—Ä–æ–≥—Ä–∞–º–º–Ω–æ–º—É –æ–±–µ—Å–ø–µ—á...

You may provide a definition with
\DeclareUnicodeCharacter 


! Package inputenc Error: Unicode character –Ω (U+043D)
(inputenc)                not set up for use with LaTeX.

See the inputenc package documentation for explanation.
Type  H <return>  for immediate help.
 ...                                              
                                                  
l.2 \section{–¢—Ä–µ–±–æ–≤–∞–Ω
                             –∏—è –∫ –ø—Ä–æ–≥—Ä–∞–º–º–Ω–æ–º—É –æ–±–µ—Å–ø–µ—á...

You may provide a definition with
\DeclareUnicodeCharacter 


! Package inputenc Error: Unicode character –∏ (U+0438)
(inputenc)                not set up for use with LaTeX.

See the inputenc package documentation for explanation.
Type  H <return>  for immediate help.
 ...                                              
                                                  
l.2 \section{–¢—Ä–µ–±–æ–≤–∞–Ω–∏
                               —è –∫ –ø—Ä–æ–≥—Ä–∞–º–º–Ω–æ–º—É –æ–±–µ—Å–ø–µ—á...

You may provide a definition with
\DeclareUnicodeCharacter 


! Package inputenc Error: Unicode character —è (U+044F)
(inputenc)                not set up for use with LaTeX.

See the inputenc package documentation for explanation.
Type  H <return>  for immediate help.
 ...                                              
                                                  
l.2 \section{–¢—Ä–µ–±–æ–≤–∞–Ω–∏—è
                                  –∫ –ø—Ä–æ–≥—Ä–∞–º–º–Ω–æ–º—É –æ–±–µ—Å–ø–µ—á...

You may provide a definition with
\DeclareUnicodeCharacter 


! Package inputenc Error: Unicode character –∫ (U+043A)
(inputenc)                not set up for use with LaTeX.

See the inputenc package documentation for explanation.
Type  H <return>  for immediate help.
 ...                                              
                                                  
l.2 \section{–¢—Ä–µ–±–æ–≤–∞–Ω–∏—è –∫
                                     –ø—Ä–æ–≥—Ä–∞–º–º–Ω–æ–º—É –æ–±–µ—Å–ø–µ—á...

You may provide a definition with
\DeclareUnicodeCharacter 


! Package inputenc Error: Unicode character –ø (U+043F)
(inputenc)                not set up for use with LaTeX.

See the inputenc package documentation for explanation.
Type  H <return>  for immediate help.
 ...                                              
                                                  
l.2 \section{–¢—Ä–µ–±–æ–≤–∞–Ω–∏—è –∫ –ø
                                       —Ä–æ–≥—Ä–∞–º–º–Ω–æ–º—É –æ–±–µ—Å–ø–µ—á...

You may provide a definition with
\DeclareUnicodeCharacter 


! Package inputenc Error: Unicode character —Ä (U+0440)
(inputenc)                not set up for use with LaTeX.

See the inputenc package documentation for explanation.
Type  H <return>  for immediate help.
 ...                                              
                                                  
l.2 \section{–¢—Ä–µ–±–æ–≤–∞–Ω–∏—è –∫ –ø—Ä
                                         –æ–≥—Ä–∞–º–º–Ω–æ–º—É –æ–±–µ—Å–ø–µ—á...

You may provide a definition with
\DeclareUnicodeCharacter 


! Package inputenc Error: Unicode character –æ (U+043E)
(inputenc)                not set up for use with LaTeX.

See the inputenc package documentation for explanation.
Type  H <return>  for immediate help.
 ...                                              
                                                  
l.2 \section{–¢—Ä–µ–±–æ–≤–∞–Ω–∏—è –∫ –ø—Ä–æ
                                           –≥—Ä–∞–º–º–Ω–æ–º—É –æ–±–µ—Å–ø–µ—á...

You may provide a definition with
\DeclareUnicodeCharacter 


! Package inputenc Error: Unicode character –≥ (U+0433)
(inputenc)                not set up for use with LaTeX.

See the inputenc package documentation for explanation.
Type  H <return>  for immediate help.
 ...                                              
                                                  
l.2 \section{–¢—Ä–µ–±–æ–≤–∞–Ω–∏—è –∫ –ø—Ä–æ–≥
                                             —Ä–∞–º–º–Ω–æ–º—É –æ–±–µ—Å–ø–µ—á...

You may provide a definition with
\DeclareUnicodeCharacter 


! Package inputenc Error: Unicode character —Ä (U+0440)
(inputenc)                not set up for use with LaTeX.

See the inputenc package documentation for explanation.
Type  H <return>  for immediate help.
 ...                                              
                                                  
l.2 \section{–¢—Ä–µ–±–æ–≤–∞–Ω–∏—è –∫ –ø—Ä–æ–≥—Ä
                                               –∞–º–º–Ω–æ–º—É –æ–±–µ—Å–ø–µ—á...

You may provide a definition with
\DeclareUnicodeCharacter 


! Package inputenc Error: Unicode character –∞ (U+0430)
(inputenc)                not set up for use with LaTeX.

See the inputenc package documentation for explanation.
Type  H <return>  for immediate help.
 ...                                              
                                                  
l.2 \section{–¢—Ä–µ–±–æ–≤–∞–Ω–∏—è –∫ –ø—Ä–æ–≥—Ä–∞
                                                 –º–º–Ω–æ–º—É –æ–±–µ—Å–ø–µ—á...

You may provide a definition with
\DeclareUnicodeCharacter 


! Package inputenc Error: Unicode character –º (U+043C)
(inputenc)                not set up for use with LaTeX.

See the inputenc package documentation for explanation.
Type  H <return>  for immediate help.
 ...                                              
                                                  
l.2 ...tion{–¢—Ä–µ–±–æ–≤–∞–Ω–∏—è –∫ –ø—Ä–æ–≥—Ä–∞–º
                                                  –º–Ω–æ–º—É –æ–±–µ—Å–ø–µ—á–...

You may provide a definition with
\DeclareUnicodeCharacter 


! Package inputenc Error: Unicode character –º (U+043C)
(inputenc)                not set up for use with LaTeX.

See the inputenc package documentation for explanation.
Type  H <return>  for immediate help.
 ...                                              
                                                  
l.2 ...on{–¢—Ä–µ–±–æ–≤–∞–Ω–∏—è –∫ –ø—Ä–æ–≥—Ä–∞–º–º
                                                  –Ω–æ–º—É –æ–±–µ—Å–ø–µ—á–µ–...

You may provide a definition with
\DeclareUnicodeCharacter 


! Package inputenc Error: Unicode character –Ω (U+043D)
(inputenc)                not set up for use with LaTeX.

See the inputenc package documentation for explanation.
Type  H <return>  for immediate help.
 ...                                              
                                                  
l.2 ...{–¢—Ä–µ–±–æ–≤–∞–Ω–∏—è –∫ –ø—Ä–æ–≥—Ä–∞–º–º–Ω
                                                  –æ–º—É –æ–±–µ—Å–ø–µ—á–µ–Ω–...

You may provide a definition with
\DeclareUnicodeCharacter 


! Package inputenc Error: Unicode character –æ (U+043E)
(inputenc)                not set up for use with LaTeX.

See the inputenc package documentation for explanation.
Type  H <return>  for immediate help.
 ...                                              
                                                  
l.2 ...¢—Ä–µ–±–æ–≤–∞–Ω–∏—è –∫ –ø—Ä–æ–≥—Ä–∞–º–º–Ω–æ
                                                  –º—É –æ–±–µ—Å–ø–µ—á–µ–Ω–∏—é}
You may provide a definition with
\DeclareUnicodeCharacter 


! Package inputenc Error: Unicode character –º (U+043C)
(inputenc)                not set up for use with LaTeX.

See the inputenc package documentation for explanation.
Type  H <return>  for immediate help.
 ...                                              
                                                  
l.2 ...Ä–µ–±–æ–≤–∞–Ω–∏—è –∫ –ø—Ä–æ–≥—Ä–∞–º–º–Ω–æ–º
                                                  —É –æ–±–µ—Å–ø–µ—á–µ–Ω–∏—é}
You may provide a definition with
\DeclareUnicodeCharacter 


! Package inputenc Error: Unicode character —É (U+0443)
(inputenc)                not set up for use with LaTeX.

See the inputenc package documentation for explanation.
Type  H <return>  for immediate help.
 ...                                              
                                                  
l.2 ...µ–±–æ–≤–∞–Ω–∏—è –∫ –ø—Ä–æ–≥—Ä–∞–º–º–Ω–æ–º—É
                                                   –æ–±–µ—Å–ø–µ—á–µ–Ω–∏—é}
You may provide a definition with
\DeclareUnicodeCharacter 


! Package inputenc Error: Unicode character –æ (U+043E)
(inputenc)                not set up for use with LaTeX.

See the inputenc package documentation for explanation.
Type  H <return>  for immediate help.
 ...                                              
                                                  
l.2 ...–æ–≤–∞–Ω–∏—è –∫ –ø—Ä–æ–≥—Ä–∞–º–º–Ω–æ–º—É –æ
                                                  –±–µ—Å–ø–µ—á–µ–Ω–∏—é}
You may provide a definition with
\DeclareUnicodeCharacter 


! Package inputenc Error: Unicode character –± (U+0431)
(inputenc)                not set up for use with LaTeX.

See the inputenc package documentation for explanation.
Type  H <return>  for immediate help.
 ...                                              
                                                  
l.2 ...–≤–∞–Ω–∏—è –∫ –ø—Ä–æ–≥—Ä–∞–º–º–Ω–æ–º—É –æ–±
                                                  –µ—Å–ø–µ—á–µ–Ω–∏—é}
You may provide a definition with
\DeclareUnicodeCharacter 


! Package inputenc Error: Unicode character –µ (U+0435)
(inputenc)                not set up for use with LaTeX.

See the inputenc package documentation for explanation.
Type  H <return>  for immediate help.
 ...                                              
                                                  
l.2 ...–∞–Ω–∏—è –∫ –ø—Ä–æ–≥—Ä–∞–º–º–Ω–æ–º—É –æ–±–µ
                                                  —Å–ø–µ—á–µ–Ω–∏—é}
You may provide a definition with
\DeclareUnicodeCharacter 


! Package inputenc Error: Unicode character —Å (U+0441)
(inputenc)                not set up for use with LaTeX.

See the inputenc package documentation for explanation.
Type  H <return>  for immediate help.
 ...                                              
                                                  
l.2 ...–Ω–∏—è –∫ –ø—Ä–æ–≥—Ä–∞–º–º–Ω–æ–º—É –æ–±–µ—Å
                                                  –ø–µ—á–µ–Ω–∏—é}
You may provide a definition with
\DeclareUnicodeCharacter 


! Package inputenc Error: Unicode character –ø (U+043F)
(inputenc)                not set up for use with LaTeX.

See the inputenc package documentation for explanation.
Type  H <return>  for immediate help.
 ...                                              
                                                  
l.2 ...–∏—è –∫ –ø—Ä–æ–≥—Ä–∞–º–º–Ω–æ–º—É –æ–±–µ—Å–ø
                                                  –µ—á–µ–Ω–∏—é}
You may provide a definition with
\DeclareUnicodeCharacter 


! Package inputenc Error: Unicode character –µ (U+0435)
(inputenc)                not set up for use with LaTeX.

See the inputenc package documentation for explanation.
Type  H <return>  for immediate help.
 ...                                              
                                                  
l.2 ...—è –∫ –ø—Ä–æ–≥—Ä–∞–º–º–Ω–æ–º—É –æ–±–µ—Å–ø–µ
                                                  —á–µ–Ω–∏—é}
You may provide a definition with
\DeclareUnicodeCharacter 


! Package inputenc Error: Unicode character —á (U+0447)
(inputenc)                not set up for use with LaTeX.

See the inputenc package documentation for explanation.
Type  H <return>  for immediate help.
 ...                                              
                                                  
l.2 ... –∫ –ø—Ä–æ–≥—Ä–∞–º–º–Ω–æ–º—É –æ–±–µ—Å–ø–µ—á
                                                  –µ–Ω–∏—é}
You may provide a definition with
\DeclareUnicodeCharacter 


! Package inputenc Error: Unicode character –µ (U+0435)
(inputenc)                not set up for use with LaTeX.

See the inputenc package documentation for explanation.
Type  H <return>  for immediate help.
 ...                                              
                                                  
l.2 ...∫ –ø—Ä–æ–≥—Ä–∞–º–º–Ω–æ–º—É –æ–±–µ—Å–ø–µ—á–µ
                                                  –Ω–∏—é}
You may provide a definition with
\DeclareUnicodeCharacter 


! Package inputenc Error: Unicode character –Ω (U+043D)
(inputenc)                not set up for use with LaTeX.

See the inputenc package documentation for explanation.
Type  H <return>  for immediate help.
 ...                                              
                                                  
l.2 ...–ø—Ä–æ–≥—Ä–∞–º–º–Ω–æ–º—É –æ–±–µ—Å–ø–µ—á–µ–Ω
                                                  –∏—é}
You may provide a definition with
\DeclareUnicodeCharacter 


! Package inputenc Error: Unicode character –∏ (U+0438)
(inputenc)                not set up for use with LaTeX.

See the inputenc package documentation for explanation.
Type  H <return>  for immediate help.
 ...                                              
                                                  
l.2 ...—Ä–æ–≥—Ä–∞–º–º–Ω–æ–º—É –æ–±–µ—Å–ø–µ—á–µ–Ω–∏
                                                  —é}
You may provide a definition with
\DeclareUnicodeCharacter 


! Package inputenc Error: Unicode character —é (U+044E)
(inputenc)                not set up for use with LaTeX.

See the inputenc package documentation for explanation.
Type  H <return>  for immediate help.
 ...                                              
                                                  
l.2 ...–æ–≥—Ä–∞–º–º–Ω–æ–º—É –æ–±–µ—Å–ø–µ—á–µ–Ω–∏—é
                                                  }
You may provide a definition with
\DeclareUnicodeCharacter 


! Package inputenc Error: Unicode character –ü (U+041F)
(inputenc)                not set up for use with LaTeX.

See the inputenc package documentation for explanation.
Type  H <return>  for immediate help.
 ...                                              
                                                  
l.3 –ü
      —Ä–æ–≥—Ä–∞–º–º–∞ –¥–æ–ª–∂–Ω–∞ –æ—Ç–≤–µ—á–∞—Ç—å —Å–ª–µ–¥—É—é—â–∏–º —Ç—Ä...

You may provide a definition with
\DeclareUnicodeCharacter 


! Package inputenc Error: Unicode character —Ä (U+0440)
(inputenc)                not set up for use with LaTeX.

See the inputenc package documentation for explanation.
Type  H <return>  for immediate help.
 ...                                              
                                                  
l.3 –ü—Ä
        –æ–≥—Ä–∞–º–º–∞ –¥–æ–ª–∂–Ω–∞ –æ—Ç–≤–µ—á–∞—Ç—å —Å–ª–µ–¥—É—é—â–∏–º —Ç—Ä...

You may provide a definition with
\DeclareUnicodeCharacter 


! Package inputenc Error: Unicode character –æ (U+043E)
(inputenc)                not set up for use with LaTeX.

See the inputenc package documentation for explanation.
Type  H <return>  for immediate help.
 ...                                              
                                                  
l.3 –ü—Ä–æ
          –≥—Ä–∞–º–º–∞ –¥–æ–ª–∂–Ω–∞ –æ—Ç–≤–µ—á–∞—Ç—å —Å–ª–µ–¥—É—é—â–∏–º —Ç—Ä...

You may provide a definition with
\DeclareUnicodeCharacter 


! Package inputenc Error: Unicode character –≥ (U+0433)
(inputenc)                not set up for use with LaTeX.

See the inputenc package documentation for explanation.
Type  H <return>  for immediate help.
 ...                                              
                                                  
l.3 –ü—Ä–æ–≥
            —Ä–∞–º–º–∞ –¥–æ–ª–∂–Ω–∞ –æ—Ç–≤–µ—á–∞—Ç—å —Å–ª–µ–¥—É—é—â–∏–º —Ç—Ä...

You may provide a definition with
\DeclareUnicodeCharacter 


! Package inputenc Error: Unicode character —Ä (U+0440)
(inputenc)                not set up for use with LaTeX.

See the inputenc package documentation for explanation.
Type  H <return>  for immediate help.
 ...                                              
                                                  
l.3 –ü—Ä–æ–≥—Ä
              –∞–º–º–∞ –¥–æ–ª–∂–Ω–∞ –æ—Ç–≤–µ—á–∞—Ç—å —Å–ª–µ–¥—É—é—â–∏–º —Ç—Ä...

You may provide a definition with
\DeclareUnicodeCharacter 


! Package inputenc Error: Unicode character –∞ (U+0430)
(inputenc)                not set up for use with LaTeX.

See the inputenc package documentation for explanation.
Type  H <return>  for immediate help.
 ...                                              
                                                  
l.3 –ü—Ä–æ–≥—Ä–∞
                –º–º–∞ –¥–æ–ª–∂–Ω–∞ –æ—Ç–≤–µ—á–∞—Ç—å —Å–ª–µ–¥—É—é—â–∏–º —Ç—Ä...

You may provide a definition with
\DeclareUnicodeCharacter 


! Package inputenc Error: Unicode character –º (U+043C)
(inputenc)                not set up for use with LaTeX.

See the inputenc package documentation for explanation.
Type  H <return>  for immediate help.
 ...                                              
                                                  
l.3 –ü—Ä–æ–≥—Ä–∞–º
                  –º–∞ –¥–æ–ª–∂–Ω–∞ –æ—Ç–≤–µ—á–∞—Ç—å —Å–ª–µ–¥—É—é—â–∏–º —Ç—Ä...

You may provide a definition with
\DeclareUnicodeCharacter 


! Package inputenc Error: Unicode character –º (U+043C)
(inputenc)                not set up for use with LaTeX.

See the inputenc package documentation for explanation.
Type  H <return>  for immediate help.
 ...                                              
                                                  
l.3 –ü—Ä–æ–≥—Ä–∞–º–º
                    –∞ –¥–æ–ª–∂–Ω–∞ –æ—Ç–≤–µ—á–∞—Ç—å —Å–ª–µ–¥—É—é—â–∏–º —Ç—Ä...

You may provide a definition with
\DeclareUnicodeCharacter 


! Package inputenc Error: Unicode character –∞ (U+0430)
(inputenc)                not set up for use with LaTeX.

See the inputenc package documentation for explanation.
Type  H <return>  for immediate help.
 ...                                              
                                                  
l.3 –ü—Ä–æ–≥—Ä–∞–º–º–∞
                       –¥–æ–ª–∂–Ω–∞ –æ—Ç–≤–µ—á–∞—Ç—å —Å–ª–µ–¥—É—é—â–∏–º —Ç—Ä...

You may provide a definition with
\DeclareUnicodeCharacter 


! Package inputenc Error: Unicode character –¥ (U+0434)
(inputenc)                not set up for use with LaTeX.

See the inputenc package documentation for explanation.
Type  H <return>  for immediate help.
 ...                                              
                                                  
l.3 –ü—Ä–æ–≥—Ä–∞–º–º–∞ –¥
                         –æ–ª–∂–Ω–∞ –æ—Ç–≤–µ—á–∞—Ç—å —Å–ª–µ–¥—É—é—â–∏–º —Ç—Ä...

You may provide a definition with
\DeclareUnicodeCharacter 


! Package inputenc Error: Unicode character –æ (U+043E)
(inputenc)                not set up for use with LaTeX.

See the inputenc package documentation for explanation.
Type  H <return>  for immediate help.
 ...                                              
                                                  
l.3 –ü—Ä–æ–≥—Ä–∞–º–º–∞ –¥–æ
                           –ª–∂–Ω–∞ –æ—Ç–≤–µ—á–∞—Ç—å —Å–ª–µ–¥—É—é—â–∏–º —Ç—Ä...

You may provide a definition with
\DeclareUnicodeCharacter 


! Package inputenc Error: Unicode character –ª (U+043B)
(inputenc)                not set up for use with LaTeX.

See the inputenc package documentation for explanation.
Type  H <return>  for immediate help.
 ...                                              
                                                  
l.3 –ü—Ä–æ–≥—Ä–∞–º–º–∞ –¥–æ–ª
                             –∂–Ω–∞ –æ—Ç–≤–µ—á–∞—Ç—å —Å–ª–µ–¥—É—é—â–∏–º —Ç—Ä...

You may provide a definition with
\DeclareUnicodeCharacter 


! Package inputenc Error: Unicode character –∂ (U+0436)
(inputenc)                not set up for use with LaTeX.

See the inputenc package documentation for explanation.
Type  H <return>  for immediate help.
 ...                                              
                                                  
l.3 –ü—Ä–æ–≥—Ä–∞–º–º–∞ –¥–æ–ª–∂
                               –Ω–∞ –æ—Ç–≤–µ—á–∞—Ç—å —Å–ª–µ–¥—É—é—â–∏–º —Ç—Ä...

You may provide a definition with
\DeclareUnicodeCharacter 


! Package inputenc Error: Unicode character –Ω (U+043D)
(inputenc)                not set up for use with LaTeX.

See the inputenc package documentation for explanation.
Type  H <return>  for immediate help.
 ...                                              
                                                  
l.3 –ü—Ä–æ–≥—Ä–∞–º–º–∞ –¥–æ–ª–∂–Ω
                                 –∞ –æ—Ç–≤–µ—á–∞—Ç—å —Å–ª–µ–¥—É—é—â–∏–º —Ç—Ä...

You may provide a definition with
\DeclareUnicodeCharacter 


! Package inputenc Error: Unicode character –∞ (U+0430)
(inputenc)                not set up for use with LaTeX.

See the inputenc package documentation for explanation.
Type  H <return>  for immediate help.
 ...                                              
                                                  
l.3 –ü—Ä–æ–≥—Ä–∞–º–º–∞ –¥–æ–ª–∂–Ω–∞
                                    –æ—Ç–≤–µ—á–∞—Ç—å —Å–ª–µ–¥—É—é—â–∏–º —Ç—Ä...

You may provide a definition with
\DeclareUnicodeCharacter 


! Package inputenc Error: Unicode character –æ (U+043E)
(inputenc)                not set up for use with LaTeX.

See the inputenc package documentation for explanation.
Type  H <return>  for immediate help.
 ...                                              
                                                  
l.3 –ü—Ä–æ–≥—Ä–∞–º–º–∞ –¥–æ–ª–∂–Ω–∞ –æ
                                      —Ç–≤–µ—á–∞—Ç—å —Å–ª–µ–¥—É—é—â–∏–º —Ç—Ä...

You may provide a definition with
\DeclareUnicodeCharacter 


! Package inputenc Error: Unicode character —Ç (U+0442)
(inputenc)                not set up for use with LaTeX.

See the inputenc package documentation for explanation.
Type  H <return>  for immediate help.
 ...                                              
                                                  
l.3 –ü—Ä–æ–≥—Ä–∞–º–º–∞ –¥–æ–ª–∂–Ω–∞ –æ—Ç
                                        –≤–µ—á–∞—Ç—å —Å–ª–µ–¥—É—é—â–∏–º —Ç—Ä...

You may provide a definition with
\DeclareUnicodeCharacter 


! Package inputenc Error: Unicode character –≤ (U+0432)
(inputenc)                not set up for use with LaTeX.

See the inputenc package documentation for explanation.
Type  H <return>  for immediate help.
 ...                                              
                                                  
l.3 –ü—Ä–æ–≥—Ä–∞–º–º–∞ –¥–æ–ª–∂–Ω–∞ –æ—Ç–≤
                                          –µ—á–∞—Ç—å —Å–ª–µ–¥—É—é—â–∏–º —Ç—Ä...

You may provide a definition with
\DeclareUnicodeCharacter 


! Package inputenc Error: Unicode character –µ (U+0435)
(inputenc)                not set up for use with LaTeX.

See the inputenc package documentation for explanation.
Type  H <return>  for immediate help.
 ...                                              
                                                  
l.3 –ü—Ä–æ–≥—Ä–∞–º–º–∞ –¥–æ–ª–∂–Ω–∞ –æ—Ç–≤–µ
                                            —á–∞—Ç—å —Å–ª–µ–¥—É—é—â–∏–º —Ç—Ä...

You may provide a definition with
\DeclareUnicodeCharacter 


! Package inputenc Error: Unicode character —á (U+0447)
(inputenc)                not set up for use with LaTeX.

See the inputenc package documentation for explanation.
Type  H <return>  for immediate help.
 ...                                              
                                                  
l.3 –ü—Ä–æ–≥—Ä–∞–º–º–∞ –¥–æ–ª–∂–Ω–∞ –æ—Ç–≤–µ—á
                                              –∞—Ç—å —Å–ª–µ–¥—É—é—â–∏–º —Ç—Ä...

You may provide a definition with
\DeclareUnicodeCharacter 


! Package inputenc Error: Unicode character –∞ (U+0430)
(inputenc)                not set up for use with LaTeX.

See the inputenc package documentation for explanation.
Type  H <return>  for immediate help.
 ...                                              
                                                  
l.3 –ü—Ä–æ–≥—Ä–∞–º–º–∞ –¥–æ–ª–∂–Ω–∞ –æ—Ç–≤–µ—á–∞
                                                —Ç—å —Å–ª–µ–¥—É—é—â–∏–º —Ç—Ä...

You may provide a definition with
\DeclareUnicodeCharacter 


! Package inputenc Error: Unicode character —Ç (U+0442)
(inputenc)                not set up for use with LaTeX.

See the inputenc package documentation for explanation.
Type  H <return>  for immediate help.
 ...                                              
                                                  
l.3 –ü—Ä–æ–≥—Ä–∞–º–º–∞ –¥–æ–ª–∂–Ω–∞ –æ—Ç–≤–µ—á–∞—Ç
                                                  —å —Å–ª–µ–¥—É—é—â–∏–º —Ç—Ä...

You may provide a definition with
\DeclareUnicodeCharacter 


! Package inputenc Error: Unicode character —å (U+044C)
(inputenc)                not set up for use with LaTeX.

See the inputenc package documentation for explanation.
Type  H <return>  for immediate help.
 ...                                              
                                                  
l.3 ...æ–≥—Ä–∞–º–º–∞ –¥–æ–ª–∂–Ω–∞ –æ—Ç–≤–µ—á–∞—Ç—å
                                                   —Å–ª–µ–¥—É—é—â–∏–º —Ç—Ä–µ...

You may provide a definition with
\DeclareUnicodeCharacter 


! Package inputenc Error: Unicode character —Å (U+0441)
(inputenc)                not set up for use with LaTeX.

See the inputenc package documentation for explanation.
Type  H <return>  for immediate help.
 ...                                              
                                                  
l.3 ...—Ä–∞–º–º–∞ –¥–æ–ª–∂–Ω–∞ –æ—Ç–≤–µ—á–∞—Ç—å —Å
                                                  –ª–µ–¥—É—é—â–∏–º —Ç—Ä–µ–±–...

You may provide a definition with
\DeclareUnicodeCharacter 


! Package inputenc Error: Unicode character –ª (U+043B)
(inputenc)                not set up for use with LaTeX.

See the inputenc package documentation for explanation.
Type  H <return>  for immediate help.
 ...                                              
                                                  
l.3 ...–∞–º–º–∞ –¥–æ–ª–∂–Ω–∞ –æ—Ç–≤–µ—á–∞—Ç—å —Å–ª
                                                  –µ–¥—É—é—â–∏–º —Ç—Ä–µ–±–æ–...

You may provide a definition with
\DeclareUnicodeCharacter 


! Package inputenc Error: Unicode character –µ (U+0435)
(inputenc)                not set up for use with LaTeX.

See the inputenc package documentation for explanation.
Type  H <return>  for immediate help.
 ...                                              
                                                  
l.3 ...–º–º–∞ –¥–æ–ª–∂–Ω–∞ –æ—Ç–≤–µ—á–∞—Ç—å —Å–ª–µ
                                                  –¥—É—é—â–∏–º —Ç—Ä–µ–±–æ–≤–...

You may provide a definition with
\DeclareUnicodeCharacter 


! Package inputenc Error: Unicode character –¥ (U+0434)
(inputenc)                not set up for use with LaTeX.

See the inputenc package documentation for explanation.
Type  H <return>  for immediate help.
 ...                                              
                                                  
l.3 ...–º–∞ –¥–æ–ª–∂–Ω–∞ –æ—Ç–≤–µ—á–∞—Ç—å —Å–ª–µ–¥
                                                  —É—é—â–∏–º —Ç—Ä–µ–±–æ–≤–∞–...

You may provide a definition with
\DeclareUnicodeCharacter 


! Package inputenc Error: Unicode character —É (U+0443)
(inputenc)                not set up for use with LaTeX.

See the inputenc package documentation for explanation.
Type  H <return>  for immediate help.
 ...                                              
                                                  
l.3 ...–∞ –¥–æ–ª–∂–Ω–∞ –æ—Ç–≤–µ—á–∞—Ç—å —Å–ª–µ–¥—É
                                                  —é—â–∏–º —Ç—Ä–µ–±–æ–≤–∞–Ω–...

You may provide a definition with
\DeclareUnicodeCharacter 


! Package inputenc Error: Unicode character —é (U+044E)
(inputenc)                not set up for use with LaTeX.

See the inputenc package documentation for explanation.
Type  H <return>  for immediate help.
 ...                                              
                                                  
l.3 ... –¥–æ–ª–∂–Ω–∞ –æ—Ç–≤–µ—á–∞—Ç—å —Å–ª–µ–¥—É—é
                                                  —â–∏–º —Ç—Ä–µ–±–æ–≤–∞–Ω–∏—...

You may provide a definition with
\DeclareUnicodeCharacter 


! Package inputenc Error: Unicode character —â (U+0449)
(inputenc)                not set up for use with LaTeX.

See the inputenc package documentation for explanation.
Type  H <return>  for immediate help.
 ...                                              
                                                  
l.3 ...¥–æ–ª–∂–Ω–∞ –æ—Ç–≤–µ—á–∞—Ç—å —Å–ª–µ–¥—É—é—â
                                                  –∏–º —Ç—Ä–µ–±–æ–≤–∞–Ω–∏—è–º:
You may provide a definition with
\DeclareUnicodeCharacter 


! Package inputenc Error: Unicode character –∏ (U+0438)
(inputenc)                not set up for use with LaTeX.

See the inputenc package documentation for explanation.
Type  H <return>  for immediate help.
 ...                                              
                                                  
l.3 ...æ–ª–∂–Ω–∞ –æ—Ç–≤–µ—á–∞—Ç—å —Å–ª–µ–¥—É—é—â–∏
                                                  –º —Ç—Ä–µ–±–æ–≤–∞–Ω–∏—è–º:
You may provide a definition with
\DeclareUnicodeCharacter 


! Package inputenc Error: Unicode character –º (U+043C)
(inputenc)                not set up for use with LaTeX.

See the inputenc package documentation for explanation.
Type  H <return>  for immediate help.
 ...                                              
                                                  
l.3 ...ª–∂–Ω–∞ –æ—Ç–≤–µ—á–∞—Ç—å —Å–ª–µ–¥—É—é—â–∏–º
                                                   —Ç—Ä–µ–±–æ–≤–∞–Ω–∏—è–º:
You may provide a definition with
\DeclareUnicodeCharacter 


! Package inputenc Error: Unicode character —Ç (U+0442)
(inputenc)                not set up for use with LaTeX.

See the inputenc package documentation for explanation.
Type  H <return>  for immediate help.
 ...                                              
                                                  
l.3 ...–Ω–∞ –æ—Ç–≤–µ—á–∞—Ç—å —Å–ª–µ–¥—É—é—â–∏–º —Ç
                                                  —Ä–µ–±–æ–≤–∞–Ω–∏—è–º:
You may provide a definition with
\DeclareUnicodeCharacter 


! Package inputenc Error: Unicode character —Ä (U+0440)
(inputenc)                not set up for use with LaTeX.

See the inputenc package documentation for explanation.
Type  H <return>  for immediate help.
 ...                                              
                                                  
l.3 ...–∞ –æ—Ç–≤–µ—á–∞—Ç—å —Å–ª–µ–¥—É—é—â–∏–º —Ç—Ä
                                                  –µ–±–æ–≤–∞–Ω–∏—è–º:
You may provide a definition with
\DeclareUnicodeCharacter 


! Package inputenc Error: Unicode character –µ (U+0435)
(inputenc)                not set up for use with LaTeX.

See the inputenc package documentation for explanation.
Type  H <return>  for immediate help.
 ...                                              
                                                  
l.3 ... –æ—Ç–≤–µ—á–∞—Ç—å —Å–ª–µ–¥—É—é—â–∏–º —Ç—Ä–µ
                                                  –±–æ–≤–∞–Ω–∏—è–º:
You may provide a definition with
\DeclareUnicodeCharacter 


! Package inputenc Error: Unicode character –± (U+0431)
(inputenc)                not set up for use with LaTeX.

See the inputenc package documentation for explanation.
Type  H <return>  for immediate help.
 ...                                              
                                                  
l.3 ...æ—Ç–≤–µ—á–∞—Ç—å —Å–ª–µ–¥—É—é—â–∏–º —Ç—Ä–µ–±
                                                  –æ–≤–∞–Ω–∏—è–º:
You may provide a definition with
\DeclareUnicodeCharacter 


! Package inputenc Error: Unicode character –æ (U+043E)
(inputenc)                not set up for use with LaTeX.

See the inputenc package documentation for explanation.
Type  H <return>  for immediate help.
 ...                                              
                                                  
l.3 ...Ç–≤–µ—á–∞—Ç—å —Å–ª–µ–¥—É—é—â–∏–º —Ç—Ä–µ–±–æ
                                                  –≤–∞–Ω–∏—è–º:
You may provide a definition with
\DeclareUnicodeCharacter 


! Package inputenc Error: Unicode character –≤ (U+0432)
(inputenc)                not set up for use with LaTeX.

See the inputenc package documentation for explanation.
Type  H <return>  for immediate help.
 ...                                              
                                                  
l.3 ...≤–µ—á–∞—Ç—å —Å–ª–µ–¥—É—é—â–∏–º —Ç—Ä–µ–±–æ–≤
                                                  –∞–Ω–∏—è–º:
You may provide a definition with
\DeclareUnicodeCharacter 


! Package inputenc Error: Unicode character –∞ (U+0430)
(inputenc)                not set up for use with LaTeX.

See the inputenc package documentation for explanation.
Type  H <return>  for immediate help.
 ...                                              
                                                  
l.3 ...µ—á–∞—Ç—å —Å–ª–µ–¥—É—é—â–∏–º —Ç—Ä–µ–±–æ–≤–∞
                                                  –Ω–∏—è–º:
You may provide a definition with
\DeclareUnicodeCharacter 


! Package inputenc Error: Unicode character –Ω (U+043D)
(inputenc)                not set up for use with LaTeX.

See the inputenc package documentation for explanation.
Type  H <return>  for immediate help.
 ...                                              
                                                  
l.3 ...á–∞—Ç—å —Å–ª–µ–¥—É—é—â–∏–º —Ç—Ä–µ–±–æ–≤–∞–Ω
                                                  –∏—è–º:
You may provide a definition with
\DeclareUnicodeCharacter 


! Package inputenc Error: Unicode character –∏ (U+0438)
(inputenc)                not set up for use with LaTeX.

See the inputenc package documentation for explanation.
Type  H <return>  for immediate help.
 ...                                              
                                                  
l.3 ...∞—Ç—å —Å–ª–µ–¥—É—é—â–∏–º —Ç—Ä–µ–±–æ–≤–∞–Ω–∏
                                                  —è–º:
You may provide a definition with
\DeclareUnicodeCharacter 


! Package inputenc Error: Unicode character —è (U+044F)
(inputenc)                not set up for use with LaTeX.

See the inputenc package documentation for explanation.
Type  H <return>  for immediate help.
 ...                                              
                                                  
l.3 ...Ç—å —Å–ª–µ–¥—É—é—â–∏–º —Ç—Ä–µ–±–æ–≤–∞–Ω–∏—è
                                                  –º:
You may provide a definition with
\DeclareUnicodeCharacter 


! Package inputenc Error: Unicode character –º (U+043C)
(inputenc)                not set up for use with LaTeX.

See the inputenc package documentation for explanation.
Type  H <return>  for immediate help.
 ...                                              
                                                  
l.3 ...å —Å–ª–µ–¥—É—é—â–∏–º —Ç—Ä–µ–±–æ–≤–∞–Ω–∏—è–º
                                                  :
(That makes 100 errors; please try again.) 
Here is how much of TeX's memory you used:
 47 strings out of 478864
 830 string characters out of 2848186
 292975 words of memory out of 3000000
 18071 multiletter control sequences out of 15000+600000
 403430 words of font info for 27 fonts, out of 8000000 for 9000
 1141 hyphenation exceptions out of 8191
 13i,0n,12p,122b,34s stack positions out of 5000i,500n,10000p,200000b,80000s

!  ==> Fatal error occurred, no output PDF file produced!
