This is pdfTeX, Version 3.141592653-2.6-1.40.22 (MiKTeX 21.6) (preloaded format=pdflatex 2021.9.14)  12 OCT 2021 00:31
entering extended mode
**./08_biblio.tex
(08_biblio.tex
LaTeX2e <2021-06-01>
L3 programming layer <2021-06-01>

! LaTeX Error: Command \bibname undefined.

See the LaTeX manual or LaTeX Companion for explanation.
Type  H <return>  for immediate help.
 ...                                              
                                                  
l.2 \renewcommand\bibname
                         {Список литературы}
Try typing  <return>  to proceed.
If that doesn't work, type  X <return>  to quit.

\bibdata{08_biblio}
No file 08_biblio.bbl.
)
! Emergency stop.
<*> ./08_biblio.tex
                   
*** (job aborted, no legal \end found)

 
Here is how much of TeX's memory you used:
 22 strings out of 478864
 500 string characters out of 2848186
 292975 words of memory out of 3000000
 18046 multiletter control sequences out of 15000+600000
 403430 words of font info for 27 fonts, out of 8000000 for 9000
 1141 hyphenation exceptions out of 8191
 16i,0n,26p,155b,18s stack positions out of 5000i,500n,10000p,200000b,80000s
!  ==> Fatal error occurred, no output PDF file produced!
