This is pdfTeX, Version 3.141592653-2.6-1.40.22 (MiKTeX 21.6) (preloaded format=pdflatex 2021.9.14)  17 DEC 2021 11:54
entering extended mode
**./application_b.tex
(application_b.tex
LaTeX2e <2021-06-01>
L3 programming layer <2021-06-01>

! LaTeX Error: Environment landscape undefined.

See the LaTeX manual or LaTeX Companion for explanation.
Type  H <return>  for immediate help.
 ...                                              
                                                  
l.2 \begin{landscape}
                     
Your command was ignored.
Type  I <command> <return>  to replace it with another command,
or  <return>  to continue without it.

! Undefined control sequence.
<argument> \undefinedpagestyle 
                               
l.4 	\thispagestyle{mylandscape}
                                 %Call our predefined page t
The control sequence at the end of the top line
of your error message was never \def'ed. If you have
misspelled it (e.g., `\hobx'), type `I' and the correct
spelling (e.g., `I\hbox'). Otherwise just continue,
and I'll forget about whatever was undefined.


! LaTeX Error: No counter 'figure' defined.

See the LaTeX manual or LaTeX Companion for explanation.
Type  H <return>  for immediate help.
 ...                                              
                                                  
l.5 	\counterwithout{figure}{chapter}
                                     
Your command was ignored.
Type  I <command> <return>  to replace it with another command,
or  <return>  to continue without it.


! LaTeX Error: No counter 'figure' defined.

See the LaTeX manual or LaTeX Companion for explanation.
Type  H <return>  for immediate help.
 ...                                              
                                                  
l.6 	\counterwithout{figure}{section}
                                     
Your command was ignored.
Type  I <command> <return>  to replace it with another command,
or  <return>  to continue without it.

! Undefined control sequence.
l.8 	\captionsetup
                  {singlelinecheck = false, justification=centering}
The control sequence at the end of the top line
of your error message was never \def'ed. If you have
misspelled it (e.g., `\hobx'), type `I' and the correct
spelling (e.g., `I\hbox'). Otherwise just continue,
and I'll forget about whatever was undefined.


! LaTeX Error: Missing \begin{document}.

See the LaTeX manual or LaTeX Companion for explanation.
Type  H <return>  for immediate help.
 ...                                              
                                                  
l.8 	\captionsetup{s
                    inglelinecheck = false, justification=centering}
You're in trouble here.  Try typing  <return>  to proceed.
If that doesn't work, type  X <return>  to quit.

Missing character: There is no s in font nullfont!
Missing character: There is no i in font nullfont!
Missing character: There is no n in font nullfont!
Missing character: There is no g in font nullfont!
Missing character: There is no l in font nullfont!
Missing character: There is no e in font nullfont!
Missing character: There is no l in font nullfont!
Missing character: There is no i in font nullfont!
Missing character: There is no n in font nullfont!
Missing character: There is no e in font nullfont!
Missing character: There is no c in font nullfont!
Missing character: There is no h in font nullfont!
Missing character: There is no e in font nullfont!
Missing character: There is no c in font nullfont!
Missing character: There is no k in font nullfont!
Missing character: There is no = in font nullfont!
Missing character: There is no f in font nullfont!
Missing character: There is no a in font nullfont!
Missing character: There is no l in font nullfont!
Missing character: There is no s in font nullfont!
Missing character: There is no e in font nullfont!
Missing character: There is no , in font nullfont!
Missing character: There is no j in font nullfont!
Missing character: There is no u in font nullfont!
Missing character: There is no s in font nullfont!
Missing character: There is no t in font nullfont!
Missing character: There is no i in font nullfont!
Missing character: There is no f in font nullfont!
Missing character: There is no i in font nullfont!
Missing character: There is no c in font nullfont!
Missing character: There is no a in font nullfont!
Missing character: There is no t in font nullfont!
Missing character: There is no i in font nullfont!
Missing character: There is no o in font nullfont!
Missing character: There is no n in font nullfont!
Missing character: There is no = in font nullfont!
Missing character: There is no c in font nullfont!
Missing character: There is no e in font nullfont!
Missing character: There is no n in font nullfont!
Missing character: There is no t in font nullfont!
Missing character: There is no e in font nullfont!
Missing character: There is no r in font nullfont!
Missing character: There is no i in font nullfont!
Missing character: There is no n in font nullfont!
Missing character: There is no g in font nullfont!

Overfull \hbox (20.0pt too wide) in paragraph at lines 8--9
[]
 []


! LaTeX Error: Environment figure undefined.

See the LaTeX manual or LaTeX Companion for explanation.
Type  H <return>  for immediate help.
 ...                                              
                                                  
l.10 		\begin{figure}
                     [H]
Your command was ignored.
Type  I <command> <return>  to replace it with another command,
or  <return>  to continue without it.

Missing character: There is no [ in font nullfont!
Missing character: There is no H in font nullfont!
Missing character: There is no ] in font nullfont!

! LaTeX Error: Environment tikzpicture undefined.

See the LaTeX manual or LaTeX Companion for explanation.
Type  H <return>  for immediate help.
 ...                                              
                                                  
l.12 			\begin{tikzpicture}
                           
Your command was ignored.
Type  I <command> <return>  to replace it with another command,
or  <return>  to continue without it.


! LaTeX Error: Environment axis undefined.

See the LaTeX manual or LaTeX Companion for explanation.
Type  H <return>  for immediate help.
 ...                                              
                                                  
l.13 				\begin{axis}
                     [%
Your command was ignored.
Type  I <command> <return>  to replace it with another command,
or  <return>  to continue without it.

Missing character: There is no [ in font nullfont!
Missing character: There is no s in font nullfont!
Missing character: There is no c in font nullfont!
Missing character: There is no a in font nullfont!
Missing character: There is no l in font nullfont!
Missing character: There is no e in font nullfont!
Missing character: There is no o in font nullfont!
Missing character: There is no n in font nullfont!
Missing character: There is no l in font nullfont!
Missing character: There is no y in font nullfont!
Missing character: There is no a in font nullfont!
Missing character: There is no x in font nullfont!
Missing character: There is no i in font nullfont!
Missing character: There is no s in font nullfont!
Missing character: There is no , in font nullfont!
Missing character: There is no h in font nullfont!
Missing character: There is no e in font nullfont!
Missing character: There is no i in font nullfont!
Missing character: There is no g in font nullfont!
Missing character: There is no h in font nullfont!
Missing character: There is no t in font nullfont!
Missing character: There is no = in font nullfont!
Missing character: There is no 0 in font nullfont!
Missing character: There is no . in font nullfont!
Missing character: There is no 2 in font nullfont!
! Illegal unit of measure (pt inserted).
<to be read again> 
                   x
l.16 					x
           min=0, xmax = 450,
Dimensions can be in units of em, ex, in, pt, pc,
cm, mm, dd, cc, nd, nc, bp, or sp; but yours is a new one!
I'll assume that you meant to say pt, for printer's points.
To recover gracefully from this error, it's best to
delete the erroneous units; e.g., type `2' to delete
two letters. (See Chapter 27 of The TeXbook.)

Missing character: There is no x in font nullfont!
Missing character: There is no m in font nullfont!
Missing character: There is no i in font nullfont!
Missing character: There is no n in font nullfont!
Missing character: There is no = in font nullfont!
Missing character: There is no 0 in font nullfont!
Missing character: There is no , in font nullfont!
Missing character: There is no x in font nullfont!
Missing character: There is no m in font nullfont!
Missing character: There is no a in font nullfont!
Missing character: There is no x in font nullfont!
Missing character: There is no = in font nullfont!
Missing character: There is no 4 in font nullfont!
Missing character: There is no 5 in font nullfont!
Missing character: There is no 0 in font nullfont!
Missing character: There is no , in font nullfont!
Missing character: There is no y in font nullfont!
Missing character: There is no m in font nullfont!
Missing character: There is no i in font nullfont!
Missing character: There is no n in font nullfont!
Missing character: There is no = in font nullfont!
Missing character: There is no 0 in font nullfont!
Missing character: There is no , in font nullfont!
Missing character: There is no y in font nullfont!
Missing character: There is no m in font nullfont!
Missing character: There is no a in font nullfont!
Missing character: There is no x in font nullfont!
Missing character: There is no = in font nullfont!
Missing character: There is no 1 in font nullfont!
Missing character: There is no 5 in font nullfont!
Missing character: There is no , in font nullfont!
Missing character: There is no x in font nullfont!
Missing character: There is no t in font nullfont!
Missing character: There is no i in font nullfont!
Missing character: There is no c in font nullfont!
Missing character: There is no k in font nullfont!
Missing character: There is no d in font nullfont!
Missing character: There is no i in font nullfont!
Missing character: There is no s in font nullfont!
Missing character: There is no t in font nullfont!
Missing character: There is no a in font nullfont!
Missing character: There is no n in font nullfont!
Missing character: There is no c in font nullfont!
Missing character: There is no e in font nullfont!
Missing character: There is no = in font nullfont!
Missing character: There is no 5 in font nullfont!
Missing character: There is no 0 in font nullfont!
Missing character: There is no 0 in font nullfont!
Missing character: There is no , in font nullfont!
Missing character: There is no w in font nullfont!
Missing character: There is no i in font nullfont!
Missing character: There is no d in font nullfont!
Missing character: There is no t in font nullfont!
Missing character: There is no h in font nullfont!
Missing character: There is no = in font nullfont!
Missing character: There is no 1 in font nullfont!
Missing character: There is no . in font nullfont!
Missing character: There is no 4 in font nullfont!
! Illegal unit of measure (pt inserted).
<to be read again> 
                   b
l.20 					ba
            r width = 0.5pt,
Dimensions can be in units of em, ex, in, pt, pc,
cm, mm, dd, cc, nd, nc, bp, or sp; but yours is a new one!
I'll assume that you meant to say pt, for printer's points.
To recover gracefully from this error, it's best to
delete the erroneous units; e.g., type `2' to delete
two letters. (See Chapter 27 of The TeXbook.)

Missing character: There is no b in font nullfont!
Missing character: There is no a in font nullfont!
Missing character: There is no r in font nullfont!
Missing character: There is no w in font nullfont!
Missing character: There is no i in font nullfont!
Missing character: There is no d in font nullfont!
Missing character: There is no t in font nullfont!
Missing character: There is no h in font nullfont!
Missing character: There is no = in font nullfont!
Missing character: There is no 0 in font nullfont!
Missing character: There is no . in font nullfont!
Missing character: There is no 5 in font nullfont!
Missing character: There is no p in font nullfont!
Missing character: There is no t in font nullfont!
Missing character: There is no , in font nullfont!
Missing character: There is no a in font nullfont!
Missing character: There is no x in font nullfont!
Missing character: There is no i in font nullfont!
Missing character: There is no s in font nullfont!
Missing character: There is no o in font nullfont!
Missing character: There is no n in font nullfont!
Missing character: There is no t in font nullfont!
Missing character: There is no o in font nullfont!
Missing character: There is no p in font nullfont!
Missing character: There is no , in font nullfont!
Missing character: There is no ] in font nullfont!
! Undefined control sequence.
l.23 					\addplot
                  [
The control sequence at the end of the top line
of your error message was never \def'ed. If you have
misspelled it (e.g., `\hobx'), type `I' and the correct
spelling (e.g., `I\hbox'). Otherwise just continue,
and I'll forget about whatever was undefined.

Missing character: There is no [ in font nullfont!
Missing character: There is no y in font nullfont!
Missing character: There is no b in font nullfont!
Missing character: There is no a in font nullfont!
Missing character: There is no r in font nullfont!
Missing character: There is no , in font nullfont!
Missing character: There is no b in font nullfont!
Missing character: There is no a in font nullfont!
Missing character: There is no r in font nullfont!
Missing character: There is no s in font nullfont!
Missing character: There is no h in font nullfont!
Missing character: There is no i in font nullfont!
Missing character: There is no f in font nullfont!
Missing character: There is no t in font nullfont!
Missing character: There is no = in font nullfont!
Missing character: There is no 0 in font nullfont!
Missing character: There is no i in font nullfont!
Missing character: There is no n in font nullfont!
Missing character: There is no , in font nullfont!
Missing character: There is no f in font nullfont!
Missing character: There is no i in font nullfont!
Missing character: There is no l in font nullfont!
Missing character: There is no l in font nullfont!
Missing character: There is no = in font nullfont!
Missing character: There is no o in font nullfont!
Missing character: There is no r in font nullfont!
Missing character: There is no a in font nullfont!
Missing character: There is no n in font nullfont!
Missing character: There is no g in font nullfont!
Missing character: There is no e in font nullfont!
Missing character: There is no , in font nullfont!
Missing character: There is no d in font nullfont!
Missing character: There is no r in font nullfont!
Missing character: There is no a in font nullfont!
Missing character: There is no w in font nullfont!
Missing character: There is no = in font nullfont!
Missing character: There is no o in font nullfont!
Missing character: There is no r in font nullfont!
Missing character: There is no a in font nullfont!
Missing character: There is no n in font nullfont!
Missing character: There is no g in font nullfont!
Missing character: There is no e in font nullfont!
Missing character: There is no ] in font nullfont!
Missing character: There is no p in font nullfont!
Missing character: There is no l in font nullfont!
Missing character: There is no o in font nullfont!
Missing character: There is no t in font nullfont!
Missing character: There is no f in font nullfont!
Missing character: There is no i in font nullfont!
Missing character: There is no l in font nullfont!
Missing character: There is no e in font nullfont!
Missing character: There is no d in font nullfont!
Missing character: There is no a in font nullfont!
Missing character: There is no t in font nullfont!
Missing character: There is no a in font nullfont!
Missing character: There is no / in font nullfont!
Missing character: There is no c in font nullfont!
Missing character: There is no o in font nullfont!
Missing character: There is no m in font nullfont!
Missing character: There is no p in font nullfont!
Missing character: There is no a in font nullfont!
Missing character: There is no r in font nullfont!
Missing character: There is no e in font nullfont!
! Missing $ inserted.
<inserted text> 
                $
l.28 					plot file {data/compare_
                                  binary_0_450.txt};
I've inserted a begin-math/end-math symbol since I think
you left one out. Proceed, with fingers crossed.

LaTeX Font Info:    External font `cmex10' loaded for size
(Font)              <7> on input line 28.
LaTeX Font Info:    External font `cmex10' loaded for size
(Font)              <5> on input line 28.
! Double subscript.
l.28 					plot file {data/compare_binary_0_
                                           450.txt};
I treat `x_1_2' essentially like `x_1{}_2'.

! Extra }, or forgotten $.
l.28 ...	plot file {data/compare_binary_0_450.txt}
                                                  ;
I've deleted a group-closing symbol because it seems to be
spurious, as in `$x}$'. But perhaps the } is legitimate and
you forgot something else, as in `\hbox{$x}'. In such cases
the way to recover is to insert both the forgotten and the
deleted material, e.g., by typing `I$}'.

! Undefined control sequence.
l.29 					\addplot
                  [purple,sharp plot, dashed, update limits=false]
The control sequence at the end of the top line
of your error message was never \def'ed. If you have
misspelled it (e.g., `\hobx'), type `I' and the correct
spelling (e.g., `I\hbox'). Otherwise just continue,
and I'll forget about whatever was undefined.

! Undefined control sequence.
l.31 					\addplot
                  [purple,sharp plot, dashed, update limits=false]
The control sequence at the end of the top line
of your error message was never \def'ed. If you have
misspelled it (e.g., `\hobx'), type `I' and the correct
spelling (e.g., `I\hbox'). Otherwise just continue,
and I'll forget about whatever was undefined.

! Undefined control sequence.
l.33 					\addplot
                  [purple,sharp plot, dashed, update limits=false]
The control sequence at the end of the top line
of your error message was never \def'ed. If you have
misspelled it (e.g., `\hobx'), type `I' and the correct
spelling (e.g., `I\hbox'). Otherwise just continue,
and I'll forget about whatever was undefined.


! LaTeX Error: \begin{center} on input line 9 ended by \end{axis}.

See the LaTeX manual or LaTeX Companion for explanation.
Type  H <return>  for immediate help.
 ...                                              
                                                  
l.35 				\end{axis}
                   
Your command was ignored.
Type  I <command> <return>  to replace it with another command,
or  <return>  to continue without it.

! Missing $ inserted.
<inserted text> 
                $
l.35 				\end{axis}
                   
I've inserted something that you may have forgotten.
(See the <inserted text> above.)
With luck, this will get me unwedged. But if you
really didn't forget anything, try typing `2' now; then
my insertion and my current dilemma will both disappear.

! Missing } inserted.
<inserted text> 
                }
l.35 				\end{axis}
                   
I've inserted something that you may have forgotten.
(See the <inserted text> above.)
With luck, this will get me unwedged. But if you
really didn't forget anything, try typing `2' now; then
my insertion and my current dilemma will both disappear.


! LaTeX Error: \begin{center} on input line 9 ended by \end{tikzpicture}.

See the LaTeX manual or LaTeX Companion for explanation.
Type  H <return>  for immediate help.
 ...                                              
                                                  
l.36 			\end{tikzpicture}
                         
Your command was ignored.
Type  I <command> <return>  to replace it with another command,
or  <return>  to continue without it.


! LaTeX Error: \caption outside float.

See the LaTeX manual or LaTeX Companion for explanation.
Type  H <return>  for immediate help.
 ...                                              
                                                  
l.37 			\caption
                {–ì–∏—Å—Ç–æ–≥—Ä–∞–º–º–∞ –∫–æ–ª–∏—á–µ—Å—Ç–≤–∞ —Å—Ä–∞–≤–Ω–µ–Ω–...

You're in trouble here.  Try typing  <return>  to proceed.
If that doesn't work, type  X <return>  to quit.


! Package inputenc Error: Unicode character –ì (U+0413)
(inputenc)                not set up for use with LaTeX.

See the inputenc package documentation for explanation.
Type  H <return>  for immediate help.
 ...                                              
                                                  
l.37 			\caption{–ì
                   –∏—Å—Ç–æ–≥—Ä–∞–º–º–∞ –∫–æ–ª–∏—á–µ—Å—Ç–≤–∞ —Å—Ä–∞–≤–Ω–µ–Ω–...

You may provide a definition with
\DeclareUnicodeCharacter 


! Package inputenc Error: Unicode character –∏ (U+0438)
(inputenc)                not set up for use with LaTeX.

See the inputenc package documentation for explanation.
Type  H <return>  for immediate help.
 ...                                              
                                                  
l.37 			\caption{–ì–∏
                     —Å—Ç–æ–≥—Ä–∞–º–º–∞ –∫–æ–ª–∏—á–µ—Å—Ç–≤–∞ —Å—Ä–∞–≤–Ω–µ–Ω–...

You may provide a definition with
\DeclareUnicodeCharacter 


! Package inputenc Error: Unicode character —Å (U+0441)
(inputenc)                not set up for use with LaTeX.

See the inputenc package documentation for explanation.
Type  H <return>  for immediate help.
 ...                                              
                                                  
l.37 			\caption{–ì–∏—Å
                       —Ç–æ–≥—Ä–∞–º–º–∞ –∫–æ–ª–∏—á–µ—Å—Ç–≤–∞ —Å—Ä–∞–≤–Ω–µ–Ω–...

You may provide a definition with
\DeclareUnicodeCharacter 


! Package inputenc Error: Unicode character —Ç (U+0442)
(inputenc)                not set up for use with LaTeX.

See the inputenc package documentation for explanation.
Type  H <return>  for immediate help.
 ...                                              
                                                  
l.37 			\caption{–ì–∏—Å—Ç
                         –æ–≥—Ä–∞–º–º–∞ –∫–æ–ª–∏—á–µ—Å—Ç–≤–∞ —Å—Ä–∞–≤–Ω–µ–Ω–...

You may provide a definition with
\DeclareUnicodeCharacter 


! Package inputenc Error: Unicode character –æ (U+043E)
(inputenc)                not set up for use with LaTeX.

See the inputenc package documentation for explanation.
Type  H <return>  for immediate help.
 ...                                              
                                                  
l.37 			\caption{–ì–∏—Å—Ç–æ
                           –≥—Ä–∞–º–º–∞ –∫–æ–ª–∏—á–µ—Å—Ç–≤–∞ —Å—Ä–∞–≤–Ω–µ–Ω–...

You may provide a definition with
\DeclareUnicodeCharacter 


! Package inputenc Error: Unicode character –≥ (U+0433)
(inputenc)                not set up for use with LaTeX.

See the inputenc package documentation for explanation.
Type  H <return>  for immediate help.
 ...                                              
                                                  
l.37 			\caption{–ì–∏—Å—Ç–æ–≥
                             —Ä–∞–º–º–∞ –∫–æ–ª–∏—á–µ—Å—Ç–≤–∞ —Å—Ä–∞–≤–Ω–µ–Ω–...

You may provide a definition with
\DeclareUnicodeCharacter 


! Package inputenc Error: Unicode character —Ä (U+0440)
(inputenc)                not set up for use with LaTeX.

See the inputenc package documentation for explanation.
Type  H <return>  for immediate help.
 ...                                              
                                                  
l.37 			\caption{–ì–∏—Å—Ç–æ–≥—Ä
                               –∞–º–º–∞ –∫–æ–ª–∏—á–µ—Å—Ç–≤–∞ —Å—Ä–∞–≤–Ω–µ–Ω–...

You may provide a definition with
\DeclareUnicodeCharacter 


! Package inputenc Error: Unicode character –∞ (U+0430)
(inputenc)                not set up for use with LaTeX.

See the inputenc package documentation for explanation.
Type  H <return>  for immediate help.
 ...                                              
                                                  
l.37 			\caption{–ì–∏—Å—Ç–æ–≥—Ä–∞
                                 –º–º–∞ –∫–æ–ª–∏—á–µ—Å—Ç–≤–∞ —Å—Ä–∞–≤–Ω–µ–Ω–...

You may provide a definition with
\DeclareUnicodeCharacter 


! Package inputenc Error: Unicode character –º (U+043C)
(inputenc)                not set up for use with LaTeX.

See the inputenc package documentation for explanation.
Type  H <return>  for immediate help.
 ...                                              
                                                  
l.37 			\caption{–ì–∏—Å—Ç–æ–≥—Ä–∞–º
                                   –º–∞ –∫–æ–ª–∏—á–µ—Å—Ç–≤–∞ —Å—Ä–∞–≤–Ω–µ–Ω–...

You may provide a definition with
\DeclareUnicodeCharacter 


! Package inputenc Error: Unicode character –º (U+043C)
(inputenc)                not set up for use with LaTeX.

See the inputenc package documentation for explanation.
Type  H <return>  for immediate help.
 ...                                              
                                                  
l.37 			\caption{–ì–∏—Å—Ç–æ–≥—Ä–∞–º–º
                                     –∞ –∫–æ–ª–∏—á–µ—Å—Ç–≤–∞ —Å—Ä–∞–≤–Ω–µ–Ω–...

You may provide a definition with
\DeclareUnicodeCharacter 


! Package inputenc Error: Unicode character –∞ (U+0430)
(inputenc)                not set up for use with LaTeX.

See the inputenc package documentation for explanation.
Type  H <return>  for immediate help.
 ...                                              
                                                  
l.37 			\caption{–ì–∏—Å—Ç–æ–≥—Ä–∞–º–º–∞
                                        –∫–æ–ª–∏—á–µ—Å—Ç–≤–∞ —Å—Ä–∞–≤–Ω–µ–Ω–...

You may provide a definition with
\DeclareUnicodeCharacter 


! Package inputenc Error: Unicode character –∫ (U+043A)
(inputenc)                not set up for use with LaTeX.

See the inputenc package documentation for explanation.
Type  H <return>  for immediate help.
 ...                                              
                                                  
l.37 			\caption{–ì–∏—Å—Ç–æ–≥—Ä–∞–º–º–∞ –∫
                                          –æ–ª–∏—á–µ—Å—Ç–≤–∞ —Å—Ä–∞–≤–Ω–µ–Ω–...

You may provide a definition with
\DeclareUnicodeCharacter 


! Package inputenc Error: Unicode character –æ (U+043E)
(inputenc)                not set up for use with LaTeX.

See the inputenc package documentation for explanation.
Type  H <return>  for immediate help.
 ...                                              
                                                  
l.37 			\caption{–ì–∏—Å—Ç–æ–≥—Ä–∞–º–º–∞ –∫–æ
                                            –ª–∏—á–µ—Å—Ç–≤–∞ —Å—Ä–∞–≤–Ω–µ–Ω–...

You may provide a definition with
\DeclareUnicodeCharacter 


! Package inputenc Error: Unicode character –ª (U+043B)
(inputenc)                not set up for use with LaTeX.

See the inputenc package documentation for explanation.
Type  H <return>  for immediate help.
 ...                                              
                                                  
l.37 			\caption{–ì–∏—Å—Ç–æ–≥—Ä–∞–º–º–∞ –∫–æ–ª
                                              –∏—á–µ—Å—Ç–≤–∞ —Å—Ä–∞–≤–Ω–µ–Ω–...

You may provide a definition with
\DeclareUnicodeCharacter 


! Package inputenc Error: Unicode character –∏ (U+0438)
(inputenc)                not set up for use with LaTeX.

See the inputenc package documentation for explanation.
Type  H <return>  for immediate help.
 ...                                              
                                                  
l.37 			\caption{–ì–∏—Å—Ç–æ–≥—Ä–∞–º–º–∞ –∫–æ–ª–∏
                                                —á–µ—Å—Ç–≤–∞ —Å—Ä–∞–≤–Ω–µ–Ω–...

You may provide a definition with
\DeclareUnicodeCharacter 


! Package inputenc Error: Unicode character —á (U+0447)
(inputenc)                not set up for use with LaTeX.

See the inputenc package documentation for explanation.
Type  H <return>  for immediate help.
 ...                                              
                                                  
l.37 			\caption{–ì–∏—Å—Ç–æ–≥—Ä–∞–º–º–∞ –∫–æ–ª–∏—á
                                                  –µ—Å—Ç–≤–∞ —Å—Ä–∞–≤–Ω–µ–Ω–...

You may provide a definition with
\DeclareUnicodeCharacter 


! Package inputenc Error: Unicode character –µ (U+0435)
(inputenc)                not set up for use with LaTeX.

See the inputenc package documentation for explanation.
Type  H <return>  for immediate help.
 ...                                              
                                                  
l.37 ...aption{–ì–∏—Å—Ç–æ–≥—Ä–∞–º–º–∞ –∫–æ–ª–∏—á–µ
                                                  —Å—Ç–≤–∞ —Å—Ä–∞–≤–Ω–µ–Ω–∏–...

You may provide a definition with
\DeclareUnicodeCharacter 


! Package inputenc Error: Unicode character —Å (U+0441)
(inputenc)                not set up for use with LaTeX.

See the inputenc package documentation for explanation.
Type  H <return>  for immediate help.
 ...                                              
                                                  
l.37 ...tion{–ì–∏—Å—Ç–æ–≥—Ä–∞–º–º–∞ –∫–æ–ª–∏—á–µ—Å
                                                  —Ç–≤–∞ —Å—Ä–∞–≤–Ω–µ–Ω–∏–π ...

You may provide a definition with
\DeclareUnicodeCharacter 


! Package inputenc Error: Unicode character —Ç (U+0442)
(inputenc)                not set up for use with LaTeX.

See the inputenc package documentation for explanation.
Type  H <return>  for immediate help.
 ...                                              
                                                  
l.37 ...on{–ì–∏—Å—Ç–æ–≥—Ä–∞–º–º–∞ –∫–æ–ª–∏—á–µ—Å—Ç
                                                  –≤–∞ —Å—Ä–∞–≤–Ω–µ–Ω–∏–π –Ω...

You may provide a definition with
\DeclareUnicodeCharacter 


! Package inputenc Error: Unicode character –≤ (U+0432)
(inputenc)                not set up for use with LaTeX.

See the inputenc package documentation for explanation.
Type  H <return>  for immediate help.
 ...                                              
                                                  
l.37 ...{–ì–∏—Å—Ç–æ–≥—Ä–∞–º–º–∞ –∫–æ–ª–∏—á–µ—Å—Ç–≤
                                                  –∞ —Å—Ä–∞–≤–Ω–µ–Ω–∏–π –Ω–∞...

You may provide a definition with
\DeclareUnicodeCharacter 


! Package inputenc Error: Unicode character –∞ (U+0430)
(inputenc)                not set up for use with LaTeX.

See the inputenc package documentation for explanation.
Type  H <return>  for immediate help.
 ...                                              
                                                  
l.37 ...ì–∏—Å—Ç–æ–≥—Ä–∞–º–º–∞ –∫–æ–ª–∏—á–µ—Å—Ç–≤–∞
                                                   —Å—Ä–∞–≤–Ω–µ–Ω–∏–π –Ω–∞ –...

You may provide a definition with
\DeclareUnicodeCharacter 


! Package inputenc Error: Unicode character —Å (U+0441)
(inputenc)                not set up for use with LaTeX.

See the inputenc package documentation for explanation.
Type  H <return>  for immediate help.
 ...                                              
                                                  
l.37 ...—Å—Ç–æ–≥—Ä–∞–º–º–∞ –∫–æ–ª–∏—á–µ—Å—Ç–≤–∞ —Å
                                                  —Ä–∞–≤–Ω–µ–Ω–∏–π –Ω–∞ –∫–∞...

You may provide a definition with
\DeclareUnicodeCharacter 


! Package inputenc Error: Unicode character —Ä (U+0440)
(inputenc)                not set up for use with LaTeX.

See the inputenc package documentation for explanation.
Type  H <return>  for immediate help.
 ...                                              
                                                  
l.37 ...—Ç–æ–≥—Ä–∞–º–º–∞ –∫–æ–ª–∏—á–µ—Å—Ç–≤–∞ —Å—Ä
                                                  –∞–≤–Ω–µ–Ω–∏–π –Ω–∞ –∫–∞–∂...

You may provide a definition with
\DeclareUnicodeCharacter 


! Package inputenc Error: Unicode character –∞ (U+0430)
(inputenc)                not set up for use with LaTeX.

See the inputenc package documentation for explanation.
Type  H <return>  for immediate help.
 ...                                              
                                                  
l.37 ...–æ–≥—Ä–∞–º–º–∞ –∫–æ–ª–∏—á–µ—Å—Ç–≤–∞ —Å—Ä–∞
                                                  –≤–Ω–µ–Ω–∏–π –Ω–∞ –∫–∞–∂–¥...

You may provide a definition with
\DeclareUnicodeCharacter 


! Package inputenc Error: Unicode character –≤ (U+0432)
(inputenc)                not set up for use with LaTeX.

See the inputenc package documentation for explanation.
Type  H <return>  for immediate help.
 ...                                              
                                                  
l.37 ...–≥—Ä–∞–º–º–∞ –∫–æ–ª–∏—á–µ—Å—Ç–≤–∞ —Å—Ä–∞–≤
                                                  –Ω–µ–Ω–∏–π –Ω–∞ –∫–∞–∂–¥—ã...

You may provide a definition with
\DeclareUnicodeCharacter 


! Package inputenc Error: Unicode character –Ω (U+043D)
(inputenc)                not set up for use with LaTeX.

See the inputenc package documentation for explanation.
Type  H <return>  for immediate help.
 ...                                              
                                                  
l.37 ...—Ä–∞–º–º–∞ –∫–æ–ª–∏—á–µ—Å—Ç–≤–∞ —Å—Ä–∞–≤–Ω
                                                  –µ–Ω–∏–π –Ω–∞ –∫–∞–∂–¥—ã–π...

You may provide a definition with
\DeclareUnicodeCharacter 


! Package inputenc Error: Unicode character –µ (U+0435)
(inputenc)                not set up for use with LaTeX.

See the inputenc package documentation for explanation.
Type  H <return>  for immediate help.
 ...                                              
                                                  
l.37 ...–∞–º–º–∞ –∫–æ–ª–∏—á–µ—Å—Ç–≤–∞ —Å—Ä–∞–≤–Ω–µ
                                                  –Ω–∏–π –Ω–∞ –∫–∞–∂–¥—ã–π –...

You may provide a definition with
\DeclareUnicodeCharacter 


! Package inputenc Error: Unicode character –Ω (U+043D)
(inputenc)                not set up for use with LaTeX.

See the inputenc package documentation for explanation.
Type  H <return>  for immediate help.
 ...                                              
                                                  
l.37 ...–º–º–∞ –∫–æ–ª–∏—á–µ—Å—Ç–≤–∞ —Å—Ä–∞–≤–Ω–µ–Ω
                                                  –∏–π –Ω–∞ –∫–∞–∂–¥—ã–π –∫–...

You may provide a definition with
\DeclareUnicodeCharacter 


! Package inputenc Error: Unicode character –∏ (U+0438)
(inputenc)                not set up for use with LaTeX.

See the inputenc package documentation for explanation.
Type  H <return>  for immediate help.
 ...                                              
                                                  
l.37 ...–º–∞ –∫–æ–ª–∏—á–µ—Å—Ç–≤–∞ —Å—Ä–∞–≤–Ω–µ–Ω–∏
                                                  –π –Ω–∞ –∫–∞–∂–¥—ã–π –∫–ª—...

You may provide a definition with
\DeclareUnicodeCharacter 


! Package inputenc Error: Unicode character –π (U+0439)
(inputenc)                not set up for use with LaTeX.

See the inputenc package documentation for explanation.
Type  H <return>  for immediate help.
 ...                                              
                                                  
l.37 ...–∞ –∫–æ–ª–∏—á–µ—Å—Ç–≤–∞ —Å—Ä–∞–≤–Ω–µ–Ω–∏–π
                                                   –Ω–∞ –∫–∞–∂–¥—ã–π –∫–ª—é—á}
You may provide a definition with
\DeclareUnicodeCharacter 


! Package inputenc Error: Unicode character –Ω (U+043D)
(inputenc)                not set up for use with LaTeX.

See the inputenc package documentation for explanation.
Type  H <return>  for immediate help.
 ...                                              
                                                  
l.37 ...–∫–æ–ª–∏—á–µ—Å—Ç–≤–∞ —Å—Ä–∞–≤–Ω–µ–Ω–∏–π –Ω
                                                  –∞ –∫–∞–∂–¥—ã–π –∫–ª—é—á}
You may provide a definition with
\DeclareUnicodeCharacter 


! Package inputenc Error: Unicode character –∞ (U+0430)
(inputenc)                not set up for use with LaTeX.

See the inputenc package documentation for explanation.
Type  H <return>  for immediate help.
 ...                                              
                                                  
l.37 ...–æ–ª–∏—á–µ—Å—Ç–≤–∞ —Å—Ä–∞–≤–Ω–µ–Ω–∏–π –Ω–∞
                                                   –∫–∞–∂–¥—ã–π –∫–ª—é—á}
You may provide a definition with
\DeclareUnicodeCharacter 


! Package inputenc Error: Unicode character –∫ (U+043A)
(inputenc)                not set up for use with LaTeX.

See the inputenc package documentation for explanation.
Type  H <return>  for immediate help.
 ...                                              
                                                  
l.37 ...ª–∏—á–µ—Å—Ç–≤–∞ —Å—Ä–∞–≤–Ω–µ–Ω–∏–π –Ω–∞ –∫
                                                  –∞–∂–¥—ã–π –∫–ª—é—á}
You may provide a definition with
\DeclareUnicodeCharacter 


! Package inputenc Error: Unicode character –∞ (U+0430)
(inputenc)                not set up for use with LaTeX.

See the inputenc package documentation for explanation.
Type  H <return>  for immediate help.
 ...                                              
                                                  
l.37 ...∏—á–µ—Å—Ç–≤–∞ —Å—Ä–∞–≤–Ω–µ–Ω–∏–π –Ω–∞ –∫–∞
                                                  –∂–¥—ã–π –∫–ª—é—á}
You may provide a definition with
\DeclareUnicodeCharacter 


! Package inputenc Error: Unicode character –∂ (U+0436)
(inputenc)                not set up for use with LaTeX.

See the inputenc package documentation for explanation.
Type  H <return>  for immediate help.
 ...                                              
                                                  
l.37 ...á–µ—Å—Ç–≤–∞ —Å—Ä–∞–≤–Ω–µ–Ω–∏–π –Ω–∞ –∫–∞–∂
                                                  –¥—ã–π –∫–ª—é—á}
You may provide a definition with
\DeclareUnicodeCharacter 


! Package inputenc Error: Unicode character –¥ (U+0434)
(inputenc)                not set up for use with LaTeX.

See the inputenc package documentation for explanation.
Type  H <return>  for immediate help.
 ...                                              
                                                  
l.37 ...µ—Å—Ç–≤–∞ —Å—Ä–∞–≤–Ω–µ–Ω–∏–π –Ω–∞ –∫–∞–∂–¥
                                                  —ã–π –∫–ª—é—á}
You may provide a definition with
\DeclareUnicodeCharacter 


! Package inputenc Error: Unicode character —ã (U+044B)
(inputenc)                not set up for use with LaTeX.

See the inputenc package documentation for explanation.
Type  H <return>  for immediate help.
 ...                                              
                                                  
l.37 ...Å—Ç–≤–∞ —Å—Ä–∞–≤–Ω–µ–Ω–∏–π –Ω–∞ –∫–∞–∂–¥—ã
                                                  –π –∫–ª—é—á}
You may provide a definition with
\DeclareUnicodeCharacter 


! Package inputenc Error: Unicode character –π (U+0439)
(inputenc)                not set up for use with LaTeX.

See the inputenc package documentation for explanation.
Type  H <return>  for immediate help.
 ...                                              
                                                  
l.37 ...Ç–≤–∞ —Å—Ä–∞–≤–Ω–µ–Ω–∏–π –Ω–∞ –∫–∞–∂–¥—ã–π
                                                   –∫–ª—é—á}
You may provide a definition with
\DeclareUnicodeCharacter 


! Package inputenc Error: Unicode character –∫ (U+043A)
(inputenc)                not set up for use with LaTeX.

See the inputenc package documentation for explanation.
Type  H <return>  for immediate help.
 ...                                              
                                                  
l.37 ...–∞ —Å—Ä–∞–≤–Ω–µ–Ω–∏–π –Ω–∞ –∫–∞–∂–¥—ã–π –∫
                                                  –ª—é—á}
You may provide a definition with
\DeclareUnicodeCharacter 


! Package inputenc Error: Unicode character –ª (U+043B)
(inputenc)                not set up for use with LaTeX.

See the inputenc package documentation for explanation.
Type  H <return>  for immediate help.
 ...                                              
                                                  
l.37 ... —Å—Ä–∞–≤–Ω–µ–Ω–∏–π –Ω–∞ –∫–∞–∂–¥—ã–π –∫–ª
                                                  —é—á}
You may provide a definition with
\DeclareUnicodeCharacter 


! Package inputenc Error: Unicode character —é (U+044E)
(inputenc)                not set up for use with LaTeX.

See the inputenc package documentation for explanation.
Type  H <return>  for immediate help.
 ...                                              
                                                  
l.37 ...Å—Ä–∞–≤–Ω–µ–Ω–∏–π –Ω–∞ –∫–∞–∂–¥—ã–π –∫–ª—é
                                                  —á}
You may provide a definition with
\DeclareUnicodeCharacter 


! Package inputenc Error: Unicode character —á (U+0447)
(inputenc)                not set up for use with LaTeX.

See the inputenc package documentation for explanation.
Type  H <return>  for immediate help.
 ...                                              
                                                  
l.37 ...Ä–∞–≤–Ω–µ–Ω–∏–π –Ω–∞ –∫–∞–∂–¥—ã–π –∫–ª—é—á
                                                  }
You may provide a definition with
\DeclareUnicodeCharacter 


! LaTeX Error: \begin{center} on input line 9 ended by \end{figure}.

See the LaTeX manual or LaTeX Companion for explanation.
Type  H <return>  for immediate help.
 ...                                              
                                                  
l.39 		\end{figure}
                   
Your command was ignored.
Type  I <command> <return>  to replace it with another command,
or  <return>  to continue without it.


Overfull \hbox (252.34428pt too wide) in paragraph at lines 10--40
 []\OML/cmm/m/it/10 inary[][]\OT1/cmr/m/n/10 50\OML/cmm/m/it/10 :txt\OT1/cmr/m/
n/10 ; [\OML/cmm/m/it/10 purple; sharpplot; dashed; updatelimits \OT1/cmr/m/n/1
0 = 
 []


Overfull \hbox (224.75285pt too wide) in paragraph at lines 10--40
 \OML/cmm/m/it/10 false\OT1/cmr/m/n/10 ]\OML/cmm/m/it/10 coordinates[]node\OT1/
cmr/m/n/10 [\OML/cmm/m/it/10 above\OT1/cmr/m/n/10 ]\OML/cmm/m/it/10 at\OT1/cmr/
m/n/10 (\OML/cmm/m/it/10 axiscs \OT1/cmr/m/n/10 : 
 []


Overfull \hbox (242.7558pt too wide) in paragraph at lines 10--40
 \OT1/cmr/m/n/10 250\OML/cmm/m/it/10 ; \OT1/cmr/m/n/10 7\OML/cmm/m/it/10 :\OT1/
cmr/m/n/10 1)[]; [\OML/cmm/m/it/10 purple; sharpplot; dashed; updatelimits \OT1
/cmr/m/n/10 = 
 []


Overfull \hbox (234.86981pt too wide) in paragraph at lines 10--40
 \OML/cmm/m/it/10 false\OT1/cmr/m/n/10 ]\OML/cmm/m/it/10 coordinates[]node\OT1/
cmr/m/n/10 [\OML/cmm/m/it/10 below\OT1/cmr/m/n/10 ]\OML/cmm/m/it/10 at\OT1/cmr/
m/n/10 (\OML/cmm/m/it/10 axiscs \OT1/cmr/m/n/10 : 
 []


Overfull \hbox (250.10698pt too wide) in paragraph at lines 10--40
 \OT1/cmr/m/n/10 250\OML/cmm/m/it/10 ; \OT1/cmr/m/n/10 15\OML/cmm/m/it/10 :\OT1
/cmr/m/n/10 1)[]; [\OML/cmm/m/it/10 purple; sharpplot; dashed; updatelimits \OT
1/cmr/m/n/10 = 
 []


Overfull \hbox (224.75285pt too wide) in paragraph at lines 10--40
 \OML/cmm/m/it/10 false\OT1/cmr/m/n/10 ]\OML/cmm/m/it/10 coordinates[]node\OT1/
cmr/m/n/10 [\OML/cmm/m/it/10 above\OT1/cmr/m/n/10 ]\OML/cmm/m/it/10 at\OT1/cmr/
m/n/10 (\OML/cmm/m/it/10 axiscs \OT1/cmr/m/n/10 : 
 []


Overfull \hbox (57.11658pt too wide) in paragraph at lines 10--40
 \OT1/cmr/m/n/10 250\OML/cmm/m/it/10 ; \OT1/cmr/m/n/10 1\OML/cmm/m/it/10 :\OT1/
cmr/m/n/10 1)[];$ 
 []


! LaTeX Error: \begin{document} ended by \end{landscape}.

See the LaTeX manual or LaTeX Companion for explanation.
Type  H <return>  for immediate help.
 ...                                              
                                                  
l.41 \end{landscape}
                    
Your command was ignored.
Type  I <command> <return>  to replace it with another command,
or  <return>  to continue without it.

)
! Emergency stop.
<*> ./application_b.tex
                       
*** (job aborted, no legal \end found)

 
Here is how much of TeX's memory you used:
 44 strings out of 478864
 641 string characters out of 2848186
 293975 words of memory out of 3000000
 18069 multiletter control sequences out of 15000+600000
 403430 words of font info for 27 fonts, out of 8000000 for 9000
 1141 hyphenation exceptions out of 8191
 18i,2n,12p,130b,131s stack positions out of 5000i,500n,10000p,200000b,80000s
!  ==> Fatal error occurred, no output PDF file produced!
