This is pdfTeX, Version 3.141592653-2.6-1.40.22 (MiKTeX 21.6) (preloaded format=pdflatex 2021.9.14)  27 NOV 2021 14:55
entering extended mode
**./04_design.tex
(04_design.tex
LaTeX2e <2021-06-01>
L3 programming layer <2021-06-01>
! Undefined control sequence.
l.1 \chapter
            {–ö–æ–Ω—Å—Ç—Ä—É–∫—Ç–æ—Ä—Å–∫–∏–π —Ä–∞–∑–¥–µ–ª}
The control sequence at the end of the top line
of your error message was never \def'ed. If you have
misspelled it (e.g., `\hobx'), type `I' and the correct
spelling (e.g., `I\hbox'). Otherwise just continue,
and I'll forget about whatever was undefined.


! Package inputenc Error: Unicode character –ö (U+041A)
(inputenc)                not set up for use with LaTeX.

See the inputenc package documentation for explanation.
Type  H <return>  for immediate help.
 ...                                              
                                                  
l.1 \chapter{–ö
               –æ–Ω—Å—Ç—Ä—É–∫—Ç–æ—Ä—Å–∫–∏–π —Ä–∞–∑–¥–µ–ª}
You may provide a definition with
\DeclareUnicodeCharacter 


! Package inputenc Error: Unicode character –æ (U+043E)
(inputenc)                not set up for use with LaTeX.

See the inputenc package documentation for explanation.
Type  H <return>  for immediate help.
 ...                                              
                                                  
l.1 \chapter{–ö–æ
                 –Ω—Å—Ç—Ä—É–∫—Ç–æ—Ä—Å–∫–∏–π —Ä–∞–∑–¥–µ–ª}
You may provide a definition with
\DeclareUnicodeCharacter 


! Package inputenc Error: Unicode character –Ω (U+043D)
(inputenc)                not set up for use with LaTeX.

See the inputenc package documentation for explanation.
Type  H <return>  for immediate help.
 ...                                              
                                                  
l.1 \chapter{–ö–æ–Ω
                   —Å—Ç—Ä—É–∫—Ç–æ—Ä—Å–∫–∏–π —Ä–∞–∑–¥–µ–ª}
You may provide a definition with
\DeclareUnicodeCharacter 


! Package inputenc Error: Unicode character —Å (U+0441)
(inputenc)                not set up for use with LaTeX.

See the inputenc package documentation for explanation.
Type  H <return>  for immediate help.
 ...                                              
                                                  
l.1 \chapter{–ö–æ–Ω—Å
                     —Ç—Ä—É–∫—Ç–æ—Ä—Å–∫–∏–π —Ä–∞–∑–¥–µ–ª}
You may provide a definition with
\DeclareUnicodeCharacter 


! Package inputenc Error: Unicode character —Ç (U+0442)
(inputenc)                not set up for use with LaTeX.

See the inputenc package documentation for explanation.
Type  H <return>  for immediate help.
 ...                                              
                                                  
l.1 \chapter{–ö–æ–Ω—Å—Ç
                       —Ä—É–∫—Ç–æ—Ä—Å–∫–∏–π —Ä–∞–∑–¥–µ–ª}
You may provide a definition with
\DeclareUnicodeCharacter 


! Package inputenc Error: Unicode character —Ä (U+0440)
(inputenc)                not set up for use with LaTeX.

See the inputenc package documentation for explanation.
Type  H <return>  for immediate help.
 ...                                              
                                                  
l.1 \chapter{–ö–æ–Ω—Å—Ç—Ä
                         —É–∫—Ç–æ—Ä—Å–∫–∏–π —Ä–∞–∑–¥–µ–ª}
You may provide a definition with
\DeclareUnicodeCharacter 


! Package inputenc Error: Unicode character —É (U+0443)
(inputenc)                not set up for use with LaTeX.

See the inputenc package documentation for explanation.
Type  H <return>  for immediate help.
 ...                                              
                                                  
l.1 \chapter{–ö–æ–Ω—Å—Ç—Ä—É
                           –∫—Ç–æ—Ä—Å–∫–∏–π —Ä–∞–∑–¥–µ–ª}
You may provide a definition with
\DeclareUnicodeCharacter 


! Package inputenc Error: Unicode character –∫ (U+043A)
(inputenc)                not set up for use with LaTeX.

See the inputenc package documentation for explanation.
Type  H <return>  for immediate help.
 ...                                              
                                                  
l.1 \chapter{–ö–æ–Ω—Å—Ç—Ä—É–∫
                             —Ç–æ—Ä—Å–∫–∏–π —Ä–∞–∑–¥–µ–ª}
You may provide a definition with
\DeclareUnicodeCharacter 


! Package inputenc Error: Unicode character —Ç (U+0442)
(inputenc)                not set up for use with LaTeX.

See the inputenc package documentation for explanation.
Type  H <return>  for immediate help.
 ...                                              
                                                  
l.1 \chapter{–ö–æ–Ω—Å—Ç—Ä—É–∫—Ç
                               –æ—Ä—Å–∫–∏–π —Ä–∞–∑–¥–µ–ª}
You may provide a definition with
\DeclareUnicodeCharacter 


! Package inputenc Error: Unicode character –æ (U+043E)
(inputenc)                not set up for use with LaTeX.

See the inputenc package documentation for explanation.
Type  H <return>  for immediate help.
 ...                                              
                                                  
l.1 \chapter{–ö–æ–Ω—Å—Ç—Ä—É–∫—Ç–æ
                                 —Ä—Å–∫–∏–π —Ä–∞–∑–¥–µ–ª}
You may provide a definition with
\DeclareUnicodeCharacter 


! Package inputenc Error: Unicode character —Ä (U+0440)
(inputenc)                not set up for use with LaTeX.

See the inputenc package documentation for explanation.
Type  H <return>  for immediate help.
 ...                                              
                                                  
l.1 \chapter{–ö–æ–Ω—Å—Ç—Ä—É–∫—Ç–æ—Ä
                                   —Å–∫–∏–π —Ä–∞–∑–¥–µ–ª}
You may provide a definition with
\DeclareUnicodeCharacter 


! Package inputenc Error: Unicode character —Å (U+0441)
(inputenc)                not set up for use with LaTeX.

See the inputenc package documentation for explanation.
Type  H <return>  for immediate help.
 ...                                              
                                                  
l.1 \chapter{–ö–æ–Ω—Å—Ç—Ä—É–∫—Ç–æ—Ä—Å
                                     –∫–∏–π —Ä–∞–∑–¥–µ–ª}
You may provide a definition with
\DeclareUnicodeCharacter 


! Package inputenc Error: Unicode character –∫ (U+043A)
(inputenc)                not set up for use with LaTeX.

See the inputenc package documentation for explanation.
Type  H <return>  for immediate help.
 ...                                              
                                                  
l.1 \chapter{–ö–æ–Ω—Å—Ç—Ä—É–∫—Ç–æ—Ä—Å–∫
                                       –∏–π —Ä–∞–∑–¥–µ–ª}
You may provide a definition with
\DeclareUnicodeCharacter 


! Package inputenc Error: Unicode character –∏ (U+0438)
(inputenc)                not set up for use with LaTeX.

See the inputenc package documentation for explanation.
Type  H <return>  for immediate help.
 ...                                              
                                                  
l.1 \chapter{–ö–æ–Ω—Å—Ç—Ä—É–∫—Ç–æ—Ä—Å–∫–∏
                                         –π —Ä–∞–∑–¥–µ–ª}
You may provide a definition with
\DeclareUnicodeCharacter 


! Package inputenc Error: Unicode character –π (U+0439)
(inputenc)                not set up for use with LaTeX.

See the inputenc package documentation for explanation.
Type  H <return>  for immediate help.
 ...                                              
                                                  
l.1 \chapter{–ö–æ–Ω—Å—Ç—Ä—É–∫—Ç–æ—Ä—Å–∫–∏–π
                                            —Ä–∞–∑–¥–µ–ª}
You may provide a definition with
\DeclareUnicodeCharacter 


! Package inputenc Error: Unicode character —Ä (U+0440)
(inputenc)                not set up for use with LaTeX.

See the inputenc package documentation for explanation.
Type  H <return>  for immediate help.
 ...                                              
                                                  
l.1 \chapter{–ö–æ–Ω—Å—Ç—Ä—É–∫—Ç–æ—Ä—Å–∫–∏–π —Ä
                                              –∞–∑–¥–µ–ª}
You may provide a definition with
\DeclareUnicodeCharacter 


! Package inputenc Error: Unicode character –∞ (U+0430)
(inputenc)                not set up for use with LaTeX.

See the inputenc package documentation for explanation.
Type  H <return>  for immediate help.
 ...                                              
                                                  
l.1 \chapter{–ö–æ–Ω—Å—Ç—Ä—É–∫—Ç–æ—Ä—Å–∫–∏–π —Ä–∞
                                                –∑–¥–µ–ª}
You may provide a definition with
\DeclareUnicodeCharacter 


! Package inputenc Error: Unicode character –∑ (U+0437)
(inputenc)                not set up for use with LaTeX.

See the inputenc package documentation for explanation.
Type  H <return>  for immediate help.
 ...                                              
                                                  
l.1 \chapter{–ö–æ–Ω—Å—Ç—Ä—É–∫—Ç–æ—Ä—Å–∫–∏–π —Ä–∞–∑
                                                  –¥–µ–ª}
You may provide a definition with
\DeclareUnicodeCharacter 


! Package inputenc Error: Unicode character –¥ (U+0434)
(inputenc)                not set up for use with LaTeX.

See the inputenc package documentation for explanation.
Type  H <return>  for immediate help.
 ...                                              
                                                  
l.1 ...ter{–ö–æ–Ω—Å—Ç—Ä—É–∫—Ç–æ—Ä—Å–∫–∏–π —Ä–∞–∑–¥
                                                  –µ–ª}
You may provide a definition with
\DeclareUnicodeCharacter 


! Package inputenc Error: Unicode character –µ (U+0435)
(inputenc)                not set up for use with LaTeX.

See the inputenc package documentation for explanation.
Type  H <return>  for immediate help.
 ...                                              
                                                  
l.1 ...r{–ö–æ–Ω—Å—Ç—Ä—É–∫—Ç–æ—Ä—Å–∫–∏–π —Ä–∞–∑–¥–µ
                                                  –ª}
You may provide a definition with
\DeclareUnicodeCharacter 


! Package inputenc Error: Unicode character –ª (U+043B)
(inputenc)                not set up for use with LaTeX.

See the inputenc package documentation for explanation.
Type  H <return>  for immediate help.
 ...                                              
                                                  
l.1 ...–ö–æ–Ω—Å—Ç—Ä—É–∫—Ç–æ—Ä—Å–∫–∏–π —Ä–∞–∑–¥–µ–ª
                                                  }
You may provide a definition with
\DeclareUnicodeCharacter 


! Package inputenc Error: Unicode character –í (U+0412)
(inputenc)                not set up for use with LaTeX.

See the inputenc package documentation for explanation.
Type  H <return>  for immediate help.
 ...                                              
                                                  
l.3 –í
       –¥–∞–Ω–Ω–æ–º —Ä–∞–∑–¥–µ–ª–µ –ø—Ä–µ–¥—Å—Ç–∞–≤–ª–µ–Ω—ã –æ–ø–∏—Å–∞–Ω–∏–µ...

You may provide a definition with
\DeclareUnicodeCharacter 


! Package inputenc Error: Unicode character –¥ (U+0434)
(inputenc)                not set up for use with LaTeX.

See the inputenc package documentation for explanation.
Type  H <return>  for immediate help.
 ...                                              
                                                  
l.3 –í –¥
         –∞–Ω–Ω–æ–º —Ä–∞–∑–¥–µ–ª–µ –ø—Ä–µ–¥—Å—Ç–∞–≤–ª–µ–Ω—ã –æ–ø–∏—Å–∞–Ω–∏–µ...

You may provide a definition with
\DeclareUnicodeCharacter 


! Package inputenc Error: Unicode character –∞ (U+0430)
(inputenc)                not set up for use with LaTeX.

See the inputenc package documentation for explanation.
Type  H <return>  for immediate help.
 ...                                              
                                                  
l.3 –í –¥–∞
           –Ω–Ω–æ–º —Ä–∞–∑–¥–µ–ª–µ –ø—Ä–µ–¥—Å—Ç–∞–≤–ª–µ–Ω—ã –æ–ø–∏—Å–∞–Ω–∏–µ...

You may provide a definition with
\DeclareUnicodeCharacter 


! Package inputenc Error: Unicode character –Ω (U+043D)
(inputenc)                not set up for use with LaTeX.

See the inputenc package documentation for explanation.
Type  H <return>  for immediate help.
 ...                                              
                                                  
l.3 –í –¥–∞–Ω
             –Ω–æ–º —Ä–∞–∑–¥–µ–ª–µ –ø—Ä–µ–¥—Å—Ç–∞–≤–ª–µ–Ω—ã –æ–ø–∏—Å–∞–Ω–∏–µ...

You may provide a definition with
\DeclareUnicodeCharacter 


! Package inputenc Error: Unicode character –Ω (U+043D)
(inputenc)                not set up for use with LaTeX.

See the inputenc package documentation for explanation.
Type  H <return>  for immediate help.
 ...                                              
                                                  
l.3 –í –¥–∞–Ω–Ω
               –æ–º —Ä–∞–∑–¥–µ–ª–µ –ø—Ä–µ–¥—Å—Ç–∞–≤–ª–µ–Ω—ã –æ–ø–∏—Å–∞–Ω–∏–µ...

You may provide a definition with
\DeclareUnicodeCharacter 


! Package inputenc Error: Unicode character –æ (U+043E)
(inputenc)                not set up for use with LaTeX.

See the inputenc package documentation for explanation.
Type  H <return>  for immediate help.
 ...                                              
                                                  
l.3 –í –¥–∞–Ω–Ω–æ
                 –º —Ä–∞–∑–¥–µ–ª–µ –ø—Ä–µ–¥—Å—Ç–∞–≤–ª–µ–Ω—ã –æ–ø–∏—Å–∞–Ω–∏–µ...

You may provide a definition with
\DeclareUnicodeCharacter 


! Package inputenc Error: Unicode character –º (U+043C)
(inputenc)                not set up for use with LaTeX.

See the inputenc package documentation for explanation.
Type  H <return>  for immediate help.
 ...                                              
                                                  
l.3 –í –¥–∞–Ω–Ω–æ–º
                    —Ä–∞–∑–¥–µ–ª–µ –ø—Ä–µ–¥—Å—Ç–∞–≤–ª–µ–Ω—ã –æ–ø–∏—Å–∞–Ω–∏–µ...

You may provide a definition with
\DeclareUnicodeCharacter 


! Package inputenc Error: Unicode character —Ä (U+0440)
(inputenc)                not set up for use with LaTeX.

See the inputenc package documentation for explanation.
Type  H <return>  for immediate help.
 ...                                              
                                                  
l.3 –í –¥–∞–Ω–Ω–æ–º —Ä
                      –∞–∑–¥–µ–ª–µ –ø—Ä–µ–¥—Å—Ç–∞–≤–ª–µ–Ω—ã –æ–ø–∏—Å–∞–Ω–∏–µ...

You may provide a definition with
\DeclareUnicodeCharacter 


! Package inputenc Error: Unicode character –∞ (U+0430)
(inputenc)                not set up for use with LaTeX.

See the inputenc package documentation for explanation.
Type  H <return>  for immediate help.
 ...                                              
                                                  
l.3 –í –¥–∞–Ω–Ω–æ–º —Ä–∞
                        –∑–¥–µ–ª–µ –ø—Ä–µ–¥—Å—Ç–∞–≤–ª–µ–Ω—ã –æ–ø–∏—Å–∞–Ω–∏–µ...

You may provide a definition with
\DeclareUnicodeCharacter 


! Package inputenc Error: Unicode character –∑ (U+0437)
(inputenc)                not set up for use with LaTeX.

See the inputenc package documentation for explanation.
Type  H <return>  for immediate help.
 ...                                              
                                                  
l.3 –í –¥–∞–Ω–Ω–æ–º —Ä–∞–∑
                          –¥–µ–ª–µ –ø—Ä–µ–¥—Å—Ç–∞–≤–ª–µ–Ω—ã –æ–ø–∏—Å–∞–Ω–∏–µ...

You may provide a definition with
\DeclareUnicodeCharacter 


! Package inputenc Error: Unicode character –¥ (U+0434)
(inputenc)                not set up for use with LaTeX.

See the inputenc package documentation for explanation.
Type  H <return>  for immediate help.
 ...                                              
                                                  
l.3 –í –¥–∞–Ω–Ω–æ–º —Ä–∞–∑–¥
                            –µ–ª–µ –ø—Ä–µ–¥—Å—Ç–∞–≤–ª–µ–Ω—ã –æ–ø–∏—Å–∞–Ω–∏–µ...

You may provide a definition with
\DeclareUnicodeCharacter 


! Package inputenc Error: Unicode character –µ (U+0435)
(inputenc)                not set up for use with LaTeX.

See the inputenc package documentation for explanation.
Type  H <return>  for immediate help.
 ...                                              
                                                  
l.3 –í –¥–∞–Ω–Ω–æ–º —Ä–∞–∑–¥–µ
                              –ª–µ –ø—Ä–µ–¥—Å—Ç–∞–≤–ª–µ–Ω—ã –æ–ø–∏—Å–∞–Ω–∏–µ...

You may provide a definition with
\DeclareUnicodeCharacter 


! Package inputenc Error: Unicode character –ª (U+043B)
(inputenc)                not set up for use with LaTeX.

See the inputenc package documentation for explanation.
Type  H <return>  for immediate help.
 ...                                              
                                                  
l.3 –í –¥–∞–Ω–Ω–æ–º —Ä–∞–∑–¥–µ–ª
                                –µ –ø—Ä–µ–¥—Å—Ç–∞–≤–ª–µ–Ω—ã –æ–ø–∏—Å–∞–Ω–∏–µ...

You may provide a definition with
\DeclareUnicodeCharacter 


! Package inputenc Error: Unicode character –µ (U+0435)
(inputenc)                not set up for use with LaTeX.

See the inputenc package documentation for explanation.
Type  H <return>  for immediate help.
 ...                                              
                                                  
l.3 –í –¥–∞–Ω–Ω–æ–º —Ä–∞–∑–¥–µ–ª–µ
                                   –ø—Ä–µ–¥—Å—Ç–∞–≤–ª–µ–Ω—ã –æ–ø–∏—Å–∞–Ω–∏–µ...

You may provide a definition with
\DeclareUnicodeCharacter 


! Package inputenc Error: Unicode character –ø (U+043F)
(inputenc)                not set up for use with LaTeX.

See the inputenc package documentation for explanation.
Type  H <return>  for immediate help.
 ...                                              
                                                  
l.3 –í –¥–∞–Ω–Ω–æ–º —Ä–∞–∑–¥–µ–ª–µ –ø
                                     —Ä–µ–¥—Å—Ç–∞–≤–ª–µ–Ω—ã –æ–ø–∏—Å–∞–Ω–∏–µ...

You may provide a definition with
\DeclareUnicodeCharacter 


! Package inputenc Error: Unicode character —Ä (U+0440)
(inputenc)                not set up for use with LaTeX.

See the inputenc package documentation for explanation.
Type  H <return>  for immediate help.
 ...                                              
                                                  
l.3 –í –¥–∞–Ω–Ω–æ–º —Ä–∞–∑–¥–µ–ª–µ –ø—Ä
                                       –µ–¥—Å—Ç–∞–≤–ª–µ–Ω—ã –æ–ø–∏—Å–∞–Ω–∏–µ...

You may provide a definition with
\DeclareUnicodeCharacter 


! Package inputenc Error: Unicode character –µ (U+0435)
(inputenc)                not set up for use with LaTeX.

See the inputenc package documentation for explanation.
Type  H <return>  for immediate help.
 ...                                              
                                                  
l.3 –í –¥–∞–Ω–Ω–æ–º —Ä–∞–∑–¥–µ–ª–µ –ø—Ä–µ
                                         –¥—Å—Ç–∞–≤–ª–µ–Ω—ã –æ–ø–∏—Å–∞–Ω–∏–µ...

You may provide a definition with
\DeclareUnicodeCharacter 


! Package inputenc Error: Unicode character –¥ (U+0434)
(inputenc)                not set up for use with LaTeX.

See the inputenc package documentation for explanation.
Type  H <return>  for immediate help.
 ...                                              
                                                  
l.3 –í –¥–∞–Ω–Ω–æ–º —Ä–∞–∑–¥–µ–ª–µ –ø—Ä–µ–¥
                                           —Å—Ç–∞–≤–ª–µ–Ω—ã –æ–ø–∏—Å–∞–Ω–∏–µ...

You may provide a definition with
\DeclareUnicodeCharacter 


! Package inputenc Error: Unicode character —Å (U+0441)
(inputenc)                not set up for use with LaTeX.

See the inputenc package documentation for explanation.
Type  H <return>  for immediate help.
 ...                                              
                                                  
l.3 –í –¥–∞–Ω–Ω–æ–º —Ä–∞–∑–¥–µ–ª–µ –ø—Ä–µ–¥—Å
                                             —Ç–∞–≤–ª–µ–Ω—ã –æ–ø–∏—Å–∞–Ω–∏–µ...

You may provide a definition with
\DeclareUnicodeCharacter 


! Package inputenc Error: Unicode character —Ç (U+0442)
(inputenc)                not set up for use with LaTeX.

See the inputenc package documentation for explanation.
Type  H <return>  for immediate help.
 ...                                              
                                                  
l.3 –í –¥–∞–Ω–Ω–æ–º —Ä–∞–∑–¥–µ–ª–µ –ø—Ä–µ–¥—Å—Ç
                                               –∞–≤–ª–µ–Ω—ã –æ–ø–∏—Å–∞–Ω–∏–µ...

You may provide a definition with
\DeclareUnicodeCharacter 


! Package inputenc Error: Unicode character –∞ (U+0430)
(inputenc)                not set up for use with LaTeX.

See the inputenc package documentation for explanation.
Type  H <return>  for immediate help.
 ...                                              
                                                  
l.3 –í –¥–∞–Ω–Ω–æ–º —Ä–∞–∑–¥–µ–ª–µ –ø—Ä–µ–¥—Å—Ç–∞
                                                 –≤–ª–µ–Ω—ã –æ–ø–∏—Å–∞–Ω–∏–µ...

You may provide a definition with
\DeclareUnicodeCharacter 


! Package inputenc Error: Unicode character –≤ (U+0432)
(inputenc)                not set up for use with LaTeX.

See the inputenc package documentation for explanation.
Type  H <return>  for immediate help.
 ...                                              
                                                  
l.3 ...¥–∞–Ω–Ω–æ–º —Ä–∞–∑–¥–µ–ª–µ –ø—Ä–µ–¥—Å—Ç–∞–≤
                                                  –ª–µ–Ω—ã –æ–ø–∏—Å–∞–Ω–∏–µ ...

You may provide a definition with
\DeclareUnicodeCharacter 


! Package inputenc Error: Unicode character –ª (U+043B)
(inputenc)                not set up for use with LaTeX.

See the inputenc package documentation for explanation.
Type  H <return>  for immediate help.
 ...                                              
                                                  
l.3 ...∞–Ω–Ω–æ–º —Ä–∞–∑–¥–µ–ª–µ –ø—Ä–µ–¥—Å—Ç–∞–≤–ª
                                                  –µ–Ω—ã –æ–ø–∏—Å–∞–Ω–∏–µ —Ä...

You may provide a definition with
\DeclareUnicodeCharacter 


! Package inputenc Error: Unicode character –µ (U+0435)
(inputenc)                not set up for use with LaTeX.

See the inputenc package documentation for explanation.
Type  H <return>  for immediate help.
 ...                                              
                                                  
l.3 ...Ω–Ω–æ–º —Ä–∞–∑–¥–µ–ª–µ –ø—Ä–µ–¥—Å—Ç–∞–≤–ª–µ
                                                  –Ω—ã –æ–ø–∏—Å–∞–Ω–∏–µ —Ä–∞...

You may provide a definition with
\DeclareUnicodeCharacter 


! Package inputenc Error: Unicode character –Ω (U+043D)
(inputenc)                not set up for use with LaTeX.

See the inputenc package documentation for explanation.
Type  H <return>  for immediate help.
 ...                                              
                                                  
l.3 ...Ω–æ–º —Ä–∞–∑–¥–µ–ª–µ –ø—Ä–µ–¥—Å—Ç–∞–≤–ª–µ–Ω
                                                  —ã –æ–ø–∏—Å–∞–Ω–∏–µ —Ä–∞–±...

You may provide a definition with
\DeclareUnicodeCharacter 


! Package inputenc Error: Unicode character —ã (U+044B)
(inputenc)                not set up for use with LaTeX.

See the inputenc package documentation for explanation.
Type  H <return>  for immediate help.
 ...                                              
                                                  
l.3 ...æ–º —Ä–∞–∑–¥–µ–ª–µ –ø—Ä–µ–¥—Å—Ç–∞–≤–ª–µ–Ω—ã
                                                   –æ–ø–∏—Å–∞–Ω–∏–µ —Ä–∞–±–æ...

You may provide a definition with
\DeclareUnicodeCharacter 


! Package inputenc Error: Unicode character –æ (U+043E)
(inputenc)                not set up for use with LaTeX.

See the inputenc package documentation for explanation.
Type  H <return>  for immediate help.
 ...                                              
                                                  
l.3 ... —Ä–∞–∑–¥–µ–ª–µ –ø—Ä–µ–¥—Å—Ç–∞–≤–ª–µ–Ω—ã –æ
                                                  –ø–∏—Å–∞–Ω–∏–µ —Ä–∞–±–æ—Ç—...

You may provide a definition with
\DeclareUnicodeCharacter 


! Package inputenc Error: Unicode character –ø (U+043F)
(inputenc)                not set up for use with LaTeX.

See the inputenc package documentation for explanation.
Type  H <return>  for immediate help.
 ...                                              
                                                  
l.3 ...Ä–∞–∑–¥–µ–ª–µ –ø—Ä–µ–¥—Å—Ç–∞–≤–ª–µ–Ω—ã –æ–ø
                                                  –∏—Å–∞–Ω–∏–µ —Ä–∞–±–æ—Ç—ã ...

You may provide a definition with
\DeclareUnicodeCharacter 


! Package inputenc Error: Unicode character –∏ (U+0438)
(inputenc)                not set up for use with LaTeX.

See the inputenc package documentation for explanation.
Type  H <return>  for immediate help.
 ...                                              
                                                  
l.3 ...∞–∑–¥–µ–ª–µ –ø—Ä–µ–¥—Å—Ç–∞–≤–ª–µ–Ω—ã –æ–ø–∏
                                                  —Å–∞–Ω–∏–µ —Ä–∞–±–æ—Ç—ã –∞...

You may provide a definition with
\DeclareUnicodeCharacter 


! Package inputenc Error: Unicode character —Å (U+0441)
(inputenc)                not set up for use with LaTeX.

See the inputenc package documentation for explanation.
Type  H <return>  for immediate help.
 ...                                              
                                                  
l.3 ...∑–¥–µ–ª–µ –ø—Ä–µ–¥—Å—Ç–∞–≤–ª–µ–Ω—ã –æ–ø–∏—Å
                                                  –∞–Ω–∏–µ —Ä–∞–±–æ—Ç—ã –∞–ª...

You may provide a definition with
\DeclareUnicodeCharacter 


! Package inputenc Error: Unicode character –∞ (U+0430)
(inputenc)                not set up for use with LaTeX.

See the inputenc package documentation for explanation.
Type  H <return>  for immediate help.
 ...                                              
                                                  
l.3 ...¥–µ–ª–µ –ø—Ä–µ–¥—Å—Ç–∞–≤–ª–µ–Ω—ã –æ–ø–∏—Å–∞
                                                  –Ω–∏–µ —Ä–∞–±–æ—Ç—ã –∞–ª–≥...

You may provide a definition with
\DeclareUnicodeCharacter 


! Package inputenc Error: Unicode character –Ω (U+043D)
(inputenc)                not set up for use with LaTeX.

See the inputenc package documentation for explanation.
Type  H <return>  for immediate help.
 ...                                              
                                                  
l.3 ...µ–ª–µ –ø—Ä–µ–¥—Å—Ç–∞–≤–ª–µ–Ω—ã –æ–ø–∏—Å–∞–Ω
                                                  –∏–µ —Ä–∞–±–æ—Ç—ã –∞–ª–≥–æ...

You may provide a definition with
\DeclareUnicodeCharacter 


! Package inputenc Error: Unicode character –∏ (U+0438)
(inputenc)                not set up for use with LaTeX.

See the inputenc package documentation for explanation.
Type  H <return>  for immediate help.
 ...                                              
                                                  
l.3 ...ª–µ –ø—Ä–µ–¥—Å—Ç–∞–≤–ª–µ–Ω—ã –æ–ø–∏—Å–∞–Ω–∏
                                                  –µ —Ä–∞–±–æ—Ç—ã –∞–ª–≥–æ—Ä...

You may provide a definition with
\DeclareUnicodeCharacter 


! Package inputenc Error: Unicode character –µ (U+0435)
(inputenc)                not set up for use with LaTeX.

See the inputenc package documentation for explanation.
Type  H <return>  for immediate help.
 ...                                              
                                                  
l.3 ...µ –ø—Ä–µ–¥—Å—Ç–∞–≤–ª–µ–Ω—ã –æ–ø–∏—Å–∞–Ω–∏–µ
                                                   —Ä–∞–±–æ—Ç—ã –∞–ª–≥–æ—Ä–∏...

You may provide a definition with
\DeclareUnicodeCharacter 


! Package inputenc Error: Unicode character —Ä (U+0440)
(inputenc)                not set up for use with LaTeX.

See the inputenc package documentation for explanation.
Type  H <return>  for immediate help.
 ...                                              
                                                  
l.3 ...ø—Ä–µ–¥—Å—Ç–∞–≤–ª–µ–Ω—ã –æ–ø–∏—Å–∞–Ω–∏–µ —Ä
                                                  –∞–±–æ—Ç—ã –∞–ª–≥–æ—Ä–∏—Ç–...

You may provide a definition with
\DeclareUnicodeCharacter 


! Package inputenc Error: Unicode character –∞ (U+0430)
(inputenc)                not set up for use with LaTeX.

See the inputenc package documentation for explanation.
Type  H <return>  for immediate help.
 ...                                              
                                                  
l.3 ...Ä–µ–¥—Å—Ç–∞–≤–ª–µ–Ω—ã –æ–ø–∏—Å–∞–Ω–∏–µ —Ä–∞
                                                  –±–æ—Ç—ã –∞–ª–≥–æ—Ä–∏—Ç–º–...

You may provide a definition with
\DeclareUnicodeCharacter 


! Package inputenc Error: Unicode character –± (U+0431)
(inputenc)                not set up for use with LaTeX.

See the inputenc package documentation for explanation.
Type  H <return>  for immediate help.
 ...                                              
                                                  
l.3 ...µ–¥—Å—Ç–∞–≤–ª–µ–Ω—ã –æ–ø–∏—Å–∞–Ω–∏–µ —Ä–∞–±
                                                  –æ—Ç—ã –∞–ª–≥–æ—Ä–∏—Ç–º–∞;...

You may provide a definition with
\DeclareUnicodeCharacter 


! Package inputenc Error: Unicode character –æ (U+043E)
(inputenc)                not set up for use with LaTeX.

See the inputenc package documentation for explanation.
Type  H <return>  for immediate help.
 ...                                              
                                                  
l.3 ...¥—Å—Ç–∞–≤–ª–µ–Ω—ã –æ–ø–∏—Å–∞–Ω–∏–µ —Ä–∞–±–æ
                                                  —Ç—ã –∞–ª–≥–æ—Ä–∏—Ç–º–∞; –...

You may provide a definition with
\DeclareUnicodeCharacter 


! Package inputenc Error: Unicode character —Ç (U+0442)
(inputenc)                not set up for use with LaTeX.

See the inputenc package documentation for explanation.
Type  H <return>  for immediate help.
 ...                                              
                                                  
l.3 ...Å—Ç–∞–≤–ª–µ–Ω—ã –æ–ø–∏—Å–∞–Ω–∏–µ —Ä–∞–±–æ—Ç
                                                  —ã –∞–ª–≥–æ—Ä–∏—Ç–º–∞; –æ–...

You may provide a definition with
\DeclareUnicodeCharacter 


! Package inputenc Error: Unicode character —ã (U+044B)
(inputenc)                not set up for use with LaTeX.

See the inputenc package documentation for explanation.
Type  H <return>  for immediate help.
 ...                                              
                                                  
l.3 ...Ç–∞–≤–ª–µ–Ω—ã –æ–ø–∏—Å–∞–Ω–∏–µ —Ä–∞–±–æ—Ç—ã
                                                   –∞–ª–≥–æ—Ä–∏—Ç–º–∞; –æ–ø–...

You may provide a definition with
\DeclareUnicodeCharacter 


! Package inputenc Error: Unicode character –∞ (U+0430)
(inputenc)                not set up for use with LaTeX.

See the inputenc package documentation for explanation.
Type  H <return>  for immediate help.
 ...                                              
                                                  
l.3 ...–≤–ª–µ–Ω—ã –æ–ø–∏—Å–∞–Ω–∏–µ —Ä–∞–±–æ—Ç—ã –∞
                                                  –ª–≥–æ—Ä–∏—Ç–º–∞; –æ–ø–∏—Å...

You may provide a definition with
\DeclareUnicodeCharacter 


! Package inputenc Error: Unicode character –ª (U+043B)
(inputenc)                not set up for use with LaTeX.

See the inputenc package documentation for explanation.
Type  H <return>  for immediate help.
 ...                                              
                                                  
l.3 ...–ª–µ–Ω—ã –æ–ø–∏—Å–∞–Ω–∏–µ —Ä–∞–±–æ—Ç—ã –∞–ª
                                                  –≥–æ—Ä–∏—Ç–º–∞; –æ–ø–∏—Å–∞...

You may provide a definition with
\DeclareUnicodeCharacter 


! Package inputenc Error: Unicode character –≥ (U+0433)
(inputenc)                not set up for use with LaTeX.

See the inputenc package documentation for explanation.
Type  H <return>  for immediate help.
 ...                                              
                                                  
l.3 ...–µ–Ω—ã –æ–ø–∏—Å–∞–Ω–∏–µ —Ä–∞–±–æ—Ç—ã –∞–ª–≥
                                                  –æ—Ä–∏—Ç–º–∞; –æ–ø–∏—Å–∞–Ω...

You may provide a definition with
\DeclareUnicodeCharacter 


! Package inputenc Error: Unicode character –æ (U+043E)
(inputenc)                not set up for use with LaTeX.

See the inputenc package documentation for explanation.
Type  H <return>  for immediate help.
 ...                                              
                                                  
l.3 ...–Ω—ã –æ–ø–∏—Å–∞–Ω–∏–µ —Ä–∞–±–æ—Ç—ã –∞–ª–≥–æ
                                                  —Ä–∏—Ç–º–∞; –æ–ø–∏—Å–∞–Ω–∏...

You may provide a definition with
\DeclareUnicodeCharacter 


! Package inputenc Error: Unicode character —Ä (U+0440)
(inputenc)                not set up for use with LaTeX.

See the inputenc package documentation for explanation.
Type  H <return>  for immediate help.
 ...                                              
                                                  
l.3 ...—ã –æ–ø–∏—Å–∞–Ω–∏–µ —Ä–∞–±–æ—Ç—ã –∞–ª–≥–æ—Ä
                                                  –∏—Ç–º–∞; –æ–ø–∏—Å–∞–Ω–∏–µ...

You may provide a definition with
\DeclareUnicodeCharacter 


! Package inputenc Error: Unicode character –∏ (U+0438)
(inputenc)                not set up for use with LaTeX.

See the inputenc package documentation for explanation.
Type  H <return>  for immediate help.
 ...                                              
                                                  
l.3 ... –æ–ø–∏—Å–∞–Ω–∏–µ —Ä–∞–±–æ—Ç—ã –∞–ª–≥–æ—Ä–∏
                                                  —Ç–º–∞; –æ–ø–∏—Å–∞–Ω–∏–µ —...

You may provide a definition with
\DeclareUnicodeCharacter 


! Package inputenc Error: Unicode character —Ç (U+0442)
(inputenc)                not set up for use with LaTeX.

See the inputenc package documentation for explanation.
Type  H <return>  for immediate help.
 ...                                              
                                                  
l.3 ...æ–ø–∏—Å–∞–Ω–∏–µ —Ä–∞–±–æ—Ç—ã –∞–ª–≥–æ—Ä–∏—Ç
                                                  –º–∞; –æ–ø–∏—Å–∞–Ω–∏–µ —Å—...

You may provide a definition with
\DeclareUnicodeCharacter 


! Package inputenc Error: Unicode character –º (U+043C)
(inputenc)                not set up for use with LaTeX.

See the inputenc package documentation for explanation.
Type  H <return>  for immediate help.
 ...                                              
                                                  
l.3 ...ø–∏—Å–∞–Ω–∏–µ —Ä–∞–±–æ—Ç—ã –∞–ª–≥–æ—Ä–∏—Ç–º
                                                  –∞; –æ–ø–∏—Å–∞–Ω–∏–µ —Å—Ç—...

You may provide a definition with
\DeclareUnicodeCharacter 


! Package inputenc Error: Unicode character –∞ (U+0430)
(inputenc)                not set up for use with LaTeX.

See the inputenc package documentation for explanation.
Type  H <return>  for immediate help.
 ...                                              
                                                  
l.3 ...∏—Å–∞–Ω–∏–µ —Ä–∞–±–æ—Ç—ã –∞–ª–≥–æ—Ä–∏—Ç–º–∞
                                                  ; –æ–ø–∏—Å–∞–Ω–∏–µ —Å—Ç—Ä—...

You may provide a definition with
\DeclareUnicodeCharacter 


! LaTeX Error: Missing \begin{document}.

See the LaTeX manual or LaTeX Companion for explanation.
Type  H <return>  for immediate help.
 ...                                              
                                                  
l.3 ...—Å–∞–Ω–∏–µ —Ä–∞–±–æ—Ç—ã –∞–ª–≥–æ—Ä–∏—Ç–º–∞;
                                                   –æ–ø–∏—Å–∞–Ω–∏–µ —Å—Ç—Ä—É...

You're in trouble here.  Try typing  <return>  to proceed.
If that doesn't work, type  X <return>  to quit.

Missing character: There is no ; in font nullfont!

! Package inputenc Error: Unicode character –æ (U+043E)
(inputenc)                not set up for use with LaTeX.

See the inputenc package documentation for explanation.
Type  H <return>  for immediate help.
 ...                                              
                                                  
l.3 ...∞–Ω–∏–µ —Ä–∞–±–æ—Ç—ã –∞–ª–≥–æ—Ä–∏—Ç–º–∞; –æ
                                                  –ø–∏—Å–∞–Ω–∏–µ —Å—Ç—Ä—É–∫—...

You may provide a definition with
\DeclareUnicodeCharacter 


! Package inputenc Error: Unicode character –ø (U+043F)
(inputenc)                not set up for use with LaTeX.

See the inputenc package documentation for explanation.
Type  H <return>  for immediate help.
 ...                                              
                                                  
l.3 ...Ω–∏–µ —Ä–∞–±–æ—Ç—ã –∞–ª–≥–æ—Ä–∏—Ç–º–∞; –æ–ø
                                                  –∏—Å–∞–Ω–∏–µ —Å—Ç—Ä—É–∫—Ç—...

You may provide a definition with
\DeclareUnicodeCharacter 


! Package inputenc Error: Unicode character –∏ (U+0438)
(inputenc)                not set up for use with LaTeX.

See the inputenc package documentation for explanation.
Type  H <return>  for immediate help.
 ...                                              
                                                  
l.3 ...∏–µ —Ä–∞–±–æ—Ç—ã –∞–ª–≥–æ—Ä–∏—Ç–º–∞; –æ–ø–∏
                                                  —Å–∞–Ω–∏–µ —Å—Ç—Ä—É–∫—Ç—É—...

You may provide a definition with
\DeclareUnicodeCharacter 


! Package inputenc Error: Unicode character —Å (U+0441)
(inputenc)                not set up for use with LaTeX.

See the inputenc package documentation for explanation.
Type  H <return>  for immediate help.
 ...                                              
                                                  
l.3 ...µ —Ä–∞–±–æ—Ç—ã –∞–ª–≥–æ—Ä–∏—Ç–º–∞; –æ–ø–∏—Å
                                                  –∞–Ω–∏–µ —Å—Ç—Ä—É–∫—Ç—É—Ä ...

You may provide a definition with
\DeclareUnicodeCharacter 


! Package inputenc Error: Unicode character –∞ (U+0430)
(inputenc)                not set up for use with LaTeX.

See the inputenc package documentation for explanation.
Type  H <return>  for immediate help.
 ...                                              
                                                  
l.3 ...—Ä–∞–±–æ—Ç—ã –∞–ª–≥–æ—Ä–∏—Ç–º–∞; –æ–ø–∏—Å–∞
                                                  –Ω–∏–µ —Å—Ç—Ä—É–∫—Ç—É—Ä –¥...

You may provide a definition with
\DeclareUnicodeCharacter 


! Package inputenc Error: Unicode character –Ω (U+043D)
(inputenc)                not set up for use with LaTeX.

See the inputenc package documentation for explanation.
Type  H <return>  for immediate help.
 ...                                              
                                                  
l.3 ...–∞–±–æ—Ç—ã –∞–ª–≥–æ—Ä–∏—Ç–º–∞; –æ–ø–∏—Å–∞–Ω
                                                  –∏–µ —Å—Ç—Ä—É–∫—Ç—É—Ä –¥–∞...

You may provide a definition with
\DeclareUnicodeCharacter 


! Package inputenc Error: Unicode character –∏ (U+0438)
(inputenc)                not set up for use with LaTeX.

See the inputenc package documentation for explanation.
Type  H <return>  for immediate help.
 ...                                              
                                                  
l.3 ...–±–æ—Ç—ã –∞–ª–≥–æ—Ä–∏—Ç–º–∞; –æ–ø–∏—Å–∞–Ω–∏
                                                  –µ —Å—Ç—Ä—É–∫—Ç—É—Ä –¥–∞–Ω...

You may provide a definition with
\DeclareUnicodeCharacter 


! Package inputenc Error: Unicode character –µ (U+0435)
(inputenc)                not set up for use with LaTeX.

See the inputenc package documentation for explanation.
Type  H <return>  for immediate help.
 ...                                              
                                                  
l.3 ...–æ—Ç—ã –∞–ª–≥–æ—Ä–∏—Ç–º–∞; –æ–ø–∏—Å–∞–Ω–∏–µ
                                                   —Å—Ç—Ä—É–∫—Ç—É—Ä –¥–∞–Ω–Ω...

You may provide a definition with
\DeclareUnicodeCharacter 


! Package inputenc Error: Unicode character —Å (U+0441)
(inputenc)                not set up for use with LaTeX.

See the inputenc package documentation for explanation.
Type  H <return>  for immediate help.
 ...                                              
                                                  
l.3 ...Ç—ã –∞–ª–≥–æ—Ä–∏—Ç–º–∞; –æ–ø–∏—Å–∞–Ω–∏–µ —Å
                                                  —Ç—Ä—É–∫—Ç—É—Ä –¥–∞–Ω–Ω—ã—...

You may provide a definition with
\DeclareUnicodeCharacter 


! Package inputenc Error: Unicode character —Ç (U+0442)
(inputenc)                not set up for use with LaTeX.

See the inputenc package documentation for explanation.
Type  H <return>  for immediate help.
 ...                                              
                                                  
l.3 ...ã –∞–ª–≥–æ—Ä–∏—Ç–º–∞; –æ–ø–∏—Å–∞–Ω–∏–µ —Å—Ç
                                                  —Ä—É–∫—Ç—É—Ä –¥–∞–Ω–Ω—ã—Ö,...

You may provide a definition with
\DeclareUnicodeCharacter 


! Package inputenc Error: Unicode character —Ä (U+0440)
(inputenc)                not set up for use with LaTeX.

See the inputenc package documentation for explanation.
Type  H <return>  for immediate help.
 ...                                              
                                                  
l.3 ...–∞–ª–≥–æ—Ä–∏—Ç–º–∞; –æ–ø–∏—Å–∞–Ω–∏–µ —Å—Ç—Ä
                                                  —É–∫—Ç—É—Ä –¥–∞–Ω–Ω—ã—Ö, –...

You may provide a definition with
\DeclareUnicodeCharacter 


! Package inputenc Error: Unicode character —É (U+0443)
(inputenc)                not set up for use with LaTeX.

See the inputenc package documentation for explanation.
Type  H <return>  for immediate help.
 ...                                              
                                                  
l.3 ...–ª–≥–æ—Ä–∏—Ç–º–∞; –æ–ø–∏—Å–∞–Ω–∏–µ —Å—Ç—Ä—É
                                                  –∫—Ç—É—Ä –¥–∞–Ω–Ω—ã—Ö, –∏—...

You may provide a definition with
\DeclareUnicodeCharacter 


! Package inputenc Error: Unicode character –∫ (U+043A)
(inputenc)                not set up for use with LaTeX.

See the inputenc package documentation for explanation.
Type  H <return>  for immediate help.
 ...                                              
                                                  
l.3 ...–≥–æ—Ä–∏—Ç–º–∞; –æ–ø–∏—Å–∞–Ω–∏–µ —Å—Ç—Ä—É–∫
                                                  —Ç—É—Ä –¥–∞–Ω–Ω—ã—Ö, –∏—Å–...

You may provide a definition with
\DeclareUnicodeCharacter 


! Package inputenc Error: Unicode character —Ç (U+0442)
(inputenc)                not set up for use with LaTeX.

See the inputenc package documentation for explanation.
Type  H <return>  for immediate help.
 ...                                              
                                                  
l.3 ...–æ—Ä–∏—Ç–º–∞; –æ–ø–∏—Å–∞–Ω–∏–µ —Å—Ç—Ä—É–∫—Ç
                                                  —É—Ä –¥–∞–Ω–Ω—ã—Ö, –∏—Å–ø–...

You may provide a definition with
\DeclareUnicodeCharacter 


! Package inputenc Error: Unicode character —É (U+0443)
(inputenc)                not set up for use with LaTeX.

See the inputenc package documentation for explanation.
Type  H <return>  for immediate help.
 ...                                              
                                                  
l.3 ...—Ä–∏—Ç–º–∞; –æ–ø–∏—Å–∞–Ω–∏–µ —Å—Ç—Ä—É–∫—Ç—É
                                                  —Ä –¥–∞–Ω–Ω—ã—Ö, –∏—Å–ø–æ–...

You may provide a definition with
\DeclareUnicodeCharacter 


! Package inputenc Error: Unicode character —Ä (U+0440)
(inputenc)                not set up for use with LaTeX.

See the inputenc package documentation for explanation.
Type  H <return>  for immediate help.
 ...                                              
                                                  
l.3 ...–∏—Ç–º–∞; –æ–ø–∏—Å–∞–Ω–∏–µ —Å—Ç—Ä—É–∫—Ç—É—Ä
                                                   –¥–∞–Ω–Ω—ã—Ö, –∏—Å–ø–æ–ª—...

You may provide a definition with
\DeclareUnicodeCharacter 


! Package inputenc Error: Unicode character –¥ (U+0434)
(inputenc)                not set up for use with LaTeX.

See the inputenc package documentation for explanation.
Type  H <return>  for immediate help.
 ...                                              
                                                  
l.3 ...Ç–º–∞; –æ–ø–∏—Å–∞–Ω–∏–µ —Å—Ç—Ä—É–∫—Ç—É—Ä –¥
                                                  –∞–Ω–Ω—ã—Ö, –∏—Å–ø–æ–ª—å–∑...

You may provide a definition with
\DeclareUnicodeCharacter 


! Package inputenc Error: Unicode character –∞ (U+0430)
(inputenc)                not set up for use with LaTeX.

See the inputenc package documentation for explanation.
Type  H <return>  for immediate help.
 ...                                              
                                                  
l.3 ...º–∞; –æ–ø–∏—Å–∞–Ω–∏–µ —Å—Ç—Ä—É–∫—Ç—É—Ä –¥–∞
                                                  –Ω–Ω—ã—Ö, –∏—Å–ø–æ–ª—å–∑—É...

You may provide a definition with
\DeclareUnicodeCharacter 


! Package inputenc Error: Unicode character –Ω (U+043D)
(inputenc)                not set up for use with LaTeX.

See the inputenc package documentation for explanation.
Type  H <return>  for immediate help.
 ...                                              
                                                  
l.3 ...∞; –æ–ø–∏—Å–∞–Ω–∏–µ —Å—Ç—Ä—É–∫—Ç—É—Ä –¥–∞–Ω
                                                  –Ω—ã—Ö, –∏—Å–ø–æ–ª—å–∑—É–µ...

You may provide a definition with
\DeclareUnicodeCharacter 


! Package inputenc Error: Unicode character –Ω (U+043D)
(inputenc)                not set up for use with LaTeX.

See the inputenc package documentation for explanation.
Type  H <return>  for immediate help.
 ...                                              
                                                  
l.3 ... –æ–ø–∏—Å–∞–Ω–∏–µ —Å—Ç—Ä—É–∫—Ç—É—Ä –¥–∞–Ω–Ω
                                                  —ã—Ö, –∏—Å–ø–æ–ª—å–∑—É–µ–º...

You may provide a definition with
\DeclareUnicodeCharacter 


! Package inputenc Error: Unicode character —ã (U+044B)
(inputenc)                not set up for use with LaTeX.

See the inputenc package documentation for explanation.
Type  H <return>  for immediate help.
 ...                                              
                                                  
l.3 ...æ–ø–∏—Å–∞–Ω–∏–µ —Å—Ç—Ä—É–∫—Ç—É—Ä –¥–∞–Ω–Ω—ã
                                                  —Ö, –∏—Å–ø–æ–ª—å–∑—É–µ–º—ã...

You may provide a definition with
\DeclareUnicodeCharacter 


! Package inputenc Error: Unicode character —Ö (U+0445)
(inputenc)                not set up for use with LaTeX.

See the inputenc package documentation for explanation.
Type  H <return>  for immediate help.
 ...                                              
                                                  
l.3 ...ø–∏—Å–∞–Ω–∏–µ —Å—Ç—Ä—É–∫—Ç—É—Ä –¥–∞–Ω–Ω—ã—Ö
                                                  , –∏—Å–ø–æ–ª—å–∑—É–µ–º—ã—Ö...

You may provide a definition with
\DeclareUnicodeCharacter 

Missing character: There is no , in font nullfont!

! Package inputenc Error: Unicode character –∏ (U+0438)
(inputenc)                not set up for use with LaTeX.

See the inputenc package documentation for explanation.
Type  H <return>  for immediate help.
 ...                                              
                                                  
l.3 ...Å–∞–Ω–∏–µ —Å—Ç—Ä—É–∫—Ç—É—Ä –¥–∞–Ω–Ω—ã—Ö, –∏
                                                  —Å–ø–æ–ª—å–∑—É–µ–º—ã—Ö –≤ ...

You may provide a definition with
\DeclareUnicodeCharacter 


! Package inputenc Error: Unicode character —Å (U+0441)
(inputenc)                not set up for use with LaTeX.

See the inputenc package documentation for explanation.
Type  H <return>  for immediate help.
 ...                                              
                                                  
l.3 ...∞–Ω–∏–µ —Å—Ç—Ä—É–∫—Ç—É—Ä –¥–∞–Ω–Ω—ã—Ö, –∏—Å
                                                  –ø–æ–ª—å–∑—É–µ–º—ã—Ö –≤ –∞...

You may provide a definition with
\DeclareUnicodeCharacter 


! Package inputenc Error: Unicode character –ø (U+043F)
(inputenc)                not set up for use with LaTeX.

See the inputenc package documentation for explanation.
Type  H <return>  for immediate help.
 ...                                              
                                                  
l.3 ...Ω–∏–µ —Å—Ç—Ä—É–∫—Ç—É—Ä –¥–∞–Ω–Ω—ã—Ö, –∏—Å–ø
                                                  –æ–ª—å–∑—É–µ–º—ã—Ö –≤ –∞–ª...

You may provide a definition with
\DeclareUnicodeCharacter 


! Package inputenc Error: Unicode character –æ (U+043E)
(inputenc)                not set up for use with LaTeX.

See the inputenc package documentation for explanation.
Type  H <return>  for immediate help.
 ...                                              
                                                  
l.3 ...∏–µ —Å—Ç—Ä—É–∫—Ç—É—Ä –¥–∞–Ω–Ω—ã—Ö, –∏—Å–ø–æ
                                                  –ª—å–∑—É–µ–º—ã—Ö –≤ –∞–ª–≥...

You may provide a definition with
\DeclareUnicodeCharacter 


! Package inputenc Error: Unicode character –ª (U+043B)
(inputenc)                not set up for use with LaTeX.

See the inputenc package documentation for explanation.
Type  H <return>  for immediate help.
 ...                                              
                                                  
l.3 ...µ —Å—Ç—Ä—É–∫—Ç—É—Ä –¥–∞–Ω–Ω—ã—Ö, –∏—Å–ø–æ–ª
                                                  —å–∑—É–µ–º—ã—Ö –≤ –∞–ª–≥–æ...

You may provide a definition with
\DeclareUnicodeCharacter 


! Package inputenc Error: Unicode character —å (U+044C)
(inputenc)                not set up for use with LaTeX.

See the inputenc package documentation for explanation.
Type  H <return>  for immediate help.
 ...                                              
                                                  
l.3 ...—Å—Ç—Ä—É–∫—Ç—É—Ä –¥–∞–Ω–Ω—ã—Ö, –∏—Å–ø–æ–ª—å
                                                  –∑—É–µ–º—ã—Ö –≤ –∞–ª–≥–æ—Ä...

You may provide a definition with
\DeclareUnicodeCharacter 


! Package inputenc Error: Unicode character –∑ (U+0437)
(inputenc)                not set up for use with LaTeX.

See the inputenc package documentation for explanation.
Type  H <return>  for immediate help.
 ...                                              
                                                  
l.3 ...—Ç—Ä—É–∫—Ç—É—Ä –¥–∞–Ω–Ω—ã—Ö, –∏—Å–ø–æ–ª—å–∑
                                                  —É–µ–º—ã—Ö –≤ –∞–ª–≥–æ—Ä–∏...

You may provide a definition with
\DeclareUnicodeCharacter 


! Package inputenc Error: Unicode character —É (U+0443)
(inputenc)                not set up for use with LaTeX.

See the inputenc package documentation for explanation.
Type  H <return>  for immediate help.
 ...                                              
                                                  
l.3 ...—Ä—É–∫—Ç—É—Ä –¥–∞–Ω–Ω—ã—Ö, –∏—Å–ø–æ–ª—å–∑—É
                                                  –µ–º—ã—Ö –≤ –∞–ª–≥–æ—Ä–∏—Ç...

You may provide a definition with
\DeclareUnicodeCharacter 


! Package inputenc Error: Unicode character –µ (U+0435)
(inputenc)                not set up for use with LaTeX.

See the inputenc package documentation for explanation.
Type  H <return>  for immediate help.
 ...                                              
                                                  
l.3 ...—É–∫—Ç—É—Ä –¥–∞–Ω–Ω—ã—Ö, –∏—Å–ø–æ–ª—å–∑—É–µ
                                                  –º—ã—Ö –≤ –∞–ª–≥–æ—Ä–∏—Ç–º...

You may provide a definition with
\DeclareUnicodeCharacter 


! Package inputenc Error: Unicode character –º (U+043C)
(inputenc)                not set up for use with LaTeX.

See the inputenc package documentation for explanation.
Type  H <return>  for immediate help.
 ...                                              
                                                  
l.3 ...–∫—Ç—É—Ä –¥–∞–Ω–Ω—ã—Ö, –∏—Å–ø–æ–ª—å–∑—É–µ–º
                                                  —ã—Ö –≤ –∞–ª–≥–æ—Ä–∏—Ç–º–µ...

You may provide a definition with
\DeclareUnicodeCharacter 


! Package inputenc Error: Unicode character —ã (U+044B)
(inputenc)                not set up for use with LaTeX.

See the inputenc package documentation for explanation.
Type  H <return>  for immediate help.
 ...                                              
                                                  
l.3 ...—Ç—É—Ä –¥–∞–Ω–Ω—ã—Ö, –∏—Å–ø–æ–ª—å–∑—É–µ–º—ã
                                                  —Ö –≤ –∞–ª–≥–æ—Ä–∏—Ç–º–µ; ...

You may provide a definition with
\DeclareUnicodeCharacter 


! Package inputenc Error: Unicode character —Ö (U+0445)
(inputenc)                not set up for use with LaTeX.

See the inputenc package documentation for explanation.
Type  H <return>  for immediate help.
 ...                                              
                                                  
l.3 ...—É—Ä –¥–∞–Ω–Ω—ã—Ö, –∏—Å–ø–æ–ª—å–∑—É–µ–º—ã—Ö
                                                   –≤ –∞–ª–≥–æ—Ä–∏—Ç–º–µ; –æ...

You may provide a definition with
\DeclareUnicodeCharacter 


! Package inputenc Error: Unicode character –≤ (U+0432)
(inputenc)                not set up for use with LaTeX.

See the inputenc package documentation for explanation.
Type  H <return>  for immediate help.
 ...                                              
                                                  
l.3 ...Ä –¥–∞–Ω–Ω—ã—Ö, –∏—Å–ø–æ–ª—å–∑—É–µ–º—ã—Ö –≤
                                                   –∞–ª–≥–æ—Ä–∏—Ç–º–µ; –æ–ø–...

You may provide a definition with
\DeclareUnicodeCharacter 


! Package inputenc Error: Unicode character –∞ (U+0430)
(inputenc)                not set up for use with LaTeX.

See the inputenc package documentation for explanation.
Type  H <return>  for immediate help.
 ...                                              
                                                  
l.3 ...¥–∞–Ω–Ω—ã—Ö, –∏—Å–ø–æ–ª—å–∑—É–µ–º—ã—Ö –≤ –∞
                                                  –ª–≥–æ—Ä–∏—Ç–º–µ; –æ–ø–∏—Å...

You may provide a definition with
\DeclareUnicodeCharacter 


! Package inputenc Error: Unicode character –ª (U+043B)
(inputenc)                not set up for use with LaTeX.

See the inputenc package documentation for explanation.
Type  H <return>  for immediate help.
 ...                                              
                                                  
l.3 ...∞–Ω–Ω—ã—Ö, –∏—Å–ø–æ–ª—å–∑—É–µ–º—ã—Ö –≤ –∞–ª
                                                  –≥–æ—Ä–∏—Ç–º–µ; –æ–ø–∏—Å–∞...

You may provide a definition with
\DeclareUnicodeCharacter 


! Package inputenc Error: Unicode character –≥ (U+0433)
(inputenc)                not set up for use with LaTeX.

See the inputenc package documentation for explanation.
Type  H <return>  for immediate help.
 ...                                              
                                                  
l.3 ...Ω–Ω—ã—Ö, –∏—Å–ø–æ–ª—å–∑—É–µ–º—ã—Ö –≤ –∞–ª–≥
                                                  –æ—Ä–∏—Ç–º–µ; –æ–ø–∏—Å–∞–Ω...

You may provide a definition with
\DeclareUnicodeCharacter 


! Package inputenc Error: Unicode character –æ (U+043E)
(inputenc)                not set up for use with LaTeX.

See the inputenc package documentation for explanation.
Type  H <return>  for immediate help.
 ...                                              
                                                  
l.3 ...Ω—ã—Ö, –∏—Å–ø–æ–ª—å–∑—É–µ–º—ã—Ö –≤ –∞–ª–≥–æ
                                                  —Ä–∏—Ç–º–µ; –æ–ø–∏—Å–∞–Ω–∏...

You may provide a definition with
\DeclareUnicodeCharacter 


! Package inputenc Error: Unicode character —Ä (U+0440)
(inputenc)                not set up for use with LaTeX.

See the inputenc package documentation for explanation.
Type  H <return>  for immediate help.
 ...                                              
                                                  
l.3 ...ã—Ö, –∏—Å–ø–æ–ª—å–∑—É–µ–º—ã—Ö –≤ –∞–ª–≥–æ—Ä
                                                  –∏—Ç–º–µ; –æ–ø–∏—Å–∞–Ω–∏–µ...

You may provide a definition with
\DeclareUnicodeCharacter 


! Package inputenc Error: Unicode character –∏ (U+0438)
(inputenc)                not set up for use with LaTeX.

See the inputenc package documentation for explanation.
Type  H <return>  for immediate help.
 ...                                              
                                                  
l.3 ...Ö, –∏—Å–ø–æ–ª—å–∑—É–µ–º—ã—Ö –≤ –∞–ª–≥–æ—Ä–∏
                                                  —Ç–º–µ; –æ–ø–∏—Å–∞–Ω–∏–µ —...

You may provide a definition with
\DeclareUnicodeCharacter 


! Package inputenc Error: Unicode character —Ç (U+0442)
(inputenc)                not set up for use with LaTeX.

See the inputenc package documentation for explanation.
Type  H <return>  for immediate help.
 ...                                              
                                                  
l.3 ... –∏—Å–ø–æ–ª—å–∑—É–µ–º—ã—Ö –≤ –∞–ª–≥–æ—Ä–∏—Ç
                                                  –º–µ; –æ–ø–∏—Å–∞–Ω–∏–µ —Å–...

You may provide a definition with
\DeclareUnicodeCharacter 


! Package inputenc Error: Unicode character –º (U+043C)
(inputenc)                not set up for use with LaTeX.

See the inputenc package documentation for explanation.
Type  H <return>  for immediate help.
 ...                                              
                                                  
l.3 ...∏—Å–ø–æ–ª—å–∑—É–µ–º—ã—Ö –≤ –∞–ª–≥–æ—Ä–∏—Ç–º
                                                  –µ; –æ–ø–∏—Å–∞–Ω–∏–µ —Å–ø–...

You may provide a definition with
\DeclareUnicodeCharacter 


! Package inputenc Error: Unicode character –µ (U+0435)
(inputenc)                not set up for use with LaTeX.

See the inputenc package documentation for explanation.
Type  H <return>  for immediate help.
 ...                                              
                                                  
l.3 ...Å–ø–æ–ª—å–∑—É–µ–º—ã—Ö –≤ –∞–ª–≥–æ—Ä–∏—Ç–º–µ
                                                  ; –æ–ø–∏—Å–∞–Ω–∏–µ —Å–ø–æ—...

You may provide a definition with
\DeclareUnicodeCharacter 

Missing character: There is no ; in font nullfont!

! Package inputenc Error: Unicode character –æ (U+043E)
(inputenc)                not set up for use with LaTeX.

See the inputenc package documentation for explanation.
Type  H <return>  for immediate help.
 ...                                              
                                                  
l.3 ...æ–ª—å–∑—É–µ–º—ã—Ö –≤ –∞–ª–≥–æ—Ä–∏—Ç–º–µ; –æ
                                                  –ø–∏—Å–∞–Ω–∏–µ —Å–ø–æ—Å–æ–...

You may provide a definition with
\DeclareUnicodeCharacter 


! Package inputenc Error: Unicode character –ø (U+043F)
(inputenc)                not set up for use with LaTeX.

See the inputenc package documentation for explanation.
Type  H <return>  for immediate help.
 ...                                              
                                                  
l.3 ...ª—å–∑—É–µ–º—ã—Ö –≤ –∞–ª–≥–æ—Ä–∏—Ç–º–µ; –æ–ø
                                                  –∏—Å–∞–Ω–∏–µ —Å–ø–æ—Å–æ–±–...

You may provide a definition with
\DeclareUnicodeCharacter 


! Package inputenc Error: Unicode character –∏ (U+0438)
(inputenc)                not set up for use with LaTeX.

See the inputenc package documentation for explanation.
Type  H <return>  for immediate help.
 ...                                              
                                                  
l.3 ...å–∑—É–µ–º—ã—Ö –≤ –∞–ª–≥–æ—Ä–∏—Ç–º–µ; –æ–ø–∏
                                                  —Å–∞–Ω–∏–µ —Å–ø–æ—Å–æ–±–∞ ...

You may provide a definition with
\DeclareUnicodeCharacter 


! Package inputenc Error: Unicode character —Å (U+0441)
(inputenc)                not set up for use with LaTeX.

See the inputenc package documentation for explanation.
Type  H <return>  for immediate help.
 ...                                              
                                                  
l.3 ...∑—É–µ–º—ã—Ö –≤ –∞–ª–≥–æ—Ä–∏—Ç–º–µ; –æ–ø–∏—Å
                                                  –∞–Ω–∏–µ —Å–ø–æ—Å–æ–±–∞ —Ç...

You may provide a definition with
\DeclareUnicodeCharacter 


! Package inputenc Error: Unicode character –∞ (U+0430)
(inputenc)                not set up for use with LaTeX.

See the inputenc package documentation for explanation.
Type  H <return>  for immediate help.
 ...                                              
                                                  
l.3 ...É–µ–º—ã—Ö –≤ –∞–ª–≥–æ—Ä–∏—Ç–º–µ; –æ–ø–∏—Å–∞
                                                  –Ω–∏–µ —Å–ø–æ—Å–æ–±–∞ —Ç–µ...

You may provide a definition with
\DeclareUnicodeCharacter 


! Package inputenc Error: Unicode character –Ω (U+043D)
(inputenc)                not set up for use with LaTeX.

See the inputenc package documentation for explanation.
Type  H <return>  for immediate help.
 ...                                              
                                                  
l.3 ...µ–º—ã—Ö –≤ –∞–ª–≥–æ—Ä–∏—Ç–º–µ; –æ–ø–∏—Å–∞–Ω
                                                  –∏–µ —Å–ø–æ—Å–æ–±–∞ —Ç–µ—Å...

You may provide a definition with
\DeclareUnicodeCharacter 


! Package inputenc Error: Unicode character –∏ (U+0438)
(inputenc)                not set up for use with LaTeX.

See the inputenc package documentation for explanation.
Type  H <return>  for immediate help.
 ...                                              
                                                  
l.3 ...º—ã—Ö –≤ –∞–ª–≥–æ—Ä–∏—Ç–º–µ; –æ–ø–∏—Å–∞–Ω–∏
                                                  –µ —Å–ø–æ—Å–æ–±–∞ —Ç–µ—Å—Ç...

You may provide a definition with
\DeclareUnicodeCharacter 


! Package inputenc Error: Unicode character –µ (U+0435)
(inputenc)                not set up for use with LaTeX.

See the inputenc package documentation for explanation.
Type  H <return>  for immediate help.
 ...                                              
                                                  
l.3 ...ã—Ö –≤ –∞–ª–≥–æ—Ä–∏—Ç–º–µ; –æ–ø–∏—Å–∞–Ω–∏–µ
                                                   —Å–ø–æ—Å–æ–±–∞ —Ç–µ—Å—Ç–∏...

You may provide a definition with
\DeclareUnicodeCharacter 


! Package inputenc Error: Unicode character —Å (U+0441)
(inputenc)                not set up for use with LaTeX.

See the inputenc package documentation for explanation.
Type  H <return>  for immediate help.
 ...                                              
                                                  
l.3 ... –≤ –∞–ª–≥–æ—Ä–∏—Ç–º–µ; –æ–ø–∏—Å–∞–Ω–∏–µ —Å
                                                  –ø–æ—Å–æ–±–∞ —Ç–µ—Å—Ç–∏—Ä–...

You may provide a definition with
\DeclareUnicodeCharacter 


! Package inputenc Error: Unicode character –ø (U+043F)
(inputenc)                not set up for use with LaTeX.

See the inputenc package documentation for explanation.
Type  H <return>  for immediate help.
 ...                                              
                                                  
l.3 ...≤ –∞–ª–≥–æ—Ä–∏—Ç–º–µ; –æ–ø–∏—Å–∞–Ω–∏–µ —Å–ø
                                                  –æ—Å–æ–±–∞ —Ç–µ—Å—Ç–∏—Ä–æ–...

You may provide a definition with
\DeclareUnicodeCharacter 


! Package inputenc Error: Unicode character –æ (U+043E)
(inputenc)                not set up for use with LaTeX.

See the inputenc package documentation for explanation.
Type  H <return>  for immediate help.
 ...                                              
                                                  
l.3 ...–∞–ª–≥–æ—Ä–∏—Ç–º–µ; –æ–ø–∏—Å–∞–Ω–∏–µ —Å–ø–æ
                                                  —Å–æ–±–∞ —Ç–µ—Å—Ç–∏—Ä–æ–≤–...

You may provide a definition with
\DeclareUnicodeCharacter 


! Package inputenc Error: Unicode character —Å (U+0441)
(inputenc)                not set up for use with LaTeX.

See the inputenc package documentation for explanation.
Type  H <return>  for immediate help.
 ...                                              
                                                  
l.3 ...–ª–≥–æ—Ä–∏—Ç–º–µ; –æ–ø–∏—Å–∞–Ω–∏–µ —Å–ø–æ—Å
                                                  –æ–±–∞ —Ç–µ—Å—Ç–∏—Ä–æ–≤–∞–...

You may provide a definition with
\DeclareUnicodeCharacter 


! Package inputenc Error: Unicode character –æ (U+043E)
(inputenc)                not set up for use with LaTeX.

See the inputenc package documentation for explanation.
Type  H <return>  for immediate help.
 ...                                              
                                                  
l.3 ...–≥–æ—Ä–∏—Ç–º–µ; –æ–ø–∏—Å–∞–Ω–∏–µ —Å–ø–æ—Å–æ
                                                  –±–∞ —Ç–µ—Å—Ç–∏—Ä–æ–≤–∞–Ω–...

You may provide a definition with
\DeclareUnicodeCharacter 


! Package inputenc Error: Unicode character –± (U+0431)
(inputenc)                not set up for use with LaTeX.

See the inputenc package documentation for explanation.
Type  H <return>  for immediate help.
 ...                                              
                                                  
l.3 ...–æ—Ä–∏—Ç–º–µ; –æ–ø–∏—Å–∞–Ω–∏–µ —Å–ø–æ—Å–æ–±
                                                  –∞ —Ç–µ—Å—Ç–∏—Ä–æ–≤–∞–Ω–∏—...

You may provide a definition with
\DeclareUnicodeCharacter 


! Package inputenc Error: Unicode character –∞ (U+0430)
(inputenc)                not set up for use with LaTeX.

See the inputenc package documentation for explanation.
Type  H <return>  for immediate help.
 ...                                              
                                                  
l.3 ...—Ä–∏—Ç–º–µ; –æ–ø–∏—Å–∞–Ω–∏–µ —Å–ø–æ—Å–æ–±–∞
                                                   —Ç–µ—Å—Ç–∏—Ä–æ–≤–∞–Ω–∏—è ...

You may provide a definition with
\DeclareUnicodeCharacter 


! Package inputenc Error: Unicode character —Ç (U+0442)
(inputenc)                not set up for use with LaTeX.

See the inputenc package documentation for explanation.
Type  H <return>  for immediate help.
 ...                                              
                                                  
l.3 ...∏—Ç–º–µ; –æ–ø–∏—Å–∞–Ω–∏–µ —Å–ø–æ—Å–æ–±–∞ —Ç
                                                  –µ—Å—Ç–∏—Ä–æ–≤–∞–Ω–∏—è –∏ ...

You may provide a definition with
\DeclareUnicodeCharacter 


! Package inputenc Error: Unicode character –µ (U+0435)
(inputenc)                not set up for use with LaTeX.

See the inputenc package documentation for explanation.
Type  H <return>  for immediate help.
 ...                                              
                                                  
l.3 ...Ç–º–µ; –æ–ø–∏—Å–∞–Ω–∏–µ —Å–ø–æ—Å–æ–±–∞ —Ç–µ
                                                  —Å—Ç–∏—Ä–æ–≤–∞–Ω–∏—è –∏ –≤...

You may provide a definition with
\DeclareUnicodeCharacter 


! Package inputenc Error: Unicode character —Å (U+0441)
(inputenc)                not set up for use with LaTeX.

See the inputenc package documentation for explanation.
Type  H <return>  for immediate help.
 ...                                              
                                                  
l.3 ...º–µ; –æ–ø–∏—Å–∞–Ω–∏–µ —Å–ø–æ—Å–æ–±–∞ —Ç–µ—Å
                                                  —Ç–∏—Ä–æ–≤–∞–Ω–∏—è –∏ –≤—ã...

You may provide a definition with
\DeclareUnicodeCharacter 


! Package inputenc Error: Unicode character —Ç (U+0442)
(inputenc)                not set up for use with LaTeX.

See the inputenc package documentation for explanation.
Type  H <return>  for immediate help.
 ...                                              
                                                  
l.3 ...µ; –æ–ø–∏—Å–∞–Ω–∏–µ —Å–ø–æ—Å–æ–±–∞ —Ç–µ—Å—Ç
                                                  –∏—Ä–æ–≤–∞–Ω–∏—è –∏ –≤—ã–¥...

You may provide a definition with
\DeclareUnicodeCharacter 


! Package inputenc Error: Unicode character –∏ (U+0438)
(inputenc)                not set up for use with LaTeX.

See the inputenc package documentation for explanation.
Type  H <return>  for immediate help.
 ...                                              
                                                  
l.3 ... –æ–ø–∏—Å–∞–Ω–∏–µ —Å–ø–æ—Å–æ–±–∞ —Ç–µ—Å—Ç–∏
                                                  —Ä–æ–≤–∞–Ω–∏—è –∏ –≤—ã–¥–µ...

You may provide a definition with
\DeclareUnicodeCharacter 


! Package inputenc Error: Unicode character —Ä (U+0440)
(inputenc)                not set up for use with LaTeX.

See the inputenc package documentation for explanation.
Type  H <return>  for immediate help.
 ...                                              
                                                  
l.3 ...æ–ø–∏—Å–∞–Ω–∏–µ —Å–ø–æ—Å–æ–±–∞ —Ç–µ—Å—Ç–∏—Ä
                                                  –æ–≤–∞–Ω–∏—è –∏ –≤—ã–¥–µ–ª...

You may provide a definition with
\DeclareUnicodeCharacter 


! Package inputenc Error: Unicode character –æ (U+043E)
(inputenc)                not set up for use with LaTeX.

See the inputenc package documentation for explanation.
Type  H <return>  for immediate help.
 ...                                              
                                                  
l.3 ...ø–∏—Å–∞–Ω–∏–µ —Å–ø–æ—Å–æ–±–∞ —Ç–µ—Å—Ç–∏—Ä–æ
                                                  –≤–∞–Ω–∏—è –∏ –≤—ã–¥–µ–ª–µ...

You may provide a definition with
\DeclareUnicodeCharacter 


! Package inputenc Error: Unicode character –≤ (U+0432)
(inputenc)                not set up for use with LaTeX.

See the inputenc package documentation for explanation.
Type  H <return>  for immediate help.
 ...                                              
                                                  
l.3 ...∏—Å–∞–Ω–∏–µ —Å–ø–æ—Å–æ–±–∞ —Ç–µ—Å—Ç–∏—Ä–æ–≤
                                                  –∞–Ω–∏—è –∏ –≤—ã–¥–µ–ª–µ–Ω...

You may provide a definition with
\DeclareUnicodeCharacter 


! Package inputenc Error: Unicode character –∞ (U+0430)
(inputenc)                not set up for use with LaTeX.

See the inputenc package documentation for explanation.
Type  H <return>  for immediate help.
 ...                                              
                                                  
l.3 ...Å–∞–Ω–∏–µ —Å–ø–æ—Å–æ–±–∞ —Ç–µ—Å—Ç–∏—Ä–æ–≤–∞
                                                  –Ω–∏—è –∏ –≤—ã–¥–µ–ª–µ–Ω–Ω...

You may provide a definition with
\DeclareUnicodeCharacter 


! Package inputenc Error: Unicode character –Ω (U+043D)
(inputenc)                not set up for use with LaTeX.

See the inputenc package documentation for explanation.
Type  H <return>  for immediate help.
 ...                                              
                                                  
l.3 ...∞–Ω–∏–µ —Å–ø–æ—Å–æ–±–∞ —Ç–µ—Å—Ç–∏—Ä–æ–≤–∞–Ω
                                                  –∏—è –∏ –≤—ã–¥–µ–ª–µ–Ω–Ω—ã...

You may provide a definition with
\DeclareUnicodeCharacter 


! Package inputenc Error: Unicode character –∏ (U+0438)
(inputenc)                not set up for use with LaTeX.

See the inputenc package documentation for explanation.
Type  H <return>  for immediate help.
 ...                                              
                                                  
l.3 ...Ω–∏–µ —Å–ø–æ—Å–æ–±–∞ —Ç–µ—Å—Ç–∏—Ä–æ–≤–∞–Ω–∏
                                                  —è –∏ –≤—ã–¥–µ–ª–µ–Ω–Ω—ã—Ö...

You may provide a definition with
\DeclareUnicodeCharacter 


! Package inputenc Error: Unicode character —è (U+044F)
(inputenc)                not set up for use with LaTeX.

See the inputenc package documentation for explanation.
Type  H <return>  for immediate help.
 ...                                              
                                                  
l.3 ...∏–µ —Å–ø–æ—Å–æ–±–∞ —Ç–µ—Å—Ç–∏—Ä–æ–≤–∞–Ω–∏—è
                                                   –∏ –≤—ã–¥–µ–ª–µ–Ω–Ω—ã—Ö –...

You may provide a definition with
\DeclareUnicodeCharacter 


! Package inputenc Error: Unicode character –∏ (U+0438)
(inputenc)                not set up for use with LaTeX.

See the inputenc package documentation for explanation.
Type  H <return>  for immediate help.
 ...                                              
                                                  
l.3 ... —Å–ø–æ—Å–æ–±–∞ —Ç–µ—Å—Ç–∏—Ä–æ–≤–∞–Ω–∏—è –∏
                                                   –≤—ã–¥–µ–ª–µ–Ω–Ω—ã—Ö –∫–ª...

You may provide a definition with
\DeclareUnicodeCharacter 


! Package inputenc Error: Unicode character –≤ (U+0432)
(inputenc)                not set up for use with LaTeX.

See the inputenc package documentation for explanation.
Type  H <return>  for immediate help.
 ...                                              
                                                  
l.3 ...–ø–æ—Å–æ–±–∞ —Ç–µ—Å—Ç–∏—Ä–æ–≤–∞–Ω–∏—è –∏ –≤
                                                  —ã–¥–µ–ª–µ–Ω–Ω—ã—Ö –∫–ª–∞—...

You may provide a definition with
\DeclareUnicodeCharacter 


! Package inputenc Error: Unicode character —ã (U+044B)
(inputenc)                not set up for use with LaTeX.

See the inputenc package documentation for explanation.
Type  H <return>  for immediate help.
 ...                                              
                                                  
l.3 ...–æ—Å–æ–±–∞ —Ç–µ—Å—Ç–∏—Ä–æ–≤–∞–Ω–∏—è –∏ –≤—ã
                                                  –¥–µ–ª–µ–Ω–Ω—ã—Ö –∫–ª–∞—Å—...

You may provide a definition with
\DeclareUnicodeCharacter 


! Package inputenc Error: Unicode character –¥ (U+0434)
(inputenc)                not set up for use with LaTeX.

See the inputenc package documentation for explanation.
Type  H <return>  for immediate help.
 ...                                              
                                                  
l.3 ...—Å–æ–±–∞ —Ç–µ—Å—Ç–∏—Ä–æ–≤–∞–Ω–∏—è –∏ –≤—ã–¥
                                                  –µ–ª–µ–Ω–Ω—ã—Ö –∫–ª–∞—Å—Å–...

You may provide a definition with
\DeclareUnicodeCharacter 


! Package inputenc Error: Unicode character –µ (U+0435)
(inputenc)                not set up for use with LaTeX.

See the inputenc package documentation for explanation.
Type  H <return>  for immediate help.
 ...                                              
                                                  
l.3 ...–æ–±–∞ —Ç–µ—Å—Ç–∏—Ä–æ–≤–∞–Ω–∏—è –∏ –≤—ã–¥–µ
                                                  –ª–µ–Ω–Ω—ã—Ö –∫–ª–∞—Å—Å–æ–...

You may provide a definition with
\DeclareUnicodeCharacter 


! Package inputenc Error: Unicode character –ª (U+043B)
(inputenc)                not set up for use with LaTeX.

See the inputenc package documentation for explanation.
Type  H <return>  for immediate help.
 ...                                              
                                                  
l.3 ...–±–∞ —Ç–µ—Å—Ç–∏—Ä–æ–≤–∞–Ω–∏—è –∏ –≤—ã–¥–µ–ª
                                                  –µ–Ω–Ω—ã—Ö –∫–ª–∞—Å—Å–æ–≤ ...

You may provide a definition with
\DeclareUnicodeCharacter 


! Package inputenc Error: Unicode character –µ (U+0435)
(inputenc)                not set up for use with LaTeX.

See the inputenc package documentation for explanation.
Type  H <return>  for immediate help.
 ...                                              
                                                  
l.3 ...–∞ —Ç–µ—Å—Ç–∏—Ä–æ–≤–∞–Ω–∏—è –∏ –≤—ã–¥–µ–ª–µ
                                                  –Ω–Ω—ã—Ö –∫–ª–∞—Å—Å–æ–≤ —ç...

You may provide a definition with
\DeclareUnicodeCharacter 


! Package inputenc Error: Unicode character –Ω (U+043D)
(inputenc)                not set up for use with LaTeX.

See the inputenc package documentation for explanation.
Type  H <return>  for immediate help.
 ...                                              
                                                  
l.3 ... —Ç–µ—Å—Ç–∏—Ä–æ–≤–∞–Ω–∏—è –∏ –≤—ã–¥–µ–ª–µ–Ω
                                                  –Ω—ã—Ö –∫–ª–∞—Å—Å–æ–≤ —ç–∫...

You may provide a definition with
\DeclareUnicodeCharacter 


! Package inputenc Error: Unicode character –Ω (U+043D)
(inputenc)                not set up for use with LaTeX.

See the inputenc package documentation for explanation.
Type  H <return>  for immediate help.
 ...                                              
                                                  
l.3 ...Ç–µ—Å—Ç–∏—Ä–æ–≤–∞–Ω–∏—è –∏ –≤—ã–¥–µ–ª–µ–Ω–Ω
                                                  —ã—Ö –∫–ª–∞—Å—Å–æ–≤ —ç–∫–≤...

You may provide a definition with
\DeclareUnicodeCharacter 


! Package inputenc Error: Unicode character —ã (U+044B)
(inputenc)                not set up for use with LaTeX.

See the inputenc package documentation for explanation.
Type  H <return>  for immediate help.
 ...                                              
                                                  
l.3 ...µ—Å—Ç–∏—Ä–æ–≤–∞–Ω–∏—è –∏ –≤—ã–¥–µ–ª–µ–Ω–Ω—ã
                                                  —Ö –∫–ª–∞—Å—Å–æ–≤ —ç–∫–≤–∏...

You may provide a definition with
\DeclareUnicodeCharacter 


! Package inputenc Error: Unicode character —Ö (U+0445)
(inputenc)                not set up for use with LaTeX.

See the inputenc package documentation for explanation.
Type  H <return>  for immediate help.
 ...                                              
                                                  
l.3 ...Å—Ç–∏—Ä–æ–≤–∞–Ω–∏—è –∏ –≤—ã–¥–µ–ª–µ–Ω–Ω—ã—Ö
                                                   –∫–ª–∞—Å—Å–æ–≤ —ç–∫–≤–∏–≤...

You may provide a definition with
\DeclareUnicodeCharacter 


! Package inputenc Error: Unicode character –∫ (U+043A)
(inputenc)                not set up for use with LaTeX.

See the inputenc package documentation for explanation.
Type  H <return>  for immediate help.
 ...                                              
                                                  
l.3 ...–∏—Ä–æ–≤–∞–Ω–∏—è –∏ –≤—ã–¥–µ–ª–µ–Ω–Ω—ã—Ö –∫
                                                  –ª–∞—Å—Å–æ–≤ —ç–∫–≤–∏–≤–∞–...

You may provide a definition with
\DeclareUnicodeCharacter 


! Package inputenc Error: Unicode character –ª (U+043B)
(inputenc)                not set up for use with LaTeX.

See the inputenc package documentation for explanation.
Type  H <return>  for immediate help.
 ...                                              
                                                  
l.3 ...—Ä–æ–≤–∞–Ω–∏—è –∏ –≤—ã–¥–µ–ª–µ–Ω–Ω—ã—Ö –∫–ª
                                                  –∞—Å—Å–æ–≤ —ç–∫–≤–∏–≤–∞–ª–...

You may provide a definition with
\DeclareUnicodeCharacter 


! Package inputenc Error: Unicode character –∞ (U+0430)
(inputenc)                not set up for use with LaTeX.

See the inputenc package documentation for explanation.
Type  H <return>  for immediate help.
 ...                                              
                                                  
l.3 ...–æ–≤–∞–Ω–∏—è –∏ –≤—ã–¥–µ–ª–µ–Ω–Ω—ã—Ö –∫–ª–∞
                                                  —Å—Å–æ–≤ —ç–∫–≤–∏–≤–∞–ª–µ–...

You may provide a definition with
\DeclareUnicodeCharacter 


! Package inputenc Error: Unicode character —Å (U+0441)
(inputenc)                not set up for use with LaTeX.

See the inputenc package documentation for explanation.
Type  H <return>  for immediate help.
 ...                                              
                                                  
l.3 ...–≤–∞–Ω–∏—è –∏ –≤—ã–¥–µ–ª–µ–Ω–Ω—ã—Ö –∫–ª–∞—Å
                                                  —Å–æ–≤ —ç–∫–≤–∏–≤–∞–ª–µ–Ω—...

You may provide a definition with
\DeclareUnicodeCharacter 


! Package inputenc Error: Unicode character —Å (U+0441)
(inputenc)                not set up for use with LaTeX.

See the inputenc package documentation for explanation.
Type  H <return>  for immediate help.
 ...                                              
                                                  
l.3 ...–∞–Ω–∏—è –∏ –≤—ã–¥–µ–ª–µ–Ω–Ω—ã—Ö –∫–ª–∞—Å—Å
                                                  –æ–≤ —ç–∫–≤–∏–≤–∞–ª–µ–Ω—Ç–...

You may provide a definition with
\DeclareUnicodeCharacter 


! Package inputenc Error: Unicode character –æ (U+043E)
(inputenc)                not set up for use with LaTeX.

See the inputenc package documentation for explanation.
Type  H <return>  for immediate help.
 ...                                              
                                                  
l.3 ...–Ω–∏—è –∏ –≤—ã–¥–µ–ª–µ–Ω–Ω—ã—Ö –∫–ª–∞—Å—Å–æ
                                                  –≤ —ç–∫–≤–∏–≤–∞–ª–µ–Ω—Ç–Ω–...

You may provide a definition with
\DeclareUnicodeCharacter 


! Package inputenc Error: Unicode character –≤ (U+0432)
(inputenc)                not set up for use with LaTeX.

See the inputenc package documentation for explanation.
Type  H <return>  for immediate help.
 ...                                              
                                                  
l.3 ...–∏—è –∏ –≤—ã–¥–µ–ª–µ–Ω–Ω—ã—Ö –∫–ª–∞—Å—Å–æ–≤
                                                   —ç–∫–≤–∏–≤–∞–ª–µ–Ω—Ç–Ω–æ—...

You may provide a definition with
\DeclareUnicodeCharacter 


! Package inputenc Error: Unicode character —ç (U+044D)
(inputenc)                not set up for use with LaTeX.

See the inputenc package documentation for explanation.
Type  H <return>  for immediate help.
 ...                                              
                                                  
l.3 ...è –∏ –≤—ã–¥–µ–ª–µ–Ω–Ω—ã—Ö –∫–ª–∞—Å—Å–æ–≤ —ç
                                                  –∫–≤–∏–≤–∞–ª–µ–Ω—Ç–Ω–æ—Å—Ç...

You may provide a definition with
\DeclareUnicodeCharacter 


! Package inputenc Error: Unicode character –∫ (U+043A)
(inputenc)                not set up for use with LaTeX.

See the inputenc package documentation for explanation.
Type  H <return>  for immediate help.
 ...                                              
                                                  
l.3 ...–∏ –≤—ã–¥–µ–ª–µ–Ω–Ω—ã—Ö –∫–ª–∞—Å—Å–æ–≤ —ç–∫
                                                  –≤–∏–≤–∞–ª–µ–Ω—Ç–Ω–æ—Å—Ç–∏...

You may provide a definition with
\DeclareUnicodeCharacter 


! Package inputenc Error: Unicode character –≤ (U+0432)
(inputenc)                not set up for use with LaTeX.

See the inputenc package documentation for explanation.
Type  H <return>  for immediate help.
 ...                                              
                                                  
l.3 ... –≤—ã–¥–µ–ª–µ–Ω–Ω—ã—Ö –∫–ª–∞—Å—Å–æ–≤ —ç–∫–≤
                                                  –∏–≤–∞–ª–µ–Ω—Ç–Ω–æ—Å—Ç–∏; ...

You may provide a definition with
\DeclareUnicodeCharacter 


! Package inputenc Error: Unicode character –∏ (U+0438)
(inputenc)                not set up for use with LaTeX.

See the inputenc package documentation for explanation.
Type  H <return>  for immediate help.
 ...                                              
                                                  
l.3 ...≤—ã–¥–µ–ª–µ–Ω–Ω—ã—Ö –∫–ª–∞—Å—Å–æ–≤ —ç–∫–≤–∏
                                                  –≤–∞–ª–µ–Ω—Ç–Ω–æ—Å—Ç–∏; –æ...

You may provide a definition with
\DeclareUnicodeCharacter 


! Package inputenc Error: Unicode character –≤ (U+0432)
(inputenc)                not set up for use with LaTeX.

See the inputenc package documentation for explanation.
Type  H <return>  for immediate help.
 ...                                              
                                                  
l.3 ...ã–¥–µ–ª–µ–Ω–Ω—ã—Ö –∫–ª–∞—Å—Å–æ–≤ —ç–∫–≤–∏–≤
                                                  –∞–ª–µ–Ω—Ç–Ω–æ—Å—Ç–∏; –æ–ø...

You may provide a definition with
\DeclareUnicodeCharacter 


! Package inputenc Error: Unicode character –∞ (U+0430)
(inputenc)                not set up for use with LaTeX.

See the inputenc package documentation for explanation.
Type  H <return>  for immediate help.
 ...                                              
                                                  
l.3 ...¥–µ–ª–µ–Ω–Ω—ã—Ö –∫–ª–∞—Å—Å–æ–≤ —ç–∫–≤–∏–≤–∞
                                                  –ª–µ–Ω—Ç–Ω–æ—Å—Ç–∏; –æ–ø–∏...

You may provide a definition with
\DeclareUnicodeCharacter 


! Package inputenc Error: Unicode character –ª (U+043B)
(inputenc)                not set up for use with LaTeX.

See the inputenc package documentation for explanation.
Type  H <return>  for immediate help.
 ...                                              
                                                  
l.3 ...µ–ª–µ–Ω–Ω—ã—Ö –∫–ª–∞—Å—Å–æ–≤ —ç–∫–≤–∏–≤–∞–ª
                                                  –µ–Ω—Ç–Ω–æ—Å—Ç–∏; –æ–ø–∏—Å...

You may provide a definition with
\DeclareUnicodeCharacter 


! Package inputenc Error: Unicode character –µ (U+0435)
(inputenc)                not set up for use with LaTeX.

See the inputenc package documentation for explanation.
Type  H <return>  for immediate help.
 ...                                              
                                                  
l.3 ...ª–µ–Ω–Ω—ã—Ö –∫–ª–∞—Å—Å–æ–≤ —ç–∫–≤–∏–≤–∞–ª–µ
                                                  –Ω—Ç–Ω–æ—Å—Ç–∏; –æ–ø–∏—Å–∞...

You may provide a definition with
\DeclareUnicodeCharacter 


! Package inputenc Error: Unicode character –Ω (U+043D)
(inputenc)                not set up for use with LaTeX.

See the inputenc package documentation for explanation.
Type  H <return>  for immediate help.
 ...                                              
                                                  
l.3 ...µ–Ω–Ω—ã—Ö –∫–ª–∞—Å—Å–æ–≤ —ç–∫–≤–∏–≤–∞–ª–µ–Ω
                                                  —Ç–Ω–æ—Å—Ç–∏; –æ–ø–∏—Å–∞–Ω...

You may provide a definition with
\DeclareUnicodeCharacter 


! Package inputenc Error: Unicode character —Ç (U+0442)
(inputenc)                not set up for use with LaTeX.

See the inputenc package documentation for explanation.
Type  H <return>  for immediate help.
 ...                                              
                                                  
l.3 ...Ω–Ω—ã—Ö –∫–ª–∞—Å—Å–æ–≤ —ç–∫–≤–∏–≤–∞–ª–µ–Ω—Ç
                                                  –Ω–æ—Å—Ç–∏; –æ–ø–∏—Å–∞–Ω–∏...
(That makes 100 errors; please try again.) 
Here is how much of TeX's memory you used:
 45 strings out of 478864
 785 string characters out of 2848186
 292975 words of memory out of 3000000
 18069 multiletter control sequences out of 15000+600000
 403430 words of font info for 27 fonts, out of 8000000 for 9000
 1141 hyphenation exceptions out of 8191
 13i,0n,12p,523b,31s stack positions out of 5000i,500n,10000p,200000b,80000s

!  ==> Fatal error occurred, no output PDF file produced!
