This is pdfTeX, Version 3.141592653-2.6-1.40.22 (MiKTeX 21.6) (preloaded format=pdflatex 2021.9.14)  24 SEP 2021 00:09
entering extended mode
**./03_analysis.tex
(03_analysis.tex
LaTeX2e <2021-06-01>
L3 programming layer <2021-06-01>
! Undefined control sequence.
l.1 \chapter
            {–ê–Ω–∞–ª–∏—Ç–∏—á–µ—Å–∫–∏–π —Ä–∞–∑–¥–µ–ª}
The control sequence at the end of the top line
of your error message was never \def'ed. If you have
misspelled it (e.g., `\hobx'), type `I' and the correct
spelling (e.g., `I\hbox'). Otherwise just continue,
and I'll forget about whatever was undefined.


! Package inputenc Error: Unicode character –ê (U+0410)
(inputenc)                not set up for use with LaTeX.

See the inputenc package documentation for explanation.
Type  H <return>  for immediate help.
 ...                                              
                                                  
l.1 \chapter{–ê
               –Ω–∞–ª–∏—Ç–∏—á–µ—Å–∫–∏–π —Ä–∞–∑–¥–µ–ª}
You may provide a definition with
\DeclareUnicodeCharacter 


! Package inputenc Error: Unicode character –Ω (U+043D)
(inputenc)                not set up for use with LaTeX.

See the inputenc package documentation for explanation.
Type  H <return>  for immediate help.
 ...                                              
                                                  
l.1 \chapter{–ê–Ω
                 –∞–ª–∏—Ç–∏—á–µ—Å–∫–∏–π —Ä–∞–∑–¥–µ–ª}
You may provide a definition with
\DeclareUnicodeCharacter 


! Package inputenc Error: Unicode character –∞ (U+0430)
(inputenc)                not set up for use with LaTeX.

See the inputenc package documentation for explanation.
Type  H <return>  for immediate help.
 ...                                              
                                                  
l.1 \chapter{–ê–Ω–∞
                   –ª–∏—Ç–∏—á–µ—Å–∫–∏–π —Ä–∞–∑–¥–µ–ª}
You may provide a definition with
\DeclareUnicodeCharacter 


! Package inputenc Error: Unicode character –ª (U+043B)
(inputenc)                not set up for use with LaTeX.

See the inputenc package documentation for explanation.
Type  H <return>  for immediate help.
 ...                                              
                                                  
l.1 \chapter{–ê–Ω–∞–ª
                     –∏—Ç–∏—á–µ—Å–∫–∏–π —Ä–∞–∑–¥–µ–ª}
You may provide a definition with
\DeclareUnicodeCharacter 


! Package inputenc Error: Unicode character –∏ (U+0438)
(inputenc)                not set up for use with LaTeX.

See the inputenc package documentation for explanation.
Type  H <return>  for immediate help.
 ...                                              
                                                  
l.1 \chapter{–ê–Ω–∞–ª–∏
                       —Ç–∏—á–µ—Å–∫–∏–π —Ä–∞–∑–¥–µ–ª}
You may provide a definition with
\DeclareUnicodeCharacter 


! Package inputenc Error: Unicode character —Ç (U+0442)
(inputenc)                not set up for use with LaTeX.

See the inputenc package documentation for explanation.
Type  H <return>  for immediate help.
 ...                                              
                                                  
l.1 \chapter{–ê–Ω–∞–ª–∏—Ç
                         –∏—á–µ—Å–∫–∏–π —Ä–∞–∑–¥–µ–ª}
You may provide a definition with
\DeclareUnicodeCharacter 


! Package inputenc Error: Unicode character –∏ (U+0438)
(inputenc)                not set up for use with LaTeX.

See the inputenc package documentation for explanation.
Type  H <return>  for immediate help.
 ...                                              
                                                  
l.1 \chapter{–ê–Ω–∞–ª–∏—Ç–∏
                           —á–µ—Å–∫–∏–π —Ä–∞–∑–¥–µ–ª}
You may provide a definition with
\DeclareUnicodeCharacter 


! Package inputenc Error: Unicode character —á (U+0447)
(inputenc)                not set up for use with LaTeX.

See the inputenc package documentation for explanation.
Type  H <return>  for immediate help.
 ...                                              
                                                  
l.1 \chapter{–ê–Ω–∞–ª–∏—Ç–∏—á
                             –µ—Å–∫–∏–π —Ä–∞–∑–¥–µ–ª}
You may provide a definition with
\DeclareUnicodeCharacter 


! Package inputenc Error: Unicode character –µ (U+0435)
(inputenc)                not set up for use with LaTeX.

See the inputenc package documentation for explanation.
Type  H <return>  for immediate help.
 ...                                              
                                                  
l.1 \chapter{–ê–Ω–∞–ª–∏—Ç–∏—á–µ
                               —Å–∫–∏–π —Ä–∞–∑–¥–µ–ª}
You may provide a definition with
\DeclareUnicodeCharacter 


! Package inputenc Error: Unicode character —Å (U+0441)
(inputenc)                not set up for use with LaTeX.

See the inputenc package documentation for explanation.
Type  H <return>  for immediate help.
 ...                                              
                                                  
l.1 \chapter{–ê–Ω–∞–ª–∏—Ç–∏—á–µ—Å
                                 –∫–∏–π —Ä–∞–∑–¥–µ–ª}
You may provide a definition with
\DeclareUnicodeCharacter 


! Package inputenc Error: Unicode character –∫ (U+043A)
(inputenc)                not set up for use with LaTeX.

See the inputenc package documentation for explanation.
Type  H <return>  for immediate help.
 ...                                              
                                                  
l.1 \chapter{–ê–Ω–∞–ª–∏—Ç–∏—á–µ—Å–∫
                                   –∏–π —Ä–∞–∑–¥–µ–ª}
You may provide a definition with
\DeclareUnicodeCharacter 


! Package inputenc Error: Unicode character –∏ (U+0438)
(inputenc)                not set up for use with LaTeX.

See the inputenc package documentation for explanation.
Type  H <return>  for immediate help.
 ...                                              
                                                  
l.1 \chapter{–ê–Ω–∞–ª–∏—Ç–∏—á–µ—Å–∫–∏
                                     –π —Ä–∞–∑–¥–µ–ª}
You may provide a definition with
\DeclareUnicodeCharacter 


! Package inputenc Error: Unicode character –π (U+0439)
(inputenc)                not set up for use with LaTeX.

See the inputenc package documentation for explanation.
Type  H <return>  for immediate help.
 ...                                              
                                                  
l.1 \chapter{–ê–Ω–∞–ª–∏—Ç–∏—á–µ—Å–∫–∏–π
                                        —Ä–∞–∑–¥–µ–ª}
You may provide a definition with
\DeclareUnicodeCharacter 


! Package inputenc Error: Unicode character —Ä (U+0440)
(inputenc)                not set up for use with LaTeX.

See the inputenc package documentation for explanation.
Type  H <return>  for immediate help.
 ...                                              
                                                  
l.1 \chapter{–ê–Ω–∞–ª–∏—Ç–∏—á–µ—Å–∫–∏–π —Ä
                                          –∞–∑–¥–µ–ª}
You may provide a definition with
\DeclareUnicodeCharacter 


! Package inputenc Error: Unicode character –∞ (U+0430)
(inputenc)                not set up for use with LaTeX.

See the inputenc package documentation for explanation.
Type  H <return>  for immediate help.
 ...                                              
                                                  
l.1 \chapter{–ê–Ω–∞–ª–∏—Ç–∏—á–µ—Å–∫–∏–π —Ä–∞
                                            –∑–¥–µ–ª}
You may provide a definition with
\DeclareUnicodeCharacter 


! Package inputenc Error: Unicode character –∑ (U+0437)
(inputenc)                not set up for use with LaTeX.

See the inputenc package documentation for explanation.
Type  H <return>  for immediate help.
 ...                                              
                                                  
l.1 \chapter{–ê–Ω–∞–ª–∏—Ç–∏—á–µ—Å–∫–∏–π —Ä–∞–∑
                                              –¥–µ–ª}
You may provide a definition with
\DeclareUnicodeCharacter 


! Package inputenc Error: Unicode character –¥ (U+0434)
(inputenc)                not set up for use with LaTeX.

See the inputenc package documentation for explanation.
Type  H <return>  for immediate help.
 ...                                              
                                                  
l.1 \chapter{–ê–Ω–∞–ª–∏—Ç–∏—á–µ—Å–∫–∏–π —Ä–∞–∑–¥
                                                –µ–ª}
You may provide a definition with
\DeclareUnicodeCharacter 


! Package inputenc Error: Unicode character –µ (U+0435)
(inputenc)                not set up for use with LaTeX.

See the inputenc package documentation for explanation.
Type  H <return>  for immediate help.
 ...                                              
                                                  
l.1 \chapter{–ê–Ω–∞–ª–∏—Ç–∏—á–µ—Å–∫–∏–π —Ä–∞–∑–¥–µ
                                                  –ª}
You may provide a definition with
\DeclareUnicodeCharacter 


! Package inputenc Error: Unicode character –ª (U+043B)
(inputenc)                not set up for use with LaTeX.

See the inputenc package documentation for explanation.
Type  H <return>  for immediate help.
 ...                                              
                                                  
l.1 ...ter{–ê–Ω–∞–ª–∏—Ç–∏—á–µ—Å–∫–∏–π —Ä–∞–∑–¥–µ–ª
                                                  }
You may provide a definition with
\DeclareUnicodeCharacter 

! Undefined control sequence.
l.3 \section
            {–†–∞—Å—Å—Ç–æ—è–Ω–∏–µ –õ–µ–≤–µ–Ω—à—Ç–µ–π–Ω–∞}
The control sequence at the end of the top line
of your error message was never \def'ed. If you have
misspelled it (e.g., `\hobx'), type `I' and the correct
spelling (e.g., `I\hbox'). Otherwise just continue,
and I'll forget about whatever was undefined.


! Package inputenc Error: Unicode character –† (U+0420)
(inputenc)                not set up for use with LaTeX.

See the inputenc package documentation for explanation.
Type  H <return>  for immediate help.
 ...                                              
                                                  
l.3 \section{–†
               –∞—Å—Å—Ç–æ—è–Ω–∏–µ –õ–µ–≤–µ–Ω—à—Ç–µ–π–Ω–∞}
You may provide a definition with
\DeclareUnicodeCharacter 


! Package inputenc Error: Unicode character –∞ (U+0430)
(inputenc)                not set up for use with LaTeX.

See the inputenc package documentation for explanation.
Type  H <return>  for immediate help.
 ...                                              
                                                  
l.3 \section{–†–∞
                 —Å—Å—Ç–æ—è–Ω–∏–µ –õ–µ–≤–µ–Ω—à—Ç–µ–π–Ω–∞}
You may provide a definition with
\DeclareUnicodeCharacter 


! Package inputenc Error: Unicode character —Å (U+0441)
(inputenc)                not set up for use with LaTeX.

See the inputenc package documentation for explanation.
Type  H <return>  for immediate help.
 ...                                              
                                                  
l.3 \section{–†–∞—Å
                   —Å—Ç–æ—è–Ω–∏–µ –õ–µ–≤–µ–Ω—à—Ç–µ–π–Ω–∞}
You may provide a definition with
\DeclareUnicodeCharacter 


! Package inputenc Error: Unicode character —Å (U+0441)
(inputenc)                not set up for use with LaTeX.

See the inputenc package documentation for explanation.
Type  H <return>  for immediate help.
 ...                                              
                                                  
l.3 \section{–†–∞—Å—Å
                     —Ç–æ—è–Ω–∏–µ –õ–µ–≤–µ–Ω—à—Ç–µ–π–Ω–∞}
You may provide a definition with
\DeclareUnicodeCharacter 


! Package inputenc Error: Unicode character —Ç (U+0442)
(inputenc)                not set up for use with LaTeX.

See the inputenc package documentation for explanation.
Type  H <return>  for immediate help.
 ...                                              
                                                  
l.3 \section{–†–∞—Å—Å—Ç
                       –æ—è–Ω–∏–µ –õ–µ–≤–µ–Ω—à—Ç–µ–π–Ω–∞}
You may provide a definition with
\DeclareUnicodeCharacter 


! Package inputenc Error: Unicode character –æ (U+043E)
(inputenc)                not set up for use with LaTeX.

See the inputenc package documentation for explanation.
Type  H <return>  for immediate help.
 ...                                              
                                                  
l.3 \section{–†–∞—Å—Å—Ç–æ
                         —è–Ω–∏–µ –õ–µ–≤–µ–Ω—à—Ç–µ–π–Ω–∞}
You may provide a definition with
\DeclareUnicodeCharacter 


! Package inputenc Error: Unicode character —è (U+044F)
(inputenc)                not set up for use with LaTeX.

See the inputenc package documentation for explanation.
Type  H <return>  for immediate help.
 ...                                              
                                                  
l.3 \section{–†–∞—Å—Å—Ç–æ—è
                           –Ω–∏–µ –õ–µ–≤–µ–Ω—à—Ç–µ–π–Ω–∞}
You may provide a definition with
\DeclareUnicodeCharacter 


! Package inputenc Error: Unicode character –Ω (U+043D)
(inputenc)                not set up for use with LaTeX.

See the inputenc package documentation for explanation.
Type  H <return>  for immediate help.
 ...                                              
                                                  
l.3 \section{–†–∞—Å—Å—Ç–æ—è–Ω
                             –∏–µ –õ–µ–≤–µ–Ω—à—Ç–µ–π–Ω–∞}
You may provide a definition with
\DeclareUnicodeCharacter 


! Package inputenc Error: Unicode character –∏ (U+0438)
(inputenc)                not set up for use with LaTeX.

See the inputenc package documentation for explanation.
Type  H <return>  for immediate help.
 ...                                              
                                                  
l.3 \section{–†–∞—Å—Å—Ç–æ—è–Ω–∏
                               –µ –õ–µ–≤–µ–Ω—à—Ç–µ–π–Ω–∞}
You may provide a definition with
\DeclareUnicodeCharacter 


! Package inputenc Error: Unicode character –µ (U+0435)
(inputenc)                not set up for use with LaTeX.

See the inputenc package documentation for explanation.
Type  H <return>  for immediate help.
 ...                                              
                                                  
l.3 \section{–†–∞—Å—Å—Ç–æ—è–Ω–∏–µ
                                  –õ–µ–≤–µ–Ω—à—Ç–µ–π–Ω–∞}
You may provide a definition with
\DeclareUnicodeCharacter 


! Package inputenc Error: Unicode character –õ (U+041B)
(inputenc)                not set up for use with LaTeX.

See the inputenc package documentation for explanation.
Type  H <return>  for immediate help.
 ...                                              
                                                  
l.3 \section{–†–∞—Å—Å—Ç–æ—è–Ω–∏–µ –õ
                                    –µ–≤–µ–Ω—à—Ç–µ–π–Ω–∞}
You may provide a definition with
\DeclareUnicodeCharacter 


! Package inputenc Error: Unicode character –µ (U+0435)
(inputenc)                not set up for use with LaTeX.

See the inputenc package documentation for explanation.
Type  H <return>  for immediate help.
 ...                                              
                                                  
l.3 \section{–†–∞—Å—Å—Ç–æ—è–Ω–∏–µ –õ–µ
                                      –≤–µ–Ω—à—Ç–µ–π–Ω–∞}
You may provide a definition with
\DeclareUnicodeCharacter 


! Package inputenc Error: Unicode character –≤ (U+0432)
(inputenc)                not set up for use with LaTeX.

See the inputenc package documentation for explanation.
Type  H <return>  for immediate help.
 ...                                              
                                                  
l.3 \section{–†–∞—Å—Å—Ç–æ—è–Ω–∏–µ –õ–µ–≤
                                        –µ–Ω—à—Ç–µ–π–Ω–∞}
You may provide a definition with
\DeclareUnicodeCharacter 


! Package inputenc Error: Unicode character –µ (U+0435)
(inputenc)                not set up for use with LaTeX.

See the inputenc package documentation for explanation.
Type  H <return>  for immediate help.
 ...                                              
                                                  
l.3 \section{–†–∞—Å—Å—Ç–æ—è–Ω–∏–µ –õ–µ–≤–µ
                                          –Ω—à—Ç–µ–π–Ω–∞}
You may provide a definition with
\DeclareUnicodeCharacter 


! Package inputenc Error: Unicode character –Ω (U+043D)
(inputenc)                not set up for use with LaTeX.

See the inputenc package documentation for explanation.
Type  H <return>  for immediate help.
 ...                                              
                                                  
l.3 \section{–†–∞—Å—Å—Ç–æ—è–Ω–∏–µ –õ–µ–≤–µ–Ω
                                            —à—Ç–µ–π–Ω–∞}
You may provide a definition with
\DeclareUnicodeCharacter 


! Package inputenc Error: Unicode character —à (U+0448)
(inputenc)                not set up for use with LaTeX.

See the inputenc package documentation for explanation.
Type  H <return>  for immediate help.
 ...                                              
                                                  
l.3 \section{–†–∞—Å—Å—Ç–æ—è–Ω–∏–µ –õ–µ–≤–µ–Ω—à
                                              —Ç–µ–π–Ω–∞}
You may provide a definition with
\DeclareUnicodeCharacter 


! Package inputenc Error: Unicode character —Ç (U+0442)
(inputenc)                not set up for use with LaTeX.

See the inputenc package documentation for explanation.
Type  H <return>  for immediate help.
 ...                                              
                                                  
l.3 \section{–†–∞—Å—Å—Ç–æ—è–Ω–∏–µ –õ–µ–≤–µ–Ω—à—Ç
                                                –µ–π–Ω–∞}
You may provide a definition with
\DeclareUnicodeCharacter 


! Package inputenc Error: Unicode character –µ (U+0435)
(inputenc)                not set up for use with LaTeX.

See the inputenc package documentation for explanation.
Type  H <return>  for immediate help.
 ...                                              
                                                  
l.3 \section{–†–∞—Å—Å—Ç–æ—è–Ω–∏–µ –õ–µ–≤–µ–Ω—à—Ç–µ
                                                  –π–Ω–∞}
You may provide a definition with
\DeclareUnicodeCharacter 


! Package inputenc Error: Unicode character –π (U+0439)
(inputenc)                not set up for use with LaTeX.

See the inputenc package documentation for explanation.
Type  H <return>  for immediate help.
 ...                                              
                                                  
l.3 ...ion{–†–∞—Å—Å—Ç–æ—è–Ω–∏–µ –õ–µ–≤–µ–Ω—à—Ç–µ–π
                                                  –Ω–∞}
You may provide a definition with
\DeclareUnicodeCharacter 


! Package inputenc Error: Unicode character –Ω (U+043D)
(inputenc)                not set up for use with LaTeX.

See the inputenc package documentation for explanation.
Type  H <return>  for immediate help.
 ...                                              
                                                  
l.3 ...n{–†–∞—Å—Å—Ç–æ—è–Ω–∏–µ –õ–µ–≤–µ–Ω—à—Ç–µ–π–Ω
                                                  –∞}
You may provide a definition with
\DeclareUnicodeCharacter 


! Package inputenc Error: Unicode character –∞ (U+0430)
(inputenc)                not set up for use with LaTeX.

See the inputenc package documentation for explanation.
Type  H <return>  for immediate help.
 ...                                              
                                                  
l.3 ...–†–∞—Å—Å—Ç–æ—è–Ω–∏–µ –õ–µ–≤–µ–Ω—à—Ç–µ–π–Ω–∞
                                                  }
You may provide a definition with
\DeclareUnicodeCharacter 


! Package inputenc Error: Unicode character –† (U+0420)
(inputenc)                not set up for use with LaTeX.

See the inputenc package documentation for explanation.
Type  H <return>  for immediate help.
 ...                                              
                                                  
l.4 –†
      –∞—Å—Å—Ç–æ—è–Ω–∏–µ –õ–µ–≤–µ–Ω—à—Ç–µ–π–Ω–∞ (—Ä–µ–¥–∞–∫—Ç–æ—Ä—Å–∫–æ–µ —Ä...

You may provide a definition with
\DeclareUnicodeCharacter 


! Package inputenc Error: Unicode character –∞ (U+0430)
(inputenc)                not set up for use with LaTeX.

See the inputenc package documentation for explanation.
Type  H <return>  for immediate help.
 ...                                              
                                                  
l.4 –†–∞
        —Å—Å—Ç–æ—è–Ω–∏–µ –õ–µ–≤–µ–Ω—à—Ç–µ–π–Ω–∞ (—Ä–µ–¥–∞–∫—Ç–æ—Ä—Å–∫–æ–µ —Ä...

You may provide a definition with
\DeclareUnicodeCharacter 


! Package inputenc Error: Unicode character —Å (U+0441)
(inputenc)                not set up for use with LaTeX.

See the inputenc package documentation for explanation.
Type  H <return>  for immediate help.
 ...                                              
                                                  
l.4 –†–∞—Å
          —Å—Ç–æ—è–Ω–∏–µ –õ–µ–≤–µ–Ω—à—Ç–µ–π–Ω–∞ (—Ä–µ–¥–∞–∫—Ç–æ—Ä—Å–∫–æ–µ —Ä...

You may provide a definition with
\DeclareUnicodeCharacter 


! Package inputenc Error: Unicode character —Å (U+0441)
(inputenc)                not set up for use with LaTeX.

See the inputenc package documentation for explanation.
Type  H <return>  for immediate help.
 ...                                              
                                                  
l.4 –†–∞—Å—Å
            —Ç–æ—è–Ω–∏–µ –õ–µ–≤–µ–Ω—à—Ç–µ–π–Ω–∞ (—Ä–µ–¥–∞–∫—Ç–æ—Ä—Å–∫–æ–µ —Ä...

You may provide a definition with
\DeclareUnicodeCharacter 


! Package inputenc Error: Unicode character —Ç (U+0442)
(inputenc)                not set up for use with LaTeX.

See the inputenc package documentation for explanation.
Type  H <return>  for immediate help.
 ...                                              
                                                  
l.4 –†–∞—Å—Å—Ç
              –æ—è–Ω–∏–µ –õ–µ–≤–µ–Ω—à—Ç–µ–π–Ω–∞ (—Ä–µ–¥–∞–∫—Ç–æ—Ä—Å–∫–æ–µ —Ä...

You may provide a definition with
\DeclareUnicodeCharacter 


! Package inputenc Error: Unicode character –æ (U+043E)
(inputenc)                not set up for use with LaTeX.

See the inputenc package documentation for explanation.
Type  H <return>  for immediate help.
 ...                                              
                                                  
l.4 –†–∞—Å—Å—Ç–æ
                —è–Ω–∏–µ –õ–µ–≤–µ–Ω—à—Ç–µ–π–Ω–∞ (—Ä–µ–¥–∞–∫—Ç–æ—Ä—Å–∫–æ–µ —Ä...

You may provide a definition with
\DeclareUnicodeCharacter 


! Package inputenc Error: Unicode character —è (U+044F)
(inputenc)                not set up for use with LaTeX.

See the inputenc package documentation for explanation.
Type  H <return>  for immediate help.
 ...                                              
                                                  
l.4 –†–∞—Å—Å—Ç–æ—è
                  –Ω–∏–µ –õ–µ–≤–µ–Ω—à—Ç–µ–π–Ω–∞ (—Ä–µ–¥–∞–∫—Ç–æ—Ä—Å–∫–æ–µ —Ä...

You may provide a definition with
\DeclareUnicodeCharacter 


! Package inputenc Error: Unicode character –Ω (U+043D)
(inputenc)                not set up for use with LaTeX.

See the inputenc package documentation for explanation.
Type  H <return>  for immediate help.
 ...                                              
                                                  
l.4 –†–∞—Å—Å—Ç–æ—è–Ω
                    –∏–µ –õ–µ–≤–µ–Ω—à—Ç–µ–π–Ω–∞ (—Ä–µ–¥–∞–∫—Ç–æ—Ä—Å–∫–æ–µ —Ä...

You may provide a definition with
\DeclareUnicodeCharacter 


! Package inputenc Error: Unicode character –∏ (U+0438)
(inputenc)                not set up for use with LaTeX.

See the inputenc package documentation for explanation.
Type  H <return>  for immediate help.
 ...                                              
                                                  
l.4 –†–∞—Å—Å—Ç–æ—è–Ω–∏
                      –µ –õ–µ–≤–µ–Ω—à—Ç–µ–π–Ω–∞ (—Ä–µ–¥–∞–∫—Ç–æ—Ä—Å–∫–æ–µ —Ä...

You may provide a definition with
\DeclareUnicodeCharacter 


! Package inputenc Error: Unicode character –µ (U+0435)
(inputenc)                not set up for use with LaTeX.

See the inputenc package documentation for explanation.
Type  H <return>  for immediate help.
 ...                                              
                                                  
l.4 –†–∞—Å—Å—Ç–æ—è–Ω–∏–µ
                         –õ–µ–≤–µ–Ω—à—Ç–µ–π–Ω–∞ (—Ä–µ–¥–∞–∫—Ç–æ—Ä—Å–∫–æ–µ —Ä...

You may provide a definition with
\DeclareUnicodeCharacter 


! Package inputenc Error: Unicode character –õ (U+041B)
(inputenc)                not set up for use with LaTeX.

See the inputenc package documentation for explanation.
Type  H <return>  for immediate help.
 ...                                              
                                                  
l.4 –†–∞—Å—Å—Ç–æ—è–Ω–∏–µ –õ
                           –µ–≤–µ–Ω—à—Ç–µ–π–Ω–∞ (—Ä–µ–¥–∞–∫—Ç–æ—Ä—Å–∫–æ–µ —Ä...

You may provide a definition with
\DeclareUnicodeCharacter 


! Package inputenc Error: Unicode character –µ (U+0435)
(inputenc)                not set up for use with LaTeX.

See the inputenc package documentation for explanation.
Type  H <return>  for immediate help.
 ...                                              
                                                  
l.4 –†–∞—Å—Å—Ç–æ—è–Ω–∏–µ –õ–µ
                             –≤–µ–Ω—à—Ç–µ–π–Ω–∞ (—Ä–µ–¥–∞–∫—Ç–æ—Ä—Å–∫–æ–µ —Ä...

You may provide a definition with
\DeclareUnicodeCharacter 


! Package inputenc Error: Unicode character –≤ (U+0432)
(inputenc)                not set up for use with LaTeX.

See the inputenc package documentation for explanation.
Type  H <return>  for immediate help.
 ...                                              
                                                  
l.4 –†–∞—Å—Å—Ç–æ—è–Ω–∏–µ –õ–µ–≤
                               –µ–Ω—à—Ç–µ–π–Ω–∞ (—Ä–µ–¥–∞–∫—Ç–æ—Ä—Å–∫–æ–µ —Ä...

You may provide a definition with
\DeclareUnicodeCharacter 


! Package inputenc Error: Unicode character –µ (U+0435)
(inputenc)                not set up for use with LaTeX.

See the inputenc package documentation for explanation.
Type  H <return>  for immediate help.
 ...                                              
                                                  
l.4 –†–∞—Å—Å—Ç–æ—è–Ω–∏–µ –õ–µ–≤–µ
                                 –Ω—à—Ç–µ–π–Ω–∞ (—Ä–µ–¥–∞–∫—Ç–æ—Ä—Å–∫–æ–µ —Ä...

You may provide a definition with
\DeclareUnicodeCharacter 


! Package inputenc Error: Unicode character –Ω (U+043D)
(inputenc)                not set up for use with LaTeX.

See the inputenc package documentation for explanation.
Type  H <return>  for immediate help.
 ...                                              
                                                  
l.4 –†–∞—Å—Å—Ç–æ—è–Ω–∏–µ –õ–µ–≤–µ–Ω
                                   —à—Ç–µ–π–Ω–∞ (—Ä–µ–¥–∞–∫—Ç–æ—Ä—Å–∫–æ–µ —Ä...

You may provide a definition with
\DeclareUnicodeCharacter 


! Package inputenc Error: Unicode character —à (U+0448)
(inputenc)                not set up for use with LaTeX.

See the inputenc package documentation for explanation.
Type  H <return>  for immediate help.
 ...                                              
                                                  
l.4 –†–∞—Å—Å—Ç–æ—è–Ω–∏–µ –õ–µ–≤–µ–Ω—à
                                     —Ç–µ–π–Ω–∞ (—Ä–µ–¥–∞–∫—Ç–æ—Ä—Å–∫–æ–µ —Ä...

You may provide a definition with
\DeclareUnicodeCharacter 


! Package inputenc Error: Unicode character —Ç (U+0442)
(inputenc)                not set up for use with LaTeX.

See the inputenc package documentation for explanation.
Type  H <return>  for immediate help.
 ...                                              
                                                  
l.4 –†–∞—Å—Å—Ç–æ—è–Ω–∏–µ –õ–µ–≤–µ–Ω—à—Ç
                                       –µ–π–Ω–∞ (—Ä–µ–¥–∞–∫—Ç–æ—Ä—Å–∫–æ–µ —Ä...

You may provide a definition with
\DeclareUnicodeCharacter 


! Package inputenc Error: Unicode character –µ (U+0435)
(inputenc)                not set up for use with LaTeX.

See the inputenc package documentation for explanation.
Type  H <return>  for immediate help.
 ...                                              
                                                  
l.4 –†–∞—Å—Å—Ç–æ—è–Ω–∏–µ –õ–µ–≤–µ–Ω—à—Ç–µ
                                         –π–Ω–∞ (—Ä–µ–¥–∞–∫—Ç–æ—Ä—Å–∫–æ–µ —Ä...

You may provide a definition with
\DeclareUnicodeCharacter 


! Package inputenc Error: Unicode character –π (U+0439)
(inputenc)                not set up for use with LaTeX.

See the inputenc package documentation for explanation.
Type  H <return>  for immediate help.
 ...                                              
                                                  
l.4 –†–∞—Å—Å—Ç–æ—è–Ω–∏–µ –õ–µ–≤–µ–Ω—à—Ç–µ–π
                                           –Ω–∞ (—Ä–µ–¥–∞–∫—Ç–æ—Ä—Å–∫–æ–µ —Ä...

You may provide a definition with
\DeclareUnicodeCharacter 


! Package inputenc Error: Unicode character –Ω (U+043D)
(inputenc)                not set up for use with LaTeX.

See the inputenc package documentation for explanation.
Type  H <return>  for immediate help.
 ...                                              
                                                  
l.4 –†–∞—Å—Å—Ç–æ—è–Ω–∏–µ –õ–µ–≤–µ–Ω—à—Ç–µ–π–Ω
                                             –∞ (—Ä–µ–¥–∞–∫—Ç–æ—Ä—Å–∫–æ–µ —Ä...

You may provide a definition with
\DeclareUnicodeCharacter 


! Package inputenc Error: Unicode character –∞ (U+0430)
(inputenc)                not set up for use with LaTeX.

See the inputenc package documentation for explanation.
Type  H <return>  for immediate help.
 ...                                              
                                                  
l.4 –†–∞—Å—Å—Ç–æ—è–Ω–∏–µ –õ–µ–≤–µ–Ω—à—Ç–µ–π–Ω–∞
                                                (—Ä–µ–¥–∞–∫—Ç–æ—Ä—Å–∫–æ–µ —Ä...

You may provide a definition with
\DeclareUnicodeCharacter 


! LaTeX Error: Missing \begin{document}.

See the LaTeX manual or LaTeX Companion for explanation.
Type  H <return>  for immediate help.
 ...                                              
                                                  
l.4 –†–∞—Å—Å—Ç–æ—è–Ω–∏–µ –õ–µ–≤–µ–Ω—à—Ç–µ–π–Ω–∞ (
                                                 —Ä–µ–¥–∞–∫—Ç–æ—Ä—Å–∫–æ–µ —Ä...

You're in trouble here.  Try typing  <return>  to proceed.
If that doesn't work, type  X <return>  to quit.

Missing character: There is no ( in font nullfont!

! Package inputenc Error: Unicode character —Ä (U+0440)
(inputenc)                not set up for use with LaTeX.

See the inputenc package documentation for explanation.
Type  H <return>  for immediate help.
 ...                                              
                                                  
l.4 ...—Å—Å—Ç–æ—è–Ω–∏–µ –õ–µ–≤–µ–Ω—à—Ç–µ–π–Ω–∞ (—Ä
                                                  –µ–¥–∞–∫—Ç–æ—Ä—Å–∫–æ–µ —Ä–...

You may provide a definition with
\DeclareUnicodeCharacter 


! Package inputenc Error: Unicode character –µ (U+0435)
(inputenc)                not set up for use with LaTeX.

See the inputenc package documentation for explanation.
Type  H <return>  for immediate help.
 ...                                              
                                                  
l.4 ...—Å—Ç–æ—è–Ω–∏–µ –õ–µ–≤–µ–Ω—à—Ç–µ–π–Ω–∞ (—Ä–µ
                                                  –¥–∞–∫—Ç–æ—Ä—Å–∫–æ–µ —Ä–∞—...

You may provide a definition with
\DeclareUnicodeCharacter 


! Package inputenc Error: Unicode character –¥ (U+0434)
(inputenc)                not set up for use with LaTeX.

See the inputenc package documentation for explanation.
Type  H <return>  for immediate help.
 ...                                              
                                                  
l.4 ...—Ç–æ—è–Ω–∏–µ –õ–µ–≤–µ–Ω—à—Ç–µ–π–Ω–∞ (—Ä–µ–¥
                                                  –∞–∫—Ç–æ—Ä—Å–∫–æ–µ —Ä–∞—Å—...

You may provide a definition with
\DeclareUnicodeCharacter 


! Package inputenc Error: Unicode character –∞ (U+0430)
(inputenc)                not set up for use with LaTeX.

See the inputenc package documentation for explanation.
Type  H <return>  for immediate help.
 ...                                              
                                                  
l.4 ...–æ—è–Ω–∏–µ –õ–µ–≤–µ–Ω—à—Ç–µ–π–Ω–∞ (—Ä–µ–¥–∞
                                                  –∫—Ç–æ—Ä—Å–∫–æ–µ —Ä–∞—Å—Å—...

You may provide a definition with
\DeclareUnicodeCharacter 


! Package inputenc Error: Unicode character –∫ (U+043A)
(inputenc)                not set up for use with LaTeX.

See the inputenc package documentation for explanation.
Type  H <return>  for immediate help.
 ...                                              
                                                  
l.4 ...—è–Ω–∏–µ –õ–µ–≤–µ–Ω—à—Ç–µ–π–Ω–∞ (—Ä–µ–¥–∞–∫
                                                  —Ç–æ—Ä—Å–∫–æ–µ —Ä–∞—Å—Å—Ç–...

You may provide a definition with
\DeclareUnicodeCharacter 


! Package inputenc Error: Unicode character —Ç (U+0442)
(inputenc)                not set up for use with LaTeX.

See the inputenc package documentation for explanation.
Type  H <return>  for immediate help.
 ...                                              
                                                  
l.4 ...–Ω–∏–µ –õ–µ–≤–µ–Ω—à—Ç–µ–π–Ω–∞ (—Ä–µ–¥–∞–∫—Ç
                                                  –æ—Ä—Å–∫–æ–µ —Ä–∞—Å—Å—Ç–æ—...

You may provide a definition with
\DeclareUnicodeCharacter 


! Package inputenc Error: Unicode character –æ (U+043E)
(inputenc)                not set up for use with LaTeX.

See the inputenc package documentation for explanation.
Type  H <return>  for immediate help.
 ...                                              
                                                  
l.4 ...–∏–µ –õ–µ–≤–µ–Ω—à—Ç–µ–π–Ω–∞ (—Ä–µ–¥–∞–∫—Ç–æ
                                                  —Ä—Å–∫–æ–µ —Ä–∞—Å—Å—Ç–æ—è–...

You may provide a definition with
\DeclareUnicodeCharacter 


! Package inputenc Error: Unicode character —Ä (U+0440)
(inputenc)                not set up for use with LaTeX.

See the inputenc package documentation for explanation.
Type  H <return>  for immediate help.
 ...                                              
                                                  
l.4 ...–µ –õ–µ–≤–µ–Ω—à—Ç–µ–π–Ω–∞ (—Ä–µ–¥–∞–∫—Ç–æ—Ä
                                                  —Å–∫–æ–µ —Ä–∞—Å—Å—Ç–æ—è–Ω–...

You may provide a definition with
\DeclareUnicodeCharacter 


! Package inputenc Error: Unicode character —Å (U+0441)
(inputenc)                not set up for use with LaTeX.

See the inputenc package documentation for explanation.
Type  H <return>  for immediate help.
 ...                                              
                                                  
l.4 ... –õ–µ–≤–µ–Ω—à—Ç–µ–π–Ω–∞ (—Ä–µ–¥–∞–∫—Ç–æ—Ä—Å
                                                  –∫–æ–µ —Ä–∞—Å—Å—Ç–æ—è–Ω–∏–...

You may provide a definition with
\DeclareUnicodeCharacter 


! Package inputenc Error: Unicode character –∫ (U+043A)
(inputenc)                not set up for use with LaTeX.

See the inputenc package documentation for explanation.
Type  H <return>  for immediate help.
 ...                                              
                                                  
l.4 ...õ–µ–≤–µ–Ω—à—Ç–µ–π–Ω–∞ (—Ä–µ–¥–∞–∫—Ç–æ—Ä—Å–∫
                                                  –æ–µ —Ä–∞—Å—Å—Ç–æ—è–Ω–∏–µ)...

You may provide a definition with
\DeclareUnicodeCharacter 


! Package inputenc Error: Unicode character –æ (U+043E)
(inputenc)                not set up for use with LaTeX.

See the inputenc package documentation for explanation.
Type  H <return>  for immediate help.
 ...                                              
                                                  
l.4 ...µ–≤–µ–Ω—à—Ç–µ–π–Ω–∞ (—Ä–µ–¥–∞–∫—Ç–æ—Ä—Å–∫–æ
                                                  –µ —Ä–∞—Å—Å—Ç–æ—è–Ω–∏–µ) –...

You may provide a definition with
\DeclareUnicodeCharacter 


! Package inputenc Error: Unicode character –µ (U+0435)
(inputenc)                not set up for use with LaTeX.

See the inputenc package documentation for explanation.
Type  H <return>  for immediate help.
 ...                                              
                                                  
l.4 ...≤–µ–Ω—à—Ç–µ–π–Ω–∞ (—Ä–µ–¥–∞–∫—Ç–æ—Ä—Å–∫–æ–µ
                                                   —Ä–∞—Å—Å—Ç–æ—è–Ω–∏–µ) –º–...

You may provide a definition with
\DeclareUnicodeCharacter 


! Package inputenc Error: Unicode character —Ä (U+0440)
(inputenc)                not set up for use with LaTeX.

See the inputenc package documentation for explanation.
Type  H <return>  for immediate help.
 ...                                              
                                                  
l.4 ...–Ω—à—Ç–µ–π–Ω–∞ (—Ä–µ–¥–∞–∫—Ç–æ—Ä—Å–∫–æ–µ —Ä
                                                  –∞—Å—Å—Ç–æ—è–Ω–∏–µ) –º–µ–∂...

You may provide a definition with
\DeclareUnicodeCharacter 


! Package inputenc Error: Unicode character –∞ (U+0430)
(inputenc)                not set up for use with LaTeX.

See the inputenc package documentation for explanation.
Type  H <return>  for immediate help.
 ...                                              
                                                  
l.4 ...—à—Ç–µ–π–Ω–∞ (—Ä–µ–¥–∞–∫—Ç–æ—Ä—Å–∫–æ–µ —Ä–∞
                                                  —Å—Å—Ç–æ—è–Ω–∏–µ) –º–µ–∂–¥...

You may provide a definition with
\DeclareUnicodeCharacter 


! Package inputenc Error: Unicode character —Å (U+0441)
(inputenc)                not set up for use with LaTeX.

See the inputenc package documentation for explanation.
Type  H <return>  for immediate help.
 ...                                              
                                                  
l.4 ...—Ç–µ–π–Ω–∞ (—Ä–µ–¥–∞–∫—Ç–æ—Ä—Å–∫–æ–µ —Ä–∞—Å
                                                  —Å—Ç–æ—è–Ω–∏–µ) –º–µ–∂–¥—É...

You may provide a definition with
\DeclareUnicodeCharacter 


! Package inputenc Error: Unicode character —Å (U+0441)
(inputenc)                not set up for use with LaTeX.

See the inputenc package documentation for explanation.
Type  H <return>  for immediate help.
 ...                                              
                                                  
l.4 ...–µ–π–Ω–∞ (—Ä–µ–¥–∞–∫—Ç–æ—Ä—Å–∫–æ–µ —Ä–∞—Å—Å
                                                  —Ç–æ—è–Ω–∏–µ) –º–µ–∂–¥—É –...

You may provide a definition with
\DeclareUnicodeCharacter 


! Package inputenc Error: Unicode character —Ç (U+0442)
(inputenc)                not set up for use with LaTeX.

See the inputenc package documentation for explanation.
Type  H <return>  for immediate help.
 ...                                              
                                                  
l.4 ...–π–Ω–∞ (—Ä–µ–¥–∞–∫—Ç–æ—Ä—Å–∫–æ–µ —Ä–∞—Å—Å—Ç
                                                  –æ—è–Ω–∏–µ) –º–µ–∂–¥—É –¥–...

You may provide a definition with
\DeclareUnicodeCharacter 


! Package inputenc Error: Unicode character –æ (U+043E)
(inputenc)                not set up for use with LaTeX.

See the inputenc package documentation for explanation.
Type  H <return>  for immediate help.
 ...                                              
                                                  
l.4 ...–Ω–∞ (—Ä–µ–¥–∞–∫—Ç–æ—Ä—Å–∫–æ–µ —Ä–∞—Å—Å—Ç–æ
                                                  —è–Ω–∏–µ) –º–µ–∂–¥—É –¥–≤—...

You may provide a definition with
\DeclareUnicodeCharacter 


! Package inputenc Error: Unicode character —è (U+044F)
(inputenc)                not set up for use with LaTeX.

See the inputenc package documentation for explanation.
Type  H <return>  for immediate help.
 ...                                              
                                                  
l.4 ...–∞ (—Ä–µ–¥–∞–∫—Ç–æ—Ä—Å–∫–æ–µ —Ä–∞—Å—Å—Ç–æ—è
                                                  –Ω–∏–µ) –º–µ–∂–¥—É –¥–≤—É–...

You may provide a definition with
\DeclareUnicodeCharacter 


! Package inputenc Error: Unicode character –Ω (U+043D)
(inputenc)                not set up for use with LaTeX.

See the inputenc package documentation for explanation.
Type  H <return>  for immediate help.
 ...                                              
                                                  
l.4 ... (—Ä–µ–¥–∞–∫—Ç–æ—Ä—Å–∫–æ–µ —Ä–∞—Å—Å—Ç–æ—è–Ω
                                                  –∏–µ) –º–µ–∂–¥—É –¥–≤—É–º—...

You may provide a definition with
\DeclareUnicodeCharacter 


! Package inputenc Error: Unicode character –∏ (U+0438)
(inputenc)                not set up for use with LaTeX.

See the inputenc package documentation for explanation.
Type  H <return>  for immediate help.
 ...                                              
                                                  
l.4 ...—Ä–µ–¥–∞–∫—Ç–æ—Ä—Å–∫–æ–µ —Ä–∞—Å—Å—Ç–æ—è–Ω–∏
                                                  –µ) –º–µ–∂–¥—É –¥–≤—É–º—è ...

You may provide a definition with
\DeclareUnicodeCharacter 


! Package inputenc Error: Unicode character –µ (U+0435)
(inputenc)                not set up for use with LaTeX.

See the inputenc package documentation for explanation.
Type  H <return>  for immediate help.
 ...                                              
                                                  
l.4 ...–µ–¥–∞–∫—Ç–æ—Ä—Å–∫–æ–µ —Ä–∞—Å—Å—Ç–æ—è–Ω–∏–µ
                                                  ) –º–µ–∂–¥—É –¥–≤—É–º—è —Å...

You may provide a definition with
\DeclareUnicodeCharacter 

Missing character: There is no ) in font nullfont!

! Package inputenc Error: Unicode character –º (U+043C)
(inputenc)                not set up for use with LaTeX.

See the inputenc package documentation for explanation.
Type  H <return>  for immediate help.
 ...                                              
                                                  
l.4 ...–∞–∫—Ç–æ—Ä—Å–∫–æ–µ —Ä–∞—Å—Å—Ç–æ—è–Ω–∏–µ) –º
                                                  –µ–∂–¥—É –¥–≤—É–º—è —Å—Ç—Ä...

You may provide a definition with
\DeclareUnicodeCharacter 


! Package inputenc Error: Unicode character –µ (U+0435)
(inputenc)                not set up for use with LaTeX.

See the inputenc package documentation for explanation.
Type  H <return>  for immediate help.
 ...                                              
                                                  
l.4 ...–∫—Ç–æ—Ä—Å–∫–æ–µ —Ä–∞—Å—Å—Ç–æ—è–Ω–∏–µ) –º–µ
                                                  –∂–¥—É –¥–≤—É–º—è —Å—Ç—Ä–æ...

You may provide a definition with
\DeclareUnicodeCharacter 


! Package inputenc Error: Unicode character –∂ (U+0436)
(inputenc)                not set up for use with LaTeX.

See the inputenc package documentation for explanation.
Type  H <return>  for immediate help.
 ...                                              
                                                  
l.4 ...—Ç–æ—Ä—Å–∫–æ–µ —Ä–∞—Å—Å—Ç–æ—è–Ω–∏–µ) –º–µ–∂
                                                  –¥—É –¥–≤—É–º—è —Å—Ç—Ä–æ–∫...

You may provide a definition with
\DeclareUnicodeCharacter 


! Package inputenc Error: Unicode character –¥ (U+0434)
(inputenc)                not set up for use with LaTeX.

See the inputenc package documentation for explanation.
Type  H <return>  for immediate help.
 ...                                              
                                                  
l.4 ...–æ—Ä—Å–∫–æ–µ —Ä–∞—Å—Å—Ç–æ—è–Ω–∏–µ) –º–µ–∂–¥
                                                  —É –¥–≤—É–º—è —Å—Ç—Ä–æ–∫–∞...

You may provide a definition with
\DeclareUnicodeCharacter 


! Package inputenc Error: Unicode character —É (U+0443)
(inputenc)                not set up for use with LaTeX.

See the inputenc package documentation for explanation.
Type  H <return>  for immediate help.
 ...                                              
                                                  
l.4 ...—Ä—Å–∫–æ–µ —Ä–∞—Å—Å—Ç–æ—è–Ω–∏–µ) –º–µ–∂–¥—É
                                                   –¥–≤—É–º—è —Å—Ç—Ä–æ–∫–∞–º...

You may provide a definition with
\DeclareUnicodeCharacter 


! Package inputenc Error: Unicode character –¥ (U+0434)
(inputenc)                not set up for use with LaTeX.

See the inputenc package documentation for explanation.
Type  H <return>  for immediate help.
 ...                                              
                                                  
l.4 ...Å–∫–æ–µ —Ä–∞—Å—Å—Ç–æ—è–Ω–∏–µ) –º–µ–∂–¥—É –¥
                                                  –≤—É–º—è —Å—Ç—Ä–æ–∫–∞–º–∏ ...

You may provide a definition with
\DeclareUnicodeCharacter 


! Package inputenc Error: Unicode character –≤ (U+0432)
(inputenc)                not set up for use with LaTeX.

See the inputenc package documentation for explanation.
Type  H <return>  for immediate help.
 ...                                              
                                                  
l.4 ...∫–æ–µ —Ä–∞—Å—Å—Ç–æ—è–Ω–∏–µ) –º–µ–∂–¥—É –¥–≤
                                                  —É–º—è —Å—Ç—Ä–æ–∫–∞–º–∏ [1...

You may provide a definition with
\DeclareUnicodeCharacter 


! Package inputenc Error: Unicode character —É (U+0443)
(inputenc)                not set up for use with LaTeX.

See the inputenc package documentation for explanation.
Type  H <return>  for immediate help.
 ...                                              
                                                  
l.4 ...æ–µ —Ä–∞—Å—Å—Ç–æ—è–Ω–∏–µ) –º–µ–∂–¥—É –¥–≤—É
                                                  –º—è —Å—Ç—Ä–æ–∫–∞–º–∏ [1] ...

You may provide a definition with
\DeclareUnicodeCharacter 


! Package inputenc Error: Unicode character –º (U+043C)
(inputenc)                not set up for use with LaTeX.

See the inputenc package documentation for explanation.
Type  H <return>  for immediate help.
 ...                                              
                                                  
l.4 ...µ —Ä–∞—Å—Å—Ç–æ—è–Ω–∏–µ) –º–µ–∂–¥—É –¥–≤—É–º
                                                  —è —Å—Ç—Ä–æ–∫–∞–º–∏ [1] - ...

You may provide a definition with
\DeclareUnicodeCharacter 


! Package inputenc Error: Unicode character —è (U+044F)
(inputenc)                not set up for use with LaTeX.

See the inputenc package documentation for explanation.
Type  H <return>  for immediate help.
 ...                                              
                                                  
l.4 ...—Ä–∞—Å—Å—Ç–æ—è–Ω–∏–µ) –º–µ–∂–¥—É –¥–≤—É–º—è
                                                   —Å—Ç—Ä–æ–∫–∞–º–∏ [1] - –º...

You may provide a definition with
\DeclareUnicodeCharacter 


! Package inputenc Error: Unicode character —Å (U+0441)
(inputenc)                not set up for use with LaTeX.

See the inputenc package documentation for explanation.
Type  H <return>  for immediate help.
 ...                                              
                                                  
l.4 ...∞—Å—Å—Ç–æ—è–Ω–∏–µ) –º–µ–∂–¥—É –¥–≤—É–º—è —Å
                                                  —Ç—Ä–æ–∫–∞–º–∏ [1] - –º–∏–...

You may provide a definition with
\DeclareUnicodeCharacter 


! Package inputenc Error: Unicode character —Ç (U+0442)
(inputenc)                not set up for use with LaTeX.

See the inputenc package documentation for explanation.
Type  H <return>  for immediate help.
 ...                                              
                                                  
l.4 ...Å—Å—Ç–æ—è–Ω–∏–µ) –º–µ–∂–¥—É –¥–≤—É–º—è —Å—Ç
                                                  —Ä–æ–∫–∞–º–∏ [1] - –º–∏–Ω–...

You may provide a definition with
\DeclareUnicodeCharacter 


! Package inputenc Error: Unicode character —Ä (U+0440)
(inputenc)                not set up for use with LaTeX.

See the inputenc package documentation for explanation.
Type  H <return>  for immediate help.
 ...                                              
                                                  
l.4 ...Å—Ç–æ—è–Ω–∏–µ) –º–µ–∂–¥—É –¥–≤—É–º—è —Å—Ç—Ä
                                                  –æ–∫–∞–º–∏ [1] - –º–∏–Ω–∏–...

You may provide a definition with
\DeclareUnicodeCharacter 


! Package inputenc Error: Unicode character –æ (U+043E)
(inputenc)                not set up for use with LaTeX.

See the inputenc package documentation for explanation.
Type  H <return>  for immediate help.
 ...                                              
                                                  
l.4 ...Ç–æ—è–Ω–∏–µ) –º–µ–∂–¥—É –¥–≤—É–º—è —Å—Ç—Ä–æ
                                                  –∫–∞–º–∏ [1] - –º–∏–Ω–∏–º–...

You may provide a definition with
\DeclareUnicodeCharacter 


! Package inputenc Error: Unicode character –∫ (U+043A)
(inputenc)                not set up for use with LaTeX.

See the inputenc package documentation for explanation.
Type  H <return>  for immediate help.
 ...                                              
                                                  
l.4 ...æ—è–Ω–∏–µ) –º–µ–∂–¥—É –¥–≤—É–º—è —Å—Ç—Ä–æ–∫
                                                  –∞–º–∏ [1] - –º–∏–Ω–∏–º–∞–...

You may provide a definition with
\DeclareUnicodeCharacter 


! Package inputenc Error: Unicode character –∞ (U+0430)
(inputenc)                not set up for use with LaTeX.

See the inputenc package documentation for explanation.
Type  H <return>  for immediate help.
 ...                                              
                                                  
l.4 ...è–Ω–∏–µ) –º–µ–∂–¥—É –¥–≤—É–º—è —Å—Ç—Ä–æ–∫–∞
                                                  –º–∏ [1] - –º–∏–Ω–∏–º–∞–ª—...

You may provide a definition with
\DeclareUnicodeCharacter 


! Package inputenc Error: Unicode character –º (U+043C)
(inputenc)                not set up for use with LaTeX.

See the inputenc package documentation for explanation.
Type  H <return>  for immediate help.
 ...                                              
                                                  
l.4 ...Ω–∏–µ) –º–µ–∂–¥—É –¥–≤—É–º—è —Å—Ç—Ä–æ–∫–∞–º
                                                  –∏ [1] - –º–∏–Ω–∏–º–∞–ª—å–...

You may provide a definition with
\DeclareUnicodeCharacter 


! Package inputenc Error: Unicode character –∏ (U+0438)
(inputenc)                not set up for use with LaTeX.

See the inputenc package documentation for explanation.
Type  H <return>  for immediate help.
 ...                                              
                                                  
l.4 ...∏–µ) –º–µ–∂–¥—É –¥–≤—É–º—è —Å—Ç—Ä–æ–∫–∞–º–∏
                                                   [1] - –º–∏–Ω–∏–º–∞–ª—å–Ω–...

You may provide a definition with
\DeclareUnicodeCharacter 

Missing character: There is no [ in font nullfont!
Missing character: There is no 1 in font nullfont!
Missing character: There is no ] in font nullfont!
Missing character: There is no - in font nullfont!

! Package inputenc Error: Unicode character –º (U+043C)
(inputenc)                not set up for use with LaTeX.

See the inputenc package documentation for explanation.
Type  H <return>  for immediate help.
 ...                                              
                                                  
l.4 ...–∂–¥—É –¥–≤—É–º—è —Å—Ç—Ä–æ–∫–∞–º–∏ [1] - –º
                                                  –∏–Ω–∏–º–∞–ª—å–Ω–æ–µ –∫–æ–...

You may provide a definition with
\DeclareUnicodeCharacter 


! Package inputenc Error: Unicode character –∏ (U+0438)
(inputenc)                not set up for use with LaTeX.

See the inputenc package documentation for explanation.
Type  H <return>  for immediate help.
 ...                                              
                                                  
l.4 ...–¥—É –¥–≤—É–º—è —Å—Ç—Ä–æ–∫–∞–º–∏ [1] - –º–∏
                                                  –Ω–∏–º–∞–ª—å–Ω–æ–µ –∫–æ–ª–...

You may provide a definition with
\DeclareUnicodeCharacter 


! Package inputenc Error: Unicode character –Ω (U+043D)
(inputenc)                not set up for use with LaTeX.

See the inputenc package documentation for explanation.
Type  H <return>  for immediate help.
 ...                                              
                                                  
l.4 ...—É –¥–≤—É–º—è —Å—Ç—Ä–æ–∫–∞–º–∏ [1] - –º–∏–Ω
                                                  –∏–º–∞–ª—å–Ω–æ–µ –∫–æ–ª–∏—...

You may provide a definition with
\DeclareUnicodeCharacter 


! Package inputenc Error: Unicode character –∏ (U+0438)
(inputenc)                not set up for use with LaTeX.

See the inputenc package documentation for explanation.
Type  H <return>  for immediate help.
 ...                                              
                                                  
l.4 ... –¥–≤—É–º—è —Å—Ç—Ä–æ–∫–∞–º–∏ [1] - –º–∏–Ω–∏
                                                  –º–∞–ª—å–Ω–æ–µ –∫–æ–ª–∏—á–...

You may provide a definition with
\DeclareUnicodeCharacter 


! Package inputenc Error: Unicode character –º (U+043C)
(inputenc)                not set up for use with LaTeX.

See the inputenc package documentation for explanation.
Type  H <return>  for immediate help.
 ...                                              
                                                  
l.4 ...¥–≤—É–º—è —Å—Ç—Ä–æ–∫–∞–º–∏ [1] - –º–∏–Ω–∏–º
                                                  –∞–ª—å–Ω–æ–µ –∫–æ–ª–∏—á–µ—...

You may provide a definition with
\DeclareUnicodeCharacter 


! Package inputenc Error: Unicode character –∞ (U+0430)
(inputenc)                not set up for use with LaTeX.

See the inputenc package documentation for explanation.
Type  H <return>  for immediate help.
 ...                                              
                                                  
l.4 ...≤—É–º—è —Å—Ç—Ä–æ–∫–∞–º–∏ [1] - –º–∏–Ω–∏–º–∞
                                                  –ª—å–Ω–æ–µ –∫–æ–ª–∏—á–µ—Å—...

You may provide a definition with
\DeclareUnicodeCharacter 


! Package inputenc Error: Unicode character –ª (U+043B)
(inputenc)                not set up for use with LaTeX.

See the inputenc package documentation for explanation.
Type  H <return>  for immediate help.
 ...                                              
                                                  
l.4 ...É–º—è —Å—Ç—Ä–æ–∫–∞–º–∏ [1] - –º–∏–Ω–∏–º–∞–ª
                                                  —å–Ω–æ–µ –∫–æ–ª–∏—á–µ—Å—Ç–≤–æ

You may provide a definition with
\DeclareUnicodeCharacter 


! Package inputenc Error: Unicode character —å (U+044C)
(inputenc)                not set up for use with LaTeX.

See the inputenc package documentation for explanation.
Type  H <return>  for immediate help.
 ...                                              
                                                  
l.4 ...º—è —Å—Ç—Ä–æ–∫–∞–º–∏ [1] - –º–∏–Ω–∏–º–∞–ª—å
                                                  –Ω–æ–µ –∫–æ–ª–∏—á–µ—Å—Ç–≤–æ
You may provide a definition with
\DeclareUnicodeCharacter 


! Package inputenc Error: Unicode character –Ω (U+043D)
(inputenc)                not set up for use with LaTeX.

See the inputenc package documentation for explanation.
Type  H <return>  for immediate help.
 ...                                              
                                                  
l.4 ...è —Å—Ç—Ä–æ–∫–∞–º–∏ [1] - –º–∏–Ω–∏–º–∞–ª—å–Ω
                                                  –æ–µ –∫–æ–ª–∏—á–µ—Å—Ç–≤–æ
You may provide a definition with
\DeclareUnicodeCharacter 


! Package inputenc Error: Unicode character –æ (U+043E)
(inputenc)                not set up for use with LaTeX.

See the inputenc package documentation for explanation.
Type  H <return>  for immediate help.
 ...                                              
                                                  
l.4 ...—Å—Ç—Ä–æ–∫–∞–º–∏ [1] - –º–∏–Ω–∏–º–∞–ª—å–Ω–æ
                                                  –µ –∫–æ–ª–∏—á–µ—Å—Ç–≤–æ
You may provide a definition with
\DeclareUnicodeCharacter 


! Package inputenc Error: Unicode character –µ (U+0435)
(inputenc)                not set up for use with LaTeX.

See the inputenc package documentation for explanation.
Type  H <return>  for immediate help.
 ...                                              
                                                  
l.4 ...—Ç—Ä–æ–∫–∞–º–∏ [1] - –º–∏–Ω–∏–º–∞–ª—å–Ω–æ–µ
                                                   –∫–æ–ª–∏—á–µ—Å—Ç–≤–æ
You may provide a definition with
\DeclareUnicodeCharacter 


! Package inputenc Error: Unicode character –∫ (U+043A)
(inputenc)                not set up for use with LaTeX.

See the inputenc package documentation for explanation.
Type  H <return>  for immediate help.
 ...                                              
                                                  
l.4 ...Ä–æ–∫–∞–º–∏ [1] - –º–∏–Ω–∏–º–∞–ª—å–Ω–æ–µ –∫
                                                  –æ–ª–∏—á–µ—Å—Ç–≤–æ
You may provide a definition with
\DeclareUnicodeCharacter 


! Package inputenc Error: Unicode character –æ (U+043E)
(inputenc)                not set up for use with LaTeX.

See the inputenc package documentation for explanation.
Type  H <return>  for immediate help.
 ...                                              
                                                  
l.4 ...æ–∫–∞–º–∏ [1] - –º–∏–Ω–∏–º–∞–ª—å–Ω–æ–µ –∫–æ
                                                  –ª–∏—á–µ—Å—Ç–≤–æ
You may provide a definition with
\DeclareUnicodeCharacter 


! Package inputenc Error: Unicode character –ª (U+043B)
(inputenc)                not set up for use with LaTeX.

See the inputenc package documentation for explanation.
Type  H <return>  for immediate help.
 ...                                              
                                                  
l.4 ...∫–∞–º–∏ [1] - –º–∏–Ω–∏–º–∞–ª—å–Ω–æ–µ –∫–æ–ª
                                                  –∏—á–µ—Å—Ç–≤–æ
You may provide a definition with
\DeclareUnicodeCharacter 


! Package inputenc Error: Unicode character –∏ (U+0438)
(inputenc)                not set up for use with LaTeX.

See the inputenc package documentation for explanation.
Type  H <return>  for immediate help.
 ...                                              
                                                  
l.4 ...∞–º–∏ [1] - –º–∏–Ω–∏–º–∞–ª—å–Ω–æ–µ –∫–æ–ª–∏
                                                  —á–µ—Å—Ç–≤–æ
You may provide a definition with
\DeclareUnicodeCharacter 


! Package inputenc Error: Unicode character —á (U+0447)
(inputenc)                not set up for use with LaTeX.

See the inputenc package documentation for explanation.
Type  H <return>  for immediate help.
 ...                                              
                                                  
l.4 ...º–∏ [1] - –º–∏–Ω–∏–º–∞–ª—å–Ω–æ–µ –∫–æ–ª–∏—á
                                                  –µ—Å—Ç–≤–æ
You may provide a definition with
\DeclareUnicodeCharacter 


! Package inputenc Error: Unicode character –µ (U+0435)
(inputenc)                not set up for use with LaTeX.

See the inputenc package documentation for explanation.
Type  H <return>  for immediate help.
 ...                                              
                                                  
l.4 ...∏ [1] - –º–∏–Ω–∏–º–∞–ª—å–Ω–æ–µ –∫–æ–ª–∏—á–µ
                                                  —Å—Ç–≤–æ
You may provide a definition with
\DeclareUnicodeCharacter 


! Package inputenc Error: Unicode character —Å (U+0441)
(inputenc)                not set up for use with LaTeX.

See the inputenc package documentation for explanation.
Type  H <return>  for immediate help.
 ...                                              
                                                  
l.4 ...[1] - –º–∏–Ω–∏–º–∞–ª—å–Ω–æ–µ –∫–æ–ª–∏—á–µ—Å
                                                  —Ç–≤–æ
You may provide a definition with
\DeclareUnicodeCharacter 


! Package inputenc Error: Unicode character —Ç (U+0442)
(inputenc)                not set up for use with LaTeX.

See the inputenc package documentation for explanation.
Type  H <return>  for immediate help.
 ...                                              
                                                  
l.4 ...] - –º–∏–Ω–∏–º–∞–ª—å–Ω–æ–µ –∫–æ–ª–∏—á–µ—Å—Ç
                                                  –≤–æ
You may provide a definition with
\DeclareUnicodeCharacter 


! Package inputenc Error: Unicode character –≤ (U+0432)
(inputenc)                not set up for use with LaTeX.

See the inputenc package documentation for explanation.
Type  H <return>  for immediate help.
 ...                                              
                                                  
l.4 ...- –º–∏–Ω–∏–º–∞–ª—å–Ω–æ–µ –∫–æ–ª–∏—á–µ—Å—Ç–≤
                                                  –æ
You may provide a definition with
\DeclareUnicodeCharacter 


! Package inputenc Error: Unicode character –æ (U+043E)
(inputenc)                not set up for use with LaTeX.

See the inputenc package documentation for explanation.
Type  H <return>  for immediate help.
 ...                                              
                                                  
l.4 ...–º–∏–Ω–∏–º–∞–ª—å–Ω–æ–µ –∫–æ–ª–∏—á–µ—Å—Ç–≤–æ
                                                  
You may provide a definition with
\DeclareUnicodeCharacter 


! Package inputenc Error: Unicode character –æ (U+043E)
(inputenc)                not set up for use with LaTeX.

See the inputenc package documentation for explanation.
Type  H <return>  for immediate help.
 ...                                              
                                                  
l.5 –æ
      –ø–µ—Ä–∞—Ü–∏–π –≤—Å—Ç–∞–≤–∫–∏, —É–¥–∞–ª–µ–Ω–∏—è –∏ –∑–∞–º–µ–Ω—ã, –Ω–µ–...

You may provide a definition with
\DeclareUnicodeCharacter 


! Package inputenc Error: Unicode character –ø (U+043F)
(inputenc)                not set up for use with LaTeX.

See the inputenc package documentation for explanation.
Type  H <return>  for immediate help.
 ...                                              
                                                  
l.5 –æ–ø
        –µ—Ä–∞—Ü–∏–π –≤—Å—Ç–∞–≤–∫–∏, —É–¥–∞–ª–µ–Ω–∏—è –∏ –∑–∞–º–µ–Ω—ã, –Ω–µ–...

You may provide a definition with
\DeclareUnicodeCharacter 


! Package inputenc Error: Unicode character –µ (U+0435)
(inputenc)                not set up for use with LaTeX.

See the inputenc package documentation for explanation.
Type  H <return>  for immediate help.
 ...                                              
                                                  
l.5 –æ–ø–µ
          —Ä–∞—Ü–∏–π –≤—Å—Ç–∞–≤–∫–∏, —É–¥–∞–ª–µ–Ω–∏—è –∏ –∑–∞–º–µ–Ω—ã, –Ω–µ–...

You may provide a definition with
\DeclareUnicodeCharacter 


! Package inputenc Error: Unicode character —Ä (U+0440)
(inputenc)                not set up for use with LaTeX.

See the inputenc package documentation for explanation.
Type  H <return>  for immediate help.
 ...                                              
                                                  
l.5 –æ–ø–µ—Ä
            –∞—Ü–∏–π –≤—Å—Ç–∞–≤–∫–∏, —É–¥–∞–ª–µ–Ω–∏—è –∏ –∑–∞–º–µ–Ω—ã, –Ω–µ–...

You may provide a definition with
\DeclareUnicodeCharacter 


! Package inputenc Error: Unicode character –∞ (U+0430)
(inputenc)                not set up for use with LaTeX.

See the inputenc package documentation for explanation.
Type  H <return>  for immediate help.
 ...                                              
                                                  
l.5 –æ–ø–µ—Ä–∞
              —Ü–∏–π –≤—Å—Ç–∞–≤–∫–∏, —É–¥–∞–ª–µ–Ω–∏—è –∏ –∑–∞–º–µ–Ω—ã, –Ω–µ–...

You may provide a definition with
\DeclareUnicodeCharacter 


! Package inputenc Error: Unicode character —Ü (U+0446)
(inputenc)                not set up for use with LaTeX.

See the inputenc package documentation for explanation.
Type  H <return>  for immediate help.
 ...                                              
                                                  
l.5 –æ–ø–µ—Ä–∞—Ü
                –∏–π –≤—Å—Ç–∞–≤–∫–∏, —É–¥–∞–ª–µ–Ω–∏—è –∏ –∑–∞–º–µ–Ω—ã, –Ω–µ–...

You may provide a definition with
\DeclareUnicodeCharacter 


! Package inputenc Error: Unicode character –∏ (U+0438)
(inputenc)                not set up for use with LaTeX.

See the inputenc package documentation for explanation.
Type  H <return>  for immediate help.
 ...                                              
                                                  
l.5 –æ–ø–µ—Ä–∞—Ü–∏
                  –π –≤—Å—Ç–∞–≤–∫–∏, —É–¥–∞–ª–µ–Ω–∏—è –∏ –∑–∞–º–µ–Ω—ã, –Ω–µ–...

You may provide a definition with
\DeclareUnicodeCharacter 


! Package inputenc Error: Unicode character –π (U+0439)
(inputenc)                not set up for use with LaTeX.

See the inputenc package documentation for explanation.
Type  H <return>  for immediate help.
 ...                                              
                                                  
l.5 –æ–ø–µ—Ä–∞—Ü–∏–π
                     –≤—Å—Ç–∞–≤–∫–∏, —É–¥–∞–ª–µ–Ω–∏—è –∏ –∑–∞–º–µ–Ω—ã, –Ω–µ–...

You may provide a definition with
\DeclareUnicodeCharacter 


! Package inputenc Error: Unicode character –≤ (U+0432)
(inputenc)                not set up for use with LaTeX.

See the inputenc package documentation for explanation.
Type  H <return>  for immediate help.
 ...                                              
                                                  
l.5 –æ–ø–µ—Ä–∞—Ü–∏–π –≤
                       —Å—Ç–∞–≤–∫–∏, —É–¥–∞–ª–µ–Ω–∏—è –∏ –∑–∞–º–µ–Ω—ã, –Ω–µ–...

You may provide a definition with
\DeclareUnicodeCharacter 


! Package inputenc Error: Unicode character —Å (U+0441)
(inputenc)                not set up for use with LaTeX.

See the inputenc package documentation for explanation.
Type  H <return>  for immediate help.
 ...                                              
                                                  
l.5 –æ–ø–µ—Ä–∞—Ü–∏–π –≤—Å
                         —Ç–∞–≤–∫–∏, —É–¥–∞–ª–µ–Ω–∏—è –∏ –∑–∞–º–µ–Ω—ã, –Ω–µ–...

You may provide a definition with
\DeclareUnicodeCharacter 


! Package inputenc Error: Unicode character —Ç (U+0442)
(inputenc)                not set up for use with LaTeX.

See the inputenc package documentation for explanation.
Type  H <return>  for immediate help.
 ...                                              
                                                  
l.5 –æ–ø–µ—Ä–∞—Ü–∏–π –≤—Å—Ç
                           –∞–≤–∫–∏, —É–¥–∞–ª–µ–Ω–∏—è –∏ –∑–∞–º–µ–Ω—ã, –Ω–µ–...

You may provide a definition with
\DeclareUnicodeCharacter 


! Package inputenc Error: Unicode character –∞ (U+0430)
(inputenc)                not set up for use with LaTeX.

See the inputenc package documentation for explanation.
Type  H <return>  for immediate help.
 ...                                              
                                                  
l.5 –æ–ø–µ—Ä–∞—Ü–∏–π –≤—Å—Ç–∞
                             –≤–∫–∏, —É–¥–∞–ª–µ–Ω–∏—è –∏ –∑–∞–º–µ–Ω—ã, –Ω–µ–...

You may provide a definition with
\DeclareUnicodeCharacter 


! Package inputenc Error: Unicode character –≤ (U+0432)
(inputenc)                not set up for use with LaTeX.

See the inputenc package documentation for explanation.
Type  H <return>  for immediate help.
 ...                                              
                                                  
l.5 –æ–ø–µ—Ä–∞—Ü–∏–π –≤—Å—Ç–∞–≤
                               –∫–∏, —É–¥–∞–ª–µ–Ω–∏—è –∏ –∑–∞–º–µ–Ω—ã, –Ω–µ–...

You may provide a definition with
\DeclareUnicodeCharacter 


! Package inputenc Error: Unicode character –∫ (U+043A)
(inputenc)                not set up for use with LaTeX.

See the inputenc package documentation for explanation.
Type  H <return>  for immediate help.
 ...                                              
                                                  
l.5 –æ–ø–µ—Ä–∞—Ü–∏–π –≤—Å—Ç–∞–≤–∫
                                 –∏, —É–¥–∞–ª–µ–Ω–∏—è –∏ –∑–∞–º–µ–Ω—ã, –Ω–µ–...

You may provide a definition with
\DeclareUnicodeCharacter 


! Package inputenc Error: Unicode character –∏ (U+0438)
(inputenc)                not set up for use with LaTeX.

See the inputenc package documentation for explanation.
Type  H <return>  for immediate help.
 ...                                              
                                                  
l.5 –æ–ø–µ—Ä–∞—Ü–∏–π –≤—Å—Ç–∞–≤–∫–∏
                                   , —É–¥–∞–ª–µ–Ω–∏—è –∏ –∑–∞–º–µ–Ω—ã, –Ω–µ–...

You may provide a definition with
\DeclareUnicodeCharacter 

Missing character: There is no , in font nullfont!

! Package inputenc Error: Unicode character —É (U+0443)
(inputenc)                not set up for use with LaTeX.

See the inputenc package documentation for explanation.
Type  H <return>  for immediate help.
 ...                                              
                                                  
l.5 –æ–ø–µ—Ä–∞—Ü–∏–π –≤—Å—Ç–∞–≤–∫–∏, —É
                                       –¥–∞–ª–µ–Ω–∏—è –∏ –∑–∞–º–µ–Ω—ã, –Ω–µ–...

You may provide a definition with
\DeclareUnicodeCharacter 


! Package inputenc Error: Unicode character –¥ (U+0434)
(inputenc)                not set up for use with LaTeX.

See the inputenc package documentation for explanation.
Type  H <return>  for immediate help.
 ...                                              
                                                  
l.5 –æ–ø–µ—Ä–∞—Ü–∏–π –≤—Å—Ç–∞–≤–∫–∏, —É–¥
                                         –∞–ª–µ–Ω–∏—è –∏ –∑–∞–º–µ–Ω—ã, –Ω–µ–...

You may provide a definition with
\DeclareUnicodeCharacter 


! Package inputenc Error: Unicode character –∞ (U+0430)
(inputenc)                not set up for use with LaTeX.

See the inputenc package documentation for explanation.
Type  H <return>  for immediate help.
 ...                                              
                                                  
l.5 –æ–ø–µ—Ä–∞—Ü–∏–π –≤—Å—Ç–∞–≤–∫–∏, —É–¥–∞
                                           –ª–µ–Ω–∏—è –∏ –∑–∞–º–µ–Ω—ã, –Ω–µ–...

You may provide a definition with
\DeclareUnicodeCharacter 


! Package inputenc Error: Unicode character –ª (U+043B)
(inputenc)                not set up for use with LaTeX.

See the inputenc package documentation for explanation.
Type  H <return>  for immediate help.
 ...                                              
                                                  
l.5 –æ–ø–µ—Ä–∞—Ü–∏–π –≤—Å—Ç–∞–≤–∫–∏, —É–¥–∞–ª
                                             –µ–Ω–∏—è –∏ –∑–∞–º–µ–Ω—ã, –Ω–µ–...

You may provide a definition with
\DeclareUnicodeCharacter 


! Package inputenc Error: Unicode character –µ (U+0435)
(inputenc)                not set up for use with LaTeX.

See the inputenc package documentation for explanation.
Type  H <return>  for immediate help.
 ...                                              
                                                  
l.5 –æ–ø–µ—Ä–∞—Ü–∏–π –≤—Å—Ç–∞–≤–∫–∏, —É–¥–∞–ª–µ
                                               –Ω–∏—è –∏ –∑–∞–º–µ–Ω—ã, –Ω–µ–...

You may provide a definition with
\DeclareUnicodeCharacter 


! Package inputenc Error: Unicode character –Ω (U+043D)
(inputenc)                not set up for use with LaTeX.

See the inputenc package documentation for explanation.
Type  H <return>  for immediate help.
 ...                                              
                                                  
l.5 –æ–ø–µ—Ä–∞—Ü–∏–π –≤—Å—Ç–∞–≤–∫–∏, —É–¥–∞–ª–µ–Ω
                                                 –∏—è –∏ –∑–∞–º–µ–Ω—ã, –Ω–µ–...

You may provide a definition with
\DeclareUnicodeCharacter 


! Package inputenc Error: Unicode character –∏ (U+0438)
(inputenc)                not set up for use with LaTeX.

See the inputenc package documentation for explanation.
Type  H <return>  for immediate help.
 ...                                              
                                                  
l.5 ...–µ—Ä–∞—Ü–∏–π –≤—Å—Ç–∞–≤–∫–∏, —É–¥–∞–ª–µ–Ω–∏
                                                  —è –∏ –∑–∞–º–µ–Ω—ã, –Ω–µ–æ...

You may provide a definition with
\DeclareUnicodeCharacter 


! Package inputenc Error: Unicode character —è (U+044F)
(inputenc)                not set up for use with LaTeX.

See the inputenc package documentation for explanation.
Type  H <return>  for immediate help.
 ...                                              
                                                  
l.5 ...—Ä–∞—Ü–∏–π –≤—Å—Ç–∞–≤–∫–∏, —É–¥–∞–ª–µ–Ω–∏—è
                                                   –∏ –∑–∞–º–µ–Ω—ã, –Ω–µ–æ–±...

You may provide a definition with
\DeclareUnicodeCharacter 


! Package inputenc Error: Unicode character –∏ (U+0438)
(inputenc)                not set up for use with LaTeX.

See the inputenc package documentation for explanation.
Type  H <return>  for immediate help.
 ...                                              
                                                  
l.5 ...∞—Ü–∏–π –≤—Å—Ç–∞–≤–∫–∏, —É–¥–∞–ª–µ–Ω–∏—è –∏
                                                   –∑–∞–º–µ–Ω—ã, –Ω–µ–æ–±—Ö–...

You may provide a definition with
\DeclareUnicodeCharacter 


! Package inputenc Error: Unicode character –∑ (U+0437)
(inputenc)                not set up for use with LaTeX.

See the inputenc package documentation for explanation.
Type  H <return>  for immediate help.
 ...                                              
                                                  
l.5 ...–∏–π –≤—Å—Ç–∞–≤–∫–∏, —É–¥–∞–ª–µ–Ω–∏—è –∏ –∑
                                                  –∞–º–µ–Ω—ã, –Ω–µ–æ–±—Ö–æ–¥...

You may provide a definition with
\DeclareUnicodeCharacter 


! Package inputenc Error: Unicode character –∞ (U+0430)
(inputenc)                not set up for use with LaTeX.

See the inputenc package documentation for explanation.
Type  H <return>  for immediate help.
 ...                                              
                                                  
l.5 ...–π –≤—Å—Ç–∞–≤–∫–∏, —É–¥–∞–ª–µ–Ω–∏—è –∏ –∑–∞
                                                  –º–µ–Ω—ã, –Ω–µ–æ–±—Ö–æ–¥–∏...

You may provide a definition with
\DeclareUnicodeCharacter 


! Package inputenc Error: Unicode character –º (U+043C)
(inputenc)                not set up for use with LaTeX.

See the inputenc package documentation for explanation.
Type  H <return>  for immediate help.
 ...                                              
                                                  
l.5 ... –≤—Å—Ç–∞–≤–∫–∏, —É–¥–∞–ª–µ–Ω–∏—è –∏ –∑–∞–º
                                                  –µ–Ω—ã, –Ω–µ–æ–±—Ö–æ–¥–∏–º...

You may provide a definition with
\DeclareUnicodeCharacter 


! Package inputenc Error: Unicode character –µ (U+0435)
(inputenc)                not set up for use with LaTeX.

See the inputenc package documentation for explanation.
Type  H <return>  for immediate help.
 ...                                              
                                                  
l.5 ...≤—Å—Ç–∞–≤–∫–∏, —É–¥–∞–ª–µ–Ω–∏—è –∏ –∑–∞–º–µ
                                                  –Ω—ã, –Ω–µ–æ–±—Ö–æ–¥–∏–º—ã...

You may provide a definition with
\DeclareUnicodeCharacter 


! Package inputenc Error: Unicode character –Ω (U+043D)
(inputenc)                not set up for use with LaTeX.

See the inputenc package documentation for explanation.
Type  H <return>  for immediate help.
 ...                                              
                                                  
l.5 ...Å—Ç–∞–≤–∫–∏, —É–¥–∞–ª–µ–Ω–∏—è –∏ –∑–∞–º–µ–Ω
                                                  —ã, –Ω–µ–æ–±—Ö–æ–¥–∏–º—ã—Ö...

You may provide a definition with
\DeclareUnicodeCharacter 


! Package inputenc Error: Unicode character —ã (U+044B)
(inputenc)                not set up for use with LaTeX.

See the inputenc package documentation for explanation.
Type  H <return>  for immediate help.
 ...                                              
                                                  
l.5 ...Ç–∞–≤–∫–∏, —É–¥–∞–ª–µ–Ω–∏—è –∏ –∑–∞–º–µ–Ω—ã
                                                  , –Ω–µ–æ–±—Ö–æ–¥–∏–º—ã—Ö –...

You may provide a definition with
\DeclareUnicodeCharacter 

Missing character: There is no , in font nullfont!

! Package inputenc Error: Unicode character –Ω (U+043D)
(inputenc)                not set up for use with LaTeX.

See the inputenc package documentation for explanation.
Type  H <return>  for immediate help.
 ...                                              
                                                  
l.5 ...≤–∫–∏, —É–¥–∞–ª–µ–Ω–∏—è –∏ –∑–∞–º–µ–Ω—ã, –Ω
                                                  –µ–æ–±—Ö–æ–¥–∏–º—ã—Ö –¥–ª—...

You may provide a definition with
\DeclareUnicodeCharacter 


! Package inputenc Error: Unicode character –µ (U+0435)
(inputenc)                not set up for use with LaTeX.

See the inputenc package documentation for explanation.
Type  H <return>  for immediate help.
 ...                                              
                                                  
l.5 ...∫–∏, —É–¥–∞–ª–µ–Ω–∏—è –∏ –∑–∞–º–µ–Ω—ã, –Ω–µ
                                                  –æ–±—Ö–æ–¥–∏–º—ã—Ö –¥–ª—è ...

You may provide a definition with
\DeclareUnicodeCharacter 


! Package inputenc Error: Unicode character –æ (U+043E)
(inputenc)                not set up for use with LaTeX.

See the inputenc package documentation for explanation.
Type  H <return>  for immediate help.
 ...                                              
                                                  
l.5 ...∏, —É–¥–∞–ª–µ–Ω–∏—è –∏ –∑–∞–º–µ–Ω—ã, –Ω–µ–æ
                                                  –±—Ö–æ–¥–∏–º—ã—Ö –¥–ª—è –ø...

You may provide a definition with
\DeclareUnicodeCharacter 


! Package inputenc Error: Unicode character –± (U+0431)
(inputenc)                not set up for use with LaTeX.

See the inputenc package documentation for explanation.
Type  H <return>  for immediate help.
 ...                                              
                                                  
l.5 ... —É–¥–∞–ª–µ–Ω–∏—è –∏ –∑–∞–º–µ–Ω—ã, –Ω–µ–æ–±
                                                  —Ö–æ–¥–∏–º—ã—Ö –¥–ª—è –ø—Ä...

You may provide a definition with
\DeclareUnicodeCharacter 


! Package inputenc Error: Unicode character —Ö (U+0445)
(inputenc)                not set up for use with LaTeX.

See the inputenc package documentation for explanation.
Type  H <return>  for immediate help.
 ...                                              
                                                  
l.5 ...É–¥–∞–ª–µ–Ω–∏—è –∏ –∑–∞–º–µ–Ω—ã, –Ω–µ–æ–±—Ö
                                                  –æ–¥–∏–º—ã—Ö –¥–ª—è –ø—Ä–µ...

You may provide a definition with
\DeclareUnicodeCharacter 


! Package inputenc Error: Unicode character –æ (U+043E)
(inputenc)                not set up for use with LaTeX.

See the inputenc package documentation for explanation.
Type  H <return>  for immediate help.
 ...                                              
                                                  
l.5 ...¥–∞–ª–µ–Ω–∏—è –∏ –∑–∞–º–µ–Ω—ã, –Ω–µ–æ–±—Ö–æ
                                                  –¥–∏–º—ã—Ö –¥–ª—è –ø—Ä–µ–≤...

You may provide a definition with
\DeclareUnicodeCharacter 


! Package inputenc Error: Unicode character –¥ (U+0434)
(inputenc)                not set up for use with LaTeX.

See the inputenc package documentation for explanation.
Type  H <return>  for immediate help.
 ...                                              
                                                  
l.5 ...∞–ª–µ–Ω–∏—è –∏ –∑–∞–º–µ–Ω—ã, –Ω–µ–æ–±—Ö–æ–¥
                                                  –∏–º—ã—Ö –¥–ª—è –ø—Ä–µ–≤—Ä...

You may provide a definition with
\DeclareUnicodeCharacter 


! Package inputenc Error: Unicode character –∏ (U+0438)
(inputenc)                not set up for use with LaTeX.

See the inputenc package documentation for explanation.
Type  H <return>  for immediate help.
 ...                                              
                                                  
l.5 ...ª–µ–Ω–∏—è –∏ –∑–∞–º–µ–Ω—ã, –Ω–µ–æ–±—Ö–æ–¥–∏
                                                  –º—ã—Ö –¥–ª—è –ø—Ä–µ–≤—Ä–∞...
(That makes 100 errors; please try again.) 
Here is how much of TeX's memory you used:
 48 strings out of 478864
 810 string characters out of 2848186
 292975 words of memory out of 3000000
 18072 multiletter control sequences out of 15000+600000
 403430 words of font info for 27 fonts, out of 8000000 for 9000
 1141 hyphenation exceptions out of 8191
 13i,0n,12p,230b,30s stack positions out of 5000i,500n,10000p,200000b,80000s

!  ==> Fatal error occurred, no output PDF file produced!
