This is pdfTeX, Version 3.141592653-2.6-1.40.22 (MiKTeX 21.6) (preloaded format=pdflatex 2021.9.14)  12 OCT 2021 13:04
entering extended mode
**./07_conclusion.tex
(07_conclusion.tex
LaTeX2e <2021-06-01>
L3 programming layer <2021-06-01>
! Undefined control sequence.
l.1 \chapter
            *{–ó–∞–∫–ª—é—á–µ–Ω–∏–µ}
The control sequence at the end of the top line
of your error message was never \def'ed. If you have
misspelled it (e.g., `\hobx'), type `I' and the correct
spelling (e.g., `I\hbox'). Otherwise just continue,
and I'll forget about whatever was undefined.


! LaTeX Error: Missing \begin{document}.

See the LaTeX manual or LaTeX Companion for explanation.
Type  H <return>  for immediate help.
 ...                                              
                                                  
l.1 \chapter*
             {–ó–∞–∫–ª—é—á–µ–Ω–∏–µ}
You're in trouble here.  Try typing  <return>  to proceed.
If that doesn't work, type  X <return>  to quit.

Missing character: There is no * in font nullfont!

! Package inputenc Error: Unicode character –ó (U+0417)
(inputenc)                not set up for use with LaTeX.

See the inputenc package documentation for explanation.
Type  H <return>  for immediate help.
 ...                                              
                                                  
l.1 \chapter*{–ó
                –∞–∫–ª—é—á–µ–Ω–∏–µ}
You may provide a definition with
\DeclareUnicodeCharacter 


! Package inputenc Error: Unicode character –∞ (U+0430)
(inputenc)                not set up for use with LaTeX.

See the inputenc package documentation for explanation.
Type  H <return>  for immediate help.
 ...                                              
                                                  
l.1 \chapter*{–ó–∞
                  –∫–ª—é—á–µ–Ω–∏–µ}
You may provide a definition with
\DeclareUnicodeCharacter 


! Package inputenc Error: Unicode character –∫ (U+043A)
(inputenc)                not set up for use with LaTeX.

See the inputenc package documentation for explanation.
Type  H <return>  for immediate help.
 ...                                              
                                                  
l.1 \chapter*{–ó–∞–∫
                    –ª—é—á–µ–Ω–∏–µ}
You may provide a definition with
\DeclareUnicodeCharacter 


! Package inputenc Error: Unicode character –ª (U+043B)
(inputenc)                not set up for use with LaTeX.

See the inputenc package documentation for explanation.
Type  H <return>  for immediate help.
 ...                                              
                                                  
l.1 \chapter*{–ó–∞–∫–ª
                      —é—á–µ–Ω–∏–µ}
You may provide a definition with
\DeclareUnicodeCharacter 


! Package inputenc Error: Unicode character —é (U+044E)
(inputenc)                not set up for use with LaTeX.

See the inputenc package documentation for explanation.
Type  H <return>  for immediate help.
 ...                                              
                                                  
l.1 \chapter*{–ó–∞–∫–ª—é
                        —á–µ–Ω–∏–µ}
You may provide a definition with
\DeclareUnicodeCharacter 


! Package inputenc Error: Unicode character —á (U+0447)
(inputenc)                not set up for use with LaTeX.

See the inputenc package documentation for explanation.
Type  H <return>  for immediate help.
 ...                                              
                                                  
l.1 \chapter*{–ó–∞–∫–ª—é—á
                          –µ–Ω–∏–µ}
You may provide a definition with
\DeclareUnicodeCharacter 


! Package inputenc Error: Unicode character –µ (U+0435)
(inputenc)                not set up for use with LaTeX.

See the inputenc package documentation for explanation.
Type  H <return>  for immediate help.
 ...                                              
                                                  
l.1 \chapter*{–ó–∞–∫–ª—é—á–µ
                            –Ω–∏–µ}
You may provide a definition with
\DeclareUnicodeCharacter 


! Package inputenc Error: Unicode character –Ω (U+043D)
(inputenc)                not set up for use with LaTeX.

See the inputenc package documentation for explanation.
Type  H <return>  for immediate help.
 ...                                              
                                                  
l.1 \chapter*{–ó–∞–∫–ª—é—á–µ–Ω
                              –∏–µ}
You may provide a definition with
\DeclareUnicodeCharacter 


! Package inputenc Error: Unicode character –∏ (U+0438)
(inputenc)                not set up for use with LaTeX.

See the inputenc package documentation for explanation.
Type  H <return>  for immediate help.
 ...                                              
                                                  
l.1 \chapter*{–ó–∞–∫–ª—é—á–µ–Ω–∏
                                –µ}
You may provide a definition with
\DeclareUnicodeCharacter 


! Package inputenc Error: Unicode character –µ (U+0435)
(inputenc)                not set up for use with LaTeX.

See the inputenc package documentation for explanation.
Type  H <return>  for immediate help.
 ...                                              
                                                  
l.1 \chapter*{–ó–∞–∫–ª—é—á–µ–Ω–∏–µ
                                  }
You may provide a definition with
\DeclareUnicodeCharacter 


! Package inputenc Error: Unicode character –í (U+0412)
(inputenc)                not set up for use with LaTeX.

See the inputenc package documentation for explanation.
Type  H <return>  for immediate help.
 ...                                              
                                                  
l.3 –í
       —Ö–æ–¥–µ –≤—ã–ø–æ–ª–Ω–µ–Ω–∏—è –ª–∞–±–æ—Ä–∞—Ç–æ—Ä–Ω–æ–π —Ä–∞–±–æ—Ç—ã –...

You may provide a definition with
\DeclareUnicodeCharacter 


! Package inputenc Error: Unicode character —Ö (U+0445)
(inputenc)                not set up for use with LaTeX.

See the inputenc package documentation for explanation.
Type  H <return>  for immediate help.
 ...                                              
                                                  
l.3 –í —Ö
         –æ–¥–µ –≤—ã–ø–æ–ª–Ω–µ–Ω–∏—è –ª–∞–±–æ—Ä–∞—Ç–æ—Ä–Ω–æ–π —Ä–∞–±–æ—Ç—ã –...

You may provide a definition with
\DeclareUnicodeCharacter 


! Package inputenc Error: Unicode character –æ (U+043E)
(inputenc)                not set up for use with LaTeX.

See the inputenc package documentation for explanation.
Type  H <return>  for immediate help.
 ...                                              
                                                  
l.3 –í —Ö–æ
           –¥–µ –≤—ã–ø–æ–ª–Ω–µ–Ω–∏—è –ª–∞–±–æ—Ä–∞—Ç–æ—Ä–Ω–æ–π —Ä–∞–±–æ—Ç—ã –...

You may provide a definition with
\DeclareUnicodeCharacter 


! Package inputenc Error: Unicode character –¥ (U+0434)
(inputenc)                not set up for use with LaTeX.

See the inputenc package documentation for explanation.
Type  H <return>  for immediate help.
 ...                                              
                                                  
l.3 –í —Ö–æ–¥
             –µ –≤—ã–ø–æ–ª–Ω–µ–Ω–∏—è –ª–∞–±–æ—Ä–∞—Ç–æ—Ä–Ω–æ–π —Ä–∞–±–æ—Ç—ã –...

You may provide a definition with
\DeclareUnicodeCharacter 


! Package inputenc Error: Unicode character –µ (U+0435)
(inputenc)                not set up for use with LaTeX.

See the inputenc package documentation for explanation.
Type  H <return>  for immediate help.
 ...                                              
                                                  
l.3 –í —Ö–æ–¥–µ
                –≤—ã–ø–æ–ª–Ω–µ–Ω–∏—è –ª–∞–±–æ—Ä–∞—Ç–æ—Ä–Ω–æ–π —Ä–∞–±–æ—Ç—ã –...

You may provide a definition with
\DeclareUnicodeCharacter 


! Package inputenc Error: Unicode character –≤ (U+0432)
(inputenc)                not set up for use with LaTeX.

See the inputenc package documentation for explanation.
Type  H <return>  for immediate help.
 ...                                              
                                                  
l.3 –í —Ö–æ–¥–µ –≤
                  —ã–ø–æ–ª–Ω–µ–Ω–∏—è –ª–∞–±–æ—Ä–∞—Ç–æ—Ä–Ω–æ–π —Ä–∞–±–æ—Ç—ã –...

You may provide a definition with
\DeclareUnicodeCharacter 


! Package inputenc Error: Unicode character —ã (U+044B)
(inputenc)                not set up for use with LaTeX.

See the inputenc package documentation for explanation.
Type  H <return>  for immediate help.
 ...                                              
                                                  
l.3 –í —Ö–æ–¥–µ –≤—ã
                    –ø–æ–ª–Ω–µ–Ω–∏—è –ª–∞–±–æ—Ä–∞—Ç–æ—Ä–Ω–æ–π —Ä–∞–±–æ—Ç—ã –...

You may provide a definition with
\DeclareUnicodeCharacter 


! Package inputenc Error: Unicode character –ø (U+043F)
(inputenc)                not set up for use with LaTeX.

See the inputenc package documentation for explanation.
Type  H <return>  for immediate help.
 ...                                              
                                                  
l.3 –í —Ö–æ–¥–µ –≤—ã–ø
                      –æ–ª–Ω–µ–Ω–∏—è –ª–∞–±–æ—Ä–∞—Ç–æ—Ä–Ω–æ–π —Ä–∞–±–æ—Ç—ã –...

You may provide a definition with
\DeclareUnicodeCharacter 


! Package inputenc Error: Unicode character –æ (U+043E)
(inputenc)                not set up for use with LaTeX.

See the inputenc package documentation for explanation.
Type  H <return>  for immediate help.
 ...                                              
                                                  
l.3 –í —Ö–æ–¥–µ –≤—ã–ø–æ
                        –ª–Ω–µ–Ω–∏—è –ª–∞–±–æ—Ä–∞—Ç–æ—Ä–Ω–æ–π —Ä–∞–±–æ—Ç—ã –...

You may provide a definition with
\DeclareUnicodeCharacter 


! Package inputenc Error: Unicode character –ª (U+043B)
(inputenc)                not set up for use with LaTeX.

See the inputenc package documentation for explanation.
Type  H <return>  for immediate help.
 ...                                              
                                                  
l.3 –í —Ö–æ–¥–µ –≤—ã–ø–æ–ª
                          –Ω–µ–Ω–∏—è –ª–∞–±–æ—Ä–∞—Ç–æ—Ä–Ω–æ–π —Ä–∞–±–æ—Ç—ã –...

You may provide a definition with
\DeclareUnicodeCharacter 


! Package inputenc Error: Unicode character –Ω (U+043D)
(inputenc)                not set up for use with LaTeX.

See the inputenc package documentation for explanation.
Type  H <return>  for immediate help.
 ...                                              
                                                  
l.3 –í —Ö–æ–¥–µ –≤—ã–ø–æ–ª–Ω
                            –µ–Ω–∏—è –ª–∞–±–æ—Ä–∞—Ç–æ—Ä–Ω–æ–π —Ä–∞–±–æ—Ç—ã –...

You may provide a definition with
\DeclareUnicodeCharacter 


! Package inputenc Error: Unicode character –µ (U+0435)
(inputenc)                not set up for use with LaTeX.

See the inputenc package documentation for explanation.
Type  H <return>  for immediate help.
 ...                                              
                                                  
l.3 –í —Ö–æ–¥–µ –≤—ã–ø–æ–ª–Ω–µ
                              –Ω–∏—è –ª–∞–±–æ—Ä–∞—Ç–æ—Ä–Ω–æ–π —Ä–∞–±–æ—Ç—ã –...

You may provide a definition with
\DeclareUnicodeCharacter 


! Package inputenc Error: Unicode character –Ω (U+043D)
(inputenc)                not set up for use with LaTeX.

See the inputenc package documentation for explanation.
Type  H <return>  for immediate help.
 ...                                              
                                                  
l.3 –í —Ö–æ–¥–µ –≤—ã–ø–æ–ª–Ω–µ–Ω
                                –∏—è –ª–∞–±–æ—Ä–∞—Ç–æ—Ä–Ω–æ–π —Ä–∞–±–æ—Ç—ã –...

You may provide a definition with
\DeclareUnicodeCharacter 


! Package inputenc Error: Unicode character –∏ (U+0438)
(inputenc)                not set up for use with LaTeX.

See the inputenc package documentation for explanation.
Type  H <return>  for immediate help.
 ...                                              
                                                  
l.3 –í —Ö–æ–¥–µ –≤—ã–ø–æ–ª–Ω–µ–Ω–∏
                                  —è –ª–∞–±–æ—Ä–∞—Ç–æ—Ä–Ω–æ–π —Ä–∞–±–æ—Ç—ã –...

You may provide a definition with
\DeclareUnicodeCharacter 


! Package inputenc Error: Unicode character —è (U+044F)
(inputenc)                not set up for use with LaTeX.

See the inputenc package documentation for explanation.
Type  H <return>  for immediate help.
 ...                                              
                                                  
l.3 –í —Ö–æ–¥–µ –≤—ã–ø–æ–ª–Ω–µ–Ω–∏—è
                                     –ª–∞–±–æ—Ä–∞—Ç–æ—Ä–Ω–æ–π —Ä–∞–±–æ—Ç—ã –...

You may provide a definition with
\DeclareUnicodeCharacter 


! Package inputenc Error: Unicode character –ª (U+043B)
(inputenc)                not set up for use with LaTeX.

See the inputenc package documentation for explanation.
Type  H <return>  for immediate help.
 ...                                              
                                                  
l.3 –í —Ö–æ–¥–µ –≤—ã–ø–æ–ª–Ω–µ–Ω–∏—è –ª
                                       –∞–±–æ—Ä–∞—Ç–æ—Ä–Ω–æ–π —Ä–∞–±–æ—Ç—ã –...

You may provide a definition with
\DeclareUnicodeCharacter 


! Package inputenc Error: Unicode character –∞ (U+0430)
(inputenc)                not set up for use with LaTeX.

See the inputenc package documentation for explanation.
Type  H <return>  for immediate help.
 ...                                              
                                                  
l.3 –í —Ö–æ–¥–µ –≤—ã–ø–æ–ª–Ω–µ–Ω–∏—è –ª–∞
                                         –±–æ—Ä–∞—Ç–æ—Ä–Ω–æ–π —Ä–∞–±–æ—Ç—ã –...

You may provide a definition with
\DeclareUnicodeCharacter 


! Package inputenc Error: Unicode character –± (U+0431)
(inputenc)                not set up for use with LaTeX.

See the inputenc package documentation for explanation.
Type  H <return>  for immediate help.
 ...                                              
                                                  
l.3 –í —Ö–æ–¥–µ –≤—ã–ø–æ–ª–Ω–µ–Ω–∏—è –ª–∞–±
                                           –æ—Ä–∞—Ç–æ—Ä–Ω–æ–π —Ä–∞–±–æ—Ç—ã –...

You may provide a definition with
\DeclareUnicodeCharacter 


! Package inputenc Error: Unicode character –æ (U+043E)
(inputenc)                not set up for use with LaTeX.

See the inputenc package documentation for explanation.
Type  H <return>  for immediate help.
 ...                                              
                                                  
l.3 –í —Ö–æ–¥–µ –≤—ã–ø–æ–ª–Ω–µ–Ω–∏—è –ª–∞–±–æ
                                             —Ä–∞—Ç–æ—Ä–Ω–æ–π —Ä–∞–±–æ—Ç—ã –...

You may provide a definition with
\DeclareUnicodeCharacter 


! Package inputenc Error: Unicode character —Ä (U+0440)
(inputenc)                not set up for use with LaTeX.

See the inputenc package documentation for explanation.
Type  H <return>  for immediate help.
 ...                                              
                                                  
l.3 –í —Ö–æ–¥–µ –≤—ã–ø–æ–ª–Ω–µ–Ω–∏—è –ª–∞–±–æ—Ä
                                               –∞—Ç–æ—Ä–Ω–æ–π —Ä–∞–±–æ—Ç—ã –...

You may provide a definition with
\DeclareUnicodeCharacter 


! Package inputenc Error: Unicode character –∞ (U+0430)
(inputenc)                not set up for use with LaTeX.

See the inputenc package documentation for explanation.
Type  H <return>  for immediate help.
 ...                                              
                                                  
l.3 –í —Ö–æ–¥–µ –≤—ã–ø–æ–ª–Ω–µ–Ω–∏—è –ª–∞–±–æ—Ä–∞
                                                 —Ç–æ—Ä–Ω–æ–π —Ä–∞–±–æ—Ç—ã –...

You may provide a definition with
\DeclareUnicodeCharacter 


! Package inputenc Error: Unicode character —Ç (U+0442)
(inputenc)                not set up for use with LaTeX.

See the inputenc package documentation for explanation.
Type  H <return>  for immediate help.
 ...                                              
                                                  
l.3 ...Ö–æ–¥–µ –≤—ã–ø–æ–ª–Ω–µ–Ω–∏—è –ª–∞–±–æ—Ä–∞—Ç
                                                  –æ—Ä–Ω–æ–π —Ä–∞–±–æ—Ç—ã –±...

You may provide a definition with
\DeclareUnicodeCharacter 


! Package inputenc Error: Unicode character –æ (U+043E)
(inputenc)                not set up for use with LaTeX.

See the inputenc package documentation for explanation.
Type  H <return>  for immediate help.
 ...                                              
                                                  
l.3 ...æ–¥–µ –≤—ã–ø–æ–ª–Ω–µ–Ω–∏—è –ª–∞–±–æ—Ä–∞—Ç–æ
                                                  —Ä–Ω–æ–π —Ä–∞–±–æ—Ç—ã –±—ã...

You may provide a definition with
\DeclareUnicodeCharacter 


! Package inputenc Error: Unicode character —Ä (U+0440)
(inputenc)                not set up for use with LaTeX.

See the inputenc package documentation for explanation.
Type  H <return>  for immediate help.
 ...                                              
                                                  
l.3 ...¥–µ –≤—ã–ø–æ–ª–Ω–µ–Ω–∏—è –ª–∞–±–æ—Ä–∞—Ç–æ—Ä
                                                  –Ω–æ–π —Ä–∞–±–æ—Ç—ã –±—ã–ª...

You may provide a definition with
\DeclareUnicodeCharacter 


! Package inputenc Error: Unicode character –Ω (U+043D)
(inputenc)                not set up for use with LaTeX.

See the inputenc package documentation for explanation.
Type  H <return>  for immediate help.
 ...                                              
                                                  
l.3 ...µ –≤—ã–ø–æ–ª–Ω–µ–Ω–∏—è –ª–∞–±–æ—Ä–∞—Ç–æ—Ä–Ω
                                                  –æ–π —Ä–∞–±–æ—Ç—ã –±—ã–ª–∏...

You may provide a definition with
\DeclareUnicodeCharacter 


! Package inputenc Error: Unicode character –æ (U+043E)
(inputenc)                not set up for use with LaTeX.

See the inputenc package documentation for explanation.
Type  H <return>  for immediate help.
 ...                                              
                                                  
l.3 ...–≤—ã–ø–æ–ª–Ω–µ–Ω–∏—è –ª–∞–±–æ—Ä–∞—Ç–æ—Ä–Ω–æ
                                                  –π —Ä–∞–±–æ—Ç—ã –±—ã–ª–∏ —...

You may provide a definition with
\DeclareUnicodeCharacter 


! Package inputenc Error: Unicode character –π (U+0439)
(inputenc)                not set up for use with LaTeX.

See the inputenc package documentation for explanation.
Type  H <return>  for immediate help.
 ...                                              
                                                  
l.3 ...—ã–ø–æ–ª–Ω–µ–Ω–∏—è –ª–∞–±–æ—Ä–∞—Ç–æ—Ä–Ω–æ–π
                                                   —Ä–∞–±–æ—Ç—ã –±—ã–ª–∏ —Ä–...

You may provide a definition with
\DeclareUnicodeCharacter 


! Package inputenc Error: Unicode character —Ä (U+0440)
(inputenc)                not set up for use with LaTeX.

See the inputenc package documentation for explanation.
Type  H <return>  for immediate help.
 ...                                              
                                                  
l.3 ...ø–æ–ª–Ω–µ–Ω–∏—è –ª–∞–±–æ—Ä–∞—Ç–æ—Ä–Ω–æ–π —Ä
                                                  –∞–±–æ—Ç—ã –±—ã–ª–∏ —Ä–∞—Å...

You may provide a definition with
\DeclareUnicodeCharacter 


! Package inputenc Error: Unicode character –∞ (U+0430)
(inputenc)                not set up for use with LaTeX.

See the inputenc package documentation for explanation.
Type  H <return>  for immediate help.
 ...                                              
                                                  
l.3 ...æ–ª–Ω–µ–Ω–∏—è –ª–∞–±–æ—Ä–∞—Ç–æ—Ä–Ω–æ–π —Ä–∞
                                                  –±–æ—Ç—ã –±—ã–ª–∏ —Ä–∞—Å—Å...

You may provide a definition with
\DeclareUnicodeCharacter 


! Package inputenc Error: Unicode character –± (U+0431)
(inputenc)                not set up for use with LaTeX.

See the inputenc package documentation for explanation.
Type  H <return>  for immediate help.
 ...                                              
                                                  
l.3 ...ª–Ω–µ–Ω–∏—è –ª–∞–±–æ—Ä–∞—Ç–æ—Ä–Ω–æ–π —Ä–∞–±
                                                  –æ—Ç—ã –±—ã–ª–∏ —Ä–∞—Å—Å–º...

You may provide a definition with
\DeclareUnicodeCharacter 


! Package inputenc Error: Unicode character –æ (U+043E)
(inputenc)                not set up for use with LaTeX.

See the inputenc package documentation for explanation.
Type  H <return>  for immediate help.
 ...                                              
                                                  
l.3 ...Ω–µ–Ω–∏—è –ª–∞–±–æ—Ä–∞—Ç–æ—Ä–Ω–æ–π —Ä–∞–±–æ
                                                  —Ç—ã –±—ã–ª–∏ —Ä–∞—Å—Å–º–æ...

You may provide a definition with
\DeclareUnicodeCharacter 


! Package inputenc Error: Unicode character —Ç (U+0442)
(inputenc)                not set up for use with LaTeX.

See the inputenc package documentation for explanation.
Type  H <return>  for immediate help.
 ...                                              
                                                  
l.3 ...µ–Ω–∏—è –ª–∞–±–æ—Ä–∞—Ç–æ—Ä–Ω–æ–π —Ä–∞–±–æ—Ç
                                                  —ã –±—ã–ª–∏ —Ä–∞—Å—Å–º–æ—Ç...

You may provide a definition with
\DeclareUnicodeCharacter 


! Package inputenc Error: Unicode character —ã (U+044B)
(inputenc)                not set up for use with LaTeX.

See the inputenc package documentation for explanation.
Type  H <return>  for immediate help.
 ...                                              
                                                  
l.3 ...Ω–∏—è –ª–∞–±–æ—Ä–∞—Ç–æ—Ä–Ω–æ–π —Ä–∞–±–æ—Ç—ã
                                                   –±—ã–ª–∏ —Ä–∞—Å—Å–º–æ—Ç—Ä...

You may provide a definition with
\DeclareUnicodeCharacter 


! Package inputenc Error: Unicode character –± (U+0431)
(inputenc)                not set up for use with LaTeX.

See the inputenc package documentation for explanation.
Type  H <return>  for immediate help.
 ...                                              
                                                  
l.3 ...—è –ª–∞–±–æ—Ä–∞—Ç–æ—Ä–Ω–æ–π —Ä–∞–±–æ—Ç—ã –±
                                                  —ã–ª–∏ —Ä–∞—Å—Å–º–æ—Ç—Ä–µ–...

You may provide a definition with
\DeclareUnicodeCharacter 


! Package inputenc Error: Unicode character —ã (U+044B)
(inputenc)                not set up for use with LaTeX.

See the inputenc package documentation for explanation.
Type  H <return>  for immediate help.
 ...                                              
                                                  
l.3 ... –ª–∞–±–æ—Ä–∞—Ç–æ—Ä–Ω–æ–π —Ä–∞–±–æ—Ç—ã –±—ã
                                                  –ª–∏ —Ä–∞—Å—Å–º–æ—Ç—Ä–µ–Ω—...

You may provide a definition with
\DeclareUnicodeCharacter 


! Package inputenc Error: Unicode character –ª (U+043B)
(inputenc)                not set up for use with LaTeX.

See the inputenc package documentation for explanation.
Type  H <return>  for immediate help.
 ...                                              
                                                  
l.3 ...ª–∞–±–æ—Ä–∞—Ç–æ—Ä–Ω–æ–π —Ä–∞–±–æ—Ç—ã –±—ã–ª
                                                  –∏ —Ä–∞—Å—Å–º–æ—Ç—Ä–µ–Ω—ã ...

You may provide a definition with
\DeclareUnicodeCharacter 


! Package inputenc Error: Unicode character –∏ (U+0438)
(inputenc)                not set up for use with LaTeX.

See the inputenc package documentation for explanation.
Type  H <return>  for immediate help.
 ...                                              
                                                  
l.3 ...∞–±–æ—Ä–∞—Ç–æ—Ä–Ω–æ–π —Ä–∞–±–æ—Ç—ã –±—ã–ª–∏
                                                   —Ä–∞—Å—Å–º–æ—Ç—Ä–µ–Ω—ã –∞...

You may provide a definition with
\DeclareUnicodeCharacter 


! Package inputenc Error: Unicode character —Ä (U+0440)
(inputenc)                not set up for use with LaTeX.

See the inputenc package documentation for explanation.
Type  H <return>  for immediate help.
 ...                                              
                                                  
l.3 ...–æ—Ä–∞—Ç–æ—Ä–Ω–æ–π —Ä–∞–±–æ—Ç—ã –±—ã–ª–∏ —Ä
                                                  –∞—Å—Å–º–æ—Ç—Ä–µ–Ω—ã –∞–ª–...

You may provide a definition with
\DeclareUnicodeCharacter 


! Package inputenc Error: Unicode character –∞ (U+0430)
(inputenc)                not set up for use with LaTeX.

See the inputenc package documentation for explanation.
Type  H <return>  for immediate help.
 ...                                              
                                                  
l.3 ...—Ä–∞—Ç–æ—Ä–Ω–æ–π —Ä–∞–±–æ—Ç—ã –±—ã–ª–∏ —Ä–∞
                                                  —Å—Å–º–æ—Ç—Ä–µ–Ω—ã –∞–ª–≥–...

You may provide a definition with
\DeclareUnicodeCharacter 


! Package inputenc Error: Unicode character —Å (U+0441)
(inputenc)                not set up for use with LaTeX.

See the inputenc package documentation for explanation.
Type  H <return>  for immediate help.
 ...                                              
                                                  
l.3 ...–∞—Ç–æ—Ä–Ω–æ–π —Ä–∞–±–æ—Ç—ã –±—ã–ª–∏ —Ä–∞—Å
                                                  —Å–º–æ—Ç—Ä–µ–Ω—ã –∞–ª–≥–æ—...

You may provide a definition with
\DeclareUnicodeCharacter 


! Package inputenc Error: Unicode character —Å (U+0441)
(inputenc)                not set up for use with LaTeX.

See the inputenc package documentation for explanation.
Type  H <return>  for immediate help.
 ...                                              
                                                  
l.3 ...—Ç–æ—Ä–Ω–æ–π —Ä–∞–±–æ—Ç—ã –±—ã–ª–∏ —Ä–∞—Å—Å
                                                  –º–æ—Ç—Ä–µ–Ω—ã –∞–ª–≥–æ—Ä–...

You may provide a definition with
\DeclareUnicodeCharacter 


! Package inputenc Error: Unicode character –º (U+043C)
(inputenc)                not set up for use with LaTeX.

See the inputenc package documentation for explanation.
Type  H <return>  for immediate help.
 ...                                              
                                                  
l.3 ...–æ—Ä–Ω–æ–π —Ä–∞–±–æ—Ç—ã –±—ã–ª–∏ —Ä–∞—Å—Å–º
                                                  –æ—Ç—Ä–µ–Ω—ã –∞–ª–≥–æ—Ä–∏—...

You may provide a definition with
\DeclareUnicodeCharacter 


! Package inputenc Error: Unicode character –æ (U+043E)
(inputenc)                not set up for use with LaTeX.

See the inputenc package documentation for explanation.
Type  H <return>  for immediate help.
 ...                                              
                                                  
l.3 ...—Ä–Ω–æ–π —Ä–∞–±–æ—Ç—ã –±—ã–ª–∏ —Ä–∞—Å—Å–º–æ
                                                  —Ç—Ä–µ–Ω—ã –∞–ª–≥–æ—Ä–∏—Ç–...

You may provide a definition with
\DeclareUnicodeCharacter 


! Package inputenc Error: Unicode character —Ç (U+0442)
(inputenc)                not set up for use with LaTeX.

See the inputenc package documentation for explanation.
Type  H <return>  for immediate help.
 ...                                              
                                                  
l.3 ...–Ω–æ–π —Ä–∞–±–æ—Ç—ã –±—ã–ª–∏ —Ä–∞—Å—Å–º–æ—Ç
                                                  —Ä–µ–Ω—ã –∞–ª–≥–æ—Ä–∏—Ç–º—...

You may provide a definition with
\DeclareUnicodeCharacter 


! Package inputenc Error: Unicode character —Ä (U+0440)
(inputenc)                not set up for use with LaTeX.

See the inputenc package documentation for explanation.
Type  H <return>  for immediate help.
 ...                                              
                                                  
l.3 ...–æ–π —Ä–∞–±–æ—Ç—ã –±—ã–ª–∏ —Ä–∞—Å—Å–º–æ—Ç—Ä
                                                  –µ–Ω—ã –∞–ª–≥–æ—Ä–∏—Ç–º—ã ...

You may provide a definition with
\DeclareUnicodeCharacter 


! Package inputenc Error: Unicode character –µ (U+0435)
(inputenc)                not set up for use with LaTeX.

See the inputenc package documentation for explanation.
Type  H <return>  for immediate help.
 ...                                              
                                                  
l.3 ...–π —Ä–∞–±–æ—Ç—ã –±—ã–ª–∏ —Ä–∞—Å—Å–º–æ—Ç—Ä–µ
                                                  –Ω—ã –∞–ª–≥–æ—Ä–∏—Ç–º—ã –Ω...

You may provide a definition with
\DeclareUnicodeCharacter 


! Package inputenc Error: Unicode character –Ω (U+043D)
(inputenc)                not set up for use with LaTeX.

See the inputenc package documentation for explanation.
Type  H <return>  for immediate help.
 ...                                              
                                                  
l.3 ... —Ä–∞–±–æ—Ç—ã –±—ã–ª–∏ —Ä–∞—Å—Å–º–æ—Ç—Ä–µ–Ω
                                                  —ã –∞–ª–≥–æ—Ä–∏—Ç–º—ã –Ω–∞...

You may provide a definition with
\DeclareUnicodeCharacter 


! Package inputenc Error: Unicode character —ã (U+044B)
(inputenc)                not set up for use with LaTeX.

See the inputenc package documentation for explanation.
Type  H <return>  for immediate help.
 ...                                              
                                                  
l.3 ...Ä–∞–±–æ—Ç—ã –±—ã–ª–∏ —Ä–∞—Å—Å–º–æ—Ç—Ä–µ–Ω—ã
                                                   –∞–ª–≥–æ—Ä–∏—Ç–º—ã –Ω–∞—Ö...

You may provide a definition with
\DeclareUnicodeCharacter 


! Package inputenc Error: Unicode character –∞ (U+0430)
(inputenc)                not set up for use with LaTeX.

See the inputenc package documentation for explanation.
Type  H <return>  for immediate help.
 ...                                              
                                                  
l.3 ...–±–æ—Ç—ã –±—ã–ª–∏ —Ä–∞—Å—Å–º–æ—Ç—Ä–µ–Ω—ã –∞
                                                  –ª–≥–æ—Ä–∏—Ç–º—ã –Ω–∞—Ö–æ–...

You may provide a definition with
\DeclareUnicodeCharacter 


! Package inputenc Error: Unicode character –ª (U+043B)
(inputenc)                not set up for use with LaTeX.

See the inputenc package documentation for explanation.
Type  H <return>  for immediate help.
 ...                                              
                                                  
l.3 ...–æ—Ç—ã –±—ã–ª–∏ —Ä–∞—Å—Å–º–æ—Ç—Ä–µ–Ω—ã –∞–ª
                                                  –≥–æ—Ä–∏—Ç–º—ã –Ω–∞—Ö–æ–∂–...

You may provide a definition with
\DeclareUnicodeCharacter 


! Package inputenc Error: Unicode character –≥ (U+0433)
(inputenc)                not set up for use with LaTeX.

See the inputenc package documentation for explanation.
Type  H <return>  for immediate help.
 ...                                              
                                                  
l.3 ...—Ç—ã –±—ã–ª–∏ —Ä–∞—Å—Å–º–æ—Ç—Ä–µ–Ω—ã –∞–ª–≥
                                                  –æ—Ä–∏—Ç–º—ã –Ω–∞—Ö–æ–∂–¥–...

You may provide a definition with
\DeclareUnicodeCharacter 


! Package inputenc Error: Unicode character –æ (U+043E)
(inputenc)                not set up for use with LaTeX.

See the inputenc package documentation for explanation.
Type  H <return>  for immediate help.
 ...                                              
                                                  
l.3 ...—ã –±—ã–ª–∏ —Ä–∞—Å—Å–º–æ—Ç—Ä–µ–Ω—ã –∞–ª–≥–æ
                                                  —Ä–∏—Ç–º—ã –Ω–∞—Ö–æ–∂–¥–µ–...

You may provide a definition with
\DeclareUnicodeCharacter 


! Package inputenc Error: Unicode character —Ä (U+0440)
(inputenc)                not set up for use with LaTeX.

See the inputenc package documentation for explanation.
Type  H <return>  for immediate help.
 ...                                              
                                                  
l.3 ... –±—ã–ª–∏ —Ä–∞—Å—Å–º–æ—Ç—Ä–µ–Ω—ã –∞–ª–≥–æ—Ä
                                                  –∏—Ç–º—ã –Ω–∞—Ö–æ–∂–¥–µ–Ω–...

You may provide a definition with
\DeclareUnicodeCharacter 


! Package inputenc Error: Unicode character –∏ (U+0438)
(inputenc)                not set up for use with LaTeX.

See the inputenc package documentation for explanation.
Type  H <return>  for immediate help.
 ...                                              
                                                  
l.3 ...±—ã–ª–∏ —Ä–∞—Å—Å–º–æ—Ç—Ä–µ–Ω—ã –∞–ª–≥–æ—Ä–∏
                                                  —Ç–º—ã –Ω–∞—Ö–æ–∂–¥–µ–Ω–∏—...

You may provide a definition with
\DeclareUnicodeCharacter 


! Package inputenc Error: Unicode character —Ç (U+0442)
(inputenc)                not set up for use with LaTeX.

See the inputenc package documentation for explanation.
Type  H <return>  for immediate help.
 ...                                              
                                                  
l.3 ...ã–ª–∏ —Ä–∞—Å—Å–º–æ—Ç—Ä–µ–Ω—ã –∞–ª–≥–æ—Ä–∏—Ç
                                                  –º—ã –Ω–∞—Ö–æ–∂–¥–µ–Ω–∏—è ...

You may provide a definition with
\DeclareUnicodeCharacter 


! Package inputenc Error: Unicode character –º (U+043C)
(inputenc)                not set up for use with LaTeX.

See the inputenc package documentation for explanation.
Type  H <return>  for immediate help.
 ...                                              
                                                  
l.3 ...ª–∏ —Ä–∞—Å—Å–º–æ—Ç—Ä–µ–Ω—ã –∞–ª–≥–æ—Ä–∏—Ç–º
                                                  —ã –Ω–∞—Ö–æ–∂–¥–µ–Ω–∏—è —Ä...

You may provide a definition with
\DeclareUnicodeCharacter 


! Package inputenc Error: Unicode character —ã (U+044B)
(inputenc)                not set up for use with LaTeX.

See the inputenc package documentation for explanation.
Type  H <return>  for immediate help.
 ...                                              
                                                  
l.3 ...∏ —Ä–∞—Å—Å–º–æ—Ç—Ä–µ–Ω—ã –∞–ª–≥–æ—Ä–∏—Ç–º—ã
                                                   –Ω–∞—Ö–æ–∂–¥–µ–Ω–∏—è —Ä–∞...

You may provide a definition with
\DeclareUnicodeCharacter 


! Package inputenc Error: Unicode character –Ω (U+043D)
(inputenc)                not set up for use with LaTeX.

See the inputenc package documentation for explanation.
Type  H <return>  for immediate help.
 ...                                              
                                                  
l.3 ...Ä–∞—Å—Å–º–æ—Ç—Ä–µ–Ω—ã –∞–ª–≥–æ—Ä–∏—Ç–º—ã –Ω
                                                  –∞—Ö–æ–∂–¥–µ–Ω–∏—è —Ä–∞—Å—...

You may provide a definition with
\DeclareUnicodeCharacter 


! Package inputenc Error: Unicode character –∞ (U+0430)
(inputenc)                not set up for use with LaTeX.

See the inputenc package documentation for explanation.
Type  H <return>  for immediate help.
 ...                                              
                                                  
l.3 ...∞—Å—Å–º–æ—Ç—Ä–µ–Ω—ã –∞–ª–≥–æ—Ä–∏—Ç–º—ã –Ω–∞
                                                  —Ö–æ–∂–¥–µ–Ω–∏—è —Ä–∞—Å—Å—...

You may provide a definition with
\DeclareUnicodeCharacter 


! Package inputenc Error: Unicode character —Ö (U+0445)
(inputenc)                not set up for use with LaTeX.

See the inputenc package documentation for explanation.
Type  H <return>  for immediate help.
 ...                                              
                                                  
l.3 ...Å—Å–º–æ—Ç—Ä–µ–Ω—ã –∞–ª–≥–æ—Ä–∏—Ç–º—ã –Ω–∞—Ö
                                                  –æ–∂–¥–µ–Ω–∏—è —Ä–∞—Å—Å—Ç–...

You may provide a definition with
\DeclareUnicodeCharacter 


! Package inputenc Error: Unicode character –æ (U+043E)
(inputenc)                not set up for use with LaTeX.

See the inputenc package documentation for explanation.
Type  H <return>  for immediate help.
 ...                                              
                                                  
l.3 ...Å–º–æ—Ç—Ä–µ–Ω—ã –∞–ª–≥–æ—Ä–∏—Ç–º—ã –Ω–∞—Ö–æ
                                                  –∂–¥–µ–Ω–∏—è —Ä–∞—Å—Å—Ç–æ—...

You may provide a definition with
\DeclareUnicodeCharacter 


! Package inputenc Error: Unicode character –∂ (U+0436)
(inputenc)                not set up for use with LaTeX.

See the inputenc package documentation for explanation.
Type  H <return>  for immediate help.
 ...                                              
                                                  
l.3 ...º–æ—Ç—Ä–µ–Ω—ã –∞–ª–≥–æ—Ä–∏—Ç–º—ã –Ω–∞—Ö–æ–∂
                                                  –¥–µ–Ω–∏—è —Ä–∞—Å—Å—Ç–æ—è–...

You may provide a definition with
\DeclareUnicodeCharacter 


! Package inputenc Error: Unicode character –¥ (U+0434)
(inputenc)                not set up for use with LaTeX.

See the inputenc package documentation for explanation.
Type  H <return>  for immediate help.
 ...                                              
                                                  
l.3 ...æ—Ç—Ä–µ–Ω—ã –∞–ª–≥–æ—Ä–∏—Ç–º—ã –Ω–∞—Ö–æ–∂–¥
                                                  –µ–Ω–∏—è —Ä–∞—Å—Å—Ç–æ—è–Ω–...

You may provide a definition with
\DeclareUnicodeCharacter 


! Package inputenc Error: Unicode character –µ (U+0435)
(inputenc)                not set up for use with LaTeX.

See the inputenc package documentation for explanation.
Type  H <return>  for immediate help.
 ...                                              
                                                  
l.3 ...Ç—Ä–µ–Ω—ã –∞–ª–≥–æ—Ä–∏—Ç–º—ã –Ω–∞—Ö–æ–∂–¥–µ
                                                  –Ω–∏—è —Ä–∞—Å—Å—Ç–æ—è–Ω–∏—...

You may provide a definition with
\DeclareUnicodeCharacter 


! Package inputenc Error: Unicode character –Ω (U+043D)
(inputenc)                not set up for use with LaTeX.

See the inputenc package documentation for explanation.
Type  H <return>  for immediate help.
 ...                                              
                                                  
l.3 ...Ä–µ–Ω—ã –∞–ª–≥–æ—Ä–∏—Ç–º—ã –Ω–∞—Ö–æ–∂–¥–µ–Ω
                                                  –∏—è —Ä–∞—Å—Å—Ç–æ—è–Ω–∏—è ...

You may provide a definition with
\DeclareUnicodeCharacter 


! Package inputenc Error: Unicode character –∏ (U+0438)
(inputenc)                not set up for use with LaTeX.

See the inputenc package documentation for explanation.
Type  H <return>  for immediate help.
 ...                                              
                                                  
l.3 ...µ–Ω—ã –∞–ª–≥–æ—Ä–∏—Ç–º—ã –Ω–∞—Ö–æ–∂–¥–µ–Ω–∏
                                                  —è —Ä–∞—Å—Å—Ç–æ—è–Ω–∏—è –õ...

You may provide a definition with
\DeclareUnicodeCharacter 


! Package inputenc Error: Unicode character —è (U+044F)
(inputenc)                not set up for use with LaTeX.

See the inputenc package documentation for explanation.
Type  H <return>  for immediate help.
 ...                                              
                                                  
l.3 ...Ω—ã –∞–ª–≥–æ—Ä–∏—Ç–º—ã –Ω–∞—Ö–æ–∂–¥–µ–Ω–∏—è
                                                   —Ä–∞—Å—Å—Ç–æ—è–Ω–∏—è –õ–µ...

You may provide a definition with
\DeclareUnicodeCharacter 


! Package inputenc Error: Unicode character —Ä (U+0440)
(inputenc)                not set up for use with LaTeX.

See the inputenc package documentation for explanation.
Type  H <return>  for immediate help.
 ...                                              
                                                  
l.3 ... –∞–ª–≥–æ—Ä–∏—Ç–º—ã –Ω–∞—Ö–æ–∂–¥–µ–Ω–∏—è —Ä
                                                  –∞—Å—Å—Ç–æ—è–Ω–∏—è –õ–µ–≤–...

You may provide a definition with
\DeclareUnicodeCharacter 


! Package inputenc Error: Unicode character –∞ (U+0430)
(inputenc)                not set up for use with LaTeX.

See the inputenc package documentation for explanation.
Type  H <return>  for immediate help.
 ...                                              
                                                  
l.3 ...∞–ª–≥–æ—Ä–∏—Ç–º—ã –Ω–∞—Ö–æ–∂–¥–µ–Ω–∏—è —Ä–∞
                                                  —Å—Å—Ç–æ—è–Ω–∏—è –õ–µ–≤–µ–...

You may provide a definition with
\DeclareUnicodeCharacter 


! Package inputenc Error: Unicode character —Å (U+0441)
(inputenc)                not set up for use with LaTeX.

See the inputenc package documentation for explanation.
Type  H <return>  for immediate help.
 ...                                              
                                                  
l.3 ...ª–≥–æ—Ä–∏—Ç–º—ã –Ω–∞—Ö–æ–∂–¥–µ–Ω–∏—è —Ä–∞—Å
                                                  —Å—Ç–æ—è–Ω–∏—è –õ–µ–≤–µ–Ω—...

You may provide a definition with
\DeclareUnicodeCharacter 


! Package inputenc Error: Unicode character —Å (U+0441)
(inputenc)                not set up for use with LaTeX.

See the inputenc package documentation for explanation.
Type  H <return>  for immediate help.
 ...                                              
                                                  
l.3 ...≥–æ—Ä–∏—Ç–º—ã –Ω–∞—Ö–æ–∂–¥–µ–Ω–∏—è —Ä–∞—Å—Å
                                                  —Ç–æ—è–Ω–∏—è –õ–µ–≤–µ–Ω—à—...

You may provide a definition with
\DeclareUnicodeCharacter 


! Package inputenc Error: Unicode character —Ç (U+0442)
(inputenc)                not set up for use with LaTeX.

See the inputenc package documentation for explanation.
Type  H <return>  for immediate help.
 ...                                              
                                                  
l.3 ...æ—Ä–∏—Ç–º—ã –Ω–∞—Ö–æ–∂–¥–µ–Ω–∏—è —Ä–∞—Å—Å—Ç
                                                  –æ—è–Ω–∏—è –õ–µ–≤–µ–Ω—à—Ç–...

You may provide a definition with
\DeclareUnicodeCharacter 


! Package inputenc Error: Unicode character –æ (U+043E)
(inputenc)                not set up for use with LaTeX.

See the inputenc package documentation for explanation.
Type  H <return>  for immediate help.
 ...                                              
                                                  
l.3 ...Ä–∏—Ç–º—ã –Ω–∞—Ö–æ–∂–¥–µ–Ω–∏—è —Ä–∞—Å—Å—Ç–æ
                                                  —è–Ω–∏—è –õ–µ–≤–µ–Ω—à—Ç–µ–...

You may provide a definition with
\DeclareUnicodeCharacter 


! Package inputenc Error: Unicode character —è (U+044F)
(inputenc)                not set up for use with LaTeX.

See the inputenc package documentation for explanation.
Type  H <return>  for immediate help.
 ...                                              
                                                  
l.3 ...∏—Ç–º—ã –Ω–∞—Ö–æ–∂–¥–µ–Ω–∏—è —Ä–∞—Å—Å—Ç–æ—è
                                                  –Ω–∏—è –õ–µ–≤–µ–Ω—à—Ç–µ–π–...

You may provide a definition with
\DeclareUnicodeCharacter 


! Package inputenc Error: Unicode character –Ω (U+043D)
(inputenc)                not set up for use with LaTeX.

See the inputenc package documentation for explanation.
Type  H <return>  for immediate help.
 ...                                              
                                                  
l.3 ...Ç–º—ã –Ω–∞—Ö–æ–∂–¥–µ–Ω–∏—è —Ä–∞—Å—Å—Ç–æ—è–Ω
                                                  –∏—è –õ–µ–≤–µ–Ω—à—Ç–µ–π–Ω–...

You may provide a definition with
\DeclareUnicodeCharacter 


! Package inputenc Error: Unicode character –∏ (U+0438)
(inputenc)                not set up for use with LaTeX.

See the inputenc package documentation for explanation.
Type  H <return>  for immediate help.
 ...                                              
                                                  
l.3 ...º—ã –Ω–∞—Ö–æ–∂–¥–µ–Ω–∏—è —Ä–∞—Å—Å—Ç–æ—è–Ω–∏
                                                  —è –õ–µ–≤–µ–Ω—à—Ç–µ–π–Ω–∞ ...

You may provide a definition with
\DeclareUnicodeCharacter 


! Package inputenc Error: Unicode character —è (U+044F)
(inputenc)                not set up for use with LaTeX.

See the inputenc package documentation for explanation.
Type  H <return>  for immediate help.
 ...                                              
                                                  
l.3 ...ã –Ω–∞—Ö–æ–∂–¥–µ–Ω–∏—è —Ä–∞—Å—Å—Ç–æ—è–Ω–∏—è
                                                   –õ–µ–≤–µ–Ω—à—Ç–µ–π–Ω–∞ –∏...

You may provide a definition with
\DeclareUnicodeCharacter 


! Package inputenc Error: Unicode character –õ (U+041B)
(inputenc)                not set up for use with LaTeX.

See the inputenc package documentation for explanation.
Type  H <return>  for immediate help.
 ...                                              
                                                  
l.3 ...Ω–∞—Ö–æ–∂–¥–µ–Ω–∏—è —Ä–∞—Å—Å—Ç–æ—è–Ω–∏—è –õ
                                                  –µ–≤–µ–Ω—à—Ç–µ–π–Ω–∞ –∏ –î...

You may provide a definition with
\DeclareUnicodeCharacter 


! Package inputenc Error: Unicode character –µ (U+0435)
(inputenc)                not set up for use with LaTeX.

See the inputenc package documentation for explanation.
Type  H <return>  for immediate help.
 ...                                              
                                                  
l.3 ...∞—Ö–æ–∂–¥–µ–Ω–∏—è —Ä–∞—Å—Å—Ç–æ—è–Ω–∏—è –õ–µ
                                                  –≤–µ–Ω—à—Ç–µ–π–Ω–∞ –∏ –î–∞...

You may provide a definition with
\DeclareUnicodeCharacter 


! Package inputenc Error: Unicode character –≤ (U+0432)
(inputenc)                not set up for use with LaTeX.

See the inputenc package documentation for explanation.
Type  H <return>  for immediate help.
 ...                                              
                                                  
l.3 ...Ö–æ–∂–¥–µ–Ω–∏—è —Ä–∞—Å—Å—Ç–æ—è–Ω–∏—è –õ–µ–≤
                                                  –µ–Ω—à—Ç–µ–π–Ω–∞ –∏ –î–∞–º...

You may provide a definition with
\DeclareUnicodeCharacter 


! Package inputenc Error: Unicode character –µ (U+0435)
(inputenc)                not set up for use with LaTeX.

See the inputenc package documentation for explanation.
Type  H <return>  for immediate help.
 ...                                              
                                                  
l.3 ...æ–∂–¥–µ–Ω–∏—è —Ä–∞—Å—Å—Ç–æ—è–Ω–∏—è –õ–µ–≤–µ
                                                  –Ω—à—Ç–µ–π–Ω–∞ –∏ –î–∞–º–µ...

You may provide a definition with
\DeclareUnicodeCharacter 


! Package inputenc Error: Unicode character –Ω (U+043D)
(inputenc)                not set up for use with LaTeX.

See the inputenc package documentation for explanation.
Type  H <return>  for immediate help.
 ...                                              
                                                  
l.3 ...∂–¥–µ–Ω–∏—è —Ä–∞—Å—Å—Ç–æ—è–Ω–∏—è –õ–µ–≤–µ–Ω
                                                  —à—Ç–µ–π–Ω–∞ –∏ –î–∞–º–µ—Ä...

You may provide a definition with
\DeclareUnicodeCharacter 


! Package inputenc Error: Unicode character —à (U+0448)
(inputenc)                not set up for use with LaTeX.

See the inputenc package documentation for explanation.
Type  H <return>  for immediate help.
 ...                                              
                                                  
l.3 ...¥–µ–Ω–∏—è —Ä–∞—Å—Å—Ç–æ—è–Ω–∏—è –õ–µ–≤–µ–Ω—à
                                                  —Ç–µ–π–Ω–∞ –∏ –î–∞–º–µ—Ä–∞...

You may provide a definition with
\DeclareUnicodeCharacter 


! Package inputenc Error: Unicode character —Ç (U+0442)
(inputenc)                not set up for use with LaTeX.

See the inputenc package documentation for explanation.
Type  H <return>  for immediate help.
 ...                                              
                                                  
l.3 ...µ–Ω–∏—è —Ä–∞—Å—Å—Ç–æ—è–Ω–∏—è –õ–µ–≤–µ–Ω—à—Ç
                                                  –µ–π–Ω–∞ –∏ –î–∞–º–µ—Ä–∞—É...

You may provide a definition with
\DeclareUnicodeCharacter 


! Package inputenc Error: Unicode character –µ (U+0435)
(inputenc)                not set up for use with LaTeX.

See the inputenc package documentation for explanation.
Type  H <return>  for immediate help.
 ...                                              
                                                  
l.3 ...Ω–∏—è —Ä–∞—Å—Å—Ç–æ—è–Ω–∏—è –õ–µ–≤–µ–Ω—à—Ç–µ
                                                  –π–Ω–∞ –∏ –î–∞–º–µ—Ä–∞—É-–...

You may provide a definition with
\DeclareUnicodeCharacter 


! Package inputenc Error: Unicode character –π (U+0439)
(inputenc)                not set up for use with LaTeX.

See the inputenc package documentation for explanation.
Type  H <return>  for immediate help.
 ...                                              
                                                  
l.3 ...∏—è —Ä–∞—Å—Å—Ç–æ—è–Ω–∏—è –õ–µ–≤–µ–Ω—à—Ç–µ–π
                                                  –Ω–∞ –∏ –î–∞–º–µ—Ä–∞—É-–õ–...

You may provide a definition with
\DeclareUnicodeCharacter 


! Package inputenc Error: Unicode character –Ω (U+043D)
(inputenc)                not set up for use with LaTeX.

See the inputenc package documentation for explanation.
Type  H <return>  for immediate help.
 ...                                              
                                                  
l.3 ...è —Ä–∞—Å—Å—Ç–æ—è–Ω–∏—è –õ–µ–≤–µ–Ω—à—Ç–µ–π–Ω
                                                  –∞ –∏ –î–∞–º–µ—Ä–∞—É-–õ–µ–...

You may provide a definition with
\DeclareUnicodeCharacter 


! Package inputenc Error: Unicode character –∞ (U+0430)
(inputenc)                not set up for use with LaTeX.

See the inputenc package documentation for explanation.
Type  H <return>  for immediate help.
 ...                                              
                                                  
l.3 ...—Ä–∞—Å—Å—Ç–æ—è–Ω–∏—è –õ–µ–≤–µ–Ω—à—Ç–µ–π–Ω–∞
                                                   –∏ –î–∞–º–µ—Ä–∞—É-–õ–µ–≤–...

You may provide a definition with
\DeclareUnicodeCharacter 


! Package inputenc Error: Unicode character –∏ (U+0438)
(inputenc)                not set up for use with LaTeX.

See the inputenc package documentation for explanation.
Type  H <return>  for immediate help.
 ...                                              
                                                  
l.3 ...∞—Å—Å—Ç–æ—è–Ω–∏—è –õ–µ–≤–µ–Ω—à—Ç–µ–π–Ω–∞ –∏
                                                   –î–∞–º–µ—Ä–∞—É-–õ–µ–≤–µ–Ω...
(That makes 100 errors; please try again.) 
Here is how much of TeX's memory you used:
 46 strings out of 478864
 810 string characters out of 2848186
 292975 words of memory out of 3000000
 18070 multiletter control sequences out of 15000+600000
 403430 words of font info for 27 fonts, out of 8000000 for 9000
 1141 hyphenation exceptions out of 8191
 13i,0n,12p,1980b,25s stack positions out of 5000i,500n,10000p,200000b,80000s

!  ==> Fatal error occurred, no output PDF file produced!
